[2024-01-11T19:19:43.410+0000] {processor.py:161} INFO - Started process (PID=34) to work on /opt/airflow/dags/second_project.py
[2024-01-11T19:19:43.414+0000] {processor.py:830} INFO - Processing file /opt/airflow/dags/second_project.py for tasks to queue
[2024-01-11T19:19:43.417+0000] {logging_mixin.py:188} INFO - [2024-01-11T19:19:43.417+0000] {dagbag.py:538} INFO - Filling up the DagBag from /opt/airflow/dags/second_project.py
[2024-01-11T19:19:43.625+0000] {processor.py:840} INFO - DAG(s) 'covid_dag' retrieved from /opt/airflow/dags/second_project.py
[2024-01-11T19:19:43.753+0000] {logging_mixin.py:188} INFO - [2024-01-11T19:19:43.753+0000] {dag.py:3033} INFO - Sync 1 DAGs
[2024-01-11T19:19:43.765+0000] {logging_mixin.py:188} INFO - [2024-01-11T19:19:43.765+0000] {dag.py:3820} INFO - Setting next_dagrun for covid_dag to 2024-01-11T00:00:00+00:00, run_after=2024-01-12T00:00:00+00:00
[2024-01-11T19:19:43.773+0000] {processor.py:183} INFO - Processing /opt/airflow/dags/second_project.py took 0.367 seconds
[2024-01-11T19:20:14.038+0000] {processor.py:161} INFO - Started process (PID=42) to work on /opt/airflow/dags/second_project.py
[2024-01-11T19:20:14.039+0000] {processor.py:830} INFO - Processing file /opt/airflow/dags/second_project.py for tasks to queue
[2024-01-11T19:20:14.041+0000] {logging_mixin.py:188} INFO - [2024-01-11T19:20:14.041+0000] {dagbag.py:538} INFO - Filling up the DagBag from /opt/airflow/dags/second_project.py
[2024-01-11T19:20:14.249+0000] {processor.py:840} INFO - DAG(s) 'covid_dag' retrieved from /opt/airflow/dags/second_project.py
[2024-01-11T19:20:14.259+0000] {logging_mixin.py:188} INFO - [2024-01-11T19:20:14.259+0000] {dag.py:3033} INFO - Sync 1 DAGs
[2024-01-11T19:20:14.268+0000] {logging_mixin.py:188} INFO - [2024-01-11T19:20:14.268+0000] {dag.py:3820} INFO - Setting next_dagrun for covid_dag to 2024-01-11T00:00:00+00:00, run_after=2024-01-12T00:00:00+00:00
[2024-01-11T19:20:14.275+0000] {processor.py:183} INFO - Processing /opt/airflow/dags/second_project.py took 0.242 seconds
[2024-01-11T19:20:44.324+0000] {processor.py:161} INFO - Started process (PID=50) to work on /opt/airflow/dags/second_project.py
[2024-01-11T19:20:44.325+0000] {processor.py:830} INFO - Processing file /opt/airflow/dags/second_project.py for tasks to queue
[2024-01-11T19:20:44.327+0000] {logging_mixin.py:188} INFO - [2024-01-11T19:20:44.327+0000] {dagbag.py:538} INFO - Filling up the DagBag from /opt/airflow/dags/second_project.py
[2024-01-11T19:20:44.519+0000] {processor.py:840} INFO - DAG(s) 'covid_dag' retrieved from /opt/airflow/dags/second_project.py
[2024-01-11T19:20:44.528+0000] {logging_mixin.py:188} INFO - [2024-01-11T19:20:44.528+0000] {dag.py:3033} INFO - Sync 1 DAGs
[2024-01-11T19:20:44.536+0000] {logging_mixin.py:188} INFO - [2024-01-11T19:20:44.536+0000] {dag.py:3820} INFO - Setting next_dagrun for covid_dag to 2024-01-11T00:00:00+00:00, run_after=2024-01-12T00:00:00+00:00
[2024-01-11T19:20:44.542+0000] {processor.py:183} INFO - Processing /opt/airflow/dags/second_project.py took 0.223 seconds
[2024-01-11T19:21:14.824+0000] {processor.py:161} INFO - Started process (PID=58) to work on /opt/airflow/dags/second_project.py
[2024-01-11T19:21:14.825+0000] {processor.py:830} INFO - Processing file /opt/airflow/dags/second_project.py for tasks to queue
[2024-01-11T19:21:14.828+0000] {logging_mixin.py:188} INFO - [2024-01-11T19:21:14.827+0000] {dagbag.py:538} INFO - Filling up the DagBag from /opt/airflow/dags/second_project.py
[2024-01-11T19:21:15.022+0000] {processor.py:840} INFO - DAG(s) 'covid_dag' retrieved from /opt/airflow/dags/second_project.py
[2024-01-11T19:21:15.032+0000] {logging_mixin.py:188} INFO - [2024-01-11T19:21:15.031+0000] {dag.py:3033} INFO - Sync 1 DAGs
[2024-01-11T19:21:15.039+0000] {logging_mixin.py:188} INFO - [2024-01-11T19:21:15.039+0000] {dag.py:3820} INFO - Setting next_dagrun for covid_dag to 2024-01-11T00:00:00+00:00, run_after=2024-01-12T00:00:00+00:00
[2024-01-11T19:21:15.045+0000] {processor.py:183} INFO - Processing /opt/airflow/dags/second_project.py took 0.225 seconds
[2024-01-11T19:21:45.125+0000] {processor.py:161} INFO - Started process (PID=66) to work on /opt/airflow/dags/second_project.py
[2024-01-11T19:21:45.126+0000] {processor.py:830} INFO - Processing file /opt/airflow/dags/second_project.py for tasks to queue
[2024-01-11T19:21:45.129+0000] {logging_mixin.py:188} INFO - [2024-01-11T19:21:45.128+0000] {dagbag.py:538} INFO - Filling up the DagBag from /opt/airflow/dags/second_project.py
[2024-01-11T19:21:45.321+0000] {processor.py:840} INFO - DAG(s) 'covid_dag' retrieved from /opt/airflow/dags/second_project.py
[2024-01-11T19:21:45.331+0000] {logging_mixin.py:188} INFO - [2024-01-11T19:21:45.331+0000] {dag.py:3033} INFO - Sync 1 DAGs
[2024-01-11T19:21:45.339+0000] {logging_mixin.py:188} INFO - [2024-01-11T19:21:45.339+0000] {dag.py:3820} INFO - Setting next_dagrun for covid_dag to 2024-01-11T00:00:00+00:00, run_after=2024-01-12T00:00:00+00:00
[2024-01-11T19:21:45.347+0000] {processor.py:183} INFO - Processing /opt/airflow/dags/second_project.py took 0.227 seconds
[2024-01-11T19:22:15.550+0000] {processor.py:161} INFO - Started process (PID=74) to work on /opt/airflow/dags/second_project.py
[2024-01-11T19:22:15.552+0000] {processor.py:830} INFO - Processing file /opt/airflow/dags/second_project.py for tasks to queue
[2024-01-11T19:22:15.554+0000] {logging_mixin.py:188} INFO - [2024-01-11T19:22:15.554+0000] {dagbag.py:538} INFO - Filling up the DagBag from /opt/airflow/dags/second_project.py
[2024-01-11T19:22:15.746+0000] {processor.py:840} INFO - DAG(s) 'covid_dag' retrieved from /opt/airflow/dags/second_project.py
[2024-01-11T19:22:15.755+0000] {logging_mixin.py:188} INFO - [2024-01-11T19:22:15.755+0000] {dag.py:3033} INFO - Sync 1 DAGs
[2024-01-11T19:22:15.763+0000] {logging_mixin.py:188} INFO - [2024-01-11T19:22:15.763+0000] {dag.py:3820} INFO - Setting next_dagrun for covid_dag to 2024-01-11T00:00:00+00:00, run_after=2024-01-12T00:00:00+00:00
[2024-01-11T19:22:15.769+0000] {processor.py:183} INFO - Processing /opt/airflow/dags/second_project.py took 0.223 seconds
[2024-01-11T19:22:45.810+0000] {processor.py:161} INFO - Started process (PID=82) to work on /opt/airflow/dags/second_project.py
[2024-01-11T19:22:45.811+0000] {processor.py:830} INFO - Processing file /opt/airflow/dags/second_project.py for tasks to queue
[2024-01-11T19:22:45.813+0000] {logging_mixin.py:188} INFO - [2024-01-11T19:22:45.813+0000] {dagbag.py:538} INFO - Filling up the DagBag from /opt/airflow/dags/second_project.py
[2024-01-11T19:22:46.012+0000] {processor.py:840} INFO - DAG(s) 'covid_dag' retrieved from /opt/airflow/dags/second_project.py
[2024-01-11T19:22:46.022+0000] {logging_mixin.py:188} INFO - [2024-01-11T19:22:46.022+0000] {dag.py:3033} INFO - Sync 1 DAGs
[2024-01-11T19:22:46.029+0000] {logging_mixin.py:188} INFO - [2024-01-11T19:22:46.029+0000] {dag.py:3820} INFO - Setting next_dagrun for covid_dag to 2024-01-11T00:00:00+00:00, run_after=2024-01-12T00:00:00+00:00
[2024-01-11T19:22:46.036+0000] {processor.py:183} INFO - Processing /opt/airflow/dags/second_project.py took 0.231 seconds
[2024-01-11T19:23:16.237+0000] {processor.py:161} INFO - Started process (PID=90) to work on /opt/airflow/dags/second_project.py
[2024-01-11T19:23:16.238+0000] {processor.py:830} INFO - Processing file /opt/airflow/dags/second_project.py for tasks to queue
[2024-01-11T19:23:16.240+0000] {logging_mixin.py:188} INFO - [2024-01-11T19:23:16.240+0000] {dagbag.py:538} INFO - Filling up the DagBag from /opt/airflow/dags/second_project.py
[2024-01-11T19:23:16.428+0000] {processor.py:840} INFO - DAG(s) 'covid_dag' retrieved from /opt/airflow/dags/second_project.py
[2024-01-11T19:23:16.437+0000] {logging_mixin.py:188} INFO - [2024-01-11T19:23:16.437+0000] {dag.py:3033} INFO - Sync 1 DAGs
[2024-01-11T19:23:16.445+0000] {logging_mixin.py:188} INFO - [2024-01-11T19:23:16.445+0000] {dag.py:3820} INFO - Setting next_dagrun for covid_dag to 2024-01-11T00:00:00+00:00, run_after=2024-01-12T00:00:00+00:00
[2024-01-11T19:23:16.451+0000] {processor.py:183} INFO - Processing /opt/airflow/dags/second_project.py took 0.217 seconds
[2024-01-11T19:23:46.534+0000] {processor.py:161} INFO - Started process (PID=98) to work on /opt/airflow/dags/second_project.py
[2024-01-11T19:23:46.536+0000] {processor.py:830} INFO - Processing file /opt/airflow/dags/second_project.py for tasks to queue
[2024-01-11T19:23:46.539+0000] {logging_mixin.py:188} INFO - [2024-01-11T19:23:46.538+0000] {dagbag.py:538} INFO - Filling up the DagBag from /opt/airflow/dags/second_project.py
[2024-01-11T19:23:46.734+0000] {processor.py:840} INFO - DAG(s) 'covid_dag' retrieved from /opt/airflow/dags/second_project.py
[2024-01-11T19:23:46.744+0000] {logging_mixin.py:188} INFO - [2024-01-11T19:23:46.743+0000] {dag.py:3033} INFO - Sync 1 DAGs
[2024-01-11T19:23:46.751+0000] {logging_mixin.py:188} INFO - [2024-01-11T19:23:46.751+0000] {dag.py:3820} INFO - Setting next_dagrun for covid_dag to 2024-01-11T00:00:00+00:00, run_after=2024-01-12T00:00:00+00:00
[2024-01-11T19:23:46.758+0000] {processor.py:183} INFO - Processing /opt/airflow/dags/second_project.py took 0.228 seconds
[2024-01-11T19:24:16.994+0000] {processor.py:161} INFO - Started process (PID=106) to work on /opt/airflow/dags/second_project.py
[2024-01-11T19:24:16.995+0000] {processor.py:830} INFO - Processing file /opt/airflow/dags/second_project.py for tasks to queue
[2024-01-11T19:24:16.998+0000] {logging_mixin.py:188} INFO - [2024-01-11T19:24:16.997+0000] {dagbag.py:538} INFO - Filling up the DagBag from /opt/airflow/dags/second_project.py
[2024-01-11T19:24:17.191+0000] {processor.py:840} INFO - DAG(s) 'covid_dag' retrieved from /opt/airflow/dags/second_project.py
[2024-01-11T19:24:17.202+0000] {logging_mixin.py:188} INFO - [2024-01-11T19:24:17.201+0000] {dag.py:3033} INFO - Sync 1 DAGs
[2024-01-11T19:24:17.209+0000] {logging_mixin.py:188} INFO - [2024-01-11T19:24:17.209+0000] {dag.py:3820} INFO - Setting next_dagrun for covid_dag to 2024-01-11T00:00:00+00:00, run_after=2024-01-12T00:00:00+00:00
[2024-01-11T19:24:17.215+0000] {processor.py:183} INFO - Processing /opt/airflow/dags/second_project.py took 0.224 seconds
[2024-01-11T19:24:47.272+0000] {processor.py:161} INFO - Started process (PID=114) to work on /opt/airflow/dags/second_project.py
[2024-01-11T19:24:47.273+0000] {processor.py:830} INFO - Processing file /opt/airflow/dags/second_project.py for tasks to queue
[2024-01-11T19:24:47.275+0000] {logging_mixin.py:188} INFO - [2024-01-11T19:24:47.275+0000] {dagbag.py:538} INFO - Filling up the DagBag from /opt/airflow/dags/second_project.py
[2024-01-11T19:24:47.476+0000] {processor.py:840} INFO - DAG(s) 'covid_dag' retrieved from /opt/airflow/dags/second_project.py
[2024-01-11T19:24:47.485+0000] {logging_mixin.py:188} INFO - [2024-01-11T19:24:47.485+0000] {dag.py:3033} INFO - Sync 1 DAGs
[2024-01-11T19:24:47.494+0000] {logging_mixin.py:188} INFO - [2024-01-11T19:24:47.494+0000] {dag.py:3820} INFO - Setting next_dagrun for covid_dag to 2024-01-11T00:00:00+00:00, run_after=2024-01-12T00:00:00+00:00
[2024-01-11T19:24:47.501+0000] {processor.py:183} INFO - Processing /opt/airflow/dags/second_project.py took 0.233 seconds
[2024-01-11T19:25:17.694+0000] {processor.py:161} INFO - Started process (PID=122) to work on /opt/airflow/dags/second_project.py
[2024-01-11T19:25:17.695+0000] {processor.py:830} INFO - Processing file /opt/airflow/dags/second_project.py for tasks to queue
[2024-01-11T19:25:17.696+0000] {logging_mixin.py:188} INFO - [2024-01-11T19:25:17.696+0000] {dagbag.py:538} INFO - Filling up the DagBag from /opt/airflow/dags/second_project.py
[2024-01-11T19:25:17.957+0000] {processor.py:840} INFO - DAG(s) 'covid_dag' retrieved from /opt/airflow/dags/second_project.py
[2024-01-11T19:25:17.970+0000] {logging_mixin.py:188} INFO - [2024-01-11T19:25:17.969+0000] {dag.py:3033} INFO - Sync 1 DAGs
[2024-01-11T19:25:17.979+0000] {logging_mixin.py:188} INFO - [2024-01-11T19:25:17.979+0000] {dag.py:3820} INFO - Setting next_dagrun for covid_dag to 2024-01-11T00:00:00+00:00, run_after=2024-01-12T00:00:00+00:00
[2024-01-11T19:25:17.987+0000] {processor.py:183} INFO - Processing /opt/airflow/dags/second_project.py took 0.295 seconds
[2024-01-11T19:25:48.207+0000] {processor.py:161} INFO - Started process (PID=130) to work on /opt/airflow/dags/second_project.py
[2024-01-11T19:25:48.208+0000] {processor.py:830} INFO - Processing file /opt/airflow/dags/second_project.py for tasks to queue
[2024-01-11T19:25:48.209+0000] {logging_mixin.py:188} INFO - [2024-01-11T19:25:48.209+0000] {dagbag.py:538} INFO - Filling up the DagBag from /opt/airflow/dags/second_project.py
[2024-01-11T19:25:48.401+0000] {processor.py:840} INFO - DAG(s) 'covid_dag' retrieved from /opt/airflow/dags/second_project.py
[2024-01-11T19:25:48.411+0000] {logging_mixin.py:188} INFO - [2024-01-11T19:25:48.411+0000] {dag.py:3033} INFO - Sync 1 DAGs
[2024-01-11T19:25:48.419+0000] {logging_mixin.py:188} INFO - [2024-01-11T19:25:48.419+0000] {dag.py:3820} INFO - Setting next_dagrun for covid_dag to 2024-01-11T00:00:00+00:00, run_after=2024-01-12T00:00:00+00:00
[2024-01-11T19:25:48.426+0000] {processor.py:183} INFO - Processing /opt/airflow/dags/second_project.py took 0.221 seconds
[2024-01-11T19:26:18.508+0000] {processor.py:161} INFO - Started process (PID=138) to work on /opt/airflow/dags/second_project.py
[2024-01-11T19:26:18.509+0000] {processor.py:830} INFO - Processing file /opt/airflow/dags/second_project.py for tasks to queue
[2024-01-11T19:26:18.511+0000] {logging_mixin.py:188} INFO - [2024-01-11T19:26:18.511+0000] {dagbag.py:538} INFO - Filling up the DagBag from /opt/airflow/dags/second_project.py
[2024-01-11T19:26:18.703+0000] {processor.py:840} INFO - DAG(s) 'covid_dag' retrieved from /opt/airflow/dags/second_project.py
[2024-01-11T19:26:18.713+0000] {logging_mixin.py:188} INFO - [2024-01-11T19:26:18.712+0000] {dag.py:3033} INFO - Sync 1 DAGs
[2024-01-11T19:26:18.721+0000] {logging_mixin.py:188} INFO - [2024-01-11T19:26:18.721+0000] {dag.py:3820} INFO - Setting next_dagrun for covid_dag to 2024-01-11T00:00:00+00:00, run_after=2024-01-12T00:00:00+00:00
[2024-01-11T19:26:18.727+0000] {processor.py:183} INFO - Processing /opt/airflow/dags/second_project.py took 0.224 seconds
[2024-01-11T19:26:48.945+0000] {processor.py:161} INFO - Started process (PID=146) to work on /opt/airflow/dags/second_project.py
[2024-01-11T19:26:48.946+0000] {processor.py:830} INFO - Processing file /opt/airflow/dags/second_project.py for tasks to queue
[2024-01-11T19:26:48.949+0000] {logging_mixin.py:188} INFO - [2024-01-11T19:26:48.948+0000] {dagbag.py:538} INFO - Filling up the DagBag from /opt/airflow/dags/second_project.py
[2024-01-11T19:26:49.146+0000] {processor.py:840} INFO - DAG(s) 'covid_dag' retrieved from /opt/airflow/dags/second_project.py
[2024-01-11T19:26:49.155+0000] {logging_mixin.py:188} INFO - [2024-01-11T19:26:49.155+0000] {dag.py:3033} INFO - Sync 1 DAGs
[2024-01-11T19:26:49.165+0000] {logging_mixin.py:188} INFO - [2024-01-11T19:26:49.165+0000] {dag.py:3820} INFO - Setting next_dagrun for covid_dag to 2024-01-11T00:00:00+00:00, run_after=2024-01-12T00:00:00+00:00
[2024-01-11T19:26:49.171+0000] {processor.py:183} INFO - Processing /opt/airflow/dags/second_project.py took 0.231 seconds
[2024-01-11T19:27:19.228+0000] {processor.py:161} INFO - Started process (PID=154) to work on /opt/airflow/dags/second_project.py
[2024-01-11T19:27:19.229+0000] {processor.py:830} INFO - Processing file /opt/airflow/dags/second_project.py for tasks to queue
[2024-01-11T19:27:19.232+0000] {logging_mixin.py:188} INFO - [2024-01-11T19:27:19.232+0000] {dagbag.py:538} INFO - Filling up the DagBag from /opt/airflow/dags/second_project.py
[2024-01-11T19:27:19.421+0000] {processor.py:840} INFO - DAG(s) 'covid_dag' retrieved from /opt/airflow/dags/second_project.py
[2024-01-11T19:27:19.431+0000] {logging_mixin.py:188} INFO - [2024-01-11T19:27:19.430+0000] {dag.py:3033} INFO - Sync 1 DAGs
[2024-01-11T19:27:19.439+0000] {logging_mixin.py:188} INFO - [2024-01-11T19:27:19.439+0000] {dag.py:3820} INFO - Setting next_dagrun for covid_dag to 2024-01-11T00:00:00+00:00, run_after=2024-01-12T00:00:00+00:00
[2024-01-11T19:27:19.445+0000] {processor.py:183} INFO - Processing /opt/airflow/dags/second_project.py took 0.222 seconds
[2024-01-11T19:27:49.747+0000] {processor.py:161} INFO - Started process (PID=162) to work on /opt/airflow/dags/second_project.py
[2024-01-11T19:27:49.748+0000] {processor.py:830} INFO - Processing file /opt/airflow/dags/second_project.py for tasks to queue
[2024-01-11T19:27:49.749+0000] {logging_mixin.py:188} INFO - [2024-01-11T19:27:49.749+0000] {dagbag.py:538} INFO - Filling up the DagBag from /opt/airflow/dags/second_project.py
[2024-01-11T19:27:49.927+0000] {processor.py:840} INFO - DAG(s) 'covid_dag' retrieved from /opt/airflow/dags/second_project.py
[2024-01-11T19:27:49.936+0000] {logging_mixin.py:188} INFO - [2024-01-11T19:27:49.936+0000] {dag.py:3033} INFO - Sync 1 DAGs
[2024-01-11T19:27:49.944+0000] {logging_mixin.py:188} INFO - [2024-01-11T19:27:49.944+0000] {dag.py:3820} INFO - Setting next_dagrun for covid_dag to 2024-01-11T00:00:00+00:00, run_after=2024-01-12T00:00:00+00:00
[2024-01-11T19:27:49.950+0000] {processor.py:183} INFO - Processing /opt/airflow/dags/second_project.py took 0.205 seconds
[2024-01-11T19:28:19.987+0000] {processor.py:161} INFO - Started process (PID=169) to work on /opt/airflow/dags/second_project.py
[2024-01-11T19:28:19.987+0000] {processor.py:830} INFO - Processing file /opt/airflow/dags/second_project.py for tasks to queue
[2024-01-11T19:28:19.989+0000] {logging_mixin.py:188} INFO - [2024-01-11T19:28:19.989+0000] {dagbag.py:538} INFO - Filling up the DagBag from /opt/airflow/dags/second_project.py
[2024-01-11T19:28:20.207+0000] {processor.py:840} INFO - DAG(s) 'covid_dag' retrieved from /opt/airflow/dags/second_project.py
[2024-01-11T19:28:20.218+0000] {logging_mixin.py:188} INFO - [2024-01-11T19:28:20.218+0000] {dag.py:3033} INFO - Sync 1 DAGs
[2024-01-11T19:28:20.226+0000] {logging_mixin.py:188} INFO - [2024-01-11T19:28:20.226+0000] {dag.py:3820} INFO - Setting next_dagrun for covid_dag to 2024-01-11T00:00:00+00:00, run_after=2024-01-12T00:00:00+00:00
[2024-01-11T19:28:20.232+0000] {processor.py:183} INFO - Processing /opt/airflow/dags/second_project.py took 0.248 seconds
[2024-01-11T19:28:50.306+0000] {processor.py:161} INFO - Started process (PID=176) to work on /opt/airflow/dags/second_project.py
[2024-01-11T19:28:50.307+0000] {processor.py:830} INFO - Processing file /opt/airflow/dags/second_project.py for tasks to queue
[2024-01-11T19:28:50.309+0000] {logging_mixin.py:188} INFO - [2024-01-11T19:28:50.309+0000] {dagbag.py:538} INFO - Filling up the DagBag from /opt/airflow/dags/second_project.py
[2024-01-11T19:28:50.509+0000] {processor.py:840} INFO - DAG(s) 'covid_dag' retrieved from /opt/airflow/dags/second_project.py
[2024-01-11T19:28:50.519+0000] {logging_mixin.py:188} INFO - [2024-01-11T19:28:50.519+0000] {dag.py:3033} INFO - Sync 1 DAGs
[2024-01-11T19:28:50.527+0000] {logging_mixin.py:188} INFO - [2024-01-11T19:28:50.527+0000] {dag.py:3820} INFO - Setting next_dagrun for covid_dag to 2024-01-11T00:00:00+00:00, run_after=2024-01-12T00:00:00+00:00
[2024-01-11T19:28:50.534+0000] {processor.py:183} INFO - Processing /opt/airflow/dags/second_project.py took 0.230 seconds
[2024-01-11T19:29:27.997+0000] {processor.py:161} INFO - Started process (PID=35) to work on /opt/airflow/dags/second_project.py
[2024-01-11T19:29:28.003+0000] {processor.py:830} INFO - Processing file /opt/airflow/dags/second_project.py for tasks to queue
[2024-01-11T19:29:28.010+0000] {logging_mixin.py:188} INFO - [2024-01-11T19:29:28.009+0000] {dagbag.py:538} INFO - Filling up the DagBag from /opt/airflow/dags/second_project.py
[2024-01-11T19:29:28.220+0000] {processor.py:840} INFO - DAG(s) 'covid_dag' retrieved from /opt/airflow/dags/second_project.py
[2024-01-11T19:29:28.358+0000] {logging_mixin.py:188} INFO - [2024-01-11T19:29:28.357+0000] {dag.py:3033} INFO - Sync 1 DAGs
[2024-01-11T19:29:28.369+0000] {logging_mixin.py:188} INFO - [2024-01-11T19:29:28.369+0000] {dag.py:3820} INFO - Setting next_dagrun for covid_dag to 2024-01-11T00:00:00+00:00, run_after=2024-01-12T00:00:00+00:00
[2024-01-11T19:29:28.377+0000] {processor.py:183} INFO - Processing /opt/airflow/dags/second_project.py took 0.383 seconds
[2024-01-11T19:30:06.731+0000] {processor.py:161} INFO - Started process (PID=34) to work on /opt/airflow/dags/second_project.py
[2024-01-11T19:30:06.732+0000] {processor.py:830} INFO - Processing file /opt/airflow/dags/second_project.py for tasks to queue
[2024-01-11T19:30:06.733+0000] {logging_mixin.py:188} INFO - [2024-01-11T19:30:06.733+0000] {dagbag.py:538} INFO - Filling up the DagBag from /opt/airflow/dags/second_project.py
[2024-01-11T19:30:06.864+0000] {processor.py:840} INFO - DAG(s) 'covid_dag' retrieved from /opt/airflow/dags/second_project.py
[2024-01-11T19:30:07.041+0000] {logging_mixin.py:188} INFO - [2024-01-11T19:30:07.041+0000] {dag.py:3033} INFO - Sync 1 DAGs
[2024-01-11T19:30:07.057+0000] {logging_mixin.py:188} INFO - [2024-01-11T19:30:07.057+0000] {dag.py:3820} INFO - Setting next_dagrun for covid_dag to 2024-01-11T00:00:00+00:00, run_after=2024-01-12T00:00:00+00:00
[2024-01-11T19:30:07.067+0000] {processor.py:183} INFO - Processing /opt/airflow/dags/second_project.py took 0.338 seconds
[2024-01-11T19:30:37.301+0000] {processor.py:161} INFO - Started process (PID=42) to work on /opt/airflow/dags/second_project.py
[2024-01-11T19:30:37.302+0000] {processor.py:830} INFO - Processing file /opt/airflow/dags/second_project.py for tasks to queue
[2024-01-11T19:30:37.304+0000] {logging_mixin.py:188} INFO - [2024-01-11T19:30:37.304+0000] {dagbag.py:538} INFO - Filling up the DagBag from /opt/airflow/dags/second_project.py
[2024-01-11T19:30:37.497+0000] {processor.py:840} INFO - DAG(s) 'covid_dag' retrieved from /opt/airflow/dags/second_project.py
[2024-01-11T19:30:37.506+0000] {logging_mixin.py:188} INFO - [2024-01-11T19:30:37.506+0000] {dag.py:3033} INFO - Sync 1 DAGs
[2024-01-11T19:30:37.514+0000] {logging_mixin.py:188} INFO - [2024-01-11T19:30:37.514+0000] {dag.py:3820} INFO - Setting next_dagrun for covid_dag to 2024-01-11T00:00:00+00:00, run_after=2024-01-12T00:00:00+00:00
[2024-01-11T19:30:37.521+0000] {processor.py:183} INFO - Processing /opt/airflow/dags/second_project.py took 0.224 seconds
[2024-01-11T19:31:07.740+0000] {processor.py:161} INFO - Started process (PID=50) to work on /opt/airflow/dags/second_project.py
[2024-01-11T19:31:07.742+0000] {processor.py:830} INFO - Processing file /opt/airflow/dags/second_project.py for tasks to queue
[2024-01-11T19:31:07.744+0000] {logging_mixin.py:188} INFO - [2024-01-11T19:31:07.744+0000] {dagbag.py:538} INFO - Filling up the DagBag from /opt/airflow/dags/second_project.py
[2024-01-11T19:31:07.929+0000] {processor.py:840} INFO - DAG(s) 'covid_dag' retrieved from /opt/airflow/dags/second_project.py
[2024-01-11T19:31:07.939+0000] {logging_mixin.py:188} INFO - [2024-01-11T19:31:07.938+0000] {dag.py:3033} INFO - Sync 1 DAGs
[2024-01-11T19:31:07.947+0000] {logging_mixin.py:188} INFO - [2024-01-11T19:31:07.947+0000] {dag.py:3820} INFO - Setting next_dagrun for covid_dag to 2024-01-11T00:00:00+00:00, run_after=2024-01-12T00:00:00+00:00
[2024-01-11T19:31:07.954+0000] {processor.py:183} INFO - Processing /opt/airflow/dags/second_project.py took 0.217 seconds
[2024-01-11T19:31:37.990+0000] {processor.py:161} INFO - Started process (PID=58) to work on /opt/airflow/dags/second_project.py
[2024-01-11T19:31:37.991+0000] {processor.py:830} INFO - Processing file /opt/airflow/dags/second_project.py for tasks to queue
[2024-01-11T19:31:37.993+0000] {logging_mixin.py:188} INFO - [2024-01-11T19:31:37.993+0000] {dagbag.py:538} INFO - Filling up the DagBag from /opt/airflow/dags/second_project.py
[2024-01-11T19:31:38.185+0000] {processor.py:840} INFO - DAG(s) 'covid_dag' retrieved from /opt/airflow/dags/second_project.py
[2024-01-11T19:31:38.195+0000] {logging_mixin.py:188} INFO - [2024-01-11T19:31:38.194+0000] {dag.py:3033} INFO - Sync 1 DAGs
[2024-01-11T19:31:38.203+0000] {logging_mixin.py:188} INFO - [2024-01-11T19:31:38.203+0000] {dag.py:3820} INFO - Setting next_dagrun for covid_dag to 2024-01-11T00:00:00+00:00, run_after=2024-01-12T00:00:00+00:00
[2024-01-11T19:31:38.211+0000] {processor.py:183} INFO - Processing /opt/airflow/dags/second_project.py took 0.226 seconds
[2024-01-11T19:32:08.433+0000] {processor.py:161} INFO - Started process (PID=66) to work on /opt/airflow/dags/second_project.py
[2024-01-11T19:32:08.434+0000] {processor.py:830} INFO - Processing file /opt/airflow/dags/second_project.py for tasks to queue
[2024-01-11T19:32:08.437+0000] {logging_mixin.py:188} INFO - [2024-01-11T19:32:08.436+0000] {dagbag.py:538} INFO - Filling up the DagBag from /opt/airflow/dags/second_project.py
[2024-01-11T19:32:08.629+0000] {processor.py:840} INFO - DAG(s) 'covid_dag' retrieved from /opt/airflow/dags/second_project.py
[2024-01-11T19:32:08.639+0000] {logging_mixin.py:188} INFO - [2024-01-11T19:32:08.638+0000] {dag.py:3033} INFO - Sync 1 DAGs
[2024-01-11T19:32:08.646+0000] {logging_mixin.py:188} INFO - [2024-01-11T19:32:08.646+0000] {dag.py:3820} INFO - Setting next_dagrun for covid_dag to 2024-01-11T00:00:00+00:00, run_after=2024-01-12T00:00:00+00:00
[2024-01-11T19:32:08.652+0000] {processor.py:183} INFO - Processing /opt/airflow/dags/second_project.py took 0.223 seconds
[2024-01-11T19:32:38.700+0000] {processor.py:161} INFO - Started process (PID=74) to work on /opt/airflow/dags/second_project.py
[2024-01-11T19:32:38.701+0000] {processor.py:830} INFO - Processing file /opt/airflow/dags/second_project.py for tasks to queue
[2024-01-11T19:32:38.703+0000] {logging_mixin.py:188} INFO - [2024-01-11T19:32:38.703+0000] {dagbag.py:538} INFO - Filling up the DagBag from /opt/airflow/dags/second_project.py
[2024-01-11T19:32:38.894+0000] {processor.py:840} INFO - DAG(s) 'covid_dag' retrieved from /opt/airflow/dags/second_project.py
[2024-01-11T19:32:38.903+0000] {logging_mixin.py:188} INFO - [2024-01-11T19:32:38.903+0000] {dag.py:3033} INFO - Sync 1 DAGs
[2024-01-11T19:32:38.911+0000] {logging_mixin.py:188} INFO - [2024-01-11T19:32:38.911+0000] {dag.py:3820} INFO - Setting next_dagrun for covid_dag to 2024-01-11T00:00:00+00:00, run_after=2024-01-12T00:00:00+00:00
[2024-01-11T19:32:38.916+0000] {processor.py:183} INFO - Processing /opt/airflow/dags/second_project.py took 0.221 seconds
[2024-01-11T19:33:09.037+0000] {processor.py:161} INFO - Started process (PID=82) to work on /opt/airflow/dags/second_project.py
[2024-01-11T19:33:09.038+0000] {processor.py:830} INFO - Processing file /opt/airflow/dags/second_project.py for tasks to queue
[2024-01-11T19:33:09.040+0000] {logging_mixin.py:188} INFO - [2024-01-11T19:33:09.040+0000] {dagbag.py:538} INFO - Filling up the DagBag from /opt/airflow/dags/second_project.py
[2024-01-11T19:33:09.222+0000] {processor.py:840} INFO - DAG(s) 'covid_dag' retrieved from /opt/airflow/dags/second_project.py
[2024-01-11T19:33:09.231+0000] {logging_mixin.py:188} INFO - [2024-01-11T19:33:09.231+0000] {dag.py:3033} INFO - Sync 1 DAGs
[2024-01-11T19:33:09.239+0000] {logging_mixin.py:188} INFO - [2024-01-11T19:33:09.239+0000] {dag.py:3820} INFO - Setting next_dagrun for covid_dag to 2024-01-11T00:00:00+00:00, run_after=2024-01-12T00:00:00+00:00
[2024-01-11T19:33:09.246+0000] {processor.py:183} INFO - Processing /opt/airflow/dags/second_project.py took 0.212 seconds
[2024-01-11T19:33:39.344+0000] {processor.py:161} INFO - Started process (PID=90) to work on /opt/airflow/dags/second_project.py
[2024-01-11T19:33:39.345+0000] {processor.py:830} INFO - Processing file /opt/airflow/dags/second_project.py for tasks to queue
[2024-01-11T19:33:39.346+0000] {logging_mixin.py:188} INFO - [2024-01-11T19:33:39.346+0000] {dagbag.py:538} INFO - Filling up the DagBag from /opt/airflow/dags/second_project.py
[2024-01-11T19:33:39.555+0000] {processor.py:840} INFO - DAG(s) 'covid_dag' retrieved from /opt/airflow/dags/second_project.py
[2024-01-11T19:33:39.567+0000] {logging_mixin.py:188} INFO - [2024-01-11T19:33:39.566+0000] {dag.py:3033} INFO - Sync 1 DAGs
[2024-01-11T19:33:39.577+0000] {logging_mixin.py:188} INFO - [2024-01-11T19:33:39.577+0000] {dag.py:3820} INFO - Setting next_dagrun for covid_dag to 2024-01-11T00:00:00+00:00, run_after=2024-01-12T00:00:00+00:00
[2024-01-11T19:33:39.585+0000] {processor.py:183} INFO - Processing /opt/airflow/dags/second_project.py took 0.243 seconds
[2024-01-11T19:34:09.674+0000] {processor.py:161} INFO - Started process (PID=98) to work on /opt/airflow/dags/second_project.py
[2024-01-11T19:34:09.674+0000] {processor.py:830} INFO - Processing file /opt/airflow/dags/second_project.py for tasks to queue
[2024-01-11T19:34:09.676+0000] {logging_mixin.py:188} INFO - [2024-01-11T19:34:09.676+0000] {dagbag.py:538} INFO - Filling up the DagBag from /opt/airflow/dags/second_project.py
[2024-01-11T19:34:09.875+0000] {processor.py:840} INFO - DAG(s) 'covid_dag' retrieved from /opt/airflow/dags/second_project.py
[2024-01-11T19:34:09.886+0000] {logging_mixin.py:188} INFO - [2024-01-11T19:34:09.886+0000] {dag.py:3033} INFO - Sync 1 DAGs
[2024-01-11T19:34:09.896+0000] {logging_mixin.py:188} INFO - [2024-01-11T19:34:09.896+0000] {dag.py:3820} INFO - Setting next_dagrun for covid_dag to 2024-01-11T00:00:00+00:00, run_after=2024-01-12T00:00:00+00:00
[2024-01-11T19:34:09.904+0000] {processor.py:183} INFO - Processing /opt/airflow/dags/second_project.py took 0.232 seconds
[2024-01-11T19:34:40.065+0000] {processor.py:161} INFO - Started process (PID=106) to work on /opt/airflow/dags/second_project.py
[2024-01-11T19:34:40.066+0000] {processor.py:830} INFO - Processing file /opt/airflow/dags/second_project.py for tasks to queue
[2024-01-11T19:34:40.071+0000] {logging_mixin.py:188} INFO - [2024-01-11T19:34:40.071+0000] {dagbag.py:538} INFO - Filling up the DagBag from /opt/airflow/dags/second_project.py
[2024-01-11T19:34:40.319+0000] {processor.py:840} INFO - DAG(s) 'covid_dag' retrieved from /opt/airflow/dags/second_project.py
[2024-01-11T19:34:40.330+0000] {logging_mixin.py:188} INFO - [2024-01-11T19:34:40.329+0000] {dag.py:3033} INFO - Sync 1 DAGs
[2024-01-11T19:34:40.338+0000] {logging_mixin.py:188} INFO - [2024-01-11T19:34:40.338+0000] {dag.py:3820} INFO - Setting next_dagrun for covid_dag to 2024-01-11T00:00:00+00:00, run_after=2024-01-12T00:00:00+00:00
[2024-01-11T19:34:40.345+0000] {processor.py:183} INFO - Processing /opt/airflow/dags/second_project.py took 0.286 seconds
[2024-01-11T19:35:10.523+0000] {processor.py:161} INFO - Started process (PID=114) to work on /opt/airflow/dags/second_project.py
[2024-01-11T19:35:10.524+0000] {processor.py:830} INFO - Processing file /opt/airflow/dags/second_project.py for tasks to queue
[2024-01-11T19:35:10.528+0000] {logging_mixin.py:188} INFO - [2024-01-11T19:35:10.527+0000] {dagbag.py:538} INFO - Filling up the DagBag from /opt/airflow/dags/second_project.py
[2024-01-11T19:35:10.725+0000] {processor.py:840} INFO - DAG(s) 'covid_dag' retrieved from /opt/airflow/dags/second_project.py
[2024-01-11T19:35:10.734+0000] {logging_mixin.py:188} INFO - [2024-01-11T19:35:10.734+0000] {dag.py:3033} INFO - Sync 1 DAGs
[2024-01-11T19:35:10.741+0000] {logging_mixin.py:188} INFO - [2024-01-11T19:35:10.741+0000] {dag.py:3820} INFO - Setting next_dagrun for covid_dag to 2024-01-11T00:00:00+00:00, run_after=2024-01-12T00:00:00+00:00
[2024-01-11T19:35:10.750+0000] {processor.py:183} INFO - Processing /opt/airflow/dags/second_project.py took 0.232 seconds
[2024-01-11T19:35:40.929+0000] {processor.py:161} INFO - Started process (PID=122) to work on /opt/airflow/dags/second_project.py
[2024-01-11T19:35:40.930+0000] {processor.py:830} INFO - Processing file /opt/airflow/dags/second_project.py for tasks to queue
[2024-01-11T19:35:40.933+0000] {logging_mixin.py:188} INFO - [2024-01-11T19:35:40.933+0000] {dagbag.py:538} INFO - Filling up the DagBag from /opt/airflow/dags/second_project.py
[2024-01-11T19:35:41.126+0000] {processor.py:840} INFO - DAG(s) 'covid_dag' retrieved from /opt/airflow/dags/second_project.py
[2024-01-11T19:35:41.135+0000] {logging_mixin.py:188} INFO - [2024-01-11T19:35:41.135+0000] {dag.py:3033} INFO - Sync 1 DAGs
[2024-01-11T19:35:41.142+0000] {logging_mixin.py:188} INFO - [2024-01-11T19:35:41.142+0000] {dag.py:3820} INFO - Setting next_dagrun for covid_dag to 2024-01-11T00:00:00+00:00, run_after=2024-01-12T00:00:00+00:00
[2024-01-11T19:35:41.148+0000] {processor.py:183} INFO - Processing /opt/airflow/dags/second_project.py took 0.224 seconds
[2024-01-11T19:36:11.284+0000] {processor.py:161} INFO - Started process (PID=130) to work on /opt/airflow/dags/second_project.py
[2024-01-11T19:36:11.286+0000] {processor.py:830} INFO - Processing file /opt/airflow/dags/second_project.py for tasks to queue
[2024-01-11T19:36:11.289+0000] {logging_mixin.py:188} INFO - [2024-01-11T19:36:11.289+0000] {dagbag.py:538} INFO - Filling up the DagBag from /opt/airflow/dags/second_project.py
[2024-01-11T19:36:11.502+0000] {processor.py:840} INFO - DAG(s) 'covid_dag' retrieved from /opt/airflow/dags/second_project.py
[2024-01-11T19:36:11.511+0000] {logging_mixin.py:188} INFO - [2024-01-11T19:36:11.511+0000] {dag.py:3033} INFO - Sync 1 DAGs
[2024-01-11T19:36:11.519+0000] {logging_mixin.py:188} INFO - [2024-01-11T19:36:11.519+0000] {dag.py:3820} INFO - Setting next_dagrun for covid_dag to 2024-01-11T00:00:00+00:00, run_after=2024-01-12T00:00:00+00:00
[2024-01-11T19:36:11.525+0000] {processor.py:183} INFO - Processing /opt/airflow/dags/second_project.py took 0.246 seconds
[2024-01-11T19:36:41.724+0000] {processor.py:161} INFO - Started process (PID=138) to work on /opt/airflow/dags/second_project.py
[2024-01-11T19:36:41.725+0000] {processor.py:830} INFO - Processing file /opt/airflow/dags/second_project.py for tasks to queue
[2024-01-11T19:36:41.728+0000] {logging_mixin.py:188} INFO - [2024-01-11T19:36:41.728+0000] {dagbag.py:538} INFO - Filling up the DagBag from /opt/airflow/dags/second_project.py
[2024-01-11T19:36:41.921+0000] {processor.py:840} INFO - DAG(s) 'covid_dag' retrieved from /opt/airflow/dags/second_project.py
[2024-01-11T19:36:41.930+0000] {logging_mixin.py:188} INFO - [2024-01-11T19:36:41.930+0000] {dag.py:3033} INFO - Sync 1 DAGs
[2024-01-11T19:36:41.938+0000] {logging_mixin.py:188} INFO - [2024-01-11T19:36:41.938+0000] {dag.py:3820} INFO - Setting next_dagrun for covid_dag to 2024-01-11T00:00:00+00:00, run_after=2024-01-12T00:00:00+00:00
[2024-01-11T19:36:41.945+0000] {processor.py:183} INFO - Processing /opt/airflow/dags/second_project.py took 0.225 seconds
[2024-01-11T19:37:12.057+0000] {processor.py:161} INFO - Started process (PID=146) to work on /opt/airflow/dags/second_project.py
[2024-01-11T19:37:12.058+0000] {processor.py:830} INFO - Processing file /opt/airflow/dags/second_project.py for tasks to queue
[2024-01-11T19:37:12.061+0000] {logging_mixin.py:188} INFO - [2024-01-11T19:37:12.061+0000] {dagbag.py:538} INFO - Filling up the DagBag from /opt/airflow/dags/second_project.py
[2024-01-11T19:37:12.263+0000] {processor.py:840} INFO - DAG(s) 'covid_dag' retrieved from /opt/airflow/dags/second_project.py
[2024-01-11T19:37:12.272+0000] {logging_mixin.py:188} INFO - [2024-01-11T19:37:12.272+0000] {dag.py:3033} INFO - Sync 1 DAGs
[2024-01-11T19:37:12.280+0000] {logging_mixin.py:188} INFO - [2024-01-11T19:37:12.280+0000] {dag.py:3820} INFO - Setting next_dagrun for covid_dag to 2024-01-11T00:00:00+00:00, run_after=2024-01-12T00:00:00+00:00
[2024-01-11T19:37:12.287+0000] {processor.py:183} INFO - Processing /opt/airflow/dags/second_project.py took 0.236 seconds
[2024-01-11T19:37:42.422+0000] {processor.py:161} INFO - Started process (PID=154) to work on /opt/airflow/dags/second_project.py
[2024-01-11T19:37:42.423+0000] {processor.py:830} INFO - Processing file /opt/airflow/dags/second_project.py for tasks to queue
[2024-01-11T19:37:42.426+0000] {logging_mixin.py:188} INFO - [2024-01-11T19:37:42.426+0000] {dagbag.py:538} INFO - Filling up the DagBag from /opt/airflow/dags/second_project.py
[2024-01-11T19:37:42.622+0000] {processor.py:840} INFO - DAG(s) 'covid_dag' retrieved from /opt/airflow/dags/second_project.py
[2024-01-11T19:37:42.631+0000] {logging_mixin.py:188} INFO - [2024-01-11T19:37:42.631+0000] {dag.py:3033} INFO - Sync 1 DAGs
[2024-01-11T19:37:42.639+0000] {logging_mixin.py:188} INFO - [2024-01-11T19:37:42.639+0000] {dag.py:3820} INFO - Setting next_dagrun for covid_dag to 2024-01-11T00:00:00+00:00, run_after=2024-01-12T00:00:00+00:00
[2024-01-11T19:37:42.645+0000] {processor.py:183} INFO - Processing /opt/airflow/dags/second_project.py took 0.228 seconds
[2024-01-11T19:38:12.783+0000] {processor.py:161} INFO - Started process (PID=162) to work on /opt/airflow/dags/second_project.py
[2024-01-11T19:38:12.785+0000] {processor.py:830} INFO - Processing file /opt/airflow/dags/second_project.py for tasks to queue
[2024-01-11T19:38:12.788+0000] {logging_mixin.py:188} INFO - [2024-01-11T19:38:12.788+0000] {dagbag.py:538} INFO - Filling up the DagBag from /opt/airflow/dags/second_project.py
[2024-01-11T19:38:12.984+0000] {processor.py:840} INFO - DAG(s) 'covid_dag' retrieved from /opt/airflow/dags/second_project.py
[2024-01-11T19:38:12.993+0000] {logging_mixin.py:188} INFO - [2024-01-11T19:38:12.993+0000] {dag.py:3033} INFO - Sync 1 DAGs
[2024-01-11T19:38:13.000+0000] {logging_mixin.py:188} INFO - [2024-01-11T19:38:13.000+0000] {dag.py:3820} INFO - Setting next_dagrun for covid_dag to 2024-01-11T00:00:00+00:00, run_after=2024-01-12T00:00:00+00:00
[2024-01-11T19:38:13.006+0000] {processor.py:183} INFO - Processing /opt/airflow/dags/second_project.py took 0.229 seconds
[2024-01-11T19:38:43.197+0000] {processor.py:161} INFO - Started process (PID=170) to work on /opt/airflow/dags/second_project.py
[2024-01-11T19:38:43.199+0000] {processor.py:830} INFO - Processing file /opt/airflow/dags/second_project.py for tasks to queue
[2024-01-11T19:38:43.203+0000] {logging_mixin.py:188} INFO - [2024-01-11T19:38:43.202+0000] {dagbag.py:538} INFO - Filling up the DagBag from /opt/airflow/dags/second_project.py
[2024-01-11T19:38:43.396+0000] {processor.py:840} INFO - DAG(s) 'covid_dag' retrieved from /opt/airflow/dags/second_project.py
[2024-01-11T19:38:43.405+0000] {logging_mixin.py:188} INFO - [2024-01-11T19:38:43.405+0000] {dag.py:3033} INFO - Sync 1 DAGs
[2024-01-11T19:38:43.412+0000] {logging_mixin.py:188} INFO - [2024-01-11T19:38:43.412+0000] {dag.py:3820} INFO - Setting next_dagrun for covid_dag to 2024-01-11T00:00:00+00:00, run_after=2024-01-12T00:00:00+00:00
[2024-01-11T19:38:43.419+0000] {processor.py:183} INFO - Processing /opt/airflow/dags/second_project.py took 0.227 seconds
[2024-01-11T19:39:13.555+0000] {processor.py:161} INFO - Started process (PID=178) to work on /opt/airflow/dags/second_project.py
[2024-01-11T19:39:13.556+0000] {processor.py:830} INFO - Processing file /opt/airflow/dags/second_project.py for tasks to queue
[2024-01-11T19:39:13.559+0000] {logging_mixin.py:188} INFO - [2024-01-11T19:39:13.559+0000] {dagbag.py:538} INFO - Filling up the DagBag from /opt/airflow/dags/second_project.py
[2024-01-11T19:39:13.752+0000] {processor.py:840} INFO - DAG(s) 'covid_dag' retrieved from /opt/airflow/dags/second_project.py
[2024-01-11T19:39:13.761+0000] {logging_mixin.py:188} INFO - [2024-01-11T19:39:13.761+0000] {dag.py:3033} INFO - Sync 1 DAGs
[2024-01-11T19:39:13.768+0000] {logging_mixin.py:188} INFO - [2024-01-11T19:39:13.768+0000] {dag.py:3820} INFO - Setting next_dagrun for covid_dag to 2024-01-11T00:00:00+00:00, run_after=2024-01-12T00:00:00+00:00
[2024-01-11T19:39:13.775+0000] {processor.py:183} INFO - Processing /opt/airflow/dags/second_project.py took 0.226 seconds
[2024-01-11T19:39:43.981+0000] {processor.py:161} INFO - Started process (PID=186) to work on /opt/airflow/dags/second_project.py
[2024-01-11T19:39:43.983+0000] {processor.py:830} INFO - Processing file /opt/airflow/dags/second_project.py for tasks to queue
[2024-01-11T19:39:43.986+0000] {logging_mixin.py:188} INFO - [2024-01-11T19:39:43.986+0000] {dagbag.py:538} INFO - Filling up the DagBag from /opt/airflow/dags/second_project.py
[2024-01-11T19:39:44.180+0000] {processor.py:840} INFO - DAG(s) 'covid_dag' retrieved from /opt/airflow/dags/second_project.py
[2024-01-11T19:39:44.189+0000] {logging_mixin.py:188} INFO - [2024-01-11T19:39:44.188+0000] {dag.py:3033} INFO - Sync 1 DAGs
[2024-01-11T19:39:44.197+0000] {logging_mixin.py:188} INFO - [2024-01-11T19:39:44.197+0000] {dag.py:3820} INFO - Setting next_dagrun for covid_dag to 2024-01-11T00:00:00+00:00, run_after=2024-01-12T00:00:00+00:00
[2024-01-11T19:39:44.203+0000] {processor.py:183} INFO - Processing /opt/airflow/dags/second_project.py took 0.227 seconds
[2024-01-11T19:40:14.333+0000] {processor.py:161} INFO - Started process (PID=194) to work on /opt/airflow/dags/second_project.py
[2024-01-11T19:40:14.335+0000] {processor.py:830} INFO - Processing file /opt/airflow/dags/second_project.py for tasks to queue
[2024-01-11T19:40:14.338+0000] {logging_mixin.py:188} INFO - [2024-01-11T19:40:14.338+0000] {dagbag.py:538} INFO - Filling up the DagBag from /opt/airflow/dags/second_project.py
[2024-01-11T19:40:14.532+0000] {processor.py:840} INFO - DAG(s) 'covid_dag' retrieved from /opt/airflow/dags/second_project.py
[2024-01-11T19:40:14.541+0000] {logging_mixin.py:188} INFO - [2024-01-11T19:40:14.541+0000] {dag.py:3033} INFO - Sync 1 DAGs
[2024-01-11T19:40:14.549+0000] {logging_mixin.py:188} INFO - [2024-01-11T19:40:14.549+0000] {dag.py:3820} INFO - Setting next_dagrun for covid_dag to 2024-01-11T00:00:00+00:00, run_after=2024-01-12T00:00:00+00:00
[2024-01-11T19:40:14.556+0000] {processor.py:183} INFO - Processing /opt/airflow/dags/second_project.py took 0.228 seconds
[2024-01-11T19:40:44.715+0000] {processor.py:161} INFO - Started process (PID=202) to work on /opt/airflow/dags/second_project.py
[2024-01-11T19:40:44.716+0000] {processor.py:830} INFO - Processing file /opt/airflow/dags/second_project.py for tasks to queue
[2024-01-11T19:40:44.720+0000] {logging_mixin.py:188} INFO - [2024-01-11T19:40:44.720+0000] {dagbag.py:538} INFO - Filling up the DagBag from /opt/airflow/dags/second_project.py
[2024-01-11T19:40:44.915+0000] {processor.py:840} INFO - DAG(s) 'covid_dag' retrieved from /opt/airflow/dags/second_project.py
[2024-01-11T19:40:44.924+0000] {logging_mixin.py:188} INFO - [2024-01-11T19:40:44.924+0000] {dag.py:3033} INFO - Sync 1 DAGs
[2024-01-11T19:40:44.932+0000] {logging_mixin.py:188} INFO - [2024-01-11T19:40:44.932+0000] {dag.py:3820} INFO - Setting next_dagrun for covid_dag to 2024-01-11T00:00:00+00:00, run_after=2024-01-12T00:00:00+00:00
[2024-01-11T19:40:44.938+0000] {processor.py:183} INFO - Processing /opt/airflow/dags/second_project.py took 0.229 seconds
[2024-01-11T19:41:15.057+0000] {processor.py:161} INFO - Started process (PID=210) to work on /opt/airflow/dags/second_project.py
[2024-01-11T19:41:15.058+0000] {processor.py:830} INFO - Processing file /opt/airflow/dags/second_project.py for tasks to queue
[2024-01-11T19:41:15.061+0000] {logging_mixin.py:188} INFO - [2024-01-11T19:41:15.061+0000] {dagbag.py:538} INFO - Filling up the DagBag from /opt/airflow/dags/second_project.py
[2024-01-11T19:41:15.253+0000] {processor.py:840} INFO - DAG(s) 'covid_dag' retrieved from /opt/airflow/dags/second_project.py
[2024-01-11T19:41:15.262+0000] {logging_mixin.py:188} INFO - [2024-01-11T19:41:15.262+0000] {dag.py:3033} INFO - Sync 1 DAGs
[2024-01-11T19:41:15.270+0000] {logging_mixin.py:188} INFO - [2024-01-11T19:41:15.270+0000] {dag.py:3820} INFO - Setting next_dagrun for covid_dag to 2024-01-11T00:00:00+00:00, run_after=2024-01-12T00:00:00+00:00
[2024-01-11T19:41:15.276+0000] {processor.py:183} INFO - Processing /opt/airflow/dags/second_project.py took 0.225 seconds
[2024-01-11T19:41:45.478+0000] {processor.py:161} INFO - Started process (PID=218) to work on /opt/airflow/dags/second_project.py
[2024-01-11T19:41:45.479+0000] {processor.py:830} INFO - Processing file /opt/airflow/dags/second_project.py for tasks to queue
[2024-01-11T19:41:45.482+0000] {logging_mixin.py:188} INFO - [2024-01-11T19:41:45.482+0000] {dagbag.py:538} INFO - Filling up the DagBag from /opt/airflow/dags/second_project.py
[2024-01-11T19:41:45.680+0000] {processor.py:840} INFO - DAG(s) 'covid_dag' retrieved from /opt/airflow/dags/second_project.py
[2024-01-11T19:41:45.689+0000] {logging_mixin.py:188} INFO - [2024-01-11T19:41:45.689+0000] {dag.py:3033} INFO - Sync 1 DAGs
[2024-01-11T19:41:45.697+0000] {logging_mixin.py:188} INFO - [2024-01-11T19:41:45.697+0000] {dag.py:3820} INFO - Setting next_dagrun for covid_dag to 2024-01-11T00:00:00+00:00, run_after=2024-01-12T00:00:00+00:00
[2024-01-11T19:41:45.703+0000] {processor.py:183} INFO - Processing /opt/airflow/dags/second_project.py took 0.229 seconds
[2024-01-11T19:42:15.946+0000] {processor.py:161} INFO - Started process (PID=226) to work on /opt/airflow/dags/second_project.py
[2024-01-11T19:42:15.949+0000] {processor.py:830} INFO - Processing file /opt/airflow/dags/second_project.py for tasks to queue
[2024-01-11T19:42:15.952+0000] {logging_mixin.py:188} INFO - [2024-01-11T19:42:15.952+0000] {dagbag.py:538} INFO - Filling up the DagBag from /opt/airflow/dags/second_project.py
[2024-01-11T19:42:16.147+0000] {processor.py:840} INFO - DAG(s) 'covid_dag' retrieved from /opt/airflow/dags/second_project.py
[2024-01-11T19:42:16.156+0000] {logging_mixin.py:188} INFO - [2024-01-11T19:42:16.156+0000] {dag.py:3033} INFO - Sync 1 DAGs
[2024-01-11T19:42:16.164+0000] {logging_mixin.py:188} INFO - [2024-01-11T19:42:16.164+0000] {dag.py:3820} INFO - Setting next_dagrun for covid_dag to 2024-01-11T00:00:00+00:00, run_after=2024-01-12T00:00:00+00:00
[2024-01-11T19:42:16.170+0000] {processor.py:183} INFO - Processing /opt/airflow/dags/second_project.py took 0.228 seconds
[2024-01-11T19:42:46.210+0000] {processor.py:161} INFO - Started process (PID=234) to work on /opt/airflow/dags/second_project.py
[2024-01-11T19:42:46.211+0000] {processor.py:830} INFO - Processing file /opt/airflow/dags/second_project.py for tasks to queue
[2024-01-11T19:42:46.214+0000] {logging_mixin.py:188} INFO - [2024-01-11T19:42:46.214+0000] {dagbag.py:538} INFO - Filling up the DagBag from /opt/airflow/dags/second_project.py
[2024-01-11T19:42:46.406+0000] {processor.py:840} INFO - DAG(s) 'covid_dag' retrieved from /opt/airflow/dags/second_project.py
[2024-01-11T19:42:46.415+0000] {logging_mixin.py:188} INFO - [2024-01-11T19:42:46.415+0000] {dag.py:3033} INFO - Sync 1 DAGs
[2024-01-11T19:42:46.423+0000] {logging_mixin.py:188} INFO - [2024-01-11T19:42:46.423+0000] {dag.py:3820} INFO - Setting next_dagrun for covid_dag to 2024-01-11T00:00:00+00:00, run_after=2024-01-12T00:00:00+00:00
[2024-01-11T19:42:46.429+0000] {processor.py:183} INFO - Processing /opt/airflow/dags/second_project.py took 0.224 seconds
[2024-01-11T19:43:16.666+0000] {processor.py:161} INFO - Started process (PID=242) to work on /opt/airflow/dags/second_project.py
[2024-01-11T19:43:16.667+0000] {processor.py:830} INFO - Processing file /opt/airflow/dags/second_project.py for tasks to queue
[2024-01-11T19:43:16.670+0000] {logging_mixin.py:188} INFO - [2024-01-11T19:43:16.669+0000] {dagbag.py:538} INFO - Filling up the DagBag from /opt/airflow/dags/second_project.py
[2024-01-11T19:43:16.861+0000] {processor.py:840} INFO - DAG(s) 'covid_dag' retrieved from /opt/airflow/dags/second_project.py
[2024-01-11T19:43:16.870+0000] {logging_mixin.py:188} INFO - [2024-01-11T19:43:16.870+0000] {dag.py:3033} INFO - Sync 1 DAGs
[2024-01-11T19:43:16.878+0000] {logging_mixin.py:188} INFO - [2024-01-11T19:43:16.878+0000] {dag.py:3820} INFO - Setting next_dagrun for covid_dag to 2024-01-11T00:00:00+00:00, run_after=2024-01-12T00:00:00+00:00
[2024-01-11T19:43:16.885+0000] {processor.py:183} INFO - Processing /opt/airflow/dags/second_project.py took 0.223 seconds
[2024-01-11T19:43:46.916+0000] {processor.py:161} INFO - Started process (PID=250) to work on /opt/airflow/dags/second_project.py
[2024-01-11T19:43:46.917+0000] {processor.py:830} INFO - Processing file /opt/airflow/dags/second_project.py for tasks to queue
[2024-01-11T19:43:46.919+0000] {logging_mixin.py:188} INFO - [2024-01-11T19:43:46.919+0000] {dagbag.py:538} INFO - Filling up the DagBag from /opt/airflow/dags/second_project.py
[2024-01-11T19:43:47.109+0000] {processor.py:840} INFO - DAG(s) 'covid_dag' retrieved from /opt/airflow/dags/second_project.py
[2024-01-11T19:43:47.118+0000] {logging_mixin.py:188} INFO - [2024-01-11T19:43:47.118+0000] {dag.py:3033} INFO - Sync 1 DAGs
[2024-01-11T19:43:47.126+0000] {logging_mixin.py:188} INFO - [2024-01-11T19:43:47.125+0000] {dag.py:3820} INFO - Setting next_dagrun for covid_dag to 2024-01-11T00:00:00+00:00, run_after=2024-01-12T00:00:00+00:00
[2024-01-11T19:43:47.132+0000] {processor.py:183} INFO - Processing /opt/airflow/dags/second_project.py took 0.221 seconds
[2024-01-11T19:44:17.404+0000] {processor.py:161} INFO - Started process (PID=258) to work on /opt/airflow/dags/second_project.py
[2024-01-11T19:44:17.405+0000] {processor.py:830} INFO - Processing file /opt/airflow/dags/second_project.py for tasks to queue
[2024-01-11T19:44:17.407+0000] {logging_mixin.py:188} INFO - [2024-01-11T19:44:17.407+0000] {dagbag.py:538} INFO - Filling up the DagBag from /opt/airflow/dags/second_project.py
[2024-01-11T19:44:17.600+0000] {processor.py:840} INFO - DAG(s) 'covid_dag' retrieved from /opt/airflow/dags/second_project.py
[2024-01-11T19:44:17.609+0000] {logging_mixin.py:188} INFO - [2024-01-11T19:44:17.609+0000] {dag.py:3033} INFO - Sync 1 DAGs
[2024-01-11T19:44:17.617+0000] {logging_mixin.py:188} INFO - [2024-01-11T19:44:17.617+0000] {dag.py:3820} INFO - Setting next_dagrun for covid_dag to 2024-01-11T00:00:00+00:00, run_after=2024-01-12T00:00:00+00:00
[2024-01-11T19:44:17.623+0000] {processor.py:183} INFO - Processing /opt/airflow/dags/second_project.py took 0.223 seconds
[2024-01-11T19:44:47.747+0000] {processor.py:161} INFO - Started process (PID=266) to work on /opt/airflow/dags/second_project.py
[2024-01-11T19:44:47.749+0000] {processor.py:830} INFO - Processing file /opt/airflow/dags/second_project.py for tasks to queue
[2024-01-11T19:44:47.752+0000] {logging_mixin.py:188} INFO - [2024-01-11T19:44:47.752+0000] {dagbag.py:538} INFO - Filling up the DagBag from /opt/airflow/dags/second_project.py
[2024-01-11T19:44:48.089+0000] {processor.py:840} INFO - DAG(s) 'covid_dag' retrieved from /opt/airflow/dags/second_project.py
[2024-01-11T19:44:48.105+0000] {logging_mixin.py:188} INFO - [2024-01-11T19:44:48.104+0000] {dag.py:3033} INFO - Sync 1 DAGs
[2024-01-11T19:44:48.116+0000] {logging_mixin.py:188} INFO - [2024-01-11T19:44:48.115+0000] {dag.py:3820} INFO - Setting next_dagrun for covid_dag to 2024-01-11T00:00:00+00:00, run_after=2024-01-12T00:00:00+00:00
[2024-01-11T19:44:48.141+0000] {processor.py:183} INFO - Processing /opt/airflow/dags/second_project.py took 0.399 seconds
[2024-01-11T19:45:18.426+0000] {processor.py:161} INFO - Started process (PID=274) to work on /opt/airflow/dags/second_project.py
[2024-01-11T19:45:18.429+0000] {processor.py:830} INFO - Processing file /opt/airflow/dags/second_project.py for tasks to queue
[2024-01-11T19:45:18.435+0000] {logging_mixin.py:188} INFO - [2024-01-11T19:45:18.435+0000] {dagbag.py:538} INFO - Filling up the DagBag from /opt/airflow/dags/second_project.py
[2024-01-11T19:45:18.717+0000] {processor.py:840} INFO - DAG(s) 'covid_dag' retrieved from /opt/airflow/dags/second_project.py
[2024-01-11T19:45:18.728+0000] {logging_mixin.py:188} INFO - [2024-01-11T19:45:18.728+0000] {dag.py:3033} INFO - Sync 1 DAGs
[2024-01-11T19:45:18.738+0000] {logging_mixin.py:188} INFO - [2024-01-11T19:45:18.738+0000] {dag.py:3820} INFO - Setting next_dagrun for covid_dag to 2024-01-11T00:00:00+00:00, run_after=2024-01-12T00:00:00+00:00
[2024-01-11T19:45:18.745+0000] {processor.py:183} INFO - Processing /opt/airflow/dags/second_project.py took 0.328 seconds
