[2024-01-15T00:12:36.802+0000] {processor.py:161} INFO - Started process (PID=1913) to work on /opt/airflow/dags/second_project.py
[2024-01-15T00:12:36.802+0000] {processor.py:830} INFO - Processing file /opt/airflow/dags/second_project.py for tasks to queue
[2024-01-15T00:12:36.805+0000] {logging_mixin.py:188} INFO - [2024-01-15T00:12:36.804+0000] {dagbag.py:538} INFO - Filling up the DagBag from /opt/airflow/dags/second_project.py
[2024-01-15T00:12:37.034+0000] {processor.py:840} INFO - DAG(s) 'covid_dag' retrieved from /opt/airflow/dags/second_project.py
[2024-01-15T00:12:37.045+0000] {logging_mixin.py:188} INFO - [2024-01-15T00:12:37.045+0000] {dag.py:3033} INFO - Sync 1 DAGs
[2024-01-15T00:12:37.056+0000] {logging_mixin.py:188} INFO - [2024-01-15T00:12:37.056+0000] {dag.py:3820} INFO - Setting next_dagrun for covid_dag to 2024-01-15T00:00:00+00:00, run_after=2024-01-16T00:00:00+00:00
[2024-01-15T00:12:37.064+0000] {processor.py:183} INFO - Processing /opt/airflow/dags/second_project.py took 0.265 seconds
[2024-01-15T01:02:56.896+0000] {processor.py:161} INFO - Started process (PID=1921) to work on /opt/airflow/dags/second_project.py
[2024-01-15T01:02:56.897+0000] {processor.py:830} INFO - Processing file /opt/airflow/dags/second_project.py for tasks to queue
[2024-01-15T01:02:56.901+0000] {logging_mixin.py:188} INFO - [2024-01-15T01:02:56.900+0000] {dagbag.py:538} INFO - Filling up the DagBag from /opt/airflow/dags/second_project.py
[2024-01-15T01:02:57.132+0000] {processor.py:840} INFO - DAG(s) 'covid_dag' retrieved from /opt/airflow/dags/second_project.py
[2024-01-15T01:02:57.144+0000] {logging_mixin.py:188} INFO - [2024-01-15T01:02:57.144+0000] {dag.py:3033} INFO - Sync 1 DAGs
[2024-01-15T01:02:57.170+0000] {logging_mixin.py:188} INFO - [2024-01-15T01:02:57.169+0000] {dag.py:3820} INFO - Setting next_dagrun for covid_dag to 2024-01-15T00:00:00+00:00, run_after=2024-01-16T00:00:00+00:00
[2024-01-15T01:02:57.178+0000] {processor.py:183} INFO - Processing /opt/airflow/dags/second_project.py took 0.288 seconds
[2024-01-15T02:08:01.307+0000] {processor.py:161} INFO - Started process (PID=1929) to work on /opt/airflow/dags/second_project.py
[2024-01-15T02:08:01.307+0000] {processor.py:830} INFO - Processing file /opt/airflow/dags/second_project.py for tasks to queue
[2024-01-15T02:08:01.308+0000] {logging_mixin.py:188} INFO - [2024-01-15T02:08:01.308+0000] {dagbag.py:538} INFO - Filling up the DagBag from /opt/airflow/dags/second_project.py
[2024-01-15T02:08:01.500+0000] {processor.py:840} INFO - DAG(s) 'covid_dag' retrieved from /opt/airflow/dags/second_project.py
[2024-01-15T02:08:01.509+0000] {logging_mixin.py:188} INFO - [2024-01-15T02:08:01.509+0000] {dag.py:3033} INFO - Sync 1 DAGs
[2024-01-15T02:08:01.517+0000] {logging_mixin.py:188} INFO - [2024-01-15T02:08:01.517+0000] {dag.py:3820} INFO - Setting next_dagrun for covid_dag to 2024-01-15T00:00:00+00:00, run_after=2024-01-16T00:00:00+00:00
[2024-01-15T02:08:01.523+0000] {processor.py:183} INFO - Processing /opt/airflow/dags/second_project.py took 0.218 seconds
[2024-01-15T02:19:38.863+0000] {processor.py:161} INFO - Started process (PID=1937) to work on /opt/airflow/dags/second_project.py
[2024-01-15T02:19:38.864+0000] {processor.py:830} INFO - Processing file /opt/airflow/dags/second_project.py for tasks to queue
[2024-01-15T02:19:38.865+0000] {logging_mixin.py:188} INFO - [2024-01-15T02:19:38.865+0000] {dagbag.py:538} INFO - Filling up the DagBag from /opt/airflow/dags/second_project.py
[2024-01-15T02:19:39.060+0000] {processor.py:840} INFO - DAG(s) 'covid_dag' retrieved from /opt/airflow/dags/second_project.py
[2024-01-15T02:19:39.070+0000] {logging_mixin.py:188} INFO - [2024-01-15T02:19:39.070+0000] {dag.py:3033} INFO - Sync 1 DAGs
[2024-01-15T02:19:39.078+0000] {logging_mixin.py:188} INFO - [2024-01-15T02:19:39.078+0000] {dag.py:3820} INFO - Setting next_dagrun for covid_dag to 2024-01-15T00:00:00+00:00, run_after=2024-01-16T00:00:00+00:00
[2024-01-15T02:19:39.085+0000] {processor.py:183} INFO - Processing /opt/airflow/dags/second_project.py took 0.224 seconds
[2024-01-15T02:40:33.860+0000] {processor.py:161} INFO - Started process (PID=1945) to work on /opt/airflow/dags/second_project.py
[2024-01-15T02:40:33.862+0000] {processor.py:830} INFO - Processing file /opt/airflow/dags/second_project.py for tasks to queue
[2024-01-15T02:40:33.865+0000] {logging_mixin.py:188} INFO - [2024-01-15T02:40:33.864+0000] {dagbag.py:538} INFO - Filling up the DagBag from /opt/airflow/dags/second_project.py
[2024-01-15T02:40:34.204+0000] {processor.py:840} INFO - DAG(s) 'covid_dag' retrieved from /opt/airflow/dags/second_project.py
[2024-01-15T02:40:34.225+0000] {logging_mixin.py:188} INFO - [2024-01-15T02:40:34.224+0000] {dag.py:3033} INFO - Sync 1 DAGs
[2024-01-15T02:40:34.240+0000] {logging_mixin.py:188} INFO - [2024-01-15T02:40:34.240+0000] {dag.py:3820} INFO - Setting next_dagrun for covid_dag to 2024-01-15T00:00:00+00:00, run_after=2024-01-16T00:00:00+00:00
[2024-01-15T02:40:34.248+0000] {processor.py:183} INFO - Processing /opt/airflow/dags/second_project.py took 0.391 seconds
[2024-01-15T02:41:23.866+0000] {processor.py:161} INFO - Started process (PID=1953) to work on /opt/airflow/dags/second_project.py
[2024-01-15T02:41:23.868+0000] {processor.py:830} INFO - Processing file /opt/airflow/dags/second_project.py for tasks to queue
[2024-01-15T02:41:23.871+0000] {logging_mixin.py:188} INFO - [2024-01-15T02:41:23.871+0000] {dagbag.py:538} INFO - Filling up the DagBag from /opt/airflow/dags/second_project.py
[2024-01-15T02:41:24.075+0000] {processor.py:840} INFO - DAG(s) 'covid_dag' retrieved from /opt/airflow/dags/second_project.py
[2024-01-15T02:41:24.084+0000] {logging_mixin.py:188} INFO - [2024-01-15T02:41:24.084+0000] {dag.py:3033} INFO - Sync 1 DAGs
[2024-01-15T02:41:24.092+0000] {logging_mixin.py:188} INFO - [2024-01-15T02:41:24.092+0000] {dag.py:3820} INFO - Setting next_dagrun for covid_dag to 2024-01-15T00:00:00+00:00, run_after=2024-01-16T00:00:00+00:00
[2024-01-15T02:41:24.099+0000] {processor.py:183} INFO - Processing /opt/airflow/dags/second_project.py took 0.240 seconds
[2024-01-15T02:51:26.895+0000] {processor.py:161} INFO - Started process (PID=1961) to work on /opt/airflow/dags/second_project.py
[2024-01-15T02:51:26.896+0000] {processor.py:830} INFO - Processing file /opt/airflow/dags/second_project.py for tasks to queue
[2024-01-15T02:51:26.899+0000] {logging_mixin.py:188} INFO - [2024-01-15T02:51:26.899+0000] {dagbag.py:538} INFO - Filling up the DagBag from /opt/airflow/dags/second_project.py
[2024-01-15T02:51:27.112+0000] {processor.py:840} INFO - DAG(s) 'covid_dag' retrieved from /opt/airflow/dags/second_project.py
[2024-01-15T02:51:27.131+0000] {logging_mixin.py:188} INFO - [2024-01-15T02:51:27.130+0000] {dag.py:3033} INFO - Sync 1 DAGs
[2024-01-15T02:51:27.145+0000] {logging_mixin.py:188} INFO - [2024-01-15T02:51:27.145+0000] {dag.py:3820} INFO - Setting next_dagrun for covid_dag to 2024-01-15T00:00:00+00:00, run_after=2024-01-16T00:00:00+00:00
[2024-01-15T02:51:27.154+0000] {processor.py:183} INFO - Processing /opt/airflow/dags/second_project.py took 0.264 seconds
[2024-01-15T03:00:45.490+0000] {processor.py:161} INFO - Started process (PID=1969) to work on /opt/airflow/dags/second_project.py
[2024-01-15T03:00:45.493+0000] {processor.py:830} INFO - Processing file /opt/airflow/dags/second_project.py for tasks to queue
[2024-01-15T03:00:45.495+0000] {logging_mixin.py:188} INFO - [2024-01-15T03:00:45.495+0000] {dagbag.py:538} INFO - Filling up the DagBag from /opt/airflow/dags/second_project.py
[2024-01-15T03:00:45.874+0000] {processor.py:840} INFO - DAG(s) 'covid_dag' retrieved from /opt/airflow/dags/second_project.py
[2024-01-15T03:00:45.896+0000] {logging_mixin.py:188} INFO - [2024-01-15T03:00:45.896+0000] {dag.py:3033} INFO - Sync 1 DAGs
[2024-01-15T03:00:45.914+0000] {logging_mixin.py:188} INFO - [2024-01-15T03:00:45.914+0000] {dag.py:3820} INFO - Setting next_dagrun for covid_dag to 2024-01-15T00:00:00+00:00, run_after=2024-01-16T00:00:00+00:00
[2024-01-15T03:00:45.926+0000] {processor.py:183} INFO - Processing /opt/airflow/dags/second_project.py took 0.439 seconds
[2024-01-15T03:06:49.869+0000] {processor.py:161} INFO - Started process (PID=1977) to work on /opt/airflow/dags/second_project.py
[2024-01-15T03:06:49.870+0000] {processor.py:830} INFO - Processing file /opt/airflow/dags/second_project.py for tasks to queue
[2024-01-15T03:06:49.872+0000] {logging_mixin.py:188} INFO - [2024-01-15T03:06:49.872+0000] {dagbag.py:538} INFO - Filling up the DagBag from /opt/airflow/dags/second_project.py
[2024-01-15T03:06:50.058+0000] {processor.py:840} INFO - DAG(s) 'covid_dag' retrieved from /opt/airflow/dags/second_project.py
[2024-01-15T03:06:50.067+0000] {logging_mixin.py:188} INFO - [2024-01-15T03:06:50.067+0000] {dag.py:3033} INFO - Sync 1 DAGs
[2024-01-15T03:06:50.074+0000] {logging_mixin.py:188} INFO - [2024-01-15T03:06:50.074+0000] {dag.py:3820} INFO - Setting next_dagrun for covid_dag to 2024-01-15T00:00:00+00:00, run_after=2024-01-16T00:00:00+00:00
[2024-01-15T03:06:50.080+0000] {processor.py:183} INFO - Processing /opt/airflow/dags/second_project.py took 0.214 seconds
[2024-01-15T03:17:22.381+0000] {processor.py:161} INFO - Started process (PID=1985) to work on /opt/airflow/dags/second_project.py
[2024-01-15T03:17:22.382+0000] {processor.py:830} INFO - Processing file /opt/airflow/dags/second_project.py for tasks to queue
[2024-01-15T03:17:22.383+0000] {logging_mixin.py:188} INFO - [2024-01-15T03:17:22.383+0000] {dagbag.py:538} INFO - Filling up the DagBag from /opt/airflow/dags/second_project.py
[2024-01-15T03:17:22.560+0000] {processor.py:840} INFO - DAG(s) 'covid_dag' retrieved from /opt/airflow/dags/second_project.py
[2024-01-15T03:17:22.569+0000] {logging_mixin.py:188} INFO - [2024-01-15T03:17:22.569+0000] {dag.py:3033} INFO - Sync 1 DAGs
[2024-01-15T03:17:22.577+0000] {logging_mixin.py:188} INFO - [2024-01-15T03:17:22.577+0000] {dag.py:3820} INFO - Setting next_dagrun for covid_dag to 2024-01-15T00:00:00+00:00, run_after=2024-01-16T00:00:00+00:00
[2024-01-15T03:17:22.583+0000] {processor.py:183} INFO - Processing /opt/airflow/dags/second_project.py took 0.204 seconds
[2024-01-15T03:47:10.550+0000] {processor.py:161} INFO - Started process (PID=1993) to work on /opt/airflow/dags/second_project.py
[2024-01-15T03:47:10.551+0000] {processor.py:830} INFO - Processing file /opt/airflow/dags/second_project.py for tasks to queue
[2024-01-15T03:47:10.554+0000] {logging_mixin.py:188} INFO - [2024-01-15T03:47:10.553+0000] {dagbag.py:538} INFO - Filling up the DagBag from /opt/airflow/dags/second_project.py
[2024-01-15T03:47:10.760+0000] {processor.py:840} INFO - DAG(s) 'covid_dag' retrieved from /opt/airflow/dags/second_project.py
[2024-01-15T03:47:10.772+0000] {logging_mixin.py:188} INFO - [2024-01-15T03:47:10.772+0000] {dag.py:3033} INFO - Sync 1 DAGs
[2024-01-15T03:47:10.783+0000] {logging_mixin.py:188} INFO - [2024-01-15T03:47:10.783+0000] {dag.py:3820} INFO - Setting next_dagrun for covid_dag to 2024-01-15T00:00:00+00:00, run_after=2024-01-16T00:00:00+00:00
[2024-01-15T03:47:10.797+0000] {processor.py:183} INFO - Processing /opt/airflow/dags/second_project.py took 0.252 seconds
[2024-01-15T04:10:28.911+0000] {processor.py:161} INFO - Started process (PID=2001) to work on /opt/airflow/dags/second_project.py
[2024-01-15T04:10:28.914+0000] {processor.py:830} INFO - Processing file /opt/airflow/dags/second_project.py for tasks to queue
[2024-01-15T04:10:28.917+0000] {logging_mixin.py:188} INFO - [2024-01-15T04:10:28.917+0000] {dagbag.py:538} INFO - Filling up the DagBag from /opt/airflow/dags/second_project.py
[2024-01-15T04:10:29.278+0000] {processor.py:840} INFO - DAG(s) 'covid_dag' retrieved from /opt/airflow/dags/second_project.py
[2024-01-15T04:10:29.299+0000] {logging_mixin.py:188} INFO - [2024-01-15T04:10:29.299+0000] {dag.py:3033} INFO - Sync 1 DAGs
[2024-01-15T04:10:29.314+0000] {logging_mixin.py:188} INFO - [2024-01-15T04:10:29.314+0000] {dag.py:3820} INFO - Setting next_dagrun for covid_dag to 2024-01-15T00:00:00+00:00, run_after=2024-01-16T00:00:00+00:00
[2024-01-15T04:10:29.323+0000] {processor.py:183} INFO - Processing /opt/airflow/dags/second_project.py took 0.415 seconds
[2024-01-15T04:35:00.873+0000] {processor.py:161} INFO - Started process (PID=2009) to work on /opt/airflow/dags/second_project.py
[2024-01-15T04:35:00.877+0000] {processor.py:830} INFO - Processing file /opt/airflow/dags/second_project.py for tasks to queue
[2024-01-15T04:35:00.882+0000] {logging_mixin.py:188} INFO - [2024-01-15T04:35:00.881+0000] {dagbag.py:538} INFO - Filling up the DagBag from /opt/airflow/dags/second_project.py
[2024-01-15T04:35:01.203+0000] {processor.py:840} INFO - DAG(s) 'covid_dag' retrieved from /opt/airflow/dags/second_project.py
[2024-01-15T04:35:01.226+0000] {logging_mixin.py:188} INFO - [2024-01-15T04:35:01.225+0000] {dag.py:3033} INFO - Sync 1 DAGs
[2024-01-15T04:35:01.237+0000] {logging_mixin.py:188} INFO - [2024-01-15T04:35:01.237+0000] {dag.py:3820} INFO - Setting next_dagrun for covid_dag to 2024-01-15T00:00:00+00:00, run_after=2024-01-16T00:00:00+00:00
[2024-01-15T04:35:01.245+0000] {processor.py:183} INFO - Processing /opt/airflow/dags/second_project.py took 0.375 seconds
[2024-01-15T05:15:19.967+0000] {processor.py:161} INFO - Started process (PID=2017) to work on /opt/airflow/dags/second_project.py
[2024-01-15T05:15:19.968+0000] {processor.py:830} INFO - Processing file /opt/airflow/dags/second_project.py for tasks to queue
[2024-01-15T05:15:19.970+0000] {logging_mixin.py:188} INFO - [2024-01-15T05:15:19.970+0000] {dagbag.py:538} INFO - Filling up the DagBag from /opt/airflow/dags/second_project.py
[2024-01-15T05:15:20.166+0000] {processor.py:840} INFO - DAG(s) 'covid_dag' retrieved from /opt/airflow/dags/second_project.py
[2024-01-15T05:15:20.176+0000] {logging_mixin.py:188} INFO - [2024-01-15T05:15:20.176+0000] {dag.py:3033} INFO - Sync 1 DAGs
[2024-01-15T05:15:20.184+0000] {logging_mixin.py:188} INFO - [2024-01-15T05:15:20.184+0000] {dag.py:3820} INFO - Setting next_dagrun for covid_dag to 2024-01-15T00:00:00+00:00, run_after=2024-01-16T00:00:00+00:00
[2024-01-15T05:15:20.191+0000] {processor.py:183} INFO - Processing /opt/airflow/dags/second_project.py took 0.227 seconds
[2024-01-15T06:14:25.425+0000] {processor.py:161} INFO - Started process (PID=2025) to work on /opt/airflow/dags/second_project.py
[2024-01-15T06:14:25.427+0000] {processor.py:830} INFO - Processing file /opt/airflow/dags/second_project.py for tasks to queue
[2024-01-15T06:14:25.429+0000] {logging_mixin.py:188} INFO - [2024-01-15T06:14:25.429+0000] {dagbag.py:538} INFO - Filling up the DagBag from /opt/airflow/dags/second_project.py
[2024-01-15T06:14:25.625+0000] {processor.py:840} INFO - DAG(s) 'covid_dag' retrieved from /opt/airflow/dags/second_project.py
[2024-01-15T06:14:25.634+0000] {logging_mixin.py:188} INFO - [2024-01-15T06:14:25.634+0000] {dag.py:3033} INFO - Sync 1 DAGs
[2024-01-15T06:14:25.642+0000] {logging_mixin.py:188} INFO - [2024-01-15T06:14:25.642+0000] {dag.py:3820} INFO - Setting next_dagrun for covid_dag to 2024-01-15T00:00:00+00:00, run_after=2024-01-16T00:00:00+00:00
[2024-01-15T06:14:25.648+0000] {processor.py:183} INFO - Processing /opt/airflow/dags/second_project.py took 0.227 seconds
[2024-01-15T06:45:31.468+0000] {processor.py:161} INFO - Started process (PID=2033) to work on /opt/airflow/dags/second_project.py
[2024-01-15T06:45:31.469+0000] {processor.py:830} INFO - Processing file /opt/airflow/dags/second_project.py for tasks to queue
[2024-01-15T06:45:31.471+0000] {logging_mixin.py:188} INFO - [2024-01-15T06:45:31.471+0000] {dagbag.py:538} INFO - Filling up the DagBag from /opt/airflow/dags/second_project.py
[2024-01-15T06:45:31.666+0000] {processor.py:840} INFO - DAG(s) 'covid_dag' retrieved from /opt/airflow/dags/second_project.py
[2024-01-15T06:45:31.676+0000] {logging_mixin.py:188} INFO - [2024-01-15T06:45:31.675+0000] {dag.py:3033} INFO - Sync 1 DAGs
[2024-01-15T06:45:31.683+0000] {logging_mixin.py:188} INFO - [2024-01-15T06:45:31.683+0000] {dag.py:3820} INFO - Setting next_dagrun for covid_dag to 2024-01-15T00:00:00+00:00, run_after=2024-01-16T00:00:00+00:00
[2024-01-15T06:45:31.689+0000] {processor.py:183} INFO - Processing /opt/airflow/dags/second_project.py took 0.227 seconds
[2024-01-15T07:54:12.791+0000] {processor.py:161} INFO - Started process (PID=2041) to work on /opt/airflow/dags/second_project.py
[2024-01-15T07:54:12.792+0000] {processor.py:830} INFO - Processing file /opt/airflow/dags/second_project.py for tasks to queue
[2024-01-15T07:54:12.794+0000] {logging_mixin.py:188} INFO - [2024-01-15T07:54:12.794+0000] {dagbag.py:538} INFO - Filling up the DagBag from /opt/airflow/dags/second_project.py
[2024-01-15T07:54:12.979+0000] {processor.py:840} INFO - DAG(s) 'covid_dag' retrieved from /opt/airflow/dags/second_project.py
[2024-01-15T07:54:12.989+0000] {logging_mixin.py:188} INFO - [2024-01-15T07:54:12.989+0000] {dag.py:3033} INFO - Sync 1 DAGs
[2024-01-15T07:54:12.996+0000] {logging_mixin.py:188} INFO - [2024-01-15T07:54:12.996+0000] {dag.py:3820} INFO - Setting next_dagrun for covid_dag to 2024-01-15T00:00:00+00:00, run_after=2024-01-16T00:00:00+00:00
[2024-01-15T07:54:13.002+0000] {processor.py:183} INFO - Processing /opt/airflow/dags/second_project.py took 0.215 seconds
[2024-01-15T08:26:54.516+0000] {processor.py:161} INFO - Started process (PID=2049) to work on /opt/airflow/dags/second_project.py
[2024-01-15T08:26:54.516+0000] {processor.py:830} INFO - Processing file /opt/airflow/dags/second_project.py for tasks to queue
[2024-01-15T08:26:54.518+0000] {logging_mixin.py:188} INFO - [2024-01-15T08:26:54.518+0000] {dagbag.py:538} INFO - Filling up the DagBag from /opt/airflow/dags/second_project.py
[2024-01-15T08:26:54.696+0000] {processor.py:840} INFO - DAG(s) 'covid_dag' retrieved from /opt/airflow/dags/second_project.py
[2024-01-15T08:26:54.705+0000] {logging_mixin.py:188} INFO - [2024-01-15T08:26:54.705+0000] {dag.py:3033} INFO - Sync 1 DAGs
[2024-01-15T08:26:54.712+0000] {logging_mixin.py:188} INFO - [2024-01-15T08:26:54.712+0000] {dag.py:3820} INFO - Setting next_dagrun for covid_dag to 2024-01-15T00:00:00+00:00, run_after=2024-01-16T00:00:00+00:00
[2024-01-15T08:26:54.719+0000] {processor.py:183} INFO - Processing /opt/airflow/dags/second_project.py took 0.206 seconds
[2024-01-15T09:36:13.541+0000] {processor.py:161} INFO - Started process (PID=2057) to work on /opt/airflow/dags/second_project.py
[2024-01-15T09:36:13.542+0000] {processor.py:830} INFO - Processing file /opt/airflow/dags/second_project.py for tasks to queue
[2024-01-15T09:36:13.545+0000] {logging_mixin.py:188} INFO - [2024-01-15T09:36:13.544+0000] {dagbag.py:538} INFO - Filling up the DagBag from /opt/airflow/dags/second_project.py
[2024-01-15T09:36:13.739+0000] {processor.py:840} INFO - DAG(s) 'covid_dag' retrieved from /opt/airflow/dags/second_project.py
[2024-01-15T09:36:13.748+0000] {logging_mixin.py:188} INFO - [2024-01-15T09:36:13.748+0000] {dag.py:3033} INFO - Sync 1 DAGs
[2024-01-15T09:36:13.756+0000] {logging_mixin.py:188} INFO - [2024-01-15T09:36:13.756+0000] {dag.py:3820} INFO - Setting next_dagrun for covid_dag to 2024-01-15T00:00:00+00:00, run_after=2024-01-16T00:00:00+00:00
[2024-01-15T09:36:13.762+0000] {processor.py:183} INFO - Processing /opt/airflow/dags/second_project.py took 0.224 seconds
[2024-01-15T10:59:29.315+0000] {processor.py:161} INFO - Started process (PID=2065) to work on /opt/airflow/dags/second_project.py
[2024-01-15T10:59:29.316+0000] {processor.py:830} INFO - Processing file /opt/airflow/dags/second_project.py for tasks to queue
[2024-01-15T10:59:29.319+0000] {logging_mixin.py:188} INFO - [2024-01-15T10:59:29.318+0000] {dagbag.py:538} INFO - Filling up the DagBag from /opt/airflow/dags/second_project.py
[2024-01-15T10:59:29.523+0000] {processor.py:840} INFO - DAG(s) 'covid_dag' retrieved from /opt/airflow/dags/second_project.py
[2024-01-15T10:59:29.532+0000] {logging_mixin.py:188} INFO - [2024-01-15T10:59:29.532+0000] {dag.py:3033} INFO - Sync 1 DAGs
[2024-01-15T10:59:29.540+0000] {logging_mixin.py:188} INFO - [2024-01-15T10:59:29.540+0000] {dag.py:3820} INFO - Setting next_dagrun for covid_dag to 2024-01-15T00:00:00+00:00, run_after=2024-01-16T00:00:00+00:00
[2024-01-15T10:59:29.545+0000] {processor.py:183} INFO - Processing /opt/airflow/dags/second_project.py took 0.234 seconds
[2024-01-15T11:30:37.412+0000] {processor.py:161} INFO - Started process (PID=2073) to work on /opt/airflow/dags/second_project.py
[2024-01-15T11:30:37.415+0000] {processor.py:830} INFO - Processing file /opt/airflow/dags/second_project.py for tasks to queue
[2024-01-15T11:30:37.419+0000] {logging_mixin.py:188} INFO - [2024-01-15T11:30:37.419+0000] {dagbag.py:538} INFO - Filling up the DagBag from /opt/airflow/dags/second_project.py
[2024-01-15T11:30:37.764+0000] {processor.py:840} INFO - DAG(s) 'covid_dag' retrieved from /opt/airflow/dags/second_project.py
[2024-01-15T11:30:37.786+0000] {logging_mixin.py:188} INFO - [2024-01-15T11:30:37.786+0000] {dag.py:3033} INFO - Sync 1 DAGs
[2024-01-15T11:30:37.795+0000] {logging_mixin.py:188} INFO - [2024-01-15T11:30:37.795+0000] {dag.py:3820} INFO - Setting next_dagrun for covid_dag to 2024-01-15T00:00:00+00:00, run_after=2024-01-16T00:00:00+00:00
[2024-01-15T11:30:37.802+0000] {processor.py:183} INFO - Processing /opt/airflow/dags/second_project.py took 0.398 seconds
[2024-01-15T12:10:01.009+0000] {processor.py:161} INFO - Started process (PID=2081) to work on /opt/airflow/dags/second_project.py
[2024-01-15T12:10:01.009+0000] {processor.py:830} INFO - Processing file /opt/airflow/dags/second_project.py for tasks to queue
[2024-01-15T12:10:01.012+0000] {logging_mixin.py:188} INFO - [2024-01-15T12:10:01.011+0000] {dagbag.py:538} INFO - Filling up the DagBag from /opt/airflow/dags/second_project.py
[2024-01-15T12:10:01.199+0000] {processor.py:840} INFO - DAG(s) 'covid_dag' retrieved from /opt/airflow/dags/second_project.py
[2024-01-15T12:10:01.209+0000] {logging_mixin.py:188} INFO - [2024-01-15T12:10:01.208+0000] {dag.py:3033} INFO - Sync 1 DAGs
[2024-01-15T12:10:01.217+0000] {logging_mixin.py:188} INFO - [2024-01-15T12:10:01.217+0000] {dag.py:3820} INFO - Setting next_dagrun for covid_dag to 2024-01-15T00:00:00+00:00, run_after=2024-01-16T00:00:00+00:00
[2024-01-15T12:10:01.224+0000] {processor.py:183} INFO - Processing /opt/airflow/dags/second_project.py took 0.220 seconds
[2024-01-15T12:46:15.849+0000] {processor.py:161} INFO - Started process (PID=2089) to work on /opt/airflow/dags/second_project.py
[2024-01-15T12:46:15.850+0000] {processor.py:830} INFO - Processing file /opt/airflow/dags/second_project.py for tasks to queue
[2024-01-15T12:46:15.852+0000] {logging_mixin.py:188} INFO - [2024-01-15T12:46:15.852+0000] {dagbag.py:538} INFO - Filling up the DagBag from /opt/airflow/dags/second_project.py
[2024-01-15T12:46:16.120+0000] {processor.py:840} INFO - DAG(s) 'covid_dag' retrieved from /opt/airflow/dags/second_project.py
[2024-01-15T12:46:16.138+0000] {logging_mixin.py:188} INFO - [2024-01-15T12:46:16.137+0000] {dag.py:3033} INFO - Sync 1 DAGs
[2024-01-15T12:46:16.166+0000] {logging_mixin.py:188} INFO - [2024-01-15T12:46:16.166+0000] {dag.py:3820} INFO - Setting next_dagrun for covid_dag to 2024-01-15T00:00:00+00:00, run_after=2024-01-16T00:00:00+00:00
[2024-01-15T12:46:16.178+0000] {processor.py:183} INFO - Processing /opt/airflow/dags/second_project.py took 0.333 seconds
[2024-01-15T13:25:44.576+0000] {processor.py:161} INFO - Started process (PID=2097) to work on /opt/airflow/dags/second_project.py
[2024-01-15T13:25:44.580+0000] {processor.py:830} INFO - Processing file /opt/airflow/dags/second_project.py for tasks to queue
[2024-01-15T13:25:44.582+0000] {logging_mixin.py:188} INFO - [2024-01-15T13:25:44.582+0000] {dagbag.py:538} INFO - Filling up the DagBag from /opt/airflow/dags/second_project.py
[2024-01-15T13:25:44.893+0000] {processor.py:840} INFO - DAG(s) 'covid_dag' retrieved from /opt/airflow/dags/second_project.py
[2024-01-15T13:25:44.913+0000] {logging_mixin.py:188} INFO - [2024-01-15T13:25:44.913+0000] {dag.py:3033} INFO - Sync 1 DAGs
[2024-01-15T13:25:44.924+0000] {logging_mixin.py:188} INFO - [2024-01-15T13:25:44.924+0000] {dag.py:3820} INFO - Setting next_dagrun for covid_dag to 2024-01-15T00:00:00+00:00, run_after=2024-01-16T00:00:00+00:00
[2024-01-15T13:25:44.931+0000] {processor.py:183} INFO - Processing /opt/airflow/dags/second_project.py took 0.361 seconds
[2024-01-15T13:39:11.166+0000] {processor.py:161} INFO - Started process (PID=2105) to work on /opt/airflow/dags/second_project.py
[2024-01-15T13:39:11.169+0000] {processor.py:830} INFO - Processing file /opt/airflow/dags/second_project.py for tasks to queue
[2024-01-15T13:39:11.171+0000] {logging_mixin.py:188} INFO - [2024-01-15T13:39:11.171+0000] {dagbag.py:538} INFO - Filling up the DagBag from /opt/airflow/dags/second_project.py
[2024-01-15T13:39:11.485+0000] {processor.py:840} INFO - DAG(s) 'covid_dag' retrieved from /opt/airflow/dags/second_project.py
[2024-01-15T13:39:11.502+0000] {logging_mixin.py:188} INFO - [2024-01-15T13:39:11.501+0000] {dag.py:3033} INFO - Sync 1 DAGs
[2024-01-15T13:39:11.515+0000] {logging_mixin.py:188} INFO - [2024-01-15T13:39:11.515+0000] {dag.py:3820} INFO - Setting next_dagrun for covid_dag to 2024-01-15T00:00:00+00:00, run_after=2024-01-16T00:00:00+00:00
[2024-01-15T13:39:11.523+0000] {processor.py:183} INFO - Processing /opt/airflow/dags/second_project.py took 0.360 seconds
[2024-01-15T14:06:26.342+0000] {processor.py:161} INFO - Started process (PID=2113) to work on /opt/airflow/dags/second_project.py
[2024-01-15T14:06:26.343+0000] {processor.py:830} INFO - Processing file /opt/airflow/dags/second_project.py for tasks to queue
[2024-01-15T14:06:26.345+0000] {logging_mixin.py:188} INFO - [2024-01-15T14:06:26.345+0000] {dagbag.py:538} INFO - Filling up the DagBag from /opt/airflow/dags/second_project.py
[2024-01-15T14:06:26.536+0000] {processor.py:840} INFO - DAG(s) 'covid_dag' retrieved from /opt/airflow/dags/second_project.py
[2024-01-15T14:06:26.545+0000] {logging_mixin.py:188} INFO - [2024-01-15T14:06:26.545+0000] {dag.py:3033} INFO - Sync 1 DAGs
[2024-01-15T14:06:26.552+0000] {logging_mixin.py:188} INFO - [2024-01-15T14:06:26.552+0000] {dag.py:3820} INFO - Setting next_dagrun for covid_dag to 2024-01-15T00:00:00+00:00, run_after=2024-01-16T00:00:00+00:00
[2024-01-15T14:06:26.559+0000] {processor.py:183} INFO - Processing /opt/airflow/dags/second_project.py took 0.221 seconds
[2024-01-15T14:25:10.327+0000] {processor.py:161} INFO - Started process (PID=2121) to work on /opt/airflow/dags/second_project.py
[2024-01-15T14:25:10.331+0000] {processor.py:830} INFO - Processing file /opt/airflow/dags/second_project.py for tasks to queue
[2024-01-15T14:25:10.333+0000] {logging_mixin.py:188} INFO - [2024-01-15T14:25:10.333+0000] {dagbag.py:538} INFO - Filling up the DagBag from /opt/airflow/dags/second_project.py
[2024-01-15T14:25:10.651+0000] {processor.py:840} INFO - DAG(s) 'covid_dag' retrieved from /opt/airflow/dags/second_project.py
[2024-01-15T14:25:10.674+0000] {logging_mixin.py:188} INFO - [2024-01-15T14:25:10.673+0000] {dag.py:3033} INFO - Sync 1 DAGs
[2024-01-15T14:25:10.692+0000] {logging_mixin.py:188} INFO - [2024-01-15T14:25:10.692+0000] {dag.py:3820} INFO - Setting next_dagrun for covid_dag to 2024-01-15T00:00:00+00:00, run_after=2024-01-16T00:00:00+00:00
[2024-01-15T14:25:10.703+0000] {processor.py:183} INFO - Processing /opt/airflow/dags/second_project.py took 0.378 seconds
[2024-01-15T14:38:49.389+0000] {processor.py:161} INFO - Started process (PID=2129) to work on /opt/airflow/dags/second_project.py
[2024-01-15T14:38:49.390+0000] {processor.py:830} INFO - Processing file /opt/airflow/dags/second_project.py for tasks to queue
[2024-01-15T14:38:49.391+0000] {logging_mixin.py:188} INFO - [2024-01-15T14:38:49.391+0000] {dagbag.py:538} INFO - Filling up the DagBag from /opt/airflow/dags/second_project.py
[2024-01-15T14:38:49.581+0000] {processor.py:840} INFO - DAG(s) 'covid_dag' retrieved from /opt/airflow/dags/second_project.py
[2024-01-15T14:38:49.590+0000] {logging_mixin.py:188} INFO - [2024-01-15T14:38:49.590+0000] {dag.py:3033} INFO - Sync 1 DAGs
[2024-01-15T14:38:49.598+0000] {logging_mixin.py:188} INFO - [2024-01-15T14:38:49.598+0000] {dag.py:3820} INFO - Setting next_dagrun for covid_dag to 2024-01-15T00:00:00+00:00, run_after=2024-01-16T00:00:00+00:00
[2024-01-15T14:38:49.606+0000] {processor.py:183} INFO - Processing /opt/airflow/dags/second_project.py took 0.221 seconds
[2024-01-15T14:39:19.763+0000] {processor.py:161} INFO - Started process (PID=2137) to work on /opt/airflow/dags/second_project.py
[2024-01-15T14:39:19.765+0000] {processor.py:830} INFO - Processing file /opt/airflow/dags/second_project.py for tasks to queue
[2024-01-15T14:39:19.768+0000] {logging_mixin.py:188} INFO - [2024-01-15T14:39:19.767+0000] {dagbag.py:538} INFO - Filling up the DagBag from /opt/airflow/dags/second_project.py
[2024-01-15T14:39:19.955+0000] {processor.py:840} INFO - DAG(s) 'covid_dag' retrieved from /opt/airflow/dags/second_project.py
[2024-01-15T14:39:19.965+0000] {logging_mixin.py:188} INFO - [2024-01-15T14:39:19.965+0000] {dag.py:3033} INFO - Sync 1 DAGs
[2024-01-15T14:39:19.973+0000] {logging_mixin.py:188} INFO - [2024-01-15T14:39:19.972+0000] {dag.py:3820} INFO - Setting next_dagrun for covid_dag to 2024-01-15T00:00:00+00:00, run_after=2024-01-16T00:00:00+00:00
[2024-01-15T14:39:19.979+0000] {processor.py:183} INFO - Processing /opt/airflow/dags/second_project.py took 0.220 seconds
[2024-01-15T14:39:50.085+0000] {processor.py:161} INFO - Started process (PID=2145) to work on /opt/airflow/dags/second_project.py
[2024-01-15T14:39:50.086+0000] {processor.py:830} INFO - Processing file /opt/airflow/dags/second_project.py for tasks to queue
[2024-01-15T14:39:50.087+0000] {logging_mixin.py:188} INFO - [2024-01-15T14:39:50.087+0000] {dagbag.py:538} INFO - Filling up the DagBag from /opt/airflow/dags/second_project.py
[2024-01-15T14:39:50.284+0000] {processor.py:840} INFO - DAG(s) 'covid_dag' retrieved from /opt/airflow/dags/second_project.py
[2024-01-15T14:39:50.294+0000] {logging_mixin.py:188} INFO - [2024-01-15T14:39:50.294+0000] {dag.py:3033} INFO - Sync 1 DAGs
[2024-01-15T14:39:50.303+0000] {logging_mixin.py:188} INFO - [2024-01-15T14:39:50.303+0000] {dag.py:3820} INFO - Setting next_dagrun for covid_dag to 2024-01-15T00:00:00+00:00, run_after=2024-01-16T00:00:00+00:00
[2024-01-15T14:39:50.310+0000] {processor.py:183} INFO - Processing /opt/airflow/dags/second_project.py took 0.227 seconds
[2024-01-15T14:40:20.498+0000] {processor.py:161} INFO - Started process (PID=2153) to work on /opt/airflow/dags/second_project.py
[2024-01-15T14:40:20.500+0000] {processor.py:830} INFO - Processing file /opt/airflow/dags/second_project.py for tasks to queue
[2024-01-15T14:40:20.502+0000] {logging_mixin.py:188} INFO - [2024-01-15T14:40:20.502+0000] {dagbag.py:538} INFO - Filling up the DagBag from /opt/airflow/dags/second_project.py
[2024-01-15T14:40:20.703+0000] {processor.py:840} INFO - DAG(s) 'covid_dag' retrieved from /opt/airflow/dags/second_project.py
[2024-01-15T14:40:20.713+0000] {logging_mixin.py:188} INFO - [2024-01-15T14:40:20.713+0000] {dag.py:3033} INFO - Sync 1 DAGs
[2024-01-15T14:40:20.721+0000] {logging_mixin.py:188} INFO - [2024-01-15T14:40:20.721+0000] {dag.py:3820} INFO - Setting next_dagrun for covid_dag to 2024-01-15T00:00:00+00:00, run_after=2024-01-16T00:00:00+00:00
[2024-01-15T14:40:20.729+0000] {processor.py:183} INFO - Processing /opt/airflow/dags/second_project.py took 0.235 seconds
[2024-01-15T14:51:06.639+0000] {processor.py:161} INFO - Started process (PID=2161) to work on /opt/airflow/dags/second_project.py
[2024-01-15T14:51:06.644+0000] {processor.py:830} INFO - Processing file /opt/airflow/dags/second_project.py for tasks to queue
[2024-01-15T14:51:06.646+0000] {logging_mixin.py:188} INFO - [2024-01-15T14:51:06.646+0000] {dagbag.py:538} INFO - Filling up the DagBag from /opt/airflow/dags/second_project.py
[2024-01-15T14:51:06.961+0000] {processor.py:840} INFO - DAG(s) 'covid_dag' retrieved from /opt/airflow/dags/second_project.py
[2024-01-15T14:51:06.987+0000] {logging_mixin.py:188} INFO - [2024-01-15T14:51:06.986+0000] {dag.py:3033} INFO - Sync 1 DAGs
[2024-01-15T14:51:07.001+0000] {logging_mixin.py:188} INFO - [2024-01-15T14:51:07.001+0000] {dag.py:3820} INFO - Setting next_dagrun for covid_dag to 2024-01-15T00:00:00+00:00, run_after=2024-01-16T00:00:00+00:00
[2024-01-15T14:51:07.009+0000] {processor.py:183} INFO - Processing /opt/airflow/dags/second_project.py took 0.374 seconds
[2024-01-15T15:13:16.171+0000] {processor.py:161} INFO - Started process (PID=2168) to work on /opt/airflow/dags/second_project.py
[2024-01-15T15:13:16.172+0000] {processor.py:830} INFO - Processing file /opt/airflow/dags/second_project.py for tasks to queue
[2024-01-15T15:13:16.174+0000] {logging_mixin.py:188} INFO - [2024-01-15T15:13:16.173+0000] {dagbag.py:538} INFO - Filling up the DagBag from /opt/airflow/dags/second_project.py
[2024-01-15T15:13:16.368+0000] {processor.py:840} INFO - DAG(s) 'covid_dag' retrieved from /opt/airflow/dags/second_project.py
[2024-01-15T15:13:16.378+0000] {logging_mixin.py:188} INFO - [2024-01-15T15:13:16.378+0000] {dag.py:3033} INFO - Sync 1 DAGs
[2024-01-15T15:13:16.386+0000] {logging_mixin.py:188} INFO - [2024-01-15T15:13:16.386+0000] {dag.py:3820} INFO - Setting next_dagrun for covid_dag to 2024-01-15T00:00:00+00:00, run_after=2024-01-16T00:00:00+00:00
[2024-01-15T15:13:16.392+0000] {processor.py:183} INFO - Processing /opt/airflow/dags/second_project.py took 0.224 seconds
[2024-01-15T15:50:24.135+0000] {processor.py:161} INFO - Started process (PID=2176) to work on /opt/airflow/dags/second_project.py
[2024-01-15T15:50:24.139+0000] {processor.py:830} INFO - Processing file /opt/airflow/dags/second_project.py for tasks to queue
[2024-01-15T15:50:24.147+0000] {logging_mixin.py:188} INFO - [2024-01-15T15:50:24.146+0000] {dagbag.py:538} INFO - Filling up the DagBag from /opt/airflow/dags/second_project.py
[2024-01-15T15:50:24.506+0000] {processor.py:840} INFO - DAG(s) 'covid_dag' retrieved from /opt/airflow/dags/second_project.py
[2024-01-15T15:50:24.540+0000] {logging_mixin.py:188} INFO - [2024-01-15T15:50:24.540+0000] {dag.py:3033} INFO - Sync 1 DAGs
[2024-01-15T15:50:24.554+0000] {logging_mixin.py:188} INFO - [2024-01-15T15:50:24.554+0000] {dag.py:3820} INFO - Setting next_dagrun for covid_dag to 2024-01-15T00:00:00+00:00, run_after=2024-01-16T00:00:00+00:00
[2024-01-15T15:50:24.563+0000] {processor.py:183} INFO - Processing /opt/airflow/dags/second_project.py took 0.434 seconds
[2024-01-15T16:06:18.516+0000] {processor.py:161} INFO - Started process (PID=2184) to work on /opt/airflow/dags/second_project.py
[2024-01-15T16:06:18.519+0000] {processor.py:830} INFO - Processing file /opt/airflow/dags/second_project.py for tasks to queue
[2024-01-15T16:06:18.526+0000] {logging_mixin.py:188} INFO - [2024-01-15T16:06:18.526+0000] {dagbag.py:538} INFO - Filling up the DagBag from /opt/airflow/dags/second_project.py
[2024-01-15T16:06:18.885+0000] {processor.py:840} INFO - DAG(s) 'covid_dag' retrieved from /opt/airflow/dags/second_project.py
[2024-01-15T16:06:18.904+0000] {logging_mixin.py:188} INFO - [2024-01-15T16:06:18.903+0000] {dag.py:3033} INFO - Sync 1 DAGs
[2024-01-15T16:06:18.918+0000] {logging_mixin.py:188} INFO - [2024-01-15T16:06:18.917+0000] {dag.py:3820} INFO - Setting next_dagrun for covid_dag to 2024-01-15T00:00:00+00:00, run_after=2024-01-16T00:00:00+00:00
[2024-01-15T16:06:18.928+0000] {processor.py:183} INFO - Processing /opt/airflow/dags/second_project.py took 0.418 seconds
[2024-01-15T16:06:49.195+0000] {processor.py:161} INFO - Started process (PID=2192) to work on /opt/airflow/dags/second_project.py
[2024-01-15T16:06:49.196+0000] {processor.py:830} INFO - Processing file /opt/airflow/dags/second_project.py for tasks to queue
[2024-01-15T16:06:49.198+0000] {logging_mixin.py:188} INFO - [2024-01-15T16:06:49.198+0000] {dagbag.py:538} INFO - Filling up the DagBag from /opt/airflow/dags/second_project.py
[2024-01-15T16:06:49.403+0000] {processor.py:840} INFO - DAG(s) 'covid_dag' retrieved from /opt/airflow/dags/second_project.py
[2024-01-15T16:06:49.413+0000] {logging_mixin.py:188} INFO - [2024-01-15T16:06:49.413+0000] {dag.py:3033} INFO - Sync 1 DAGs
[2024-01-15T16:06:49.421+0000] {logging_mixin.py:188} INFO - [2024-01-15T16:06:49.421+0000] {dag.py:3820} INFO - Setting next_dagrun for covid_dag to 2024-01-15T00:00:00+00:00, run_after=2024-01-16T00:00:00+00:00
[2024-01-15T16:06:49.427+0000] {processor.py:183} INFO - Processing /opt/airflow/dags/second_project.py took 0.235 seconds
[2024-01-15T16:07:19.503+0000] {processor.py:161} INFO - Started process (PID=2200) to work on /opt/airflow/dags/second_project.py
[2024-01-15T16:07:19.504+0000] {processor.py:830} INFO - Processing file /opt/airflow/dags/second_project.py for tasks to queue
[2024-01-15T16:07:19.507+0000] {logging_mixin.py:188} INFO - [2024-01-15T16:07:19.507+0000] {dagbag.py:538} INFO - Filling up the DagBag from /opt/airflow/dags/second_project.py
[2024-01-15T16:07:19.719+0000] {processor.py:840} INFO - DAG(s) 'covid_dag' retrieved from /opt/airflow/dags/second_project.py
[2024-01-15T16:07:19.728+0000] {logging_mixin.py:188} INFO - [2024-01-15T16:07:19.727+0000] {dag.py:3033} INFO - Sync 1 DAGs
[2024-01-15T16:07:19.736+0000] {logging_mixin.py:188} INFO - [2024-01-15T16:07:19.736+0000] {dag.py:3820} INFO - Setting next_dagrun for covid_dag to 2024-01-15T00:00:00+00:00, run_after=2024-01-16T00:00:00+00:00
[2024-01-15T16:07:19.742+0000] {processor.py:183} INFO - Processing /opt/airflow/dags/second_project.py took 0.243 seconds
[2024-01-15T16:07:49.962+0000] {processor.py:161} INFO - Started process (PID=2208) to work on /opt/airflow/dags/second_project.py
[2024-01-15T16:07:49.963+0000] {processor.py:830} INFO - Processing file /opt/airflow/dags/second_project.py for tasks to queue
[2024-01-15T16:07:49.966+0000] {logging_mixin.py:188} INFO - [2024-01-15T16:07:49.965+0000] {dagbag.py:538} INFO - Filling up the DagBag from /opt/airflow/dags/second_project.py
[2024-01-15T16:07:50.165+0000] {processor.py:840} INFO - DAG(s) 'covid_dag' retrieved from /opt/airflow/dags/second_project.py
[2024-01-15T16:07:50.174+0000] {logging_mixin.py:188} INFO - [2024-01-15T16:07:50.174+0000] {dag.py:3033} INFO - Sync 1 DAGs
[2024-01-15T16:07:50.182+0000] {logging_mixin.py:188} INFO - [2024-01-15T16:07:50.182+0000] {dag.py:3820} INFO - Setting next_dagrun for covid_dag to 2024-01-15T00:00:00+00:00, run_after=2024-01-16T00:00:00+00:00
[2024-01-15T16:07:50.188+0000] {processor.py:183} INFO - Processing /opt/airflow/dags/second_project.py took 0.231 seconds
[2024-01-15T16:08:20.420+0000] {processor.py:161} INFO - Started process (PID=2216) to work on /opt/airflow/dags/second_project.py
[2024-01-15T16:08:20.421+0000] {processor.py:830} INFO - Processing file /opt/airflow/dags/second_project.py for tasks to queue
[2024-01-15T16:08:20.425+0000] {logging_mixin.py:188} INFO - [2024-01-15T16:08:20.424+0000] {dagbag.py:538} INFO - Filling up the DagBag from /opt/airflow/dags/second_project.py
[2024-01-15T16:08:20.622+0000] {processor.py:840} INFO - DAG(s) 'covid_dag' retrieved from /opt/airflow/dags/second_project.py
[2024-01-15T16:08:20.631+0000] {logging_mixin.py:188} INFO - [2024-01-15T16:08:20.631+0000] {dag.py:3033} INFO - Sync 1 DAGs
[2024-01-15T16:08:20.639+0000] {logging_mixin.py:188} INFO - [2024-01-15T16:08:20.639+0000] {dag.py:3820} INFO - Setting next_dagrun for covid_dag to 2024-01-15T00:00:00+00:00, run_after=2024-01-16T00:00:00+00:00
[2024-01-15T16:08:20.645+0000] {processor.py:183} INFO - Processing /opt/airflow/dags/second_project.py took 0.231 seconds
[2024-01-15T16:08:50.688+0000] {processor.py:161} INFO - Started process (PID=2223) to work on /opt/airflow/dags/second_project.py
[2024-01-15T16:08:50.690+0000] {processor.py:830} INFO - Processing file /opt/airflow/dags/second_project.py for tasks to queue
[2024-01-15T16:08:50.693+0000] {logging_mixin.py:188} INFO - [2024-01-15T16:08:50.693+0000] {dagbag.py:538} INFO - Filling up the DagBag from /opt/airflow/dags/second_project.py
[2024-01-15T16:08:50.899+0000] {processor.py:840} INFO - DAG(s) 'covid_dag' retrieved from /opt/airflow/dags/second_project.py
[2024-01-15T16:08:50.909+0000] {logging_mixin.py:188} INFO - [2024-01-15T16:08:50.909+0000] {dag.py:3033} INFO - Sync 1 DAGs
[2024-01-15T16:08:50.918+0000] {logging_mixin.py:188} INFO - [2024-01-15T16:08:50.918+0000] {dag.py:3820} INFO - Setting next_dagrun for covid_dag to 2024-01-15T00:00:00+00:00, run_after=2024-01-16T00:00:00+00:00
[2024-01-15T16:08:50.924+0000] {processor.py:183} INFO - Processing /opt/airflow/dags/second_project.py took 0.243 seconds
[2024-01-15T16:09:21.129+0000] {processor.py:161} INFO - Started process (PID=2231) to work on /opt/airflow/dags/second_project.py
[2024-01-15T16:09:21.130+0000] {processor.py:830} INFO - Processing file /opt/airflow/dags/second_project.py for tasks to queue
[2024-01-15T16:09:21.134+0000] {logging_mixin.py:188} INFO - [2024-01-15T16:09:21.133+0000] {dagbag.py:538} INFO - Filling up the DagBag from /opt/airflow/dags/second_project.py
[2024-01-15T16:09:21.384+0000] {processor.py:840} INFO - DAG(s) 'covid_dag' retrieved from /opt/airflow/dags/second_project.py
[2024-01-15T16:09:21.394+0000] {logging_mixin.py:188} INFO - [2024-01-15T16:09:21.394+0000] {dag.py:3033} INFO - Sync 1 DAGs
[2024-01-15T16:09:21.402+0000] {logging_mixin.py:188} INFO - [2024-01-15T16:09:21.402+0000] {dag.py:3820} INFO - Setting next_dagrun for covid_dag to 2024-01-15T00:00:00+00:00, run_after=2024-01-16T00:00:00+00:00
[2024-01-15T16:09:21.410+0000] {processor.py:183} INFO - Processing /opt/airflow/dags/second_project.py took 0.287 seconds
[2024-01-15T16:09:51.669+0000] {processor.py:161} INFO - Started process (PID=2239) to work on /opt/airflow/dags/second_project.py
[2024-01-15T16:09:51.670+0000] {processor.py:830} INFO - Processing file /opt/airflow/dags/second_project.py for tasks to queue
[2024-01-15T16:09:51.674+0000] {logging_mixin.py:188} INFO - [2024-01-15T16:09:51.674+0000] {dagbag.py:538} INFO - Filling up the DagBag from /opt/airflow/dags/second_project.py
[2024-01-15T16:09:51.880+0000] {processor.py:840} INFO - DAG(s) 'covid_dag' retrieved from /opt/airflow/dags/second_project.py
[2024-01-15T16:09:51.889+0000] {logging_mixin.py:188} INFO - [2024-01-15T16:09:51.889+0000] {dag.py:3033} INFO - Sync 1 DAGs
[2024-01-15T16:09:51.897+0000] {logging_mixin.py:188} INFO - [2024-01-15T16:09:51.897+0000] {dag.py:3820} INFO - Setting next_dagrun for covid_dag to 2024-01-15T00:00:00+00:00, run_after=2024-01-16T00:00:00+00:00
[2024-01-15T16:09:51.904+0000] {processor.py:183} INFO - Processing /opt/airflow/dags/second_project.py took 0.241 seconds
[2024-01-15T16:10:22.161+0000] {processor.py:161} INFO - Started process (PID=2247) to work on /opt/airflow/dags/second_project.py
[2024-01-15T16:10:22.162+0000] {processor.py:830} INFO - Processing file /opt/airflow/dags/second_project.py for tasks to queue
[2024-01-15T16:10:22.166+0000] {logging_mixin.py:188} INFO - [2024-01-15T16:10:22.166+0000] {dagbag.py:538} INFO - Filling up the DagBag from /opt/airflow/dags/second_project.py
[2024-01-15T16:10:22.374+0000] {processor.py:840} INFO - DAG(s) 'covid_dag' retrieved from /opt/airflow/dags/second_project.py
[2024-01-15T16:10:22.384+0000] {logging_mixin.py:188} INFO - [2024-01-15T16:10:22.384+0000] {dag.py:3033} INFO - Sync 1 DAGs
[2024-01-15T16:10:22.392+0000] {logging_mixin.py:188} INFO - [2024-01-15T16:10:22.392+0000] {dag.py:3820} INFO - Setting next_dagrun for covid_dag to 2024-01-15T00:00:00+00:00, run_after=2024-01-16T00:00:00+00:00
[2024-01-15T16:10:22.399+0000] {processor.py:183} INFO - Processing /opt/airflow/dags/second_project.py took 0.242 seconds
[2024-01-15T16:10:52.652+0000] {processor.py:161} INFO - Started process (PID=2255) to work on /opt/airflow/dags/second_project.py
[2024-01-15T16:10:52.654+0000] {processor.py:830} INFO - Processing file /opt/airflow/dags/second_project.py for tasks to queue
[2024-01-15T16:10:52.658+0000] {logging_mixin.py:188} INFO - [2024-01-15T16:10:52.658+0000] {dagbag.py:538} INFO - Filling up the DagBag from /opt/airflow/dags/second_project.py
[2024-01-15T16:10:52.857+0000] {processor.py:840} INFO - DAG(s) 'covid_dag' retrieved from /opt/airflow/dags/second_project.py
[2024-01-15T16:10:52.867+0000] {logging_mixin.py:188} INFO - [2024-01-15T16:10:52.867+0000] {dag.py:3033} INFO - Sync 1 DAGs
[2024-01-15T16:10:52.874+0000] {logging_mixin.py:188} INFO - [2024-01-15T16:10:52.874+0000] {dag.py:3820} INFO - Setting next_dagrun for covid_dag to 2024-01-15T00:00:00+00:00, run_after=2024-01-16T00:00:00+00:00
[2024-01-15T16:10:52.880+0000] {processor.py:183} INFO - Processing /opt/airflow/dags/second_project.py took 0.234 seconds
[2024-01-15T16:11:22.975+0000] {processor.py:161} INFO - Started process (PID=2264) to work on /opt/airflow/dags/second_project.py
[2024-01-15T16:11:22.977+0000] {processor.py:830} INFO - Processing file /opt/airflow/dags/second_project.py for tasks to queue
[2024-01-15T16:11:22.980+0000] {logging_mixin.py:188} INFO - [2024-01-15T16:11:22.980+0000] {dagbag.py:538} INFO - Filling up the DagBag from /opt/airflow/dags/second_project.py
[2024-01-15T16:11:23.176+0000] {processor.py:840} INFO - DAG(s) 'covid_dag' retrieved from /opt/airflow/dags/second_project.py
[2024-01-15T16:11:23.185+0000] {logging_mixin.py:188} INFO - [2024-01-15T16:11:23.185+0000] {dag.py:3033} INFO - Sync 1 DAGs
[2024-01-15T16:11:23.192+0000] {logging_mixin.py:188} INFO - [2024-01-15T16:11:23.192+0000] {dag.py:3820} INFO - Setting next_dagrun for covid_dag to 2024-01-15T00:00:00+00:00, run_after=2024-01-16T00:00:00+00:00
[2024-01-15T16:11:23.198+0000] {processor.py:183} INFO - Processing /opt/airflow/dags/second_project.py took 0.228 seconds
[2024-01-15T16:11:53.417+0000] {processor.py:161} INFO - Started process (PID=2272) to work on /opt/airflow/dags/second_project.py
[2024-01-15T16:11:53.419+0000] {processor.py:830} INFO - Processing file /opt/airflow/dags/second_project.py for tasks to queue
[2024-01-15T16:11:53.423+0000] {logging_mixin.py:188} INFO - [2024-01-15T16:11:53.422+0000] {dagbag.py:538} INFO - Filling up the DagBag from /opt/airflow/dags/second_project.py
[2024-01-15T16:11:53.642+0000] {processor.py:840} INFO - DAG(s) 'covid_dag' retrieved from /opt/airflow/dags/second_project.py
[2024-01-15T16:11:53.651+0000] {logging_mixin.py:188} INFO - [2024-01-15T16:11:53.650+0000] {dag.py:3033} INFO - Sync 1 DAGs
[2024-01-15T16:11:53.658+0000] {logging_mixin.py:188} INFO - [2024-01-15T16:11:53.658+0000] {dag.py:3820} INFO - Setting next_dagrun for covid_dag to 2024-01-15T00:00:00+00:00, run_after=2024-01-16T00:00:00+00:00
[2024-01-15T16:11:53.665+0000] {processor.py:183} INFO - Processing /opt/airflow/dags/second_project.py took 0.254 seconds
[2024-01-15T16:12:23.935+0000] {processor.py:161} INFO - Started process (PID=2280) to work on /opt/airflow/dags/second_project.py
[2024-01-15T16:12:23.936+0000] {processor.py:830} INFO - Processing file /opt/airflow/dags/second_project.py for tasks to queue
[2024-01-15T16:12:23.940+0000] {logging_mixin.py:188} INFO - [2024-01-15T16:12:23.939+0000] {dagbag.py:538} INFO - Filling up the DagBag from /opt/airflow/dags/second_project.py
[2024-01-15T16:12:24.132+0000] {processor.py:840} INFO - DAG(s) 'covid_dag' retrieved from /opt/airflow/dags/second_project.py
[2024-01-15T16:12:24.142+0000] {logging_mixin.py:188} INFO - [2024-01-15T16:12:24.141+0000] {dag.py:3033} INFO - Sync 1 DAGs
[2024-01-15T16:12:24.150+0000] {logging_mixin.py:188} INFO - [2024-01-15T16:12:24.150+0000] {dag.py:3820} INFO - Setting next_dagrun for covid_dag to 2024-01-15T00:00:00+00:00, run_after=2024-01-16T00:00:00+00:00
[2024-01-15T16:12:24.156+0000] {processor.py:183} INFO - Processing /opt/airflow/dags/second_project.py took 0.227 seconds
[2024-01-15T16:12:54.208+0000] {processor.py:161} INFO - Started process (PID=2288) to work on /opt/airflow/dags/second_project.py
[2024-01-15T16:12:54.209+0000] {processor.py:830} INFO - Processing file /opt/airflow/dags/second_project.py for tasks to queue
[2024-01-15T16:12:54.213+0000] {logging_mixin.py:188} INFO - [2024-01-15T16:12:54.213+0000] {dagbag.py:538} INFO - Filling up the DagBag from /opt/airflow/dags/second_project.py
[2024-01-15T16:12:54.411+0000] {processor.py:840} INFO - DAG(s) 'covid_dag' retrieved from /opt/airflow/dags/second_project.py
[2024-01-15T16:12:54.420+0000] {logging_mixin.py:188} INFO - [2024-01-15T16:12:54.420+0000] {dag.py:3033} INFO - Sync 1 DAGs
[2024-01-15T16:12:54.428+0000] {logging_mixin.py:188} INFO - [2024-01-15T16:12:54.428+0000] {dag.py:3820} INFO - Setting next_dagrun for covid_dag to 2024-01-15T00:00:00+00:00, run_after=2024-01-16T00:00:00+00:00
[2024-01-15T16:12:54.434+0000] {processor.py:183} INFO - Processing /opt/airflow/dags/second_project.py took 0.232 seconds
[2024-01-15T16:13:24.667+0000] {processor.py:161} INFO - Started process (PID=2296) to work on /opt/airflow/dags/second_project.py
[2024-01-15T16:13:24.668+0000] {processor.py:830} INFO - Processing file /opt/airflow/dags/second_project.py for tasks to queue
[2024-01-15T16:13:24.671+0000] {logging_mixin.py:188} INFO - [2024-01-15T16:13:24.671+0000] {dagbag.py:538} INFO - Filling up the DagBag from /opt/airflow/dags/second_project.py
[2024-01-15T16:13:24.875+0000] {processor.py:840} INFO - DAG(s) 'covid_dag' retrieved from /opt/airflow/dags/second_project.py
[2024-01-15T16:13:24.884+0000] {logging_mixin.py:188} INFO - [2024-01-15T16:13:24.883+0000] {dag.py:3033} INFO - Sync 1 DAGs
[2024-01-15T16:13:24.891+0000] {logging_mixin.py:188} INFO - [2024-01-15T16:13:24.891+0000] {dag.py:3820} INFO - Setting next_dagrun for covid_dag to 2024-01-15T00:00:00+00:00, run_after=2024-01-16T00:00:00+00:00
[2024-01-15T16:13:24.898+0000] {processor.py:183} INFO - Processing /opt/airflow/dags/second_project.py took 0.234 seconds
[2024-01-15T16:13:54.950+0000] {processor.py:161} INFO - Started process (PID=2304) to work on /opt/airflow/dags/second_project.py
[2024-01-15T16:13:54.952+0000] {processor.py:830} INFO - Processing file /opt/airflow/dags/second_project.py for tasks to queue
[2024-01-15T16:13:54.956+0000] {logging_mixin.py:188} INFO - [2024-01-15T16:13:54.955+0000] {dagbag.py:538} INFO - Filling up the DagBag from /opt/airflow/dags/second_project.py
[2024-01-15T16:13:55.165+0000] {processor.py:840} INFO - DAG(s) 'covid_dag' retrieved from /opt/airflow/dags/second_project.py
[2024-01-15T16:13:55.174+0000] {logging_mixin.py:188} INFO - [2024-01-15T16:13:55.174+0000] {dag.py:3033} INFO - Sync 1 DAGs
[2024-01-15T16:13:55.182+0000] {logging_mixin.py:188} INFO - [2024-01-15T16:13:55.182+0000] {dag.py:3820} INFO - Setting next_dagrun for covid_dag to 2024-01-15T00:00:00+00:00, run_after=2024-01-16T00:00:00+00:00
[2024-01-15T16:13:55.188+0000] {processor.py:183} INFO - Processing /opt/airflow/dags/second_project.py took 0.244 seconds
[2024-01-15T16:14:25.386+0000] {processor.py:161} INFO - Started process (PID=2312) to work on /opt/airflow/dags/second_project.py
[2024-01-15T16:14:25.387+0000] {processor.py:830} INFO - Processing file /opt/airflow/dags/second_project.py for tasks to queue
[2024-01-15T16:14:25.391+0000] {logging_mixin.py:188} INFO - [2024-01-15T16:14:25.390+0000] {dagbag.py:538} INFO - Filling up the DagBag from /opt/airflow/dags/second_project.py
[2024-01-15T16:14:25.583+0000] {processor.py:840} INFO - DAG(s) 'covid_dag' retrieved from /opt/airflow/dags/second_project.py
[2024-01-15T16:14:25.592+0000] {logging_mixin.py:188} INFO - [2024-01-15T16:14:25.592+0000] {dag.py:3033} INFO - Sync 1 DAGs
[2024-01-15T16:14:25.600+0000] {logging_mixin.py:188} INFO - [2024-01-15T16:14:25.600+0000] {dag.py:3820} INFO - Setting next_dagrun for covid_dag to 2024-01-15T00:00:00+00:00, run_after=2024-01-16T00:00:00+00:00
[2024-01-15T16:14:25.606+0000] {processor.py:183} INFO - Processing /opt/airflow/dags/second_project.py took 0.225 seconds
[2024-01-15T16:14:55.681+0000] {processor.py:161} INFO - Started process (PID=2320) to work on /opt/airflow/dags/second_project.py
[2024-01-15T16:14:55.683+0000] {processor.py:830} INFO - Processing file /opt/airflow/dags/second_project.py for tasks to queue
[2024-01-15T16:14:55.686+0000] {logging_mixin.py:188} INFO - [2024-01-15T16:14:55.686+0000] {dagbag.py:538} INFO - Filling up the DagBag from /opt/airflow/dags/second_project.py
[2024-01-15T16:14:55.894+0000] {processor.py:840} INFO - DAG(s) 'covid_dag' retrieved from /opt/airflow/dags/second_project.py
[2024-01-15T16:14:55.903+0000] {logging_mixin.py:188} INFO - [2024-01-15T16:14:55.903+0000] {dag.py:3033} INFO - Sync 1 DAGs
[2024-01-15T16:14:55.910+0000] {logging_mixin.py:188} INFO - [2024-01-15T16:14:55.910+0000] {dag.py:3820} INFO - Setting next_dagrun for covid_dag to 2024-01-15T00:00:00+00:00, run_after=2024-01-16T00:00:00+00:00
[2024-01-15T16:14:55.917+0000] {processor.py:183} INFO - Processing /opt/airflow/dags/second_project.py took 0.242 seconds
[2024-01-15T16:15:26.109+0000] {processor.py:161} INFO - Started process (PID=2328) to work on /opt/airflow/dags/second_project.py
[2024-01-15T16:15:26.110+0000] {processor.py:830} INFO - Processing file /opt/airflow/dags/second_project.py for tasks to queue
[2024-01-15T16:15:26.113+0000] {logging_mixin.py:188} INFO - [2024-01-15T16:15:26.112+0000] {dagbag.py:538} INFO - Filling up the DagBag from /opt/airflow/dags/second_project.py
[2024-01-15T16:15:26.306+0000] {processor.py:840} INFO - DAG(s) 'covid_dag' retrieved from /opt/airflow/dags/second_project.py
[2024-01-15T16:15:26.315+0000] {logging_mixin.py:188} INFO - [2024-01-15T16:15:26.315+0000] {dag.py:3033} INFO - Sync 1 DAGs
[2024-01-15T16:15:26.323+0000] {logging_mixin.py:188} INFO - [2024-01-15T16:15:26.323+0000] {dag.py:3820} INFO - Setting next_dagrun for covid_dag to 2024-01-15T00:00:00+00:00, run_after=2024-01-16T00:00:00+00:00
[2024-01-15T16:15:26.329+0000] {processor.py:183} INFO - Processing /opt/airflow/dags/second_project.py took 0.225 seconds
[2024-01-15T16:15:56.592+0000] {processor.py:161} INFO - Started process (PID=2336) to work on /opt/airflow/dags/second_project.py
[2024-01-15T16:15:56.593+0000] {processor.py:830} INFO - Processing file /opt/airflow/dags/second_project.py for tasks to queue
[2024-01-15T16:15:56.597+0000] {logging_mixin.py:188} INFO - [2024-01-15T16:15:56.596+0000] {dagbag.py:538} INFO - Filling up the DagBag from /opt/airflow/dags/second_project.py
[2024-01-15T16:15:56.802+0000] {processor.py:840} INFO - DAG(s) 'covid_dag' retrieved from /opt/airflow/dags/second_project.py
[2024-01-15T16:15:56.811+0000] {logging_mixin.py:188} INFO - [2024-01-15T16:15:56.811+0000] {dag.py:3033} INFO - Sync 1 DAGs
[2024-01-15T16:15:56.819+0000] {logging_mixin.py:188} INFO - [2024-01-15T16:15:56.819+0000] {dag.py:3820} INFO - Setting next_dagrun for covid_dag to 2024-01-15T00:00:00+00:00, run_after=2024-01-16T00:00:00+00:00
[2024-01-15T16:15:56.825+0000] {processor.py:183} INFO - Processing /opt/airflow/dags/second_project.py took 0.240 seconds
[2024-01-15T16:16:26.880+0000] {processor.py:161} INFO - Started process (PID=2344) to work on /opt/airflow/dags/second_project.py
[2024-01-15T16:16:26.881+0000] {processor.py:830} INFO - Processing file /opt/airflow/dags/second_project.py for tasks to queue
[2024-01-15T16:16:26.886+0000] {logging_mixin.py:188} INFO - [2024-01-15T16:16:26.885+0000] {dagbag.py:538} INFO - Filling up the DagBag from /opt/airflow/dags/second_project.py
[2024-01-15T16:16:27.081+0000] {processor.py:840} INFO - DAG(s) 'covid_dag' retrieved from /opt/airflow/dags/second_project.py
[2024-01-15T16:16:27.091+0000] {logging_mixin.py:188} INFO - [2024-01-15T16:16:27.091+0000] {dag.py:3033} INFO - Sync 1 DAGs
[2024-01-15T16:16:27.098+0000] {logging_mixin.py:188} INFO - [2024-01-15T16:16:27.098+0000] {dag.py:3820} INFO - Setting next_dagrun for covid_dag to 2024-01-15T00:00:00+00:00, run_after=2024-01-16T00:00:00+00:00
[2024-01-15T16:16:27.105+0000] {processor.py:183} INFO - Processing /opt/airflow/dags/second_project.py took 0.231 seconds
[2024-01-15T16:16:57.375+0000] {processor.py:161} INFO - Started process (PID=2353) to work on /opt/airflow/dags/second_project.py
[2024-01-15T16:16:57.377+0000] {processor.py:830} INFO - Processing file /opt/airflow/dags/second_project.py for tasks to queue
[2024-01-15T16:16:57.380+0000] {logging_mixin.py:188} INFO - [2024-01-15T16:16:57.380+0000] {dagbag.py:538} INFO - Filling up the DagBag from /opt/airflow/dags/second_project.py
[2024-01-15T16:16:57.577+0000] {processor.py:840} INFO - DAG(s) 'covid_dag' retrieved from /opt/airflow/dags/second_project.py
[2024-01-15T16:16:57.586+0000] {logging_mixin.py:188} INFO - [2024-01-15T16:16:57.586+0000] {dag.py:3033} INFO - Sync 1 DAGs
[2024-01-15T16:16:57.593+0000] {logging_mixin.py:188} INFO - [2024-01-15T16:16:57.593+0000] {dag.py:3820} INFO - Setting next_dagrun for covid_dag to 2024-01-15T00:00:00+00:00, run_after=2024-01-16T00:00:00+00:00
[2024-01-15T16:16:57.599+0000] {processor.py:183} INFO - Processing /opt/airflow/dags/second_project.py took 0.229 seconds
[2024-01-15T16:17:27.659+0000] {processor.py:161} INFO - Started process (PID=2361) to work on /opt/airflow/dags/second_project.py
[2024-01-15T16:17:27.661+0000] {processor.py:830} INFO - Processing file /opt/airflow/dags/second_project.py for tasks to queue
[2024-01-15T16:17:27.666+0000] {logging_mixin.py:188} INFO - [2024-01-15T16:17:27.666+0000] {dagbag.py:538} INFO - Filling up the DagBag from /opt/airflow/dags/second_project.py
[2024-01-15T16:17:27.876+0000] {processor.py:840} INFO - DAG(s) 'covid_dag' retrieved from /opt/airflow/dags/second_project.py
[2024-01-15T16:17:27.886+0000] {logging_mixin.py:188} INFO - [2024-01-15T16:17:27.886+0000] {dag.py:3033} INFO - Sync 1 DAGs
[2024-01-15T16:17:27.894+0000] {logging_mixin.py:188} INFO - [2024-01-15T16:17:27.894+0000] {dag.py:3820} INFO - Setting next_dagrun for covid_dag to 2024-01-15T00:00:00+00:00, run_after=2024-01-16T00:00:00+00:00
[2024-01-15T16:17:27.900+0000] {processor.py:183} INFO - Processing /opt/airflow/dags/second_project.py took 0.247 seconds
[2024-01-15T16:17:58.140+0000] {processor.py:161} INFO - Started process (PID=2369) to work on /opt/airflow/dags/second_project.py
[2024-01-15T16:17:58.141+0000] {processor.py:830} INFO - Processing file /opt/airflow/dags/second_project.py for tasks to queue
[2024-01-15T16:17:58.145+0000] {logging_mixin.py:188} INFO - [2024-01-15T16:17:58.144+0000] {dagbag.py:538} INFO - Filling up the DagBag from /opt/airflow/dags/second_project.py
[2024-01-15T16:17:58.340+0000] {processor.py:840} INFO - DAG(s) 'covid_dag' retrieved from /opt/airflow/dags/second_project.py
[2024-01-15T16:17:58.349+0000] {logging_mixin.py:188} INFO - [2024-01-15T16:17:58.349+0000] {dag.py:3033} INFO - Sync 1 DAGs
[2024-01-15T16:17:58.356+0000] {logging_mixin.py:188} INFO - [2024-01-15T16:17:58.356+0000] {dag.py:3820} INFO - Setting next_dagrun for covid_dag to 2024-01-15T00:00:00+00:00, run_after=2024-01-16T00:00:00+00:00
[2024-01-15T16:17:58.363+0000] {processor.py:183} INFO - Processing /opt/airflow/dags/second_project.py took 0.228 seconds
[2024-01-15T16:18:28.604+0000] {processor.py:161} INFO - Started process (PID=2377) to work on /opt/airflow/dags/second_project.py
[2024-01-15T16:18:28.605+0000] {processor.py:830} INFO - Processing file /opt/airflow/dags/second_project.py for tasks to queue
[2024-01-15T16:18:28.613+0000] {logging_mixin.py:188} INFO - [2024-01-15T16:18:28.611+0000] {dagbag.py:538} INFO - Filling up the DagBag from /opt/airflow/dags/second_project.py
[2024-01-15T16:18:28.810+0000] {processor.py:840} INFO - DAG(s) 'covid_dag' retrieved from /opt/airflow/dags/second_project.py
[2024-01-15T16:18:28.819+0000] {logging_mixin.py:188} INFO - [2024-01-15T16:18:28.819+0000] {dag.py:3033} INFO - Sync 1 DAGs
[2024-01-15T16:18:28.827+0000] {logging_mixin.py:188} INFO - [2024-01-15T16:18:28.827+0000] {dag.py:3820} INFO - Setting next_dagrun for covid_dag to 2024-01-15T00:00:00+00:00, run_after=2024-01-16T00:00:00+00:00
[2024-01-15T16:18:28.834+0000] {processor.py:183} INFO - Processing /opt/airflow/dags/second_project.py took 0.236 seconds
[2024-01-15T16:18:59.094+0000] {processor.py:161} INFO - Started process (PID=2385) to work on /opt/airflow/dags/second_project.py
[2024-01-15T16:18:59.095+0000] {processor.py:830} INFO - Processing file /opt/airflow/dags/second_project.py for tasks to queue
[2024-01-15T16:18:59.097+0000] {logging_mixin.py:188} INFO - [2024-01-15T16:18:59.097+0000] {dagbag.py:538} INFO - Filling up the DagBag from /opt/airflow/dags/second_project.py
[2024-01-15T16:18:59.296+0000] {processor.py:840} INFO - DAG(s) 'covid_dag' retrieved from /opt/airflow/dags/second_project.py
[2024-01-15T16:18:59.306+0000] {logging_mixin.py:188} INFO - [2024-01-15T16:18:59.306+0000] {dag.py:3033} INFO - Sync 1 DAGs
[2024-01-15T16:18:59.315+0000] {logging_mixin.py:188} INFO - [2024-01-15T16:18:59.315+0000] {dag.py:3820} INFO - Setting next_dagrun for covid_dag to 2024-01-15T00:00:00+00:00, run_after=2024-01-16T00:00:00+00:00
[2024-01-15T16:18:59.322+0000] {processor.py:183} INFO - Processing /opt/airflow/dags/second_project.py took 0.233 seconds
[2024-01-15T20:54:56.430+0000] {processor.py:161} INFO - Started process (PID=30) to work on /opt/airflow/dags/second_project.py
[2024-01-15T20:54:56.431+0000] {processor.py:830} INFO - Processing file /opt/airflow/dags/second_project.py for tasks to queue
[2024-01-15T20:54:56.433+0000] {logging_mixin.py:188} INFO - [2024-01-15T20:54:56.433+0000] {dagbag.py:538} INFO - Filling up the DagBag from /opt/airflow/dags/second_project.py
[2024-01-15T20:54:56.587+0000] {processor.py:840} INFO - DAG(s) 'covid_dag' retrieved from /opt/airflow/dags/second_project.py
[2024-01-15T20:54:56.829+0000] {logging_mixin.py:188} INFO - [2024-01-15T20:54:56.828+0000] {dag.py:3033} INFO - Sync 1 DAGs
[2024-01-15T20:54:56.839+0000] {logging_mixin.py:188} INFO - [2024-01-15T20:54:56.839+0000] {dag.py:3820} INFO - Setting next_dagrun for covid_dag to 2024-01-15T00:00:00+00:00, run_after=2024-01-16T00:00:00+00:00
[2024-01-15T20:54:56.848+0000] {processor.py:183} INFO - Processing /opt/airflow/dags/second_project.py took 0.425 seconds
[2024-01-15T20:55:27.062+0000] {processor.py:161} INFO - Started process (PID=38) to work on /opt/airflow/dags/second_project.py
[2024-01-15T20:55:27.063+0000] {processor.py:830} INFO - Processing file /opt/airflow/dags/second_project.py for tasks to queue
[2024-01-15T20:55:27.065+0000] {logging_mixin.py:188} INFO - [2024-01-15T20:55:27.065+0000] {dagbag.py:538} INFO - Filling up the DagBag from /opt/airflow/dags/second_project.py
[2024-01-15T20:55:27.255+0000] {processor.py:840} INFO - DAG(s) 'covid_dag' retrieved from /opt/airflow/dags/second_project.py
[2024-01-15T20:55:27.265+0000] {logging_mixin.py:188} INFO - [2024-01-15T20:55:27.264+0000] {dag.py:3033} INFO - Sync 1 DAGs
[2024-01-15T20:55:27.273+0000] {logging_mixin.py:188} INFO - [2024-01-15T20:55:27.273+0000] {dag.py:3820} INFO - Setting next_dagrun for covid_dag to 2024-01-15T00:00:00+00:00, run_after=2024-01-16T00:00:00+00:00
[2024-01-15T20:55:27.279+0000] {processor.py:183} INFO - Processing /opt/airflow/dags/second_project.py took 0.222 seconds
