[2024-01-09T20:39:47.675+0000] {processor.py:161} INFO - Started process (PID=63) to work on /home/airflow/.local/lib/python3.8/site-packages/airflow/example_dags/example_latest_only_with_trigger.py
[2024-01-09T20:39:47.680+0000] {processor.py:830} INFO - Processing file /home/airflow/.local/lib/python3.8/site-packages/airflow/example_dags/example_latest_only_with_trigger.py for tasks to queue
[2024-01-09T20:39:47.683+0000] {logging_mixin.py:188} INFO - [2024-01-09T20:39:47.683+0000] {dagbag.py:538} INFO - Filling up the DagBag from /home/airflow/.local/lib/python3.8/site-packages/airflow/example_dags/example_latest_only_with_trigger.py
[2024-01-09T20:39:47.709+0000] {processor.py:840} INFO - DAG(s) 'latest_only_with_trigger' retrieved from /home/airflow/.local/lib/python3.8/site-packages/airflow/example_dags/example_latest_only_with_trigger.py
[2024-01-09T20:39:47.917+0000] {logging_mixin.py:188} INFO - [2024-01-09T20:39:47.916+0000] {override.py:1769} INFO - Created Permission View: can delete on DAG:latest_only_with_trigger
[2024-01-09T20:39:47.949+0000] {logging_mixin.py:188} INFO - [2024-01-09T20:39:47.948+0000] {override.py:1769} INFO - Created Permission View: can read on DAG:latest_only_with_trigger
[2024-01-09T20:39:47.967+0000] {logging_mixin.py:188} INFO - [2024-01-09T20:39:47.967+0000] {override.py:1769} INFO - Created Permission View: can edit on DAG:latest_only_with_trigger
[2024-01-09T20:39:47.968+0000] {logging_mixin.py:188} INFO - [2024-01-09T20:39:47.968+0000] {dag.py:3033} INFO - Sync 1 DAGs
[2024-01-09T20:39:47.993+0000] {logging_mixin.py:188} INFO - [2024-01-09T20:39:47.993+0000] {dag.py:3055} INFO - Creating ORM DAG for latest_only_with_trigger
[2024-01-09T20:39:48.012+0000] {logging_mixin.py:188} INFO - [2024-01-09T20:39:48.012+0000] {dag.py:3820} INFO - Setting next_dagrun for latest_only_with_trigger to 2024-01-09T16:00:00+00:00, run_after=2024-01-09T20:00:00+00:00
[2024-01-09T20:39:48.041+0000] {processor.py:183} INFO - Processing /home/airflow/.local/lib/python3.8/site-packages/airflow/example_dags/example_latest_only_with_trigger.py took 0.373 seconds
[2024-01-09T20:40:18.489+0000] {processor.py:161} INFO - Started process (PID=120) to work on /home/airflow/.local/lib/python3.8/site-packages/airflow/example_dags/example_latest_only_with_trigger.py
[2024-01-09T20:40:18.491+0000] {processor.py:830} INFO - Processing file /home/airflow/.local/lib/python3.8/site-packages/airflow/example_dags/example_latest_only_with_trigger.py for tasks to queue
[2024-01-09T20:40:18.493+0000] {logging_mixin.py:188} INFO - [2024-01-09T20:40:18.492+0000] {dagbag.py:538} INFO - Filling up the DagBag from /home/airflow/.local/lib/python3.8/site-packages/airflow/example_dags/example_latest_only_with_trigger.py
[2024-01-09T20:40:18.497+0000] {processor.py:840} INFO - DAG(s) 'latest_only_with_trigger' retrieved from /home/airflow/.local/lib/python3.8/site-packages/airflow/example_dags/example_latest_only_with_trigger.py
[2024-01-09T20:40:18.511+0000] {logging_mixin.py:188} INFO - [2024-01-09T20:40:18.511+0000] {dag.py:3033} INFO - Sync 1 DAGs
[2024-01-09T20:40:18.526+0000] {logging_mixin.py:188} INFO - [2024-01-09T20:40:18.526+0000] {dag.py:3820} INFO - Setting next_dagrun for latest_only_with_trigger to 2024-01-09T16:00:00+00:00, run_after=2024-01-09T20:00:00+00:00
[2024-01-09T20:40:18.538+0000] {processor.py:183} INFO - Processing /home/airflow/.local/lib/python3.8/site-packages/airflow/example_dags/example_latest_only_with_trigger.py took 0.053 seconds
[2024-01-09T20:40:48.647+0000] {processor.py:161} INFO - Started process (PID=177) to work on /home/airflow/.local/lib/python3.8/site-packages/airflow/example_dags/example_latest_only_with_trigger.py
[2024-01-09T20:40:48.648+0000] {processor.py:830} INFO - Processing file /home/airflow/.local/lib/python3.8/site-packages/airflow/example_dags/example_latest_only_with_trigger.py for tasks to queue
[2024-01-09T20:40:48.649+0000] {logging_mixin.py:188} INFO - [2024-01-09T20:40:48.649+0000] {dagbag.py:538} INFO - Filling up the DagBag from /home/airflow/.local/lib/python3.8/site-packages/airflow/example_dags/example_latest_only_with_trigger.py
[2024-01-09T20:40:48.653+0000] {processor.py:840} INFO - DAG(s) 'latest_only_with_trigger' retrieved from /home/airflow/.local/lib/python3.8/site-packages/airflow/example_dags/example_latest_only_with_trigger.py
[2024-01-09T20:40:48.667+0000] {logging_mixin.py:188} INFO - [2024-01-09T20:40:48.667+0000] {dag.py:3033} INFO - Sync 1 DAGs
[2024-01-09T20:40:48.681+0000] {logging_mixin.py:188} INFO - [2024-01-09T20:40:48.681+0000] {dag.py:3820} INFO - Setting next_dagrun for latest_only_with_trigger to 2024-01-09T16:00:00+00:00, run_after=2024-01-09T20:00:00+00:00
[2024-01-09T20:40:48.692+0000] {processor.py:183} INFO - Processing /home/airflow/.local/lib/python3.8/site-packages/airflow/example_dags/example_latest_only_with_trigger.py took 0.048 seconds
[2024-01-09T20:41:18.847+0000] {processor.py:161} INFO - Started process (PID=234) to work on /home/airflow/.local/lib/python3.8/site-packages/airflow/example_dags/example_latest_only_with_trigger.py
[2024-01-09T20:41:18.848+0000] {processor.py:830} INFO - Processing file /home/airflow/.local/lib/python3.8/site-packages/airflow/example_dags/example_latest_only_with_trigger.py for tasks to queue
[2024-01-09T20:41:18.850+0000] {logging_mixin.py:188} INFO - [2024-01-09T20:41:18.850+0000] {dagbag.py:538} INFO - Filling up the DagBag from /home/airflow/.local/lib/python3.8/site-packages/airflow/example_dags/example_latest_only_with_trigger.py
[2024-01-09T20:41:18.857+0000] {processor.py:840} INFO - DAG(s) 'latest_only_with_trigger' retrieved from /home/airflow/.local/lib/python3.8/site-packages/airflow/example_dags/example_latest_only_with_trigger.py
[2024-01-09T20:41:18.875+0000] {logging_mixin.py:188} INFO - [2024-01-09T20:41:18.875+0000] {dag.py:3033} INFO - Sync 1 DAGs
[2024-01-09T20:41:18.892+0000] {logging_mixin.py:188} INFO - [2024-01-09T20:41:18.891+0000] {dag.py:3820} INFO - Setting next_dagrun for latest_only_with_trigger to 2024-01-09T16:00:00+00:00, run_after=2024-01-09T20:00:00+00:00
[2024-01-09T20:41:18.905+0000] {processor.py:183} INFO - Processing /home/airflow/.local/lib/python3.8/site-packages/airflow/example_dags/example_latest_only_with_trigger.py took 0.064 seconds
[2024-01-09T20:41:48.998+0000] {processor.py:161} INFO - Started process (PID=291) to work on /home/airflow/.local/lib/python3.8/site-packages/airflow/example_dags/example_latest_only_with_trigger.py
[2024-01-09T20:41:48.999+0000] {processor.py:830} INFO - Processing file /home/airflow/.local/lib/python3.8/site-packages/airflow/example_dags/example_latest_only_with_trigger.py for tasks to queue
[2024-01-09T20:41:49.002+0000] {logging_mixin.py:188} INFO - [2024-01-09T20:41:49.001+0000] {dagbag.py:538} INFO - Filling up the DagBag from /home/airflow/.local/lib/python3.8/site-packages/airflow/example_dags/example_latest_only_with_trigger.py
[2024-01-09T20:41:49.007+0000] {processor.py:840} INFO - DAG(s) 'latest_only_with_trigger' retrieved from /home/airflow/.local/lib/python3.8/site-packages/airflow/example_dags/example_latest_only_with_trigger.py
[2024-01-09T20:41:49.026+0000] {logging_mixin.py:188} INFO - [2024-01-09T20:41:49.026+0000] {dag.py:3033} INFO - Sync 1 DAGs
[2024-01-09T20:41:49.043+0000] {logging_mixin.py:188} INFO - [2024-01-09T20:41:49.043+0000] {dag.py:3820} INFO - Setting next_dagrun for latest_only_with_trigger to 2024-01-09T16:00:00+00:00, run_after=2024-01-09T20:00:00+00:00
[2024-01-09T20:41:49.056+0000] {processor.py:183} INFO - Processing /home/airflow/.local/lib/python3.8/site-packages/airflow/example_dags/example_latest_only_with_trigger.py took 0.061 seconds
[2024-01-09T20:42:19.271+0000] {processor.py:161} INFO - Started process (PID=348) to work on /home/airflow/.local/lib/python3.8/site-packages/airflow/example_dags/example_latest_only_with_trigger.py
[2024-01-09T20:42:19.271+0000] {processor.py:830} INFO - Processing file /home/airflow/.local/lib/python3.8/site-packages/airflow/example_dags/example_latest_only_with_trigger.py for tasks to queue
[2024-01-09T20:42:19.273+0000] {logging_mixin.py:188} INFO - [2024-01-09T20:42:19.273+0000] {dagbag.py:538} INFO - Filling up the DagBag from /home/airflow/.local/lib/python3.8/site-packages/airflow/example_dags/example_latest_only_with_trigger.py
[2024-01-09T20:42:19.277+0000] {processor.py:840} INFO - DAG(s) 'latest_only_with_trigger' retrieved from /home/airflow/.local/lib/python3.8/site-packages/airflow/example_dags/example_latest_only_with_trigger.py
[2024-01-09T20:42:19.293+0000] {logging_mixin.py:188} INFO - [2024-01-09T20:42:19.293+0000] {dag.py:3033} INFO - Sync 1 DAGs
[2024-01-09T20:42:19.305+0000] {logging_mixin.py:188} INFO - [2024-01-09T20:42:19.305+0000] {dag.py:3820} INFO - Setting next_dagrun for latest_only_with_trigger to 2024-01-09T16:00:00+00:00, run_after=2024-01-09T20:00:00+00:00
[2024-01-09T20:42:19.314+0000] {processor.py:183} INFO - Processing /home/airflow/.local/lib/python3.8/site-packages/airflow/example_dags/example_latest_only_with_trigger.py took 0.047 seconds
[2024-01-09T20:42:49.436+0000] {processor.py:161} INFO - Started process (PID=405) to work on /home/airflow/.local/lib/python3.8/site-packages/airflow/example_dags/example_latest_only_with_trigger.py
[2024-01-09T20:42:49.437+0000] {processor.py:830} INFO - Processing file /home/airflow/.local/lib/python3.8/site-packages/airflow/example_dags/example_latest_only_with_trigger.py for tasks to queue
[2024-01-09T20:42:49.439+0000] {logging_mixin.py:188} INFO - [2024-01-09T20:42:49.438+0000] {dagbag.py:538} INFO - Filling up the DagBag from /home/airflow/.local/lib/python3.8/site-packages/airflow/example_dags/example_latest_only_with_trigger.py
[2024-01-09T20:42:49.443+0000] {processor.py:840} INFO - DAG(s) 'latest_only_with_trigger' retrieved from /home/airflow/.local/lib/python3.8/site-packages/airflow/example_dags/example_latest_only_with_trigger.py
[2024-01-09T20:42:49.461+0000] {logging_mixin.py:188} INFO - [2024-01-09T20:42:49.461+0000] {dag.py:3033} INFO - Sync 1 DAGs
[2024-01-09T20:42:49.478+0000] {logging_mixin.py:188} INFO - [2024-01-09T20:42:49.478+0000] {dag.py:3820} INFO - Setting next_dagrun for latest_only_with_trigger to 2024-01-09T16:00:00+00:00, run_after=2024-01-09T20:00:00+00:00
[2024-01-09T20:42:49.490+0000] {processor.py:183} INFO - Processing /home/airflow/.local/lib/python3.8/site-packages/airflow/example_dags/example_latest_only_with_trigger.py took 0.057 seconds
[2024-01-09T20:43:19.579+0000] {processor.py:161} INFO - Started process (PID=462) to work on /home/airflow/.local/lib/python3.8/site-packages/airflow/example_dags/example_latest_only_with_trigger.py
[2024-01-09T20:43:19.581+0000] {processor.py:830} INFO - Processing file /home/airflow/.local/lib/python3.8/site-packages/airflow/example_dags/example_latest_only_with_trigger.py for tasks to queue
[2024-01-09T20:43:19.583+0000] {logging_mixin.py:188} INFO - [2024-01-09T20:43:19.583+0000] {dagbag.py:538} INFO - Filling up the DagBag from /home/airflow/.local/lib/python3.8/site-packages/airflow/example_dags/example_latest_only_with_trigger.py
[2024-01-09T20:43:19.589+0000] {processor.py:840} INFO - DAG(s) 'latest_only_with_trigger' retrieved from /home/airflow/.local/lib/python3.8/site-packages/airflow/example_dags/example_latest_only_with_trigger.py
[2024-01-09T20:43:19.604+0000] {logging_mixin.py:188} INFO - [2024-01-09T20:43:19.604+0000] {dag.py:3033} INFO - Sync 1 DAGs
[2024-01-09T20:43:19.620+0000] {logging_mixin.py:188} INFO - [2024-01-09T20:43:19.620+0000] {dag.py:3820} INFO - Setting next_dagrun for latest_only_with_trigger to 2024-01-09T16:00:00+00:00, run_after=2024-01-09T20:00:00+00:00
[2024-01-09T20:43:19.633+0000] {processor.py:183} INFO - Processing /home/airflow/.local/lib/python3.8/site-packages/airflow/example_dags/example_latest_only_with_trigger.py took 0.057 seconds
[2024-01-09T20:43:49.896+0000] {processor.py:161} INFO - Started process (PID=518) to work on /home/airflow/.local/lib/python3.8/site-packages/airflow/example_dags/example_latest_only_with_trigger.py
[2024-01-09T20:43:49.897+0000] {processor.py:830} INFO - Processing file /home/airflow/.local/lib/python3.8/site-packages/airflow/example_dags/example_latest_only_with_trigger.py for tasks to queue
[2024-01-09T20:43:49.899+0000] {logging_mixin.py:188} INFO - [2024-01-09T20:43:49.899+0000] {dagbag.py:538} INFO - Filling up the DagBag from /home/airflow/.local/lib/python3.8/site-packages/airflow/example_dags/example_latest_only_with_trigger.py
[2024-01-09T20:43:49.903+0000] {processor.py:840} INFO - DAG(s) 'latest_only_with_trigger' retrieved from /home/airflow/.local/lib/python3.8/site-packages/airflow/example_dags/example_latest_only_with_trigger.py
[2024-01-09T20:43:49.919+0000] {logging_mixin.py:188} INFO - [2024-01-09T20:43:49.919+0000] {dag.py:3033} INFO - Sync 1 DAGs
[2024-01-09T20:43:49.934+0000] {logging_mixin.py:188} INFO - [2024-01-09T20:43:49.933+0000] {dag.py:3820} INFO - Setting next_dagrun for latest_only_with_trigger to 2024-01-09T16:00:00+00:00, run_after=2024-01-09T20:00:00+00:00
[2024-01-09T20:43:49.946+0000] {processor.py:183} INFO - Processing /home/airflow/.local/lib/python3.8/site-packages/airflow/example_dags/example_latest_only_with_trigger.py took 0.054 seconds
[2024-01-09T20:44:20.157+0000] {processor.py:161} INFO - Started process (PID=575) to work on /home/airflow/.local/lib/python3.8/site-packages/airflow/example_dags/example_latest_only_with_trigger.py
[2024-01-09T20:44:20.158+0000] {processor.py:830} INFO - Processing file /home/airflow/.local/lib/python3.8/site-packages/airflow/example_dags/example_latest_only_with_trigger.py for tasks to queue
[2024-01-09T20:44:20.159+0000] {logging_mixin.py:188} INFO - [2024-01-09T20:44:20.159+0000] {dagbag.py:538} INFO - Filling up the DagBag from /home/airflow/.local/lib/python3.8/site-packages/airflow/example_dags/example_latest_only_with_trigger.py
[2024-01-09T20:44:20.163+0000] {processor.py:840} INFO - DAG(s) 'latest_only_with_trigger' retrieved from /home/airflow/.local/lib/python3.8/site-packages/airflow/example_dags/example_latest_only_with_trigger.py
[2024-01-09T20:44:20.178+0000] {logging_mixin.py:188} INFO - [2024-01-09T20:44:20.178+0000] {dag.py:3033} INFO - Sync 1 DAGs
[2024-01-09T20:44:20.191+0000] {logging_mixin.py:188} INFO - [2024-01-09T20:44:20.191+0000] {dag.py:3820} INFO - Setting next_dagrun for latest_only_with_trigger to 2024-01-09T16:00:00+00:00, run_after=2024-01-09T20:00:00+00:00
[2024-01-09T20:44:20.200+0000] {processor.py:183} INFO - Processing /home/airflow/.local/lib/python3.8/site-packages/airflow/example_dags/example_latest_only_with_trigger.py took 0.046 seconds
[2024-01-09T20:44:50.351+0000] {processor.py:161} INFO - Started process (PID=631) to work on /home/airflow/.local/lib/python3.8/site-packages/airflow/example_dags/example_latest_only_with_trigger.py
[2024-01-09T20:44:50.352+0000] {processor.py:830} INFO - Processing file /home/airflow/.local/lib/python3.8/site-packages/airflow/example_dags/example_latest_only_with_trigger.py for tasks to queue
[2024-01-09T20:44:50.354+0000] {logging_mixin.py:188} INFO - [2024-01-09T20:44:50.354+0000] {dagbag.py:538} INFO - Filling up the DagBag from /home/airflow/.local/lib/python3.8/site-packages/airflow/example_dags/example_latest_only_with_trigger.py
[2024-01-09T20:44:50.362+0000] {processor.py:840} INFO - DAG(s) 'latest_only_with_trigger' retrieved from /home/airflow/.local/lib/python3.8/site-packages/airflow/example_dags/example_latest_only_with_trigger.py
[2024-01-09T20:44:50.380+0000] {logging_mixin.py:188} INFO - [2024-01-09T20:44:50.380+0000] {dag.py:3033} INFO - Sync 1 DAGs
[2024-01-09T20:44:50.397+0000] {logging_mixin.py:188} INFO - [2024-01-09T20:44:50.397+0000] {dag.py:3820} INFO - Setting next_dagrun for latest_only_with_trigger to 2024-01-09T16:00:00+00:00, run_after=2024-01-09T20:00:00+00:00
[2024-01-09T20:44:50.411+0000] {processor.py:183} INFO - Processing /home/airflow/.local/lib/python3.8/site-packages/airflow/example_dags/example_latest_only_with_trigger.py took 0.062 seconds
[2024-01-09T20:45:20.728+0000] {processor.py:161} INFO - Started process (PID=688) to work on /home/airflow/.local/lib/python3.8/site-packages/airflow/example_dags/example_latest_only_with_trigger.py
[2024-01-09T20:45:20.729+0000] {processor.py:830} INFO - Processing file /home/airflow/.local/lib/python3.8/site-packages/airflow/example_dags/example_latest_only_with_trigger.py for tasks to queue
[2024-01-09T20:45:20.730+0000] {logging_mixin.py:188} INFO - [2024-01-09T20:45:20.730+0000] {dagbag.py:538} INFO - Filling up the DagBag from /home/airflow/.local/lib/python3.8/site-packages/airflow/example_dags/example_latest_only_with_trigger.py
[2024-01-09T20:45:20.735+0000] {processor.py:840} INFO - DAG(s) 'latest_only_with_trigger' retrieved from /home/airflow/.local/lib/python3.8/site-packages/airflow/example_dags/example_latest_only_with_trigger.py
[2024-01-09T20:45:20.751+0000] {logging_mixin.py:188} INFO - [2024-01-09T20:45:20.751+0000] {dag.py:3033} INFO - Sync 1 DAGs
[2024-01-09T20:45:20.769+0000] {logging_mixin.py:188} INFO - [2024-01-09T20:45:20.769+0000] {dag.py:3820} INFO - Setting next_dagrun for latest_only_with_trigger to 2024-01-09T16:00:00+00:00, run_after=2024-01-09T20:00:00+00:00
[2024-01-09T20:45:20.780+0000] {processor.py:183} INFO - Processing /home/airflow/.local/lib/python3.8/site-packages/airflow/example_dags/example_latest_only_with_trigger.py took 0.056 seconds
[2024-01-09T20:45:50.938+0000] {processor.py:161} INFO - Started process (PID=745) to work on /home/airflow/.local/lib/python3.8/site-packages/airflow/example_dags/example_latest_only_with_trigger.py
[2024-01-09T20:45:50.939+0000] {processor.py:830} INFO - Processing file /home/airflow/.local/lib/python3.8/site-packages/airflow/example_dags/example_latest_only_with_trigger.py for tasks to queue
[2024-01-09T20:45:50.941+0000] {logging_mixin.py:188} INFO - [2024-01-09T20:45:50.941+0000] {dagbag.py:538} INFO - Filling up the DagBag from /home/airflow/.local/lib/python3.8/site-packages/airflow/example_dags/example_latest_only_with_trigger.py
[2024-01-09T20:45:50.945+0000] {processor.py:840} INFO - DAG(s) 'latest_only_with_trigger' retrieved from /home/airflow/.local/lib/python3.8/site-packages/airflow/example_dags/example_latest_only_with_trigger.py
[2024-01-09T20:45:50.960+0000] {logging_mixin.py:188} INFO - [2024-01-09T20:45:50.959+0000] {dag.py:3033} INFO - Sync 1 DAGs
[2024-01-09T20:45:50.973+0000] {logging_mixin.py:188} INFO - [2024-01-09T20:45:50.973+0000] {dag.py:3820} INFO - Setting next_dagrun for latest_only_with_trigger to 2024-01-09T16:00:00+00:00, run_after=2024-01-09T20:00:00+00:00
[2024-01-09T20:45:50.983+0000] {processor.py:183} INFO - Processing /home/airflow/.local/lib/python3.8/site-packages/airflow/example_dags/example_latest_only_with_trigger.py took 0.047 seconds
[2024-01-09T20:46:21.947+0000] {processor.py:161} INFO - Started process (PID=802) to work on /home/airflow/.local/lib/python3.8/site-packages/airflow/example_dags/example_latest_only_with_trigger.py
[2024-01-09T20:46:21.948+0000] {processor.py:830} INFO - Processing file /home/airflow/.local/lib/python3.8/site-packages/airflow/example_dags/example_latest_only_with_trigger.py for tasks to queue
[2024-01-09T20:46:21.950+0000] {logging_mixin.py:188} INFO - [2024-01-09T20:46:21.950+0000] {dagbag.py:538} INFO - Filling up the DagBag from /home/airflow/.local/lib/python3.8/site-packages/airflow/example_dags/example_latest_only_with_trigger.py
[2024-01-09T20:46:21.956+0000] {processor.py:840} INFO - DAG(s) 'latest_only_with_trigger' retrieved from /home/airflow/.local/lib/python3.8/site-packages/airflow/example_dags/example_latest_only_with_trigger.py
[2024-01-09T20:46:21.973+0000] {logging_mixin.py:188} INFO - [2024-01-09T20:46:21.973+0000] {dag.py:3033} INFO - Sync 1 DAGs
[2024-01-09T20:46:21.988+0000] {logging_mixin.py:188} INFO - [2024-01-09T20:46:21.988+0000] {dag.py:3820} INFO - Setting next_dagrun for latest_only_with_trigger to 2024-01-09T16:00:00+00:00, run_after=2024-01-09T20:00:00+00:00
[2024-01-09T20:46:22.001+0000] {processor.py:183} INFO - Processing /home/airflow/.local/lib/python3.8/site-packages/airflow/example_dags/example_latest_only_with_trigger.py took 0.057 seconds
[2024-01-09T20:46:52.280+0000] {processor.py:161} INFO - Started process (PID=859) to work on /home/airflow/.local/lib/python3.8/site-packages/airflow/example_dags/example_latest_only_with_trigger.py
[2024-01-09T20:46:52.281+0000] {processor.py:830} INFO - Processing file /home/airflow/.local/lib/python3.8/site-packages/airflow/example_dags/example_latest_only_with_trigger.py for tasks to queue
[2024-01-09T20:46:52.283+0000] {logging_mixin.py:188} INFO - [2024-01-09T20:46:52.282+0000] {dagbag.py:538} INFO - Filling up the DagBag from /home/airflow/.local/lib/python3.8/site-packages/airflow/example_dags/example_latest_only_with_trigger.py
[2024-01-09T20:46:52.290+0000] {processor.py:840} INFO - DAG(s) 'latest_only_with_trigger' retrieved from /home/airflow/.local/lib/python3.8/site-packages/airflow/example_dags/example_latest_only_with_trigger.py
[2024-01-09T20:46:52.309+0000] {logging_mixin.py:188} INFO - [2024-01-09T20:46:52.309+0000] {dag.py:3033} INFO - Sync 1 DAGs
[2024-01-09T20:46:52.330+0000] {logging_mixin.py:188} INFO - [2024-01-09T20:46:52.330+0000] {dag.py:3820} INFO - Setting next_dagrun for latest_only_with_trigger to 2024-01-09T16:00:00+00:00, run_after=2024-01-09T20:00:00+00:00
[2024-01-09T20:46:52.344+0000] {processor.py:183} INFO - Processing /home/airflow/.local/lib/python3.8/site-packages/airflow/example_dags/example_latest_only_with_trigger.py took 0.067 seconds
[2024-01-09T20:47:22.455+0000] {processor.py:161} INFO - Started process (PID=916) to work on /home/airflow/.local/lib/python3.8/site-packages/airflow/example_dags/example_latest_only_with_trigger.py
[2024-01-09T20:47:22.455+0000] {processor.py:830} INFO - Processing file /home/airflow/.local/lib/python3.8/site-packages/airflow/example_dags/example_latest_only_with_trigger.py for tasks to queue
[2024-01-09T20:47:22.457+0000] {logging_mixin.py:188} INFO - [2024-01-09T20:47:22.456+0000] {dagbag.py:538} INFO - Filling up the DagBag from /home/airflow/.local/lib/python3.8/site-packages/airflow/example_dags/example_latest_only_with_trigger.py
[2024-01-09T20:47:22.460+0000] {processor.py:840} INFO - DAG(s) 'latest_only_with_trigger' retrieved from /home/airflow/.local/lib/python3.8/site-packages/airflow/example_dags/example_latest_only_with_trigger.py
[2024-01-09T20:47:22.475+0000] {logging_mixin.py:188} INFO - [2024-01-09T20:47:22.475+0000] {dag.py:3033} INFO - Sync 1 DAGs
[2024-01-09T20:47:22.490+0000] {logging_mixin.py:188} INFO - [2024-01-09T20:47:22.490+0000] {dag.py:3820} INFO - Setting next_dagrun for latest_only_with_trigger to 2024-01-09T16:00:00+00:00, run_after=2024-01-09T20:00:00+00:00
[2024-01-09T20:47:22.501+0000] {processor.py:183} INFO - Processing /home/airflow/.local/lib/python3.8/site-packages/airflow/example_dags/example_latest_only_with_trigger.py took 0.049 seconds
[2024-01-09T20:47:52.770+0000] {processor.py:161} INFO - Started process (PID=971) to work on /home/airflow/.local/lib/python3.8/site-packages/airflow/example_dags/example_latest_only_with_trigger.py
[2024-01-09T20:47:52.770+0000] {processor.py:830} INFO - Processing file /home/airflow/.local/lib/python3.8/site-packages/airflow/example_dags/example_latest_only_with_trigger.py for tasks to queue
[2024-01-09T20:47:52.772+0000] {logging_mixin.py:188} INFO - [2024-01-09T20:47:52.772+0000] {dagbag.py:538} INFO - Filling up the DagBag from /home/airflow/.local/lib/python3.8/site-packages/airflow/example_dags/example_latest_only_with_trigger.py
[2024-01-09T20:47:52.776+0000] {processor.py:840} INFO - DAG(s) 'latest_only_with_trigger' retrieved from /home/airflow/.local/lib/python3.8/site-packages/airflow/example_dags/example_latest_only_with_trigger.py
[2024-01-09T20:47:52.794+0000] {logging_mixin.py:188} INFO - [2024-01-09T20:47:52.794+0000] {dag.py:3033} INFO - Sync 1 DAGs
[2024-01-09T20:47:52.806+0000] {logging_mixin.py:188} INFO - [2024-01-09T20:47:52.806+0000] {dag.py:3820} INFO - Setting next_dagrun for latest_only_with_trigger to 2024-01-09T16:00:00+00:00, run_after=2024-01-09T20:00:00+00:00
[2024-01-09T20:47:52.820+0000] {processor.py:183} INFO - Processing /home/airflow/.local/lib/python3.8/site-packages/airflow/example_dags/example_latest_only_with_trigger.py took 0.053 seconds
[2024-01-09T20:48:23.177+0000] {processor.py:161} INFO - Started process (PID=1028) to work on /home/airflow/.local/lib/python3.8/site-packages/airflow/example_dags/example_latest_only_with_trigger.py
[2024-01-09T20:48:23.181+0000] {processor.py:830} INFO - Processing file /home/airflow/.local/lib/python3.8/site-packages/airflow/example_dags/example_latest_only_with_trigger.py for tasks to queue
[2024-01-09T20:48:23.185+0000] {logging_mixin.py:188} INFO - [2024-01-09T20:48:23.184+0000] {dagbag.py:538} INFO - Filling up the DagBag from /home/airflow/.local/lib/python3.8/site-packages/airflow/example_dags/example_latest_only_with_trigger.py
[2024-01-09T20:48:23.199+0000] {processor.py:840} INFO - DAG(s) 'latest_only_with_trigger' retrieved from /home/airflow/.local/lib/python3.8/site-packages/airflow/example_dags/example_latest_only_with_trigger.py
[2024-01-09T20:48:23.240+0000] {logging_mixin.py:188} INFO - [2024-01-09T20:48:23.240+0000] {dag.py:3033} INFO - Sync 1 DAGs
[2024-01-09T20:48:23.284+0000] {logging_mixin.py:188} INFO - [2024-01-09T20:48:23.283+0000] {dag.py:3820} INFO - Setting next_dagrun for latest_only_with_trigger to 2024-01-09T16:00:00+00:00, run_after=2024-01-09T20:00:00+00:00
[2024-01-09T20:48:23.314+0000] {processor.py:183} INFO - Processing /home/airflow/.local/lib/python3.8/site-packages/airflow/example_dags/example_latest_only_with_trigger.py took 0.142 seconds
