[2024-01-09T20:39:45.310+0000] {processor.py:161} INFO - Started process (PID=54) to work on /home/airflow/.local/lib/python3.8/site-packages/airflow/example_dags/example_python_operator.py
[2024-01-09T20:39:45.314+0000] {processor.py:830} INFO - Processing file /home/airflow/.local/lib/python3.8/site-packages/airflow/example_dags/example_python_operator.py for tasks to queue
[2024-01-09T20:39:45.321+0000] {logging_mixin.py:188} INFO - [2024-01-09T20:39:45.320+0000] {dagbag.py:538} INFO - Filling up the DagBag from /home/airflow/.local/lib/python3.8/site-packages/airflow/example_dags/example_python_operator.py
[2024-01-09T20:39:45.463+0000] {processor.py:840} INFO - DAG(s) 'example_python_operator' retrieved from /home/airflow/.local/lib/python3.8/site-packages/airflow/example_dags/example_python_operator.py
[2024-01-09T20:39:45.977+0000] {logging_mixin.py:188} INFO - [2024-01-09T20:39:45.975+0000] {override.py:1769} INFO - Created Permission View: can delete on DAG:example_python_operator
[2024-01-09T20:39:45.997+0000] {logging_mixin.py:188} INFO - [2024-01-09T20:39:45.997+0000] {override.py:1769} INFO - Created Permission View: can read on DAG:example_python_operator
[2024-01-09T20:39:46.006+0000] {logging_mixin.py:188} INFO - [2024-01-09T20:39:46.005+0000] {override.py:1769} INFO - Created Permission View: can edit on DAG:example_python_operator
[2024-01-09T20:39:46.007+0000] {logging_mixin.py:188} INFO - [2024-01-09T20:39:46.006+0000] {dag.py:3033} INFO - Sync 1 DAGs
[2024-01-09T20:39:46.031+0000] {logging_mixin.py:188} INFO - [2024-01-09T20:39:46.030+0000] {dag.py:3055} INFO - Creating ORM DAG for example_python_operator
[2024-01-09T20:39:46.032+0000] {logging_mixin.py:188} INFO - [2024-01-09T20:39:46.032+0000] {dag.py:3820} INFO - Setting next_dagrun for example_python_operator to None, run_after=None
[2024-01-09T20:39:46.078+0000] {processor.py:183} INFO - Processing /home/airflow/.local/lib/python3.8/site-packages/airflow/example_dags/example_python_operator.py took 0.776 seconds
[2024-01-09T20:40:16.135+0000] {processor.py:161} INFO - Started process (PID=111) to work on /home/airflow/.local/lib/python3.8/site-packages/airflow/example_dags/example_python_operator.py
[2024-01-09T20:40:16.136+0000] {processor.py:830} INFO - Processing file /home/airflow/.local/lib/python3.8/site-packages/airflow/example_dags/example_python_operator.py for tasks to queue
[2024-01-09T20:40:16.139+0000] {logging_mixin.py:188} INFO - [2024-01-09T20:40:16.138+0000] {dagbag.py:538} INFO - Filling up the DagBag from /home/airflow/.local/lib/python3.8/site-packages/airflow/example_dags/example_python_operator.py
[2024-01-09T20:40:16.153+0000] {processor.py:840} INFO - DAG(s) 'example_python_operator' retrieved from /home/airflow/.local/lib/python3.8/site-packages/airflow/example_dags/example_python_operator.py
[2024-01-09T20:40:16.174+0000] {logging_mixin.py:188} INFO - [2024-01-09T20:40:16.174+0000] {dag.py:3033} INFO - Sync 1 DAGs
[2024-01-09T20:40:16.187+0000] {logging_mixin.py:188} INFO - [2024-01-09T20:40:16.187+0000] {dag.py:3820} INFO - Setting next_dagrun for example_python_operator to None, run_after=None
[2024-01-09T20:40:16.214+0000] {processor.py:183} INFO - Processing /home/airflow/.local/lib/python3.8/site-packages/airflow/example_dags/example_python_operator.py took 0.084 seconds
[2024-01-09T20:40:46.288+0000] {processor.py:161} INFO - Started process (PID=168) to work on /home/airflow/.local/lib/python3.8/site-packages/airflow/example_dags/example_python_operator.py
[2024-01-09T20:40:46.289+0000] {processor.py:830} INFO - Processing file /home/airflow/.local/lib/python3.8/site-packages/airflow/example_dags/example_python_operator.py for tasks to queue
[2024-01-09T20:40:46.291+0000] {logging_mixin.py:188} INFO - [2024-01-09T20:40:46.291+0000] {dagbag.py:538} INFO - Filling up the DagBag from /home/airflow/.local/lib/python3.8/site-packages/airflow/example_dags/example_python_operator.py
[2024-01-09T20:40:46.299+0000] {processor.py:840} INFO - DAG(s) 'example_python_operator' retrieved from /home/airflow/.local/lib/python3.8/site-packages/airflow/example_dags/example_python_operator.py
[2024-01-09T20:40:46.315+0000] {logging_mixin.py:188} INFO - [2024-01-09T20:40:46.314+0000] {dag.py:3033} INFO - Sync 1 DAGs
[2024-01-09T20:40:46.322+0000] {logging_mixin.py:188} INFO - [2024-01-09T20:40:46.322+0000] {dag.py:3820} INFO - Setting next_dagrun for example_python_operator to None, run_after=None
[2024-01-09T20:40:46.334+0000] {processor.py:183} INFO - Processing /home/airflow/.local/lib/python3.8/site-packages/airflow/example_dags/example_python_operator.py took 0.049 seconds
[2024-01-09T20:41:16.405+0000] {processor.py:161} INFO - Started process (PID=225) to work on /home/airflow/.local/lib/python3.8/site-packages/airflow/example_dags/example_python_operator.py
[2024-01-09T20:41:16.406+0000] {processor.py:830} INFO - Processing file /home/airflow/.local/lib/python3.8/site-packages/airflow/example_dags/example_python_operator.py for tasks to queue
[2024-01-09T20:41:16.408+0000] {logging_mixin.py:188} INFO - [2024-01-09T20:41:16.408+0000] {dagbag.py:538} INFO - Filling up the DagBag from /home/airflow/.local/lib/python3.8/site-packages/airflow/example_dags/example_python_operator.py
[2024-01-09T20:41:16.415+0000] {processor.py:840} INFO - DAG(s) 'example_python_operator' retrieved from /home/airflow/.local/lib/python3.8/site-packages/airflow/example_dags/example_python_operator.py
[2024-01-09T20:41:16.433+0000] {logging_mixin.py:188} INFO - [2024-01-09T20:41:16.433+0000] {dag.py:3033} INFO - Sync 1 DAGs
[2024-01-09T20:41:16.440+0000] {logging_mixin.py:188} INFO - [2024-01-09T20:41:16.440+0000] {dag.py:3820} INFO - Setting next_dagrun for example_python_operator to None, run_after=None
[2024-01-09T20:41:16.454+0000] {processor.py:183} INFO - Processing /home/airflow/.local/lib/python3.8/site-packages/airflow/example_dags/example_python_operator.py took 0.053 seconds
[2024-01-09T20:41:46.638+0000] {processor.py:161} INFO - Started process (PID=282) to work on /home/airflow/.local/lib/python3.8/site-packages/airflow/example_dags/example_python_operator.py
[2024-01-09T20:41:46.639+0000] {processor.py:830} INFO - Processing file /home/airflow/.local/lib/python3.8/site-packages/airflow/example_dags/example_python_operator.py for tasks to queue
[2024-01-09T20:41:46.640+0000] {logging_mixin.py:188} INFO - [2024-01-09T20:41:46.640+0000] {dagbag.py:538} INFO - Filling up the DagBag from /home/airflow/.local/lib/python3.8/site-packages/airflow/example_dags/example_python_operator.py
[2024-01-09T20:41:46.649+0000] {processor.py:840} INFO - DAG(s) 'example_python_operator' retrieved from /home/airflow/.local/lib/python3.8/site-packages/airflow/example_dags/example_python_operator.py
[2024-01-09T20:41:46.668+0000] {logging_mixin.py:188} INFO - [2024-01-09T20:41:46.667+0000] {dag.py:3033} INFO - Sync 1 DAGs
[2024-01-09T20:41:46.676+0000] {logging_mixin.py:188} INFO - [2024-01-09T20:41:46.676+0000] {dag.py:3820} INFO - Setting next_dagrun for example_python_operator to None, run_after=None
[2024-01-09T20:41:46.688+0000] {processor.py:183} INFO - Processing /home/airflow/.local/lib/python3.8/site-packages/airflow/example_dags/example_python_operator.py took 0.054 seconds
[2024-01-09T20:42:16.735+0000] {processor.py:161} INFO - Started process (PID=338) to work on /home/airflow/.local/lib/python3.8/site-packages/airflow/example_dags/example_python_operator.py
[2024-01-09T20:42:16.736+0000] {processor.py:830} INFO - Processing file /home/airflow/.local/lib/python3.8/site-packages/airflow/example_dags/example_python_operator.py for tasks to queue
[2024-01-09T20:42:16.737+0000] {logging_mixin.py:188} INFO - [2024-01-09T20:42:16.737+0000] {dagbag.py:538} INFO - Filling up the DagBag from /home/airflow/.local/lib/python3.8/site-packages/airflow/example_dags/example_python_operator.py
[2024-01-09T20:42:16.744+0000] {processor.py:840} INFO - DAG(s) 'example_python_operator' retrieved from /home/airflow/.local/lib/python3.8/site-packages/airflow/example_dags/example_python_operator.py
[2024-01-09T20:42:16.759+0000] {logging_mixin.py:188} INFO - [2024-01-09T20:42:16.759+0000] {dag.py:3033} INFO - Sync 1 DAGs
[2024-01-09T20:42:16.765+0000] {logging_mixin.py:188} INFO - [2024-01-09T20:42:16.765+0000] {dag.py:3820} INFO - Setting next_dagrun for example_python_operator to None, run_after=None
[2024-01-09T20:42:16.773+0000] {processor.py:183} INFO - Processing /home/airflow/.local/lib/python3.8/site-packages/airflow/example_dags/example_python_operator.py took 0.041 seconds
[2024-01-09T20:42:46.853+0000] {processor.py:161} INFO - Started process (PID=395) to work on /home/airflow/.local/lib/python3.8/site-packages/airflow/example_dags/example_python_operator.py
[2024-01-09T20:42:46.853+0000] {processor.py:830} INFO - Processing file /home/airflow/.local/lib/python3.8/site-packages/airflow/example_dags/example_python_operator.py for tasks to queue
[2024-01-09T20:42:46.855+0000] {logging_mixin.py:188} INFO - [2024-01-09T20:42:46.855+0000] {dagbag.py:538} INFO - Filling up the DagBag from /home/airflow/.local/lib/python3.8/site-packages/airflow/example_dags/example_python_operator.py
[2024-01-09T20:42:46.862+0000] {processor.py:840} INFO - DAG(s) 'example_python_operator' retrieved from /home/airflow/.local/lib/python3.8/site-packages/airflow/example_dags/example_python_operator.py
[2024-01-09T20:42:46.876+0000] {logging_mixin.py:188} INFO - [2024-01-09T20:42:46.876+0000] {dag.py:3033} INFO - Sync 1 DAGs
[2024-01-09T20:42:46.882+0000] {logging_mixin.py:188} INFO - [2024-01-09T20:42:46.882+0000] {dag.py:3820} INFO - Setting next_dagrun for example_python_operator to None, run_after=None
[2024-01-09T20:42:46.891+0000] {processor.py:183} INFO - Processing /home/airflow/.local/lib/python3.8/site-packages/airflow/example_dags/example_python_operator.py took 0.040 seconds
[2024-01-09T20:43:17.193+0000] {processor.py:161} INFO - Started process (PID=452) to work on /home/airflow/.local/lib/python3.8/site-packages/airflow/example_dags/example_python_operator.py
[2024-01-09T20:43:17.193+0000] {processor.py:830} INFO - Processing file /home/airflow/.local/lib/python3.8/site-packages/airflow/example_dags/example_python_operator.py for tasks to queue
[2024-01-09T20:43:17.195+0000] {logging_mixin.py:188} INFO - [2024-01-09T20:43:17.195+0000] {dagbag.py:538} INFO - Filling up the DagBag from /home/airflow/.local/lib/python3.8/site-packages/airflow/example_dags/example_python_operator.py
[2024-01-09T20:43:17.204+0000] {processor.py:840} INFO - DAG(s) 'example_python_operator' retrieved from /home/airflow/.local/lib/python3.8/site-packages/airflow/example_dags/example_python_operator.py
[2024-01-09T20:43:17.219+0000] {logging_mixin.py:188} INFO - [2024-01-09T20:43:17.219+0000] {dag.py:3033} INFO - Sync 1 DAGs
[2024-01-09T20:43:17.230+0000] {logging_mixin.py:188} INFO - [2024-01-09T20:43:17.230+0000] {dag.py:3820} INFO - Setting next_dagrun for example_python_operator to None, run_after=None
[2024-01-09T20:43:17.240+0000] {processor.py:183} INFO - Processing /home/airflow/.local/lib/python3.8/site-packages/airflow/example_dags/example_python_operator.py took 0.051 seconds
[2024-01-09T20:43:47.490+0000] {processor.py:161} INFO - Started process (PID=508) to work on /home/airflow/.local/lib/python3.8/site-packages/airflow/example_dags/example_python_operator.py
[2024-01-09T20:43:47.491+0000] {processor.py:830} INFO - Processing file /home/airflow/.local/lib/python3.8/site-packages/airflow/example_dags/example_python_operator.py for tasks to queue
[2024-01-09T20:43:47.493+0000] {logging_mixin.py:188} INFO - [2024-01-09T20:43:47.493+0000] {dagbag.py:538} INFO - Filling up the DagBag from /home/airflow/.local/lib/python3.8/site-packages/airflow/example_dags/example_python_operator.py
[2024-01-09T20:43:47.501+0000] {processor.py:840} INFO - DAG(s) 'example_python_operator' retrieved from /home/airflow/.local/lib/python3.8/site-packages/airflow/example_dags/example_python_operator.py
[2024-01-09T20:43:47.517+0000] {logging_mixin.py:188} INFO - [2024-01-09T20:43:47.517+0000] {dag.py:3033} INFO - Sync 1 DAGs
[2024-01-09T20:43:47.523+0000] {logging_mixin.py:188} INFO - [2024-01-09T20:43:47.523+0000] {dag.py:3820} INFO - Setting next_dagrun for example_python_operator to None, run_after=None
[2024-01-09T20:43:47.535+0000] {processor.py:183} INFO - Processing /home/airflow/.local/lib/python3.8/site-packages/airflow/example_dags/example_python_operator.py took 0.047 seconds
[2024-01-09T20:44:17.718+0000] {processor.py:161} INFO - Started process (PID=565) to work on /home/airflow/.local/lib/python3.8/site-packages/airflow/example_dags/example_python_operator.py
[2024-01-09T20:44:17.718+0000] {processor.py:830} INFO - Processing file /home/airflow/.local/lib/python3.8/site-packages/airflow/example_dags/example_python_operator.py for tasks to queue
[2024-01-09T20:44:17.720+0000] {logging_mixin.py:188} INFO - [2024-01-09T20:44:17.720+0000] {dagbag.py:538} INFO - Filling up the DagBag from /home/airflow/.local/lib/python3.8/site-packages/airflow/example_dags/example_python_operator.py
[2024-01-09T20:44:17.727+0000] {processor.py:840} INFO - DAG(s) 'example_python_operator' retrieved from /home/airflow/.local/lib/python3.8/site-packages/airflow/example_dags/example_python_operator.py
[2024-01-09T20:44:17.740+0000] {logging_mixin.py:188} INFO - [2024-01-09T20:44:17.740+0000] {dag.py:3033} INFO - Sync 1 DAGs
[2024-01-09T20:44:17.748+0000] {logging_mixin.py:188} INFO - [2024-01-09T20:44:17.748+0000] {dag.py:3820} INFO - Setting next_dagrun for example_python_operator to None, run_after=None
[2024-01-09T20:44:17.758+0000] {processor.py:183} INFO - Processing /home/airflow/.local/lib/python3.8/site-packages/airflow/example_dags/example_python_operator.py took 0.043 seconds
[2024-01-09T20:44:47.852+0000] {processor.py:161} INFO - Started process (PID=621) to work on /home/airflow/.local/lib/python3.8/site-packages/airflow/example_dags/example_python_operator.py
[2024-01-09T20:44:47.852+0000] {processor.py:830} INFO - Processing file /home/airflow/.local/lib/python3.8/site-packages/airflow/example_dags/example_python_operator.py for tasks to queue
[2024-01-09T20:44:47.854+0000] {logging_mixin.py:188} INFO - [2024-01-09T20:44:47.854+0000] {dagbag.py:538} INFO - Filling up the DagBag from /home/airflow/.local/lib/python3.8/site-packages/airflow/example_dags/example_python_operator.py
[2024-01-09T20:44:47.863+0000] {processor.py:840} INFO - DAG(s) 'example_python_operator' retrieved from /home/airflow/.local/lib/python3.8/site-packages/airflow/example_dags/example_python_operator.py
[2024-01-09T20:44:47.882+0000] {logging_mixin.py:188} INFO - [2024-01-09T20:44:47.882+0000] {dag.py:3033} INFO - Sync 1 DAGs
[2024-01-09T20:44:47.889+0000] {logging_mixin.py:188} INFO - [2024-01-09T20:44:47.889+0000] {dag.py:3820} INFO - Setting next_dagrun for example_python_operator to None, run_after=None
[2024-01-09T20:44:47.902+0000] {processor.py:183} INFO - Processing /home/airflow/.local/lib/python3.8/site-packages/airflow/example_dags/example_python_operator.py took 0.053 seconds
[2024-01-09T20:45:18.132+0000] {processor.py:161} INFO - Started process (PID=678) to work on /home/airflow/.local/lib/python3.8/site-packages/airflow/example_dags/example_python_operator.py
[2024-01-09T20:45:18.133+0000] {processor.py:830} INFO - Processing file /home/airflow/.local/lib/python3.8/site-packages/airflow/example_dags/example_python_operator.py for tasks to queue
[2024-01-09T20:45:18.134+0000] {logging_mixin.py:188} INFO - [2024-01-09T20:45:18.134+0000] {dagbag.py:538} INFO - Filling up the DagBag from /home/airflow/.local/lib/python3.8/site-packages/airflow/example_dags/example_python_operator.py
[2024-01-09T20:45:18.144+0000] {processor.py:840} INFO - DAG(s) 'example_python_operator' retrieved from /home/airflow/.local/lib/python3.8/site-packages/airflow/example_dags/example_python_operator.py
[2024-01-09T20:45:18.160+0000] {logging_mixin.py:188} INFO - [2024-01-09T20:45:18.160+0000] {dag.py:3033} INFO - Sync 1 DAGs
[2024-01-09T20:45:18.167+0000] {logging_mixin.py:188} INFO - [2024-01-09T20:45:18.167+0000] {dag.py:3820} INFO - Setting next_dagrun for example_python_operator to None, run_after=None
[2024-01-09T20:45:18.178+0000] {processor.py:183} INFO - Processing /home/airflow/.local/lib/python3.8/site-packages/airflow/example_dags/example_python_operator.py took 0.048 seconds
[2024-01-09T20:45:48.325+0000] {processor.py:161} INFO - Started process (PID=735) to work on /home/airflow/.local/lib/python3.8/site-packages/airflow/example_dags/example_python_operator.py
[2024-01-09T20:45:48.325+0000] {processor.py:830} INFO - Processing file /home/airflow/.local/lib/python3.8/site-packages/airflow/example_dags/example_python_operator.py for tasks to queue
[2024-01-09T20:45:48.327+0000] {logging_mixin.py:188} INFO - [2024-01-09T20:45:48.327+0000] {dagbag.py:538} INFO - Filling up the DagBag from /home/airflow/.local/lib/python3.8/site-packages/airflow/example_dags/example_python_operator.py
[2024-01-09T20:45:48.337+0000] {processor.py:840} INFO - DAG(s) 'example_python_operator' retrieved from /home/airflow/.local/lib/python3.8/site-packages/airflow/example_dags/example_python_operator.py
[2024-01-09T20:45:48.352+0000] {logging_mixin.py:188} INFO - [2024-01-09T20:45:48.352+0000] {dag.py:3033} INFO - Sync 1 DAGs
[2024-01-09T20:45:48.363+0000] {logging_mixin.py:188} INFO - [2024-01-09T20:45:48.362+0000] {dag.py:3820} INFO - Setting next_dagrun for example_python_operator to None, run_after=None
[2024-01-09T20:45:48.377+0000] {processor.py:183} INFO - Processing /home/airflow/.local/lib/python3.8/site-packages/airflow/example_dags/example_python_operator.py took 0.055 seconds
[2024-01-09T20:46:18.418+0000] {processor.py:161} INFO - Started process (PID=790) to work on /home/airflow/.local/lib/python3.8/site-packages/airflow/example_dags/example_python_operator.py
[2024-01-09T20:46:18.418+0000] {processor.py:830} INFO - Processing file /home/airflow/.local/lib/python3.8/site-packages/airflow/example_dags/example_python_operator.py for tasks to queue
[2024-01-09T20:46:18.420+0000] {logging_mixin.py:188} INFO - [2024-01-09T20:46:18.420+0000] {dagbag.py:538} INFO - Filling up the DagBag from /home/airflow/.local/lib/python3.8/site-packages/airflow/example_dags/example_python_operator.py
[2024-01-09T20:46:18.426+0000] {processor.py:840} INFO - DAG(s) 'example_python_operator' retrieved from /home/airflow/.local/lib/python3.8/site-packages/airflow/example_dags/example_python_operator.py
[2024-01-09T20:46:18.441+0000] {logging_mixin.py:188} INFO - [2024-01-09T20:46:18.441+0000] {dag.py:3033} INFO - Sync 1 DAGs
[2024-01-09T20:46:18.449+0000] {logging_mixin.py:188} INFO - [2024-01-09T20:46:18.449+0000] {dag.py:3820} INFO - Setting next_dagrun for example_python_operator to None, run_after=None
[2024-01-09T20:46:18.459+0000] {processor.py:183} INFO - Processing /home/airflow/.local/lib/python3.8/site-packages/airflow/example_dags/example_python_operator.py took 0.044 seconds
[2024-01-09T20:46:48.622+0000] {processor.py:161} INFO - Started process (PID=847) to work on /home/airflow/.local/lib/python3.8/site-packages/airflow/example_dags/example_python_operator.py
[2024-01-09T20:46:48.623+0000] {processor.py:830} INFO - Processing file /home/airflow/.local/lib/python3.8/site-packages/airflow/example_dags/example_python_operator.py for tasks to queue
[2024-01-09T20:46:48.624+0000] {logging_mixin.py:188} INFO - [2024-01-09T20:46:48.624+0000] {dagbag.py:538} INFO - Filling up the DagBag from /home/airflow/.local/lib/python3.8/site-packages/airflow/example_dags/example_python_operator.py
[2024-01-09T20:46:48.636+0000] {processor.py:840} INFO - DAG(s) 'example_python_operator' retrieved from /home/airflow/.local/lib/python3.8/site-packages/airflow/example_dags/example_python_operator.py
[2024-01-09T20:46:48.665+0000] {logging_mixin.py:188} INFO - [2024-01-09T20:46:48.665+0000] {dag.py:3033} INFO - Sync 1 DAGs
[2024-01-09T20:46:48.674+0000] {logging_mixin.py:188} INFO - [2024-01-09T20:46:48.674+0000] {dag.py:3820} INFO - Setting next_dagrun for example_python_operator to None, run_after=None
[2024-01-09T20:46:48.695+0000] {processor.py:183} INFO - Processing /home/airflow/.local/lib/python3.8/site-packages/airflow/example_dags/example_python_operator.py took 0.076 seconds
[2024-01-09T20:47:18.876+0000] {processor.py:161} INFO - Started process (PID=904) to work on /home/airflow/.local/lib/python3.8/site-packages/airflow/example_dags/example_python_operator.py
[2024-01-09T20:47:18.877+0000] {processor.py:830} INFO - Processing file /home/airflow/.local/lib/python3.8/site-packages/airflow/example_dags/example_python_operator.py for tasks to queue
[2024-01-09T20:47:18.880+0000] {logging_mixin.py:188} INFO - [2024-01-09T20:47:18.880+0000] {dagbag.py:538} INFO - Filling up the DagBag from /home/airflow/.local/lib/python3.8/site-packages/airflow/example_dags/example_python_operator.py
[2024-01-09T20:47:18.887+0000] {processor.py:840} INFO - DAG(s) 'example_python_operator' retrieved from /home/airflow/.local/lib/python3.8/site-packages/airflow/example_dags/example_python_operator.py
[2024-01-09T20:47:18.906+0000] {logging_mixin.py:188} INFO - [2024-01-09T20:47:18.905+0000] {dag.py:3033} INFO - Sync 1 DAGs
[2024-01-09T20:47:18.917+0000] {logging_mixin.py:188} INFO - [2024-01-09T20:47:18.916+0000] {dag.py:3820} INFO - Setting next_dagrun for example_python_operator to None, run_after=None
[2024-01-09T20:47:18.927+0000] {processor.py:183} INFO - Processing /home/airflow/.local/lib/python3.8/site-packages/airflow/example_dags/example_python_operator.py took 0.054 seconds
[2024-01-09T20:47:49.124+0000] {processor.py:161} INFO - Started process (PID=960) to work on /home/airflow/.local/lib/python3.8/site-packages/airflow/example_dags/example_python_operator.py
[2024-01-09T20:47:49.125+0000] {processor.py:830} INFO - Processing file /home/airflow/.local/lib/python3.8/site-packages/airflow/example_dags/example_python_operator.py for tasks to queue
[2024-01-09T20:47:49.126+0000] {logging_mixin.py:188} INFO - [2024-01-09T20:47:49.126+0000] {dagbag.py:538} INFO - Filling up the DagBag from /home/airflow/.local/lib/python3.8/site-packages/airflow/example_dags/example_python_operator.py
[2024-01-09T20:47:49.136+0000] {processor.py:840} INFO - DAG(s) 'example_python_operator' retrieved from /home/airflow/.local/lib/python3.8/site-packages/airflow/example_dags/example_python_operator.py
[2024-01-09T20:47:49.152+0000] {logging_mixin.py:188} INFO - [2024-01-09T20:47:49.152+0000] {dag.py:3033} INFO - Sync 1 DAGs
[2024-01-09T20:47:49.164+0000] {logging_mixin.py:188} INFO - [2024-01-09T20:47:49.164+0000] {dag.py:3820} INFO - Setting next_dagrun for example_python_operator to None, run_after=None
[2024-01-09T20:47:49.175+0000] {processor.py:183} INFO - Processing /home/airflow/.local/lib/python3.8/site-packages/airflow/example_dags/example_python_operator.py took 0.054 seconds
[2024-01-09T20:48:19.592+0000] {processor.py:161} INFO - Started process (PID=1017) to work on /home/airflow/.local/lib/python3.8/site-packages/airflow/example_dags/example_python_operator.py
[2024-01-09T20:48:19.593+0000] {processor.py:830} INFO - Processing file /home/airflow/.local/lib/python3.8/site-packages/airflow/example_dags/example_python_operator.py for tasks to queue
[2024-01-09T20:48:19.595+0000] {logging_mixin.py:188} INFO - [2024-01-09T20:48:19.595+0000] {dagbag.py:538} INFO - Filling up the DagBag from /home/airflow/.local/lib/python3.8/site-packages/airflow/example_dags/example_python_operator.py
[2024-01-09T20:48:19.605+0000] {processor.py:840} INFO - DAG(s) 'example_python_operator' retrieved from /home/airflow/.local/lib/python3.8/site-packages/airflow/example_dags/example_python_operator.py
[2024-01-09T20:48:19.621+0000] {logging_mixin.py:188} INFO - [2024-01-09T20:48:19.621+0000] {dag.py:3033} INFO - Sync 1 DAGs
[2024-01-09T20:48:19.630+0000] {logging_mixin.py:188} INFO - [2024-01-09T20:48:19.630+0000] {dag.py:3820} INFO - Setting next_dagrun for example_python_operator to None, run_after=None
[2024-01-09T20:48:19.647+0000] {processor.py:183} INFO - Processing /home/airflow/.local/lib/python3.8/site-packages/airflow/example_dags/example_python_operator.py took 0.059 seconds
