[2024-01-09T20:39:50.231+0000] {processor.py:161} INFO - Started process (PID=77) to work on /home/airflow/.local/lib/python3.8/site-packages/airflow/example_dags/example_trigger_target_dag.py
[2024-01-09T20:39:50.232+0000] {processor.py:830} INFO - Processing file /home/airflow/.local/lib/python3.8/site-packages/airflow/example_dags/example_trigger_target_dag.py for tasks to queue
[2024-01-09T20:39:50.236+0000] {logging_mixin.py:188} INFO - [2024-01-09T20:39:50.235+0000] {dagbag.py:538} INFO - Filling up the DagBag from /home/airflow/.local/lib/python3.8/site-packages/airflow/example_dags/example_trigger_target_dag.py
[2024-01-09T20:39:50.246+0000] {processor.py:840} INFO - DAG(s) 'example_trigger_target_dag' retrieved from /home/airflow/.local/lib/python3.8/site-packages/airflow/example_dags/example_trigger_target_dag.py
[2024-01-09T20:39:50.379+0000] {logging_mixin.py:188} INFO - [2024-01-09T20:39:50.378+0000] {override.py:1769} INFO - Created Permission View: can delete on DAG:example_trigger_target_dag
[2024-01-09T20:39:50.387+0000] {logging_mixin.py:188} INFO - [2024-01-09T20:39:50.387+0000] {override.py:1769} INFO - Created Permission View: can read on DAG:example_trigger_target_dag
[2024-01-09T20:39:50.396+0000] {logging_mixin.py:188} INFO - [2024-01-09T20:39:50.395+0000] {override.py:1769} INFO - Created Permission View: can edit on DAG:example_trigger_target_dag
[2024-01-09T20:39:50.396+0000] {logging_mixin.py:188} INFO - [2024-01-09T20:39:50.396+0000] {dag.py:3033} INFO - Sync 1 DAGs
[2024-01-09T20:39:50.409+0000] {logging_mixin.py:188} INFO - [2024-01-09T20:39:50.409+0000] {dag.py:3055} INFO - Creating ORM DAG for example_trigger_target_dag
[2024-01-09T20:39:50.411+0000] {logging_mixin.py:188} INFO - [2024-01-09T20:39:50.411+0000] {dag.py:3820} INFO - Setting next_dagrun for example_trigger_target_dag to None, run_after=None
[2024-01-09T20:39:50.430+0000] {processor.py:183} INFO - Processing /home/airflow/.local/lib/python3.8/site-packages/airflow/example_dags/example_trigger_target_dag.py took 0.205 seconds
[2024-01-09T20:40:21.064+0000] {processor.py:161} INFO - Started process (PID=134) to work on /home/airflow/.local/lib/python3.8/site-packages/airflow/example_dags/example_trigger_target_dag.py
[2024-01-09T20:40:21.065+0000] {processor.py:830} INFO - Processing file /home/airflow/.local/lib/python3.8/site-packages/airflow/example_dags/example_trigger_target_dag.py for tasks to queue
[2024-01-09T20:40:21.070+0000] {logging_mixin.py:188} INFO - [2024-01-09T20:40:21.069+0000] {dagbag.py:538} INFO - Filling up the DagBag from /home/airflow/.local/lib/python3.8/site-packages/airflow/example_dags/example_trigger_target_dag.py
[2024-01-09T20:40:21.078+0000] {processor.py:840} INFO - DAG(s) 'example_trigger_target_dag' retrieved from /home/airflow/.local/lib/python3.8/site-packages/airflow/example_dags/example_trigger_target_dag.py
[2024-01-09T20:40:21.093+0000] {logging_mixin.py:188} INFO - [2024-01-09T20:40:21.093+0000] {dag.py:3033} INFO - Sync 1 DAGs
[2024-01-09T20:40:21.101+0000] {logging_mixin.py:188} INFO - [2024-01-09T20:40:21.101+0000] {dag.py:3820} INFO - Setting next_dagrun for example_trigger_target_dag to None, run_after=None
[2024-01-09T20:40:21.112+0000] {processor.py:183} INFO - Processing /home/airflow/.local/lib/python3.8/site-packages/airflow/example_dags/example_trigger_target_dag.py took 0.051 seconds
[2024-01-09T20:40:51.151+0000] {processor.py:161} INFO - Started process (PID=191) to work on /home/airflow/.local/lib/python3.8/site-packages/airflow/example_dags/example_trigger_target_dag.py
[2024-01-09T20:40:51.151+0000] {processor.py:830} INFO - Processing file /home/airflow/.local/lib/python3.8/site-packages/airflow/example_dags/example_trigger_target_dag.py for tasks to queue
[2024-01-09T20:40:51.153+0000] {logging_mixin.py:188} INFO - [2024-01-09T20:40:51.153+0000] {dagbag.py:538} INFO - Filling up the DagBag from /home/airflow/.local/lib/python3.8/site-packages/airflow/example_dags/example_trigger_target_dag.py
[2024-01-09T20:40:51.158+0000] {processor.py:840} INFO - DAG(s) 'example_trigger_target_dag' retrieved from /home/airflow/.local/lib/python3.8/site-packages/airflow/example_dags/example_trigger_target_dag.py
[2024-01-09T20:40:51.172+0000] {logging_mixin.py:188} INFO - [2024-01-09T20:40:51.171+0000] {dag.py:3033} INFO - Sync 1 DAGs
[2024-01-09T20:40:51.180+0000] {logging_mixin.py:188} INFO - [2024-01-09T20:40:51.180+0000] {dag.py:3820} INFO - Setting next_dagrun for example_trigger_target_dag to None, run_after=None
[2024-01-09T20:40:51.189+0000] {processor.py:183} INFO - Processing /home/airflow/.local/lib/python3.8/site-packages/airflow/example_dags/example_trigger_target_dag.py took 0.041 seconds
[2024-01-09T20:41:21.377+0000] {processor.py:161} INFO - Started process (PID=248) to work on /home/airflow/.local/lib/python3.8/site-packages/airflow/example_dags/example_trigger_target_dag.py
[2024-01-09T20:41:21.378+0000] {processor.py:830} INFO - Processing file /home/airflow/.local/lib/python3.8/site-packages/airflow/example_dags/example_trigger_target_dag.py for tasks to queue
[2024-01-09T20:41:21.380+0000] {logging_mixin.py:188} INFO - [2024-01-09T20:41:21.379+0000] {dagbag.py:538} INFO - Filling up the DagBag from /home/airflow/.local/lib/python3.8/site-packages/airflow/example_dags/example_trigger_target_dag.py
[2024-01-09T20:41:21.384+0000] {processor.py:840} INFO - DAG(s) 'example_trigger_target_dag' retrieved from /home/airflow/.local/lib/python3.8/site-packages/airflow/example_dags/example_trigger_target_dag.py
[2024-01-09T20:41:21.398+0000] {logging_mixin.py:188} INFO - [2024-01-09T20:41:21.397+0000] {dag.py:3033} INFO - Sync 1 DAGs
[2024-01-09T20:41:21.404+0000] {logging_mixin.py:188} INFO - [2024-01-09T20:41:21.404+0000] {dag.py:3820} INFO - Setting next_dagrun for example_trigger_target_dag to None, run_after=None
[2024-01-09T20:41:21.413+0000] {processor.py:183} INFO - Processing /home/airflow/.local/lib/python3.8/site-packages/airflow/example_dags/example_trigger_target_dag.py took 0.039 seconds
[2024-01-09T20:41:51.588+0000] {processor.py:161} INFO - Started process (PID=305) to work on /home/airflow/.local/lib/python3.8/site-packages/airflow/example_dags/example_trigger_target_dag.py
[2024-01-09T20:41:51.589+0000] {processor.py:830} INFO - Processing file /home/airflow/.local/lib/python3.8/site-packages/airflow/example_dags/example_trigger_target_dag.py for tasks to queue
[2024-01-09T20:41:51.590+0000] {logging_mixin.py:188} INFO - [2024-01-09T20:41:51.590+0000] {dagbag.py:538} INFO - Filling up the DagBag from /home/airflow/.local/lib/python3.8/site-packages/airflow/example_dags/example_trigger_target_dag.py
[2024-01-09T20:41:51.594+0000] {processor.py:840} INFO - DAG(s) 'example_trigger_target_dag' retrieved from /home/airflow/.local/lib/python3.8/site-packages/airflow/example_dags/example_trigger_target_dag.py
[2024-01-09T20:41:51.607+0000] {logging_mixin.py:188} INFO - [2024-01-09T20:41:51.607+0000] {dag.py:3033} INFO - Sync 1 DAGs
[2024-01-09T20:41:51.614+0000] {logging_mixin.py:188} INFO - [2024-01-09T20:41:51.614+0000] {dag.py:3820} INFO - Setting next_dagrun for example_trigger_target_dag to None, run_after=None
[2024-01-09T20:41:51.622+0000] {processor.py:183} INFO - Processing /home/airflow/.local/lib/python3.8/site-packages/airflow/example_dags/example_trigger_target_dag.py took 0.037 seconds
[2024-01-09T20:42:21.751+0000] {processor.py:161} INFO - Started process (PID=362) to work on /home/airflow/.local/lib/python3.8/site-packages/airflow/example_dags/example_trigger_target_dag.py
[2024-01-09T20:42:21.751+0000] {processor.py:830} INFO - Processing file /home/airflow/.local/lib/python3.8/site-packages/airflow/example_dags/example_trigger_target_dag.py for tasks to queue
[2024-01-09T20:42:21.754+0000] {logging_mixin.py:188} INFO - [2024-01-09T20:42:21.753+0000] {dagbag.py:538} INFO - Filling up the DagBag from /home/airflow/.local/lib/python3.8/site-packages/airflow/example_dags/example_trigger_target_dag.py
[2024-01-09T20:42:21.758+0000] {processor.py:840} INFO - DAG(s) 'example_trigger_target_dag' retrieved from /home/airflow/.local/lib/python3.8/site-packages/airflow/example_dags/example_trigger_target_dag.py
[2024-01-09T20:42:21.770+0000] {logging_mixin.py:188} INFO - [2024-01-09T20:42:21.770+0000] {dag.py:3033} INFO - Sync 1 DAGs
[2024-01-09T20:42:21.778+0000] {logging_mixin.py:188} INFO - [2024-01-09T20:42:21.778+0000] {dag.py:3820} INFO - Setting next_dagrun for example_trigger_target_dag to None, run_after=None
[2024-01-09T20:42:21.788+0000] {processor.py:183} INFO - Processing /home/airflow/.local/lib/python3.8/site-packages/airflow/example_dags/example_trigger_target_dag.py took 0.041 seconds
[2024-01-09T20:42:52.009+0000] {processor.py:161} INFO - Started process (PID=419) to work on /home/airflow/.local/lib/python3.8/site-packages/airflow/example_dags/example_trigger_target_dag.py
[2024-01-09T20:42:52.010+0000] {processor.py:830} INFO - Processing file /home/airflow/.local/lib/python3.8/site-packages/airflow/example_dags/example_trigger_target_dag.py for tasks to queue
[2024-01-09T20:42:52.012+0000] {logging_mixin.py:188} INFO - [2024-01-09T20:42:52.012+0000] {dagbag.py:538} INFO - Filling up the DagBag from /home/airflow/.local/lib/python3.8/site-packages/airflow/example_dags/example_trigger_target_dag.py
[2024-01-09T20:42:52.017+0000] {processor.py:840} INFO - DAG(s) 'example_trigger_target_dag' retrieved from /home/airflow/.local/lib/python3.8/site-packages/airflow/example_dags/example_trigger_target_dag.py
[2024-01-09T20:42:52.029+0000] {logging_mixin.py:188} INFO - [2024-01-09T20:42:52.029+0000] {dag.py:3033} INFO - Sync 1 DAGs
[2024-01-09T20:42:52.038+0000] {logging_mixin.py:188} INFO - [2024-01-09T20:42:52.038+0000] {dag.py:3820} INFO - Setting next_dagrun for example_trigger_target_dag to None, run_after=None
[2024-01-09T20:42:52.049+0000] {processor.py:183} INFO - Processing /home/airflow/.local/lib/python3.8/site-packages/airflow/example_dags/example_trigger_target_dag.py took 0.042 seconds
[2024-01-09T20:43:22.298+0000] {processor.py:161} INFO - Started process (PID=476) to work on /home/airflow/.local/lib/python3.8/site-packages/airflow/example_dags/example_trigger_target_dag.py
[2024-01-09T20:43:22.299+0000] {processor.py:830} INFO - Processing file /home/airflow/.local/lib/python3.8/site-packages/airflow/example_dags/example_trigger_target_dag.py for tasks to queue
[2024-01-09T20:43:22.301+0000] {logging_mixin.py:188} INFO - [2024-01-09T20:43:22.300+0000] {dagbag.py:538} INFO - Filling up the DagBag from /home/airflow/.local/lib/python3.8/site-packages/airflow/example_dags/example_trigger_target_dag.py
[2024-01-09T20:43:22.305+0000] {processor.py:840} INFO - DAG(s) 'example_trigger_target_dag' retrieved from /home/airflow/.local/lib/python3.8/site-packages/airflow/example_dags/example_trigger_target_dag.py
[2024-01-09T20:43:22.323+0000] {logging_mixin.py:188} INFO - [2024-01-09T20:43:22.323+0000] {dag.py:3033} INFO - Sync 1 DAGs
[2024-01-09T20:43:22.333+0000] {logging_mixin.py:188} INFO - [2024-01-09T20:43:22.333+0000] {dag.py:3820} INFO - Setting next_dagrun for example_trigger_target_dag to None, run_after=None
[2024-01-09T20:43:22.344+0000] {processor.py:183} INFO - Processing /home/airflow/.local/lib/python3.8/site-packages/airflow/example_dags/example_trigger_target_dag.py took 0.049 seconds
[2024-01-09T20:43:52.436+0000] {processor.py:161} INFO - Started process (PID=532) to work on /home/airflow/.local/lib/python3.8/site-packages/airflow/example_dags/example_trigger_target_dag.py
[2024-01-09T20:43:52.437+0000] {processor.py:830} INFO - Processing file /home/airflow/.local/lib/python3.8/site-packages/airflow/example_dags/example_trigger_target_dag.py for tasks to queue
[2024-01-09T20:43:52.441+0000] {logging_mixin.py:188} INFO - [2024-01-09T20:43:52.441+0000] {dagbag.py:538} INFO - Filling up the DagBag from /home/airflow/.local/lib/python3.8/site-packages/airflow/example_dags/example_trigger_target_dag.py
[2024-01-09T20:43:52.449+0000] {processor.py:840} INFO - DAG(s) 'example_trigger_target_dag' retrieved from /home/airflow/.local/lib/python3.8/site-packages/airflow/example_dags/example_trigger_target_dag.py
[2024-01-09T20:43:52.464+0000] {logging_mixin.py:188} INFO - [2024-01-09T20:43:52.464+0000] {dag.py:3033} INFO - Sync 1 DAGs
[2024-01-09T20:43:52.473+0000] {logging_mixin.py:188} INFO - [2024-01-09T20:43:52.473+0000] {dag.py:3820} INFO - Setting next_dagrun for example_trigger_target_dag to None, run_after=None
[2024-01-09T20:43:52.485+0000] {processor.py:183} INFO - Processing /home/airflow/.local/lib/python3.8/site-packages/airflow/example_dags/example_trigger_target_dag.py took 0.052 seconds
[2024-01-09T20:44:22.598+0000] {processor.py:161} INFO - Started process (PID=589) to work on /home/airflow/.local/lib/python3.8/site-packages/airflow/example_dags/example_trigger_target_dag.py
[2024-01-09T20:44:22.599+0000] {processor.py:830} INFO - Processing file /home/airflow/.local/lib/python3.8/site-packages/airflow/example_dags/example_trigger_target_dag.py for tasks to queue
[2024-01-09T20:44:22.600+0000] {logging_mixin.py:188} INFO - [2024-01-09T20:44:22.600+0000] {dagbag.py:538} INFO - Filling up the DagBag from /home/airflow/.local/lib/python3.8/site-packages/airflow/example_dags/example_trigger_target_dag.py
[2024-01-09T20:44:22.604+0000] {processor.py:840} INFO - DAG(s) 'example_trigger_target_dag' retrieved from /home/airflow/.local/lib/python3.8/site-packages/airflow/example_dags/example_trigger_target_dag.py
[2024-01-09T20:44:22.617+0000] {logging_mixin.py:188} INFO - [2024-01-09T20:44:22.617+0000] {dag.py:3033} INFO - Sync 1 DAGs
[2024-01-09T20:44:22.624+0000] {logging_mixin.py:188} INFO - [2024-01-09T20:44:22.624+0000] {dag.py:3820} INFO - Setting next_dagrun for example_trigger_target_dag to None, run_after=None
[2024-01-09T20:44:22.633+0000] {processor.py:183} INFO - Processing /home/airflow/.local/lib/python3.8/site-packages/airflow/example_dags/example_trigger_target_dag.py took 0.037 seconds
[2024-01-09T20:44:52.902+0000] {processor.py:161} INFO - Started process (PID=645) to work on /home/airflow/.local/lib/python3.8/site-packages/airflow/example_dags/example_trigger_target_dag.py
[2024-01-09T20:44:52.903+0000] {processor.py:830} INFO - Processing file /home/airflow/.local/lib/python3.8/site-packages/airflow/example_dags/example_trigger_target_dag.py for tasks to queue
[2024-01-09T20:44:52.905+0000] {logging_mixin.py:188} INFO - [2024-01-09T20:44:52.905+0000] {dagbag.py:538} INFO - Filling up the DagBag from /home/airflow/.local/lib/python3.8/site-packages/airflow/example_dags/example_trigger_target_dag.py
[2024-01-09T20:44:52.910+0000] {processor.py:840} INFO - DAG(s) 'example_trigger_target_dag' retrieved from /home/airflow/.local/lib/python3.8/site-packages/airflow/example_dags/example_trigger_target_dag.py
[2024-01-09T20:44:52.926+0000] {logging_mixin.py:188} INFO - [2024-01-09T20:44:52.926+0000] {dag.py:3033} INFO - Sync 1 DAGs
[2024-01-09T20:44:52.935+0000] {logging_mixin.py:188} INFO - [2024-01-09T20:44:52.935+0000] {dag.py:3820} INFO - Setting next_dagrun for example_trigger_target_dag to None, run_after=None
[2024-01-09T20:44:52.946+0000] {processor.py:183} INFO - Processing /home/airflow/.local/lib/python3.8/site-packages/airflow/example_dags/example_trigger_target_dag.py took 0.047 seconds
[2024-01-09T20:45:23.266+0000] {processor.py:161} INFO - Started process (PID=702) to work on /home/airflow/.local/lib/python3.8/site-packages/airflow/example_dags/example_trigger_target_dag.py
[2024-01-09T20:45:23.266+0000] {processor.py:830} INFO - Processing file /home/airflow/.local/lib/python3.8/site-packages/airflow/example_dags/example_trigger_target_dag.py for tasks to queue
[2024-01-09T20:45:23.268+0000] {logging_mixin.py:188} INFO - [2024-01-09T20:45:23.268+0000] {dagbag.py:538} INFO - Filling up the DagBag from /home/airflow/.local/lib/python3.8/site-packages/airflow/example_dags/example_trigger_target_dag.py
[2024-01-09T20:45:23.275+0000] {processor.py:840} INFO - DAG(s) 'example_trigger_target_dag' retrieved from /home/airflow/.local/lib/python3.8/site-packages/airflow/example_dags/example_trigger_target_dag.py
[2024-01-09T20:45:23.290+0000] {logging_mixin.py:188} INFO - [2024-01-09T20:45:23.290+0000] {dag.py:3033} INFO - Sync 1 DAGs
[2024-01-09T20:45:23.297+0000] {logging_mixin.py:188} INFO - [2024-01-09T20:45:23.297+0000] {dag.py:3820} INFO - Setting next_dagrun for example_trigger_target_dag to None, run_after=None
[2024-01-09T20:45:23.311+0000] {processor.py:183} INFO - Processing /home/airflow/.local/lib/python3.8/site-packages/airflow/example_dags/example_trigger_target_dag.py took 0.048 seconds
[2024-01-09T20:45:53.550+0000] {processor.py:161} INFO - Started process (PID=759) to work on /home/airflow/.local/lib/python3.8/site-packages/airflow/example_dags/example_trigger_target_dag.py
[2024-01-09T20:45:53.551+0000] {processor.py:830} INFO - Processing file /home/airflow/.local/lib/python3.8/site-packages/airflow/example_dags/example_trigger_target_dag.py for tasks to queue
[2024-01-09T20:45:53.553+0000] {logging_mixin.py:188} INFO - [2024-01-09T20:45:53.552+0000] {dagbag.py:538} INFO - Filling up the DagBag from /home/airflow/.local/lib/python3.8/site-packages/airflow/example_dags/example_trigger_target_dag.py
[2024-01-09T20:45:53.558+0000] {processor.py:840} INFO - DAG(s) 'example_trigger_target_dag' retrieved from /home/airflow/.local/lib/python3.8/site-packages/airflow/example_dags/example_trigger_target_dag.py
[2024-01-09T20:45:53.571+0000] {logging_mixin.py:188} INFO - [2024-01-09T20:45:53.571+0000] {dag.py:3033} INFO - Sync 1 DAGs
[2024-01-09T20:45:53.578+0000] {logging_mixin.py:188} INFO - [2024-01-09T20:45:53.578+0000] {dag.py:3820} INFO - Setting next_dagrun for example_trigger_target_dag to None, run_after=None
[2024-01-09T20:45:53.586+0000] {processor.py:183} INFO - Processing /home/airflow/.local/lib/python3.8/site-packages/airflow/example_dags/example_trigger_target_dag.py took 0.038 seconds
[2024-01-09T20:46:23.658+0000] {processor.py:161} INFO - Started process (PID=816) to work on /home/airflow/.local/lib/python3.8/site-packages/airflow/example_dags/example_trigger_target_dag.py
[2024-01-09T20:46:23.658+0000] {processor.py:830} INFO - Processing file /home/airflow/.local/lib/python3.8/site-packages/airflow/example_dags/example_trigger_target_dag.py for tasks to queue
[2024-01-09T20:46:23.660+0000] {logging_mixin.py:188} INFO - [2024-01-09T20:46:23.660+0000] {dagbag.py:538} INFO - Filling up the DagBag from /home/airflow/.local/lib/python3.8/site-packages/airflow/example_dags/example_trigger_target_dag.py
[2024-01-09T20:46:23.664+0000] {processor.py:840} INFO - DAG(s) 'example_trigger_target_dag' retrieved from /home/airflow/.local/lib/python3.8/site-packages/airflow/example_dags/example_trigger_target_dag.py
[2024-01-09T20:46:23.680+0000] {logging_mixin.py:188} INFO - [2024-01-09T20:46:23.679+0000] {dag.py:3033} INFO - Sync 1 DAGs
[2024-01-09T20:46:23.687+0000] {logging_mixin.py:188} INFO - [2024-01-09T20:46:23.687+0000] {dag.py:3820} INFO - Setting next_dagrun for example_trigger_target_dag to None, run_after=None
[2024-01-09T20:46:23.695+0000] {processor.py:183} INFO - Processing /home/airflow/.local/lib/python3.8/site-packages/airflow/example_dags/example_trigger_target_dag.py took 0.040 seconds
[2024-01-09T20:46:53.881+0000] {processor.py:161} INFO - Started process (PID=873) to work on /home/airflow/.local/lib/python3.8/site-packages/airflow/example_dags/example_trigger_target_dag.py
[2024-01-09T20:46:53.881+0000] {processor.py:830} INFO - Processing file /home/airflow/.local/lib/python3.8/site-packages/airflow/example_dags/example_trigger_target_dag.py for tasks to queue
[2024-01-09T20:46:53.883+0000] {logging_mixin.py:188} INFO - [2024-01-09T20:46:53.883+0000] {dagbag.py:538} INFO - Filling up the DagBag from /home/airflow/.local/lib/python3.8/site-packages/airflow/example_dags/example_trigger_target_dag.py
[2024-01-09T20:46:53.888+0000] {processor.py:840} INFO - DAG(s) 'example_trigger_target_dag' retrieved from /home/airflow/.local/lib/python3.8/site-packages/airflow/example_dags/example_trigger_target_dag.py
[2024-01-09T20:46:53.903+0000] {logging_mixin.py:188} INFO - [2024-01-09T20:46:53.903+0000] {dag.py:3033} INFO - Sync 1 DAGs
[2024-01-09T20:46:53.913+0000] {logging_mixin.py:188} INFO - [2024-01-09T20:46:53.913+0000] {dag.py:3820} INFO - Setting next_dagrun for example_trigger_target_dag to None, run_after=None
[2024-01-09T20:46:53.925+0000] {processor.py:183} INFO - Processing /home/airflow/.local/lib/python3.8/site-packages/airflow/example_dags/example_trigger_target_dag.py took 0.046 seconds
[2024-01-09T20:47:24.091+0000] {processor.py:161} INFO - Started process (PID=930) to work on /home/airflow/.local/lib/python3.8/site-packages/airflow/example_dags/example_trigger_target_dag.py
[2024-01-09T20:47:24.092+0000] {processor.py:830} INFO - Processing file /home/airflow/.local/lib/python3.8/site-packages/airflow/example_dags/example_trigger_target_dag.py for tasks to queue
[2024-01-09T20:47:24.094+0000] {logging_mixin.py:188} INFO - [2024-01-09T20:47:24.094+0000] {dagbag.py:538} INFO - Filling up the DagBag from /home/airflow/.local/lib/python3.8/site-packages/airflow/example_dags/example_trigger_target_dag.py
[2024-01-09T20:47:24.100+0000] {processor.py:840} INFO - DAG(s) 'example_trigger_target_dag' retrieved from /home/airflow/.local/lib/python3.8/site-packages/airflow/example_dags/example_trigger_target_dag.py
[2024-01-09T20:47:24.114+0000] {logging_mixin.py:188} INFO - [2024-01-09T20:47:24.114+0000] {dag.py:3033} INFO - Sync 1 DAGs
[2024-01-09T20:47:24.125+0000] {logging_mixin.py:188} INFO - [2024-01-09T20:47:24.124+0000] {dag.py:3820} INFO - Setting next_dagrun for example_trigger_target_dag to None, run_after=None
[2024-01-09T20:47:24.136+0000] {processor.py:183} INFO - Processing /home/airflow/.local/lib/python3.8/site-packages/airflow/example_dags/example_trigger_target_dag.py took 0.050 seconds
[2024-01-09T20:47:54.478+0000] {processor.py:161} INFO - Started process (PID=986) to work on /home/airflow/.local/lib/python3.8/site-packages/airflow/example_dags/example_trigger_target_dag.py
[2024-01-09T20:47:54.479+0000] {processor.py:830} INFO - Processing file /home/airflow/.local/lib/python3.8/site-packages/airflow/example_dags/example_trigger_target_dag.py for tasks to queue
[2024-01-09T20:47:54.481+0000] {logging_mixin.py:188} INFO - [2024-01-09T20:47:54.481+0000] {dagbag.py:538} INFO - Filling up the DagBag from /home/airflow/.local/lib/python3.8/site-packages/airflow/example_dags/example_trigger_target_dag.py
[2024-01-09T20:47:54.487+0000] {processor.py:840} INFO - DAG(s) 'example_trigger_target_dag' retrieved from /home/airflow/.local/lib/python3.8/site-packages/airflow/example_dags/example_trigger_target_dag.py
[2024-01-09T20:47:54.506+0000] {logging_mixin.py:188} INFO - [2024-01-09T20:47:54.506+0000] {dag.py:3033} INFO - Sync 1 DAGs
[2024-01-09T20:47:54.516+0000] {logging_mixin.py:188} INFO - [2024-01-09T20:47:54.516+0000] {dag.py:3820} INFO - Setting next_dagrun for example_trigger_target_dag to None, run_after=None
[2024-01-09T20:47:54.532+0000] {processor.py:183} INFO - Processing /home/airflow/.local/lib/python3.8/site-packages/airflow/example_dags/example_trigger_target_dag.py took 0.057 seconds
[2024-01-09T20:48:25.299+0000] {processor.py:161} INFO - Started process (PID=1043) to work on /home/airflow/.local/lib/python3.8/site-packages/airflow/example_dags/example_trigger_target_dag.py
[2024-01-09T20:48:25.300+0000] {processor.py:830} INFO - Processing file /home/airflow/.local/lib/python3.8/site-packages/airflow/example_dags/example_trigger_target_dag.py for tasks to queue
[2024-01-09T20:48:25.302+0000] {logging_mixin.py:188} INFO - [2024-01-09T20:48:25.302+0000] {dagbag.py:538} INFO - Filling up the DagBag from /home/airflow/.local/lib/python3.8/site-packages/airflow/example_dags/example_trigger_target_dag.py
[2024-01-09T20:48:25.309+0000] {processor.py:840} INFO - DAG(s) 'example_trigger_target_dag' retrieved from /home/airflow/.local/lib/python3.8/site-packages/airflow/example_dags/example_trigger_target_dag.py
[2024-01-09T20:48:25.327+0000] {logging_mixin.py:188} INFO - [2024-01-09T20:48:25.326+0000] {dag.py:3033} INFO - Sync 1 DAGs
[2024-01-09T20:48:25.338+0000] {logging_mixin.py:188} INFO - [2024-01-09T20:48:25.338+0000] {dag.py:3820} INFO - Setting next_dagrun for example_trigger_target_dag to None, run_after=None
[2024-01-09T20:48:25.352+0000] {processor.py:183} INFO - Processing /home/airflow/.local/lib/python3.8/site-packages/airflow/example_dags/example_trigger_target_dag.py took 0.057 seconds
