[2024-01-09T20:39:48.406+0000] {processor.py:161} INFO - Started process (PID=66) to work on /home/airflow/.local/lib/python3.8/site-packages/airflow/example_dags/example_dynamic_task_mapping.py
[2024-01-09T20:39:48.408+0000] {processor.py:830} INFO - Processing file /home/airflow/.local/lib/python3.8/site-packages/airflow/example_dags/example_dynamic_task_mapping.py for tasks to queue
[2024-01-09T20:39:48.414+0000] {logging_mixin.py:188} INFO - [2024-01-09T20:39:48.413+0000] {dagbag.py:538} INFO - Filling up the DagBag from /home/airflow/.local/lib/python3.8/site-packages/airflow/example_dags/example_dynamic_task_mapping.py
[2024-01-09T20:39:48.430+0000] {processor.py:840} INFO - DAG(s) 'example_dynamic_task_mapping' retrieved from /home/airflow/.local/lib/python3.8/site-packages/airflow/example_dags/example_dynamic_task_mapping.py
[2024-01-09T20:39:48.595+0000] {logging_mixin.py:188} INFO - [2024-01-09T20:39:48.594+0000] {override.py:1769} INFO - Created Permission View: can delete on DAG:example_dynamic_task_mapping
[2024-01-09T20:39:48.609+0000] {logging_mixin.py:188} INFO - [2024-01-09T20:39:48.609+0000] {override.py:1769} INFO - Created Permission View: can read on DAG:example_dynamic_task_mapping
[2024-01-09T20:39:48.620+0000] {logging_mixin.py:188} INFO - [2024-01-09T20:39:48.620+0000] {override.py:1769} INFO - Created Permission View: can edit on DAG:example_dynamic_task_mapping
[2024-01-09T20:39:48.622+0000] {logging_mixin.py:188} INFO - [2024-01-09T20:39:48.621+0000] {dag.py:3033} INFO - Sync 1 DAGs
[2024-01-09T20:39:48.641+0000] {logging_mixin.py:188} INFO - [2024-01-09T20:39:48.641+0000] {dag.py:3055} INFO - Creating ORM DAG for example_dynamic_task_mapping
[2024-01-09T20:39:48.657+0000] {logging_mixin.py:188} INFO - [2024-01-09T20:39:48.656+0000] {dag.py:3820} INFO - Setting next_dagrun for example_dynamic_task_mapping to 2022-03-04T00:00:00+00:00, run_after=2022-03-05T00:00:00+00:00
[2024-01-09T20:39:48.680+0000] {processor.py:183} INFO - Processing /home/airflow/.local/lib/python3.8/site-packages/airflow/example_dags/example_dynamic_task_mapping.py took 0.281 seconds
[2024-01-09T20:40:19.577+0000] {processor.py:161} INFO - Started process (PID=123) to work on /home/airflow/.local/lib/python3.8/site-packages/airflow/example_dags/example_dynamic_task_mapping.py
[2024-01-09T20:40:19.579+0000] {processor.py:830} INFO - Processing file /home/airflow/.local/lib/python3.8/site-packages/airflow/example_dags/example_dynamic_task_mapping.py for tasks to queue
[2024-01-09T20:40:19.581+0000] {logging_mixin.py:188} INFO - [2024-01-09T20:40:19.581+0000] {dagbag.py:538} INFO - Filling up the DagBag from /home/airflow/.local/lib/python3.8/site-packages/airflow/example_dags/example_dynamic_task_mapping.py
[2024-01-09T20:40:19.587+0000] {processor.py:840} INFO - DAG(s) 'example_dynamic_task_mapping' retrieved from /home/airflow/.local/lib/python3.8/site-packages/airflow/example_dags/example_dynamic_task_mapping.py
[2024-01-09T20:40:19.602+0000] {logging_mixin.py:188} INFO - [2024-01-09T20:40:19.602+0000] {dag.py:3033} INFO - Sync 1 DAGs
[2024-01-09T20:40:19.619+0000] {logging_mixin.py:188} INFO - [2024-01-09T20:40:19.619+0000] {dag.py:3820} INFO - Setting next_dagrun for example_dynamic_task_mapping to 2022-03-04T00:00:00+00:00, run_after=2022-03-05T00:00:00+00:00
[2024-01-09T20:40:19.631+0000] {processor.py:183} INFO - Processing /home/airflow/.local/lib/python3.8/site-packages/airflow/example_dags/example_dynamic_task_mapping.py took 0.058 seconds
[2024-01-09T20:40:49.729+0000] {processor.py:161} INFO - Started process (PID=180) to work on /home/airflow/.local/lib/python3.8/site-packages/airflow/example_dags/example_dynamic_task_mapping.py
[2024-01-09T20:40:49.730+0000] {processor.py:830} INFO - Processing file /home/airflow/.local/lib/python3.8/site-packages/airflow/example_dags/example_dynamic_task_mapping.py for tasks to queue
[2024-01-09T20:40:49.732+0000] {logging_mixin.py:188} INFO - [2024-01-09T20:40:49.731+0000] {dagbag.py:538} INFO - Filling up the DagBag from /home/airflow/.local/lib/python3.8/site-packages/airflow/example_dags/example_dynamic_task_mapping.py
[2024-01-09T20:40:49.736+0000] {processor.py:840} INFO - DAG(s) 'example_dynamic_task_mapping' retrieved from /home/airflow/.local/lib/python3.8/site-packages/airflow/example_dags/example_dynamic_task_mapping.py
[2024-01-09T20:40:49.751+0000] {logging_mixin.py:188} INFO - [2024-01-09T20:40:49.751+0000] {dag.py:3033} INFO - Sync 1 DAGs
[2024-01-09T20:40:49.765+0000] {logging_mixin.py:188} INFO - [2024-01-09T20:40:49.765+0000] {dag.py:3820} INFO - Setting next_dagrun for example_dynamic_task_mapping to 2022-03-04T00:00:00+00:00, run_after=2022-03-05T00:00:00+00:00
[2024-01-09T20:40:49.775+0000] {processor.py:183} INFO - Processing /home/airflow/.local/lib/python3.8/site-packages/airflow/example_dags/example_dynamic_task_mapping.py took 0.048 seconds
[2024-01-09T20:41:19.954+0000] {processor.py:161} INFO - Started process (PID=237) to work on /home/airflow/.local/lib/python3.8/site-packages/airflow/example_dags/example_dynamic_task_mapping.py
[2024-01-09T20:41:19.955+0000] {processor.py:830} INFO - Processing file /home/airflow/.local/lib/python3.8/site-packages/airflow/example_dags/example_dynamic_task_mapping.py for tasks to queue
[2024-01-09T20:41:19.958+0000] {logging_mixin.py:188} INFO - [2024-01-09T20:41:19.957+0000] {dagbag.py:538} INFO - Filling up the DagBag from /home/airflow/.local/lib/python3.8/site-packages/airflow/example_dags/example_dynamic_task_mapping.py
[2024-01-09T20:41:19.962+0000] {processor.py:840} INFO - DAG(s) 'example_dynamic_task_mapping' retrieved from /home/airflow/.local/lib/python3.8/site-packages/airflow/example_dags/example_dynamic_task_mapping.py
[2024-01-09T20:41:19.976+0000] {logging_mixin.py:188} INFO - [2024-01-09T20:41:19.976+0000] {dag.py:3033} INFO - Sync 1 DAGs
[2024-01-09T20:41:19.990+0000] {logging_mixin.py:188} INFO - [2024-01-09T20:41:19.990+0000] {dag.py:3820} INFO - Setting next_dagrun for example_dynamic_task_mapping to 2022-03-04T00:00:00+00:00, run_after=2022-03-05T00:00:00+00:00
[2024-01-09T20:41:19.999+0000] {processor.py:183} INFO - Processing /home/airflow/.local/lib/python3.8/site-packages/airflow/example_dags/example_dynamic_task_mapping.py took 0.052 seconds
[2024-01-09T20:41:50.094+0000] {processor.py:161} INFO - Started process (PID=294) to work on /home/airflow/.local/lib/python3.8/site-packages/airflow/example_dags/example_dynamic_task_mapping.py
[2024-01-09T20:41:50.095+0000] {processor.py:830} INFO - Processing file /home/airflow/.local/lib/python3.8/site-packages/airflow/example_dags/example_dynamic_task_mapping.py for tasks to queue
[2024-01-09T20:41:50.097+0000] {logging_mixin.py:188} INFO - [2024-01-09T20:41:50.097+0000] {dagbag.py:538} INFO - Filling up the DagBag from /home/airflow/.local/lib/python3.8/site-packages/airflow/example_dags/example_dynamic_task_mapping.py
[2024-01-09T20:41:50.106+0000] {processor.py:840} INFO - DAG(s) 'example_dynamic_task_mapping' retrieved from /home/airflow/.local/lib/python3.8/site-packages/airflow/example_dags/example_dynamic_task_mapping.py
[2024-01-09T20:41:50.128+0000] {logging_mixin.py:188} INFO - [2024-01-09T20:41:50.128+0000] {dag.py:3033} INFO - Sync 1 DAGs
[2024-01-09T20:41:50.154+0000] {logging_mixin.py:188} INFO - [2024-01-09T20:41:50.153+0000] {dag.py:3820} INFO - Setting next_dagrun for example_dynamic_task_mapping to 2022-03-04T00:00:00+00:00, run_after=2022-03-05T00:00:00+00:00
[2024-01-09T20:41:50.175+0000] {processor.py:183} INFO - Processing /home/airflow/.local/lib/python3.8/site-packages/airflow/example_dags/example_dynamic_task_mapping.py took 0.085 seconds
[2024-01-09T20:42:20.342+0000] {processor.py:161} INFO - Started process (PID=351) to work on /home/airflow/.local/lib/python3.8/site-packages/airflow/example_dags/example_dynamic_task_mapping.py
[2024-01-09T20:42:20.343+0000] {processor.py:830} INFO - Processing file /home/airflow/.local/lib/python3.8/site-packages/airflow/example_dags/example_dynamic_task_mapping.py for tasks to queue
[2024-01-09T20:42:20.345+0000] {logging_mixin.py:188} INFO - [2024-01-09T20:42:20.345+0000] {dagbag.py:538} INFO - Filling up the DagBag from /home/airflow/.local/lib/python3.8/site-packages/airflow/example_dags/example_dynamic_task_mapping.py
[2024-01-09T20:42:20.352+0000] {processor.py:840} INFO - DAG(s) 'example_dynamic_task_mapping' retrieved from /home/airflow/.local/lib/python3.8/site-packages/airflow/example_dags/example_dynamic_task_mapping.py
[2024-01-09T20:42:20.367+0000] {logging_mixin.py:188} INFO - [2024-01-09T20:42:20.367+0000] {dag.py:3033} INFO - Sync 1 DAGs
[2024-01-09T20:42:20.381+0000] {logging_mixin.py:188} INFO - [2024-01-09T20:42:20.381+0000] {dag.py:3820} INFO - Setting next_dagrun for example_dynamic_task_mapping to 2022-03-04T00:00:00+00:00, run_after=2022-03-05T00:00:00+00:00
[2024-01-09T20:42:20.395+0000] {processor.py:183} INFO - Processing /home/airflow/.local/lib/python3.8/site-packages/airflow/example_dags/example_dynamic_task_mapping.py took 0.056 seconds
[2024-01-09T20:42:50.529+0000] {processor.py:161} INFO - Started process (PID=408) to work on /home/airflow/.local/lib/python3.8/site-packages/airflow/example_dags/example_dynamic_task_mapping.py
[2024-01-09T20:42:50.530+0000] {processor.py:830} INFO - Processing file /home/airflow/.local/lib/python3.8/site-packages/airflow/example_dags/example_dynamic_task_mapping.py for tasks to queue
[2024-01-09T20:42:50.532+0000] {logging_mixin.py:188} INFO - [2024-01-09T20:42:50.532+0000] {dagbag.py:538} INFO - Filling up the DagBag from /home/airflow/.local/lib/python3.8/site-packages/airflow/example_dags/example_dynamic_task_mapping.py
[2024-01-09T20:42:50.538+0000] {processor.py:840} INFO - DAG(s) 'example_dynamic_task_mapping' retrieved from /home/airflow/.local/lib/python3.8/site-packages/airflow/example_dags/example_dynamic_task_mapping.py
[2024-01-09T20:42:50.557+0000] {logging_mixin.py:188} INFO - [2024-01-09T20:42:50.556+0000] {dag.py:3033} INFO - Sync 1 DAGs
[2024-01-09T20:42:50.574+0000] {logging_mixin.py:188} INFO - [2024-01-09T20:42:50.574+0000] {dag.py:3820} INFO - Setting next_dagrun for example_dynamic_task_mapping to 2022-03-04T00:00:00+00:00, run_after=2022-03-05T00:00:00+00:00
[2024-01-09T20:42:50.587+0000] {processor.py:183} INFO - Processing /home/airflow/.local/lib/python3.8/site-packages/airflow/example_dags/example_dynamic_task_mapping.py took 0.061 seconds
[2024-01-09T20:43:20.705+0000] {processor.py:161} INFO - Started process (PID=465) to work on /home/airflow/.local/lib/python3.8/site-packages/airflow/example_dags/example_dynamic_task_mapping.py
[2024-01-09T20:43:20.706+0000] {processor.py:830} INFO - Processing file /home/airflow/.local/lib/python3.8/site-packages/airflow/example_dags/example_dynamic_task_mapping.py for tasks to queue
[2024-01-09T20:43:20.709+0000] {logging_mixin.py:188} INFO - [2024-01-09T20:43:20.709+0000] {dagbag.py:538} INFO - Filling up the DagBag from /home/airflow/.local/lib/python3.8/site-packages/airflow/example_dags/example_dynamic_task_mapping.py
[2024-01-09T20:43:20.715+0000] {processor.py:840} INFO - DAG(s) 'example_dynamic_task_mapping' retrieved from /home/airflow/.local/lib/python3.8/site-packages/airflow/example_dags/example_dynamic_task_mapping.py
[2024-01-09T20:43:20.728+0000] {logging_mixin.py:188} INFO - [2024-01-09T20:43:20.728+0000] {dag.py:3033} INFO - Sync 1 DAGs
[2024-01-09T20:43:20.743+0000] {logging_mixin.py:188} INFO - [2024-01-09T20:43:20.742+0000] {dag.py:3820} INFO - Setting next_dagrun for example_dynamic_task_mapping to 2022-03-04T00:00:00+00:00, run_after=2022-03-05T00:00:00+00:00
[2024-01-09T20:43:20.754+0000] {processor.py:183} INFO - Processing /home/airflow/.local/lib/python3.8/site-packages/airflow/example_dags/example_dynamic_task_mapping.py took 0.053 seconds
[2024-01-09T20:43:50.981+0000] {processor.py:161} INFO - Started process (PID=521) to work on /home/airflow/.local/lib/python3.8/site-packages/airflow/example_dags/example_dynamic_task_mapping.py
[2024-01-09T20:43:50.982+0000] {processor.py:830} INFO - Processing file /home/airflow/.local/lib/python3.8/site-packages/airflow/example_dags/example_dynamic_task_mapping.py for tasks to queue
[2024-01-09T20:43:50.984+0000] {logging_mixin.py:188} INFO - [2024-01-09T20:43:50.984+0000] {dagbag.py:538} INFO - Filling up the DagBag from /home/airflow/.local/lib/python3.8/site-packages/airflow/example_dags/example_dynamic_task_mapping.py
[2024-01-09T20:43:50.990+0000] {processor.py:840} INFO - DAG(s) 'example_dynamic_task_mapping' retrieved from /home/airflow/.local/lib/python3.8/site-packages/airflow/example_dags/example_dynamic_task_mapping.py
[2024-01-09T20:43:51.005+0000] {logging_mixin.py:188} INFO - [2024-01-09T20:43:51.005+0000] {dag.py:3033} INFO - Sync 1 DAGs
[2024-01-09T20:43:51.023+0000] {logging_mixin.py:188} INFO - [2024-01-09T20:43:51.023+0000] {dag.py:3820} INFO - Setting next_dagrun for example_dynamic_task_mapping to 2022-03-04T00:00:00+00:00, run_after=2022-03-05T00:00:00+00:00
[2024-01-09T20:43:51.035+0000] {processor.py:183} INFO - Processing /home/airflow/.local/lib/python3.8/site-packages/airflow/example_dags/example_dynamic_task_mapping.py took 0.060 seconds
[2024-01-09T20:44:21.237+0000] {processor.py:161} INFO - Started process (PID=578) to work on /home/airflow/.local/lib/python3.8/site-packages/airflow/example_dags/example_dynamic_task_mapping.py
[2024-01-09T20:44:21.239+0000] {processor.py:830} INFO - Processing file /home/airflow/.local/lib/python3.8/site-packages/airflow/example_dags/example_dynamic_task_mapping.py for tasks to queue
[2024-01-09T20:44:21.242+0000] {logging_mixin.py:188} INFO - [2024-01-09T20:44:21.242+0000] {dagbag.py:538} INFO - Filling up the DagBag from /home/airflow/.local/lib/python3.8/site-packages/airflow/example_dags/example_dynamic_task_mapping.py
[2024-01-09T20:44:21.249+0000] {processor.py:840} INFO - DAG(s) 'example_dynamic_task_mapping' retrieved from /home/airflow/.local/lib/python3.8/site-packages/airflow/example_dags/example_dynamic_task_mapping.py
[2024-01-09T20:44:21.263+0000] {logging_mixin.py:188} INFO - [2024-01-09T20:44:21.263+0000] {dag.py:3033} INFO - Sync 1 DAGs
[2024-01-09T20:44:21.275+0000] {logging_mixin.py:188} INFO - [2024-01-09T20:44:21.275+0000] {dag.py:3820} INFO - Setting next_dagrun for example_dynamic_task_mapping to 2022-03-04T00:00:00+00:00, run_after=2022-03-05T00:00:00+00:00
[2024-01-09T20:44:21.285+0000] {processor.py:183} INFO - Processing /home/airflow/.local/lib/python3.8/site-packages/airflow/example_dags/example_dynamic_task_mapping.py took 0.051 seconds
[2024-01-09T20:44:51.438+0000] {processor.py:161} INFO - Started process (PID=634) to work on /home/airflow/.local/lib/python3.8/site-packages/airflow/example_dags/example_dynamic_task_mapping.py
[2024-01-09T20:44:51.439+0000] {processor.py:830} INFO - Processing file /home/airflow/.local/lib/python3.8/site-packages/airflow/example_dags/example_dynamic_task_mapping.py for tasks to queue
[2024-01-09T20:44:51.441+0000] {logging_mixin.py:188} INFO - [2024-01-09T20:44:51.441+0000] {dagbag.py:538} INFO - Filling up the DagBag from /home/airflow/.local/lib/python3.8/site-packages/airflow/example_dags/example_dynamic_task_mapping.py
[2024-01-09T20:44:51.447+0000] {processor.py:840} INFO - DAG(s) 'example_dynamic_task_mapping' retrieved from /home/airflow/.local/lib/python3.8/site-packages/airflow/example_dags/example_dynamic_task_mapping.py
[2024-01-09T20:44:51.462+0000] {logging_mixin.py:188} INFO - [2024-01-09T20:44:51.462+0000] {dag.py:3033} INFO - Sync 1 DAGs
[2024-01-09T20:44:51.476+0000] {logging_mixin.py:188} INFO - [2024-01-09T20:44:51.476+0000] {dag.py:3820} INFO - Setting next_dagrun for example_dynamic_task_mapping to 2022-03-04T00:00:00+00:00, run_after=2022-03-05T00:00:00+00:00
[2024-01-09T20:44:51.486+0000] {processor.py:183} INFO - Processing /home/airflow/.local/lib/python3.8/site-packages/airflow/example_dags/example_dynamic_task_mapping.py took 0.050 seconds
[2024-01-09T20:45:21.829+0000] {processor.py:161} INFO - Started process (PID=691) to work on /home/airflow/.local/lib/python3.8/site-packages/airflow/example_dags/example_dynamic_task_mapping.py
[2024-01-09T20:45:21.830+0000] {processor.py:830} INFO - Processing file /home/airflow/.local/lib/python3.8/site-packages/airflow/example_dags/example_dynamic_task_mapping.py for tasks to queue
[2024-01-09T20:45:21.833+0000] {logging_mixin.py:188} INFO - [2024-01-09T20:45:21.832+0000] {dagbag.py:538} INFO - Filling up the DagBag from /home/airflow/.local/lib/python3.8/site-packages/airflow/example_dags/example_dynamic_task_mapping.py
[2024-01-09T20:45:21.838+0000] {processor.py:840} INFO - DAG(s) 'example_dynamic_task_mapping' retrieved from /home/airflow/.local/lib/python3.8/site-packages/airflow/example_dags/example_dynamic_task_mapping.py
[2024-01-09T20:45:21.857+0000] {logging_mixin.py:188} INFO - [2024-01-09T20:45:21.856+0000] {dag.py:3033} INFO - Sync 1 DAGs
[2024-01-09T20:45:21.875+0000] {logging_mixin.py:188} INFO - [2024-01-09T20:45:21.874+0000] {dag.py:3820} INFO - Setting next_dagrun for example_dynamic_task_mapping to 2022-03-04T00:00:00+00:00, run_after=2022-03-05T00:00:00+00:00
[2024-01-09T20:45:21.889+0000] {processor.py:183} INFO - Processing /home/airflow/.local/lib/python3.8/site-packages/airflow/example_dags/example_dynamic_task_mapping.py took 0.064 seconds
[2024-01-09T20:45:52.026+0000] {processor.py:161} INFO - Started process (PID=748) to work on /home/airflow/.local/lib/python3.8/site-packages/airflow/example_dags/example_dynamic_task_mapping.py
[2024-01-09T20:45:52.027+0000] {processor.py:830} INFO - Processing file /home/airflow/.local/lib/python3.8/site-packages/airflow/example_dags/example_dynamic_task_mapping.py for tasks to queue
[2024-01-09T20:45:52.030+0000] {logging_mixin.py:188} INFO - [2024-01-09T20:45:52.029+0000] {dagbag.py:538} INFO - Filling up the DagBag from /home/airflow/.local/lib/python3.8/site-packages/airflow/example_dags/example_dynamic_task_mapping.py
[2024-01-09T20:45:52.045+0000] {processor.py:840} INFO - DAG(s) 'example_dynamic_task_mapping' retrieved from /home/airflow/.local/lib/python3.8/site-packages/airflow/example_dags/example_dynamic_task_mapping.py
[2024-01-09T20:45:52.063+0000] {logging_mixin.py:188} INFO - [2024-01-09T20:45:52.063+0000] {dag.py:3033} INFO - Sync 1 DAGs
[2024-01-09T20:45:52.089+0000] {logging_mixin.py:188} INFO - [2024-01-09T20:45:52.089+0000] {dag.py:3820} INFO - Setting next_dagrun for example_dynamic_task_mapping to 2022-03-04T00:00:00+00:00, run_after=2022-03-05T00:00:00+00:00
[2024-01-09T20:45:52.113+0000] {processor.py:183} INFO - Processing /home/airflow/.local/lib/python3.8/site-packages/airflow/example_dags/example_dynamic_task_mapping.py took 0.092 seconds
[2024-01-09T20:46:22.151+0000] {processor.py:161} INFO - Started process (PID=805) to work on /home/airflow/.local/lib/python3.8/site-packages/airflow/example_dags/example_dynamic_task_mapping.py
[2024-01-09T20:46:22.152+0000] {processor.py:830} INFO - Processing file /home/airflow/.local/lib/python3.8/site-packages/airflow/example_dags/example_dynamic_task_mapping.py for tasks to queue
[2024-01-09T20:46:22.153+0000] {logging_mixin.py:188} INFO - [2024-01-09T20:46:22.153+0000] {dagbag.py:538} INFO - Filling up the DagBag from /home/airflow/.local/lib/python3.8/site-packages/airflow/example_dags/example_dynamic_task_mapping.py
[2024-01-09T20:46:22.157+0000] {processor.py:840} INFO - DAG(s) 'example_dynamic_task_mapping' retrieved from /home/airflow/.local/lib/python3.8/site-packages/airflow/example_dags/example_dynamic_task_mapping.py
[2024-01-09T20:46:22.173+0000] {logging_mixin.py:188} INFO - [2024-01-09T20:46:22.173+0000] {dag.py:3033} INFO - Sync 1 DAGs
[2024-01-09T20:46:22.187+0000] {logging_mixin.py:188} INFO - [2024-01-09T20:46:22.187+0000] {dag.py:3820} INFO - Setting next_dagrun for example_dynamic_task_mapping to 2022-03-04T00:00:00+00:00, run_after=2022-03-05T00:00:00+00:00
[2024-01-09T20:46:22.201+0000] {processor.py:183} INFO - Processing /home/airflow/.local/lib/python3.8/site-packages/airflow/example_dags/example_dynamic_task_mapping.py took 0.054 seconds
[2024-01-09T20:46:52.434+0000] {processor.py:161} INFO - Started process (PID=862) to work on /home/airflow/.local/lib/python3.8/site-packages/airflow/example_dags/example_dynamic_task_mapping.py
[2024-01-09T20:46:52.435+0000] {processor.py:830} INFO - Processing file /home/airflow/.local/lib/python3.8/site-packages/airflow/example_dags/example_dynamic_task_mapping.py for tasks to queue
[2024-01-09T20:46:52.436+0000] {logging_mixin.py:188} INFO - [2024-01-09T20:46:52.436+0000] {dagbag.py:538} INFO - Filling up the DagBag from /home/airflow/.local/lib/python3.8/site-packages/airflow/example_dags/example_dynamic_task_mapping.py
[2024-01-09T20:46:52.440+0000] {processor.py:840} INFO - DAG(s) 'example_dynamic_task_mapping' retrieved from /home/airflow/.local/lib/python3.8/site-packages/airflow/example_dags/example_dynamic_task_mapping.py
[2024-01-09T20:46:52.452+0000] {logging_mixin.py:188} INFO - [2024-01-09T20:46:52.452+0000] {dag.py:3033} INFO - Sync 1 DAGs
[2024-01-09T20:46:52.472+0000] {logging_mixin.py:188} INFO - [2024-01-09T20:46:52.472+0000] {dag.py:3820} INFO - Setting next_dagrun for example_dynamic_task_mapping to 2022-03-04T00:00:00+00:00, run_after=2022-03-05T00:00:00+00:00
[2024-01-09T20:46:52.480+0000] {processor.py:183} INFO - Processing /home/airflow/.local/lib/python3.8/site-packages/airflow/example_dags/example_dynamic_task_mapping.py took 0.048 seconds
[2024-01-09T20:47:22.667+0000] {processor.py:161} INFO - Started process (PID=919) to work on /home/airflow/.local/lib/python3.8/site-packages/airflow/example_dags/example_dynamic_task_mapping.py
[2024-01-09T20:47:22.669+0000] {processor.py:830} INFO - Processing file /home/airflow/.local/lib/python3.8/site-packages/airflow/example_dags/example_dynamic_task_mapping.py for tasks to queue
[2024-01-09T20:47:22.671+0000] {logging_mixin.py:188} INFO - [2024-01-09T20:47:22.671+0000] {dagbag.py:538} INFO - Filling up the DagBag from /home/airflow/.local/lib/python3.8/site-packages/airflow/example_dags/example_dynamic_task_mapping.py
[2024-01-09T20:47:22.676+0000] {processor.py:840} INFO - DAG(s) 'example_dynamic_task_mapping' retrieved from /home/airflow/.local/lib/python3.8/site-packages/airflow/example_dags/example_dynamic_task_mapping.py
[2024-01-09T20:47:22.692+0000] {logging_mixin.py:188} INFO - [2024-01-09T20:47:22.692+0000] {dag.py:3033} INFO - Sync 1 DAGs
[2024-01-09T20:47:22.706+0000] {logging_mixin.py:188} INFO - [2024-01-09T20:47:22.706+0000] {dag.py:3820} INFO - Setting next_dagrun for example_dynamic_task_mapping to 2022-03-04T00:00:00+00:00, run_after=2022-03-05T00:00:00+00:00
[2024-01-09T20:47:22.719+0000] {processor.py:183} INFO - Processing /home/airflow/.local/lib/python3.8/site-packages/airflow/example_dags/example_dynamic_task_mapping.py took 0.056 seconds
[2024-01-09T20:47:52.910+0000] {processor.py:161} INFO - Started process (PID=975) to work on /home/airflow/.local/lib/python3.8/site-packages/airflow/example_dags/example_dynamic_task_mapping.py
[2024-01-09T20:47:52.911+0000] {processor.py:830} INFO - Processing file /home/airflow/.local/lib/python3.8/site-packages/airflow/example_dags/example_dynamic_task_mapping.py for tasks to queue
[2024-01-09T20:47:52.914+0000] {logging_mixin.py:188} INFO - [2024-01-09T20:47:52.914+0000] {dagbag.py:538} INFO - Filling up the DagBag from /home/airflow/.local/lib/python3.8/site-packages/airflow/example_dags/example_dynamic_task_mapping.py
[2024-01-09T20:47:52.920+0000] {processor.py:840} INFO - DAG(s) 'example_dynamic_task_mapping' retrieved from /home/airflow/.local/lib/python3.8/site-packages/airflow/example_dags/example_dynamic_task_mapping.py
[2024-01-09T20:47:52.933+0000] {logging_mixin.py:188} INFO - [2024-01-09T20:47:52.933+0000] {dag.py:3033} INFO - Sync 1 DAGs
[2024-01-09T20:47:52.945+0000] {logging_mixin.py:188} INFO - [2024-01-09T20:47:52.945+0000] {dag.py:3820} INFO - Setting next_dagrun for example_dynamic_task_mapping to 2022-03-04T00:00:00+00:00, run_after=2022-03-05T00:00:00+00:00
[2024-01-09T20:47:52.955+0000] {processor.py:183} INFO - Processing /home/airflow/.local/lib/python3.8/site-packages/airflow/example_dags/example_dynamic_task_mapping.py took 0.048 seconds
[2024-01-09T20:48:23.506+0000] {processor.py:161} INFO - Started process (PID=1032) to work on /home/airflow/.local/lib/python3.8/site-packages/airflow/example_dags/example_dynamic_task_mapping.py
[2024-01-09T20:48:23.508+0000] {processor.py:830} INFO - Processing file /home/airflow/.local/lib/python3.8/site-packages/airflow/example_dags/example_dynamic_task_mapping.py for tasks to queue
[2024-01-09T20:48:23.514+0000] {logging_mixin.py:188} INFO - [2024-01-09T20:48:23.513+0000] {dagbag.py:538} INFO - Filling up the DagBag from /home/airflow/.local/lib/python3.8/site-packages/airflow/example_dags/example_dynamic_task_mapping.py
[2024-01-09T20:48:23.524+0000] {processor.py:840} INFO - DAG(s) 'example_dynamic_task_mapping' retrieved from /home/airflow/.local/lib/python3.8/site-packages/airflow/example_dags/example_dynamic_task_mapping.py
[2024-01-09T20:48:23.550+0000] {logging_mixin.py:188} INFO - [2024-01-09T20:48:23.550+0000] {dag.py:3033} INFO - Sync 1 DAGs
[2024-01-09T20:48:23.577+0000] {logging_mixin.py:188} INFO - [2024-01-09T20:48:23.577+0000] {dag.py:3820} INFO - Setting next_dagrun for example_dynamic_task_mapping to 2022-03-04T00:00:00+00:00, run_after=2022-03-05T00:00:00+00:00
[2024-01-09T20:48:23.595+0000] {processor.py:183} INFO - Processing /home/airflow/.local/lib/python3.8/site-packages/airflow/example_dags/example_dynamic_task_mapping.py took 0.094 seconds
