[2024-01-09T20:39:49.332+0000] {processor.py:161} INFO - Started process (PID=71) to work on /home/airflow/.local/lib/python3.8/site-packages/airflow/example_dags/example_branch_python_dop_operator_3.py
[2024-01-09T20:39:49.333+0000] {processor.py:830} INFO - Processing file /home/airflow/.local/lib/python3.8/site-packages/airflow/example_dags/example_branch_python_dop_operator_3.py for tasks to queue
[2024-01-09T20:39:49.336+0000] {logging_mixin.py:188} INFO - [2024-01-09T20:39:49.336+0000] {dagbag.py:538} INFO - Filling up the DagBag from /home/airflow/.local/lib/python3.8/site-packages/airflow/example_dags/example_branch_python_dop_operator_3.py
[2024-01-09T20:39:49.352+0000] {processor.py:840} INFO - DAG(s) 'example_branch_dop_operator_v3' retrieved from /home/airflow/.local/lib/python3.8/site-packages/airflow/example_dags/example_branch_python_dop_operator_3.py
[2024-01-09T20:39:49.472+0000] {logging_mixin.py:188} INFO - [2024-01-09T20:39:49.472+0000] {override.py:1769} INFO - Created Permission View: can delete on DAG:example_branch_dop_operator_v3
[2024-01-09T20:39:49.485+0000] {logging_mixin.py:188} INFO - [2024-01-09T20:39:49.484+0000] {override.py:1769} INFO - Created Permission View: can read on DAG:example_branch_dop_operator_v3
[2024-01-09T20:39:49.493+0000] {logging_mixin.py:188} INFO - [2024-01-09T20:39:49.493+0000] {override.py:1769} INFO - Created Permission View: can edit on DAG:example_branch_dop_operator_v3
[2024-01-09T20:39:49.494+0000] {logging_mixin.py:188} INFO - [2024-01-09T20:39:49.494+0000] {dag.py:3033} INFO - Sync 1 DAGs
[2024-01-09T20:39:49.508+0000] {logging_mixin.py:188} INFO - [2024-01-09T20:39:49.508+0000] {dag.py:3055} INFO - Creating ORM DAG for example_branch_dop_operator_v3
[2024-01-09T20:39:49.528+0000] {logging_mixin.py:188} INFO - [2024-01-09T20:39:49.528+0000] {dag.py:3820} INFO - Setting next_dagrun for example_branch_dop_operator_v3 to 2024-01-09T20:38:00+00:00, run_after=2024-01-09T20:39:00+00:00
[2024-01-09T20:39:49.548+0000] {processor.py:183} INFO - Processing /home/airflow/.local/lib/python3.8/site-packages/airflow/example_dags/example_branch_python_dop_operator_3.py took 0.223 seconds
[2024-01-09T20:40:19.783+0000] {processor.py:161} INFO - Started process (PID=128) to work on /home/airflow/.local/lib/python3.8/site-packages/airflow/example_dags/example_branch_python_dop_operator_3.py
[2024-01-09T20:40:19.784+0000] {processor.py:830} INFO - Processing file /home/airflow/.local/lib/python3.8/site-packages/airflow/example_dags/example_branch_python_dop_operator_3.py for tasks to queue
[2024-01-09T20:40:19.786+0000] {logging_mixin.py:188} INFO - [2024-01-09T20:40:19.786+0000] {dagbag.py:538} INFO - Filling up the DagBag from /home/airflow/.local/lib/python3.8/site-packages/airflow/example_dags/example_branch_python_dop_operator_3.py
[2024-01-09T20:40:19.794+0000] {processor.py:840} INFO - DAG(s) 'example_branch_dop_operator_v3' retrieved from /home/airflow/.local/lib/python3.8/site-packages/airflow/example_dags/example_branch_python_dop_operator_3.py
[2024-01-09T20:40:19.809+0000] {logging_mixin.py:188} INFO - [2024-01-09T20:40:19.809+0000] {dag.py:3033} INFO - Sync 1 DAGs
[2024-01-09T20:40:19.831+0000] {logging_mixin.py:188} INFO - [2024-01-09T20:40:19.831+0000] {dag.py:3820} INFO - Setting next_dagrun for example_branch_dop_operator_v3 to 2024-01-09T20:39:00+00:00, run_after=2024-01-09T20:40:00+00:00
[2024-01-09T20:40:19.843+0000] {processor.py:183} INFO - Processing /home/airflow/.local/lib/python3.8/site-packages/airflow/example_dags/example_branch_python_dop_operator_3.py took 0.063 seconds
[2024-01-09T20:40:49.897+0000] {processor.py:161} INFO - Started process (PID=185) to work on /home/airflow/.local/lib/python3.8/site-packages/airflow/example_dags/example_branch_python_dop_operator_3.py
[2024-01-09T20:40:49.897+0000] {processor.py:830} INFO - Processing file /home/airflow/.local/lib/python3.8/site-packages/airflow/example_dags/example_branch_python_dop_operator_3.py for tasks to queue
[2024-01-09T20:40:49.899+0000] {logging_mixin.py:188} INFO - [2024-01-09T20:40:49.899+0000] {dagbag.py:538} INFO - Filling up the DagBag from /home/airflow/.local/lib/python3.8/site-packages/airflow/example_dags/example_branch_python_dop_operator_3.py
[2024-01-09T20:40:49.906+0000] {processor.py:840} INFO - DAG(s) 'example_branch_dop_operator_v3' retrieved from /home/airflow/.local/lib/python3.8/site-packages/airflow/example_dags/example_branch_python_dop_operator_3.py
[2024-01-09T20:40:49.921+0000] {logging_mixin.py:188} INFO - [2024-01-09T20:40:49.921+0000] {dag.py:3033} INFO - Sync 1 DAGs
[2024-01-09T20:40:49.937+0000] {logging_mixin.py:188} INFO - [2024-01-09T20:40:49.937+0000] {dag.py:3820} INFO - Setting next_dagrun for example_branch_dop_operator_v3 to 2024-01-09T20:39:00+00:00, run_after=2024-01-09T20:40:00+00:00
[2024-01-09T20:40:49.949+0000] {processor.py:183} INFO - Processing /home/airflow/.local/lib/python3.8/site-packages/airflow/example_dags/example_branch_python_dop_operator_3.py took 0.055 seconds
[2024-01-09T20:41:20.136+0000] {processor.py:161} INFO - Started process (PID=242) to work on /home/airflow/.local/lib/python3.8/site-packages/airflow/example_dags/example_branch_python_dop_operator_3.py
[2024-01-09T20:41:20.137+0000] {processor.py:830} INFO - Processing file /home/airflow/.local/lib/python3.8/site-packages/airflow/example_dags/example_branch_python_dop_operator_3.py for tasks to queue
[2024-01-09T20:41:20.138+0000] {logging_mixin.py:188} INFO - [2024-01-09T20:41:20.138+0000] {dagbag.py:538} INFO - Filling up the DagBag from /home/airflow/.local/lib/python3.8/site-packages/airflow/example_dags/example_branch_python_dop_operator_3.py
[2024-01-09T20:41:20.144+0000] {processor.py:840} INFO - DAG(s) 'example_branch_dop_operator_v3' retrieved from /home/airflow/.local/lib/python3.8/site-packages/airflow/example_dags/example_branch_python_dop_operator_3.py
[2024-01-09T20:41:20.159+0000] {logging_mixin.py:188} INFO - [2024-01-09T20:41:20.159+0000] {dag.py:3033} INFO - Sync 1 DAGs
[2024-01-09T20:41:20.176+0000] {logging_mixin.py:188} INFO - [2024-01-09T20:41:20.176+0000] {dag.py:3820} INFO - Setting next_dagrun for example_branch_dop_operator_v3 to 2024-01-09T20:40:00+00:00, run_after=2024-01-09T20:41:00+00:00
[2024-01-09T20:41:20.186+0000] {processor.py:183} INFO - Processing /home/airflow/.local/lib/python3.8/site-packages/airflow/example_dags/example_branch_python_dop_operator_3.py took 0.053 seconds
[2024-01-09T20:41:50.344+0000] {processor.py:161} INFO - Started process (PID=299) to work on /home/airflow/.local/lib/python3.8/site-packages/airflow/example_dags/example_branch_python_dop_operator_3.py
[2024-01-09T20:41:50.345+0000] {processor.py:830} INFO - Processing file /home/airflow/.local/lib/python3.8/site-packages/airflow/example_dags/example_branch_python_dop_operator_3.py for tasks to queue
[2024-01-09T20:41:50.347+0000] {logging_mixin.py:188} INFO - [2024-01-09T20:41:50.347+0000] {dagbag.py:538} INFO - Filling up the DagBag from /home/airflow/.local/lib/python3.8/site-packages/airflow/example_dags/example_branch_python_dop_operator_3.py
[2024-01-09T20:41:50.352+0000] {processor.py:840} INFO - DAG(s) 'example_branch_dop_operator_v3' retrieved from /home/airflow/.local/lib/python3.8/site-packages/airflow/example_dags/example_branch_python_dop_operator_3.py
[2024-01-09T20:41:50.365+0000] {logging_mixin.py:188} INFO - [2024-01-09T20:41:50.365+0000] {dag.py:3033} INFO - Sync 1 DAGs
[2024-01-09T20:41:50.381+0000] {logging_mixin.py:188} INFO - [2024-01-09T20:41:50.381+0000] {dag.py:3820} INFO - Setting next_dagrun for example_branch_dop_operator_v3 to 2024-01-09T20:40:00+00:00, run_after=2024-01-09T20:41:00+00:00
[2024-01-09T20:41:50.391+0000] {processor.py:183} INFO - Processing /home/airflow/.local/lib/python3.8/site-packages/airflow/example_dags/example_branch_python_dop_operator_3.py took 0.050 seconds
[2024-01-09T20:42:20.527+0000] {processor.py:161} INFO - Started process (PID=356) to work on /home/airflow/.local/lib/python3.8/site-packages/airflow/example_dags/example_branch_python_dop_operator_3.py
[2024-01-09T20:42:20.527+0000] {processor.py:830} INFO - Processing file /home/airflow/.local/lib/python3.8/site-packages/airflow/example_dags/example_branch_python_dop_operator_3.py for tasks to queue
[2024-01-09T20:42:20.530+0000] {logging_mixin.py:188} INFO - [2024-01-09T20:42:20.530+0000] {dagbag.py:538} INFO - Filling up the DagBag from /home/airflow/.local/lib/python3.8/site-packages/airflow/example_dags/example_branch_python_dop_operator_3.py
[2024-01-09T20:42:20.537+0000] {processor.py:840} INFO - DAG(s) 'example_branch_dop_operator_v3' retrieved from /home/airflow/.local/lib/python3.8/site-packages/airflow/example_dags/example_branch_python_dop_operator_3.py
[2024-01-09T20:42:20.551+0000] {logging_mixin.py:188} INFO - [2024-01-09T20:42:20.551+0000] {dag.py:3033} INFO - Sync 1 DAGs
[2024-01-09T20:42:20.568+0000] {logging_mixin.py:188} INFO - [2024-01-09T20:42:20.567+0000] {dag.py:3820} INFO - Setting next_dagrun for example_branch_dop_operator_v3 to 2024-01-09T20:41:00+00:00, run_after=2024-01-09T20:42:00+00:00
[2024-01-09T20:42:20.578+0000] {processor.py:183} INFO - Processing /home/airflow/.local/lib/python3.8/site-packages/airflow/example_dags/example_branch_python_dop_operator_3.py took 0.054 seconds
[2024-01-09T20:42:50.777+0000] {processor.py:161} INFO - Started process (PID=413) to work on /home/airflow/.local/lib/python3.8/site-packages/airflow/example_dags/example_branch_python_dop_operator_3.py
[2024-01-09T20:42:50.779+0000] {processor.py:830} INFO - Processing file /home/airflow/.local/lib/python3.8/site-packages/airflow/example_dags/example_branch_python_dop_operator_3.py for tasks to queue
[2024-01-09T20:42:50.781+0000] {logging_mixin.py:188} INFO - [2024-01-09T20:42:50.781+0000] {dagbag.py:538} INFO - Filling up the DagBag from /home/airflow/.local/lib/python3.8/site-packages/airflow/example_dags/example_branch_python_dop_operator_3.py
[2024-01-09T20:42:50.787+0000] {processor.py:840} INFO - DAG(s) 'example_branch_dop_operator_v3' retrieved from /home/airflow/.local/lib/python3.8/site-packages/airflow/example_dags/example_branch_python_dop_operator_3.py
[2024-01-09T20:42:50.802+0000] {logging_mixin.py:188} INFO - [2024-01-09T20:42:50.802+0000] {dag.py:3033} INFO - Sync 1 DAGs
[2024-01-09T20:42:50.818+0000] {logging_mixin.py:188} INFO - [2024-01-09T20:42:50.818+0000] {dag.py:3820} INFO - Setting next_dagrun for example_branch_dop_operator_v3 to 2024-01-09T20:41:00+00:00, run_after=2024-01-09T20:42:00+00:00
[2024-01-09T20:42:50.828+0000] {processor.py:183} INFO - Processing /home/airflow/.local/lib/python3.8/site-packages/airflow/example_dags/example_branch_python_dop_operator_3.py took 0.055 seconds
[2024-01-09T20:43:20.931+0000] {processor.py:161} INFO - Started process (PID=470) to work on /home/airflow/.local/lib/python3.8/site-packages/airflow/example_dags/example_branch_python_dop_operator_3.py
[2024-01-09T20:43:20.932+0000] {processor.py:830} INFO - Processing file /home/airflow/.local/lib/python3.8/site-packages/airflow/example_dags/example_branch_python_dop_operator_3.py for tasks to queue
[2024-01-09T20:43:20.934+0000] {logging_mixin.py:188} INFO - [2024-01-09T20:43:20.933+0000] {dagbag.py:538} INFO - Filling up the DagBag from /home/airflow/.local/lib/python3.8/site-packages/airflow/example_dags/example_branch_python_dop_operator_3.py
[2024-01-09T20:43:20.941+0000] {processor.py:840} INFO - DAG(s) 'example_branch_dop_operator_v3' retrieved from /home/airflow/.local/lib/python3.8/site-packages/airflow/example_dags/example_branch_python_dop_operator_3.py
[2024-01-09T20:43:20.956+0000] {logging_mixin.py:188} INFO - [2024-01-09T20:43:20.956+0000] {dag.py:3033} INFO - Sync 1 DAGs
[2024-01-09T20:43:20.977+0000] {logging_mixin.py:188} INFO - [2024-01-09T20:43:20.977+0000] {dag.py:3820} INFO - Setting next_dagrun for example_branch_dop_operator_v3 to 2024-01-09T20:42:00+00:00, run_after=2024-01-09T20:43:00+00:00
[2024-01-09T20:43:20.991+0000] {processor.py:183} INFO - Processing /home/airflow/.local/lib/python3.8/site-packages/airflow/example_dags/example_branch_python_dop_operator_3.py took 0.063 seconds
[2024-01-09T20:43:51.176+0000] {processor.py:161} INFO - Started process (PID=526) to work on /home/airflow/.local/lib/python3.8/site-packages/airflow/example_dags/example_branch_python_dop_operator_3.py
[2024-01-09T20:43:51.177+0000] {processor.py:830} INFO - Processing file /home/airflow/.local/lib/python3.8/site-packages/airflow/example_dags/example_branch_python_dop_operator_3.py for tasks to queue
[2024-01-09T20:43:51.180+0000] {logging_mixin.py:188} INFO - [2024-01-09T20:43:51.180+0000] {dagbag.py:538} INFO - Filling up the DagBag from /home/airflow/.local/lib/python3.8/site-packages/airflow/example_dags/example_branch_python_dop_operator_3.py
[2024-01-09T20:43:51.185+0000] {processor.py:840} INFO - DAG(s) 'example_branch_dop_operator_v3' retrieved from /home/airflow/.local/lib/python3.8/site-packages/airflow/example_dags/example_branch_python_dop_operator_3.py
[2024-01-09T20:43:51.202+0000] {logging_mixin.py:188} INFO - [2024-01-09T20:43:51.201+0000] {dag.py:3033} INFO - Sync 1 DAGs
[2024-01-09T20:43:51.217+0000] {logging_mixin.py:188} INFO - [2024-01-09T20:43:51.217+0000] {dag.py:3820} INFO - Setting next_dagrun for example_branch_dop_operator_v3 to 2024-01-09T20:42:00+00:00, run_after=2024-01-09T20:43:00+00:00
[2024-01-09T20:43:51.226+0000] {processor.py:183} INFO - Processing /home/airflow/.local/lib/python3.8/site-packages/airflow/example_dags/example_branch_python_dop_operator_3.py took 0.055 seconds
[2024-01-09T20:44:21.419+0000] {processor.py:161} INFO - Started process (PID=583) to work on /home/airflow/.local/lib/python3.8/site-packages/airflow/example_dags/example_branch_python_dop_operator_3.py
[2024-01-09T20:44:21.420+0000] {processor.py:830} INFO - Processing file /home/airflow/.local/lib/python3.8/site-packages/airflow/example_dags/example_branch_python_dop_operator_3.py for tasks to queue
[2024-01-09T20:44:21.422+0000] {logging_mixin.py:188} INFO - [2024-01-09T20:44:21.422+0000] {dagbag.py:538} INFO - Filling up the DagBag from /home/airflow/.local/lib/python3.8/site-packages/airflow/example_dags/example_branch_python_dop_operator_3.py
[2024-01-09T20:44:21.428+0000] {processor.py:840} INFO - DAG(s) 'example_branch_dop_operator_v3' retrieved from /home/airflow/.local/lib/python3.8/site-packages/airflow/example_dags/example_branch_python_dop_operator_3.py
[2024-01-09T20:44:21.445+0000] {logging_mixin.py:188} INFO - [2024-01-09T20:44:21.445+0000] {dag.py:3033} INFO - Sync 1 DAGs
[2024-01-09T20:44:21.463+0000] {logging_mixin.py:188} INFO - [2024-01-09T20:44:21.463+0000] {dag.py:3820} INFO - Setting next_dagrun for example_branch_dop_operator_v3 to 2024-01-09T20:43:00+00:00, run_after=2024-01-09T20:44:00+00:00
[2024-01-09T20:44:21.472+0000] {processor.py:183} INFO - Processing /home/airflow/.local/lib/python3.8/site-packages/airflow/example_dags/example_branch_python_dop_operator_3.py took 0.055 seconds
[2024-01-09T20:44:51.621+0000] {processor.py:161} INFO - Started process (PID=639) to work on /home/airflow/.local/lib/python3.8/site-packages/airflow/example_dags/example_branch_python_dop_operator_3.py
[2024-01-09T20:44:51.621+0000] {processor.py:830} INFO - Processing file /home/airflow/.local/lib/python3.8/site-packages/airflow/example_dags/example_branch_python_dop_operator_3.py for tasks to queue
[2024-01-09T20:44:51.624+0000] {logging_mixin.py:188} INFO - [2024-01-09T20:44:51.623+0000] {dagbag.py:538} INFO - Filling up the DagBag from /home/airflow/.local/lib/python3.8/site-packages/airflow/example_dags/example_branch_python_dop_operator_3.py
[2024-01-09T20:44:51.631+0000] {processor.py:840} INFO - DAG(s) 'example_branch_dop_operator_v3' retrieved from /home/airflow/.local/lib/python3.8/site-packages/airflow/example_dags/example_branch_python_dop_operator_3.py
[2024-01-09T20:44:51.647+0000] {logging_mixin.py:188} INFO - [2024-01-09T20:44:51.647+0000] {dag.py:3033} INFO - Sync 1 DAGs
[2024-01-09T20:44:51.665+0000] {logging_mixin.py:188} INFO - [2024-01-09T20:44:51.665+0000] {dag.py:3820} INFO - Setting next_dagrun for example_branch_dop_operator_v3 to 2024-01-09T20:43:00+00:00, run_after=2024-01-09T20:44:00+00:00
[2024-01-09T20:44:51.678+0000] {processor.py:183} INFO - Processing /home/airflow/.local/lib/python3.8/site-packages/airflow/example_dags/example_branch_python_dop_operator_3.py took 0.060 seconds
[2024-01-09T20:45:22.063+0000] {processor.py:161} INFO - Started process (PID=696) to work on /home/airflow/.local/lib/python3.8/site-packages/airflow/example_dags/example_branch_python_dop_operator_3.py
[2024-01-09T20:45:22.064+0000] {processor.py:830} INFO - Processing file /home/airflow/.local/lib/python3.8/site-packages/airflow/example_dags/example_branch_python_dop_operator_3.py for tasks to queue
[2024-01-09T20:45:22.066+0000] {logging_mixin.py:188} INFO - [2024-01-09T20:45:22.066+0000] {dagbag.py:538} INFO - Filling up the DagBag from /home/airflow/.local/lib/python3.8/site-packages/airflow/example_dags/example_branch_python_dop_operator_3.py
[2024-01-09T20:45:22.073+0000] {processor.py:840} INFO - DAG(s) 'example_branch_dop_operator_v3' retrieved from /home/airflow/.local/lib/python3.8/site-packages/airflow/example_dags/example_branch_python_dop_operator_3.py
[2024-01-09T20:45:22.093+0000] {logging_mixin.py:188} INFO - [2024-01-09T20:45:22.092+0000] {dag.py:3033} INFO - Sync 1 DAGs
[2024-01-09T20:45:22.113+0000] {logging_mixin.py:188} INFO - [2024-01-09T20:45:22.112+0000] {dag.py:3820} INFO - Setting next_dagrun for example_branch_dop_operator_v3 to 2024-01-09T20:44:00+00:00, run_after=2024-01-09T20:45:00+00:00
[2024-01-09T20:45:22.127+0000] {processor.py:183} INFO - Processing /home/airflow/.local/lib/python3.8/site-packages/airflow/example_dags/example_branch_python_dop_operator_3.py took 0.069 seconds
[2024-01-09T20:45:52.274+0000] {processor.py:161} INFO - Started process (PID=753) to work on /home/airflow/.local/lib/python3.8/site-packages/airflow/example_dags/example_branch_python_dop_operator_3.py
[2024-01-09T20:45:52.275+0000] {processor.py:830} INFO - Processing file /home/airflow/.local/lib/python3.8/site-packages/airflow/example_dags/example_branch_python_dop_operator_3.py for tasks to queue
[2024-01-09T20:45:52.278+0000] {logging_mixin.py:188} INFO - [2024-01-09T20:45:52.278+0000] {dagbag.py:538} INFO - Filling up the DagBag from /home/airflow/.local/lib/python3.8/site-packages/airflow/example_dags/example_branch_python_dop_operator_3.py
[2024-01-09T20:45:52.286+0000] {processor.py:840} INFO - DAG(s) 'example_branch_dop_operator_v3' retrieved from /home/airflow/.local/lib/python3.8/site-packages/airflow/example_dags/example_branch_python_dop_operator_3.py
[2024-01-09T20:45:52.305+0000] {logging_mixin.py:188} INFO - [2024-01-09T20:45:52.305+0000] {dag.py:3033} INFO - Sync 1 DAGs
[2024-01-09T20:45:52.324+0000] {logging_mixin.py:188} INFO - [2024-01-09T20:45:52.324+0000] {dag.py:3820} INFO - Setting next_dagrun for example_branch_dop_operator_v3 to 2024-01-09T20:44:00+00:00, run_after=2024-01-09T20:45:00+00:00
[2024-01-09T20:45:52.339+0000] {processor.py:183} INFO - Processing /home/airflow/.local/lib/python3.8/site-packages/airflow/example_dags/example_branch_python_dop_operator_3.py took 0.068 seconds
[2024-01-09T20:46:22.388+0000] {processor.py:161} INFO - Started process (PID=810) to work on /home/airflow/.local/lib/python3.8/site-packages/airflow/example_dags/example_branch_python_dop_operator_3.py
[2024-01-09T20:46:22.389+0000] {processor.py:830} INFO - Processing file /home/airflow/.local/lib/python3.8/site-packages/airflow/example_dags/example_branch_python_dop_operator_3.py for tasks to queue
[2024-01-09T20:46:22.392+0000] {logging_mixin.py:188} INFO - [2024-01-09T20:46:22.391+0000] {dagbag.py:538} INFO - Filling up the DagBag from /home/airflow/.local/lib/python3.8/site-packages/airflow/example_dags/example_branch_python_dop_operator_3.py
[2024-01-09T20:46:22.399+0000] {processor.py:840} INFO - DAG(s) 'example_branch_dop_operator_v3' retrieved from /home/airflow/.local/lib/python3.8/site-packages/airflow/example_dags/example_branch_python_dop_operator_3.py
[2024-01-09T20:46:22.413+0000] {logging_mixin.py:188} INFO - [2024-01-09T20:46:22.413+0000] {dag.py:3033} INFO - Sync 1 DAGs
[2024-01-09T20:46:22.431+0000] {logging_mixin.py:188} INFO - [2024-01-09T20:46:22.431+0000] {dag.py:3820} INFO - Setting next_dagrun for example_branch_dop_operator_v3 to 2024-01-09T20:45:00+00:00, run_after=2024-01-09T20:46:00+00:00
[2024-01-09T20:46:22.442+0000] {processor.py:183} INFO - Processing /home/airflow/.local/lib/python3.8/site-packages/airflow/example_dags/example_branch_python_dop_operator_3.py took 0.056 seconds
[2024-01-09T20:46:52.685+0000] {processor.py:161} INFO - Started process (PID=867) to work on /home/airflow/.local/lib/python3.8/site-packages/airflow/example_dags/example_branch_python_dop_operator_3.py
[2024-01-09T20:46:52.686+0000] {processor.py:830} INFO - Processing file /home/airflow/.local/lib/python3.8/site-packages/airflow/example_dags/example_branch_python_dop_operator_3.py for tasks to queue
[2024-01-09T20:46:52.689+0000] {logging_mixin.py:188} INFO - [2024-01-09T20:46:52.688+0000] {dagbag.py:538} INFO - Filling up the DagBag from /home/airflow/.local/lib/python3.8/site-packages/airflow/example_dags/example_branch_python_dop_operator_3.py
[2024-01-09T20:46:52.694+0000] {processor.py:840} INFO - DAG(s) 'example_branch_dop_operator_v3' retrieved from /home/airflow/.local/lib/python3.8/site-packages/airflow/example_dags/example_branch_python_dop_operator_3.py
[2024-01-09T20:46:52.709+0000] {logging_mixin.py:188} INFO - [2024-01-09T20:46:52.709+0000] {dag.py:3033} INFO - Sync 1 DAGs
[2024-01-09T20:46:52.726+0000] {logging_mixin.py:188} INFO - [2024-01-09T20:46:52.726+0000] {dag.py:3820} INFO - Setting next_dagrun for example_branch_dop_operator_v3 to 2024-01-09T20:45:00+00:00, run_after=2024-01-09T20:46:00+00:00
[2024-01-09T20:46:52.741+0000] {processor.py:183} INFO - Processing /home/airflow/.local/lib/python3.8/site-packages/airflow/example_dags/example_branch_python_dop_operator_3.py took 0.059 seconds
[2024-01-09T20:47:22.908+0000] {processor.py:161} INFO - Started process (PID=924) to work on /home/airflow/.local/lib/python3.8/site-packages/airflow/example_dags/example_branch_python_dop_operator_3.py
[2024-01-09T20:47:22.909+0000] {processor.py:830} INFO - Processing file /home/airflow/.local/lib/python3.8/site-packages/airflow/example_dags/example_branch_python_dop_operator_3.py for tasks to queue
[2024-01-09T20:47:22.912+0000] {logging_mixin.py:188} INFO - [2024-01-09T20:47:22.912+0000] {dagbag.py:538} INFO - Filling up the DagBag from /home/airflow/.local/lib/python3.8/site-packages/airflow/example_dags/example_branch_python_dop_operator_3.py
[2024-01-09T20:47:22.917+0000] {processor.py:840} INFO - DAG(s) 'example_branch_dop_operator_v3' retrieved from /home/airflow/.local/lib/python3.8/site-packages/airflow/example_dags/example_branch_python_dop_operator_3.py
[2024-01-09T20:47:22.936+0000] {logging_mixin.py:188} INFO - [2024-01-09T20:47:22.935+0000] {dag.py:3033} INFO - Sync 1 DAGs
[2024-01-09T20:47:22.954+0000] {logging_mixin.py:188} INFO - [2024-01-09T20:47:22.954+0000] {dag.py:3820} INFO - Setting next_dagrun for example_branch_dop_operator_v3 to 2024-01-09T20:46:00+00:00, run_after=2024-01-09T20:47:00+00:00
[2024-01-09T20:47:22.963+0000] {processor.py:183} INFO - Processing /home/airflow/.local/lib/python3.8/site-packages/airflow/example_dags/example_branch_python_dop_operator_3.py took 0.059 seconds
[2024-01-09T20:47:53.172+0000] {processor.py:161} INFO - Started process (PID=980) to work on /home/airflow/.local/lib/python3.8/site-packages/airflow/example_dags/example_branch_python_dop_operator_3.py
[2024-01-09T20:47:53.172+0000] {processor.py:830} INFO - Processing file /home/airflow/.local/lib/python3.8/site-packages/airflow/example_dags/example_branch_python_dop_operator_3.py for tasks to queue
[2024-01-09T20:47:53.174+0000] {logging_mixin.py:188} INFO - [2024-01-09T20:47:53.174+0000] {dagbag.py:538} INFO - Filling up the DagBag from /home/airflow/.local/lib/python3.8/site-packages/airflow/example_dags/example_branch_python_dop_operator_3.py
[2024-01-09T20:47:53.182+0000] {processor.py:840} INFO - DAG(s) 'example_branch_dop_operator_v3' retrieved from /home/airflow/.local/lib/python3.8/site-packages/airflow/example_dags/example_branch_python_dop_operator_3.py
[2024-01-09T20:47:53.196+0000] {logging_mixin.py:188} INFO - [2024-01-09T20:47:53.196+0000] {dag.py:3033} INFO - Sync 1 DAGs
[2024-01-09T20:47:53.211+0000] {logging_mixin.py:188} INFO - [2024-01-09T20:47:53.211+0000] {dag.py:3820} INFO - Setting next_dagrun for example_branch_dop_operator_v3 to 2024-01-09T20:46:00+00:00, run_after=2024-01-09T20:47:00+00:00
[2024-01-09T20:47:53.230+0000] {processor.py:183} INFO - Processing /home/airflow/.local/lib/python3.8/site-packages/airflow/example_dags/example_branch_python_dop_operator_3.py took 0.061 seconds
[2024-01-09T20:48:23.993+0000] {processor.py:161} INFO - Started process (PID=1037) to work on /home/airflow/.local/lib/python3.8/site-packages/airflow/example_dags/example_branch_python_dop_operator_3.py
[2024-01-09T20:48:23.994+0000] {processor.py:830} INFO - Processing file /home/airflow/.local/lib/python3.8/site-packages/airflow/example_dags/example_branch_python_dop_operator_3.py for tasks to queue
[2024-01-09T20:48:23.997+0000] {logging_mixin.py:188} INFO - [2024-01-09T20:48:23.997+0000] {dagbag.py:538} INFO - Filling up the DagBag from /home/airflow/.local/lib/python3.8/site-packages/airflow/example_dags/example_branch_python_dop_operator_3.py
[2024-01-09T20:48:24.012+0000] {processor.py:840} INFO - DAG(s) 'example_branch_dop_operator_v3' retrieved from /home/airflow/.local/lib/python3.8/site-packages/airflow/example_dags/example_branch_python_dop_operator_3.py
[2024-01-09T20:48:24.036+0000] {logging_mixin.py:188} INFO - [2024-01-09T20:48:24.036+0000] {dag.py:3033} INFO - Sync 1 DAGs
[2024-01-09T20:48:24.069+0000] {logging_mixin.py:188} INFO - [2024-01-09T20:48:24.069+0000] {dag.py:3820} INFO - Setting next_dagrun for example_branch_dop_operator_v3 to 2024-01-09T20:47:00+00:00, run_after=2024-01-09T20:48:00+00:00
[2024-01-09T20:48:24.089+0000] {processor.py:183} INFO - Processing /home/airflow/.local/lib/python3.8/site-packages/airflow/example_dags/example_branch_python_dop_operator_3.py took 0.101 seconds
