[2024-01-09T20:39:48.723+0000] {processor.py:161} INFO - Started process (PID=68) to work on /home/airflow/.local/lib/python3.8/site-packages/airflow/example_dags/example_setup_teardown.py
[2024-01-09T20:39:48.732+0000] {processor.py:830} INFO - Processing file /home/airflow/.local/lib/python3.8/site-packages/airflow/example_dags/example_setup_teardown.py for tasks to queue
[2024-01-09T20:39:48.741+0000] {logging_mixin.py:188} INFO - [2024-01-09T20:39:48.740+0000] {dagbag.py:538} INFO - Filling up the DagBag from /home/airflow/.local/lib/python3.8/site-packages/airflow/example_dags/example_setup_teardown.py
[2024-01-09T20:39:48.765+0000] {processor.py:840} INFO - DAG(s) 'example_setup_teardown' retrieved from /home/airflow/.local/lib/python3.8/site-packages/airflow/example_dags/example_setup_teardown.py
[2024-01-09T20:39:48.941+0000] {logging_mixin.py:188} INFO - [2024-01-09T20:39:48.940+0000] {override.py:1769} INFO - Created Permission View: can delete on DAG:example_setup_teardown
[2024-01-09T20:39:48.959+0000] {logging_mixin.py:188} INFO - [2024-01-09T20:39:48.959+0000] {override.py:1769} INFO - Created Permission View: can read on DAG:example_setup_teardown
[2024-01-09T20:39:48.970+0000] {logging_mixin.py:188} INFO - [2024-01-09T20:39:48.969+0000] {override.py:1769} INFO - Created Permission View: can edit on DAG:example_setup_teardown
[2024-01-09T20:39:48.971+0000] {logging_mixin.py:188} INFO - [2024-01-09T20:39:48.970+0000] {dag.py:3033} INFO - Sync 1 DAGs
[2024-01-09T20:39:48.997+0000] {logging_mixin.py:188} INFO - [2024-01-09T20:39:48.997+0000] {dag.py:3055} INFO - Creating ORM DAG for example_setup_teardown
[2024-01-09T20:39:49.015+0000] {logging_mixin.py:188} INFO - [2024-01-09T20:39:49.015+0000] {dag.py:3820} INFO - Setting next_dagrun for example_setup_teardown to 2024-01-08T00:00:00+00:00, run_after=2024-01-09T00:00:00+00:00
[2024-01-09T20:39:49.037+0000] {processor.py:183} INFO - Processing /home/airflow/.local/lib/python3.8/site-packages/airflow/example_dags/example_setup_teardown.py took 0.321 seconds
[2024-01-09T20:40:19.644+0000] {processor.py:161} INFO - Started process (PID=125) to work on /home/airflow/.local/lib/python3.8/site-packages/airflow/example_dags/example_setup_teardown.py
[2024-01-09T20:40:19.645+0000] {processor.py:830} INFO - Processing file /home/airflow/.local/lib/python3.8/site-packages/airflow/example_dags/example_setup_teardown.py for tasks to queue
[2024-01-09T20:40:19.647+0000] {logging_mixin.py:188} INFO - [2024-01-09T20:40:19.647+0000] {dagbag.py:538} INFO - Filling up the DagBag from /home/airflow/.local/lib/python3.8/site-packages/airflow/example_dags/example_setup_teardown.py
[2024-01-09T20:40:19.651+0000] {processor.py:840} INFO - DAG(s) 'example_setup_teardown' retrieved from /home/airflow/.local/lib/python3.8/site-packages/airflow/example_dags/example_setup_teardown.py
[2024-01-09T20:40:19.666+0000] {logging_mixin.py:188} INFO - [2024-01-09T20:40:19.666+0000] {dag.py:3033} INFO - Sync 1 DAGs
[2024-01-09T20:40:19.686+0000] {logging_mixin.py:188} INFO - [2024-01-09T20:40:19.685+0000] {dag.py:3820} INFO - Setting next_dagrun for example_setup_teardown to 2024-01-08T00:00:00+00:00, run_after=2024-01-09T00:00:00+00:00
[2024-01-09T20:40:19.696+0000] {processor.py:183} INFO - Processing /home/airflow/.local/lib/python3.8/site-packages/airflow/example_dags/example_setup_teardown.py took 0.054 seconds
[2024-01-09T20:40:49.785+0000] {processor.py:161} INFO - Started process (PID=182) to work on /home/airflow/.local/lib/python3.8/site-packages/airflow/example_dags/example_setup_teardown.py
[2024-01-09T20:40:49.785+0000] {processor.py:830} INFO - Processing file /home/airflow/.local/lib/python3.8/site-packages/airflow/example_dags/example_setup_teardown.py for tasks to queue
[2024-01-09T20:40:49.787+0000] {logging_mixin.py:188} INFO - [2024-01-09T20:40:49.787+0000] {dagbag.py:538} INFO - Filling up the DagBag from /home/airflow/.local/lib/python3.8/site-packages/airflow/example_dags/example_setup_teardown.py
[2024-01-09T20:40:49.791+0000] {processor.py:840} INFO - DAG(s) 'example_setup_teardown' retrieved from /home/airflow/.local/lib/python3.8/site-packages/airflow/example_dags/example_setup_teardown.py
[2024-01-09T20:40:49.803+0000] {logging_mixin.py:188} INFO - [2024-01-09T20:40:49.802+0000] {dag.py:3033} INFO - Sync 1 DAGs
[2024-01-09T20:40:49.816+0000] {logging_mixin.py:188} INFO - [2024-01-09T20:40:49.816+0000] {dag.py:3820} INFO - Setting next_dagrun for example_setup_teardown to 2024-01-08T00:00:00+00:00, run_after=2024-01-09T00:00:00+00:00
[2024-01-09T20:40:49.824+0000] {processor.py:183} INFO - Processing /home/airflow/.local/lib/python3.8/site-packages/airflow/example_dags/example_setup_teardown.py took 0.042 seconds
[2024-01-09T20:41:20.010+0000] {processor.py:161} INFO - Started process (PID=239) to work on /home/airflow/.local/lib/python3.8/site-packages/airflow/example_dags/example_setup_teardown.py
[2024-01-09T20:41:20.011+0000] {processor.py:830} INFO - Processing file /home/airflow/.local/lib/python3.8/site-packages/airflow/example_dags/example_setup_teardown.py for tasks to queue
[2024-01-09T20:41:20.012+0000] {logging_mixin.py:188} INFO - [2024-01-09T20:41:20.012+0000] {dagbag.py:538} INFO - Filling up the DagBag from /home/airflow/.local/lib/python3.8/site-packages/airflow/example_dags/example_setup_teardown.py
[2024-01-09T20:41:20.017+0000] {processor.py:840} INFO - DAG(s) 'example_setup_teardown' retrieved from /home/airflow/.local/lib/python3.8/site-packages/airflow/example_dags/example_setup_teardown.py
[2024-01-09T20:41:20.033+0000] {logging_mixin.py:188} INFO - [2024-01-09T20:41:20.032+0000] {dag.py:3033} INFO - Sync 1 DAGs
[2024-01-09T20:41:20.044+0000] {logging_mixin.py:188} INFO - [2024-01-09T20:41:20.044+0000] {dag.py:3820} INFO - Setting next_dagrun for example_setup_teardown to 2024-01-08T00:00:00+00:00, run_after=2024-01-09T00:00:00+00:00
[2024-01-09T20:41:20.053+0000] {processor.py:183} INFO - Processing /home/airflow/.local/lib/python3.8/site-packages/airflow/example_dags/example_setup_teardown.py took 0.045 seconds
[2024-01-09T20:41:50.195+0000] {processor.py:161} INFO - Started process (PID=296) to work on /home/airflow/.local/lib/python3.8/site-packages/airflow/example_dags/example_setup_teardown.py
[2024-01-09T20:41:50.196+0000] {processor.py:830} INFO - Processing file /home/airflow/.local/lib/python3.8/site-packages/airflow/example_dags/example_setup_teardown.py for tasks to queue
[2024-01-09T20:41:50.198+0000] {logging_mixin.py:188} INFO - [2024-01-09T20:41:50.198+0000] {dagbag.py:538} INFO - Filling up the DagBag from /home/airflow/.local/lib/python3.8/site-packages/airflow/example_dags/example_setup_teardown.py
[2024-01-09T20:41:50.205+0000] {processor.py:840} INFO - DAG(s) 'example_setup_teardown' retrieved from /home/airflow/.local/lib/python3.8/site-packages/airflow/example_dags/example_setup_teardown.py
[2024-01-09T20:41:50.222+0000] {logging_mixin.py:188} INFO - [2024-01-09T20:41:50.222+0000] {dag.py:3033} INFO - Sync 1 DAGs
[2024-01-09T20:41:50.237+0000] {logging_mixin.py:188} INFO - [2024-01-09T20:41:50.237+0000] {dag.py:3820} INFO - Setting next_dagrun for example_setup_teardown to 2024-01-08T00:00:00+00:00, run_after=2024-01-09T00:00:00+00:00
[2024-01-09T20:41:50.251+0000] {processor.py:183} INFO - Processing /home/airflow/.local/lib/python3.8/site-packages/airflow/example_dags/example_setup_teardown.py took 0.059 seconds
[2024-01-09T20:42:20.408+0000] {processor.py:161} INFO - Started process (PID=353) to work on /home/airflow/.local/lib/python3.8/site-packages/airflow/example_dags/example_setup_teardown.py
[2024-01-09T20:42:20.408+0000] {processor.py:830} INFO - Processing file /home/airflow/.local/lib/python3.8/site-packages/airflow/example_dags/example_setup_teardown.py for tasks to queue
[2024-01-09T20:42:20.410+0000] {logging_mixin.py:188} INFO - [2024-01-09T20:42:20.410+0000] {dagbag.py:538} INFO - Filling up the DagBag from /home/airflow/.local/lib/python3.8/site-packages/airflow/example_dags/example_setup_teardown.py
[2024-01-09T20:42:20.414+0000] {processor.py:840} INFO - DAG(s) 'example_setup_teardown' retrieved from /home/airflow/.local/lib/python3.8/site-packages/airflow/example_dags/example_setup_teardown.py
[2024-01-09T20:42:20.429+0000] {logging_mixin.py:188} INFO - [2024-01-09T20:42:20.428+0000] {dag.py:3033} INFO - Sync 1 DAGs
[2024-01-09T20:42:20.441+0000] {logging_mixin.py:188} INFO - [2024-01-09T20:42:20.441+0000] {dag.py:3820} INFO - Setting next_dagrun for example_setup_teardown to 2024-01-08T00:00:00+00:00, run_after=2024-01-09T00:00:00+00:00
[2024-01-09T20:42:20.451+0000] {processor.py:183} INFO - Processing /home/airflow/.local/lib/python3.8/site-packages/airflow/example_dags/example_setup_teardown.py took 0.046 seconds
[2024-01-09T20:42:50.609+0000] {processor.py:161} INFO - Started process (PID=410) to work on /home/airflow/.local/lib/python3.8/site-packages/airflow/example_dags/example_setup_teardown.py
[2024-01-09T20:42:50.610+0000] {processor.py:830} INFO - Processing file /home/airflow/.local/lib/python3.8/site-packages/airflow/example_dags/example_setup_teardown.py for tasks to queue
[2024-01-09T20:42:50.613+0000] {logging_mixin.py:188} INFO - [2024-01-09T20:42:50.612+0000] {dagbag.py:538} INFO - Filling up the DagBag from /home/airflow/.local/lib/python3.8/site-packages/airflow/example_dags/example_setup_teardown.py
[2024-01-09T20:42:50.618+0000] {processor.py:840} INFO - DAG(s) 'example_setup_teardown' retrieved from /home/airflow/.local/lib/python3.8/site-packages/airflow/example_dags/example_setup_teardown.py
[2024-01-09T20:42:50.638+0000] {logging_mixin.py:188} INFO - [2024-01-09T20:42:50.638+0000] {dag.py:3033} INFO - Sync 1 DAGs
[2024-01-09T20:42:50.657+0000] {logging_mixin.py:188} INFO - [2024-01-09T20:42:50.657+0000] {dag.py:3820} INFO - Setting next_dagrun for example_setup_teardown to 2024-01-08T00:00:00+00:00, run_after=2024-01-09T00:00:00+00:00
[2024-01-09T20:42:50.682+0000] {processor.py:183} INFO - Processing /home/airflow/.local/lib/python3.8/site-packages/airflow/example_dags/example_setup_teardown.py took 0.077 seconds
[2024-01-09T20:43:20.849+0000] {processor.py:161} INFO - Started process (PID=468) to work on /home/airflow/.local/lib/python3.8/site-packages/airflow/example_dags/example_setup_teardown.py
[2024-01-09T20:43:20.850+0000] {processor.py:830} INFO - Processing file /home/airflow/.local/lib/python3.8/site-packages/airflow/example_dags/example_setup_teardown.py for tasks to queue
[2024-01-09T20:43:20.852+0000] {logging_mixin.py:188} INFO - [2024-01-09T20:43:20.852+0000] {dagbag.py:538} INFO - Filling up the DagBag from /home/airflow/.local/lib/python3.8/site-packages/airflow/example_dags/example_setup_teardown.py
[2024-01-09T20:43:20.857+0000] {processor.py:840} INFO - DAG(s) 'example_setup_teardown' retrieved from /home/airflow/.local/lib/python3.8/site-packages/airflow/example_dags/example_setup_teardown.py
[2024-01-09T20:43:20.876+0000] {logging_mixin.py:188} INFO - [2024-01-09T20:43:20.876+0000] {dag.py:3033} INFO - Sync 1 DAGs
[2024-01-09T20:43:20.896+0000] {logging_mixin.py:188} INFO - [2024-01-09T20:43:20.895+0000] {dag.py:3820} INFO - Setting next_dagrun for example_setup_teardown to 2024-01-08T00:00:00+00:00, run_after=2024-01-09T00:00:00+00:00
[2024-01-09T20:43:20.910+0000] {processor.py:183} INFO - Processing /home/airflow/.local/lib/python3.8/site-packages/airflow/example_dags/example_setup_teardown.py took 0.066 seconds
[2024-01-09T20:43:51.049+0000] {processor.py:161} INFO - Started process (PID=523) to work on /home/airflow/.local/lib/python3.8/site-packages/airflow/example_dags/example_setup_teardown.py
[2024-01-09T20:43:51.050+0000] {processor.py:830} INFO - Processing file /home/airflow/.local/lib/python3.8/site-packages/airflow/example_dags/example_setup_teardown.py for tasks to queue
[2024-01-09T20:43:51.052+0000] {logging_mixin.py:188} INFO - [2024-01-09T20:43:51.052+0000] {dagbag.py:538} INFO - Filling up the DagBag from /home/airflow/.local/lib/python3.8/site-packages/airflow/example_dags/example_setup_teardown.py
[2024-01-09T20:43:51.057+0000] {processor.py:840} INFO - DAG(s) 'example_setup_teardown' retrieved from /home/airflow/.local/lib/python3.8/site-packages/airflow/example_dags/example_setup_teardown.py
[2024-01-09T20:43:51.071+0000] {logging_mixin.py:188} INFO - [2024-01-09T20:43:51.071+0000] {dag.py:3033} INFO - Sync 1 DAGs
[2024-01-09T20:43:51.083+0000] {logging_mixin.py:188} INFO - [2024-01-09T20:43:51.083+0000] {dag.py:3820} INFO - Setting next_dagrun for example_setup_teardown to 2024-01-08T00:00:00+00:00, run_after=2024-01-09T00:00:00+00:00
[2024-01-09T20:43:51.091+0000] {processor.py:183} INFO - Processing /home/airflow/.local/lib/python3.8/site-packages/airflow/example_dags/example_setup_teardown.py took 0.044 seconds
[2024-01-09T20:44:21.296+0000] {processor.py:161} INFO - Started process (PID=580) to work on /home/airflow/.local/lib/python3.8/site-packages/airflow/example_dags/example_setup_teardown.py
[2024-01-09T20:44:21.297+0000] {processor.py:830} INFO - Processing file /home/airflow/.local/lib/python3.8/site-packages/airflow/example_dags/example_setup_teardown.py for tasks to queue
[2024-01-09T20:44:21.298+0000] {logging_mixin.py:188} INFO - [2024-01-09T20:44:21.298+0000] {dagbag.py:538} INFO - Filling up the DagBag from /home/airflow/.local/lib/python3.8/site-packages/airflow/example_dags/example_setup_teardown.py
[2024-01-09T20:44:21.302+0000] {processor.py:840} INFO - DAG(s) 'example_setup_teardown' retrieved from /home/airflow/.local/lib/python3.8/site-packages/airflow/example_dags/example_setup_teardown.py
[2024-01-09T20:44:21.316+0000] {logging_mixin.py:188} INFO - [2024-01-09T20:44:21.316+0000] {dag.py:3033} INFO - Sync 1 DAGs
[2024-01-09T20:44:21.326+0000] {logging_mixin.py:188} INFO - [2024-01-09T20:44:21.326+0000] {dag.py:3820} INFO - Setting next_dagrun for example_setup_teardown to 2024-01-08T00:00:00+00:00, run_after=2024-01-09T00:00:00+00:00
[2024-01-09T20:44:21.335+0000] {processor.py:183} INFO - Processing /home/airflow/.local/lib/python3.8/site-packages/airflow/example_dags/example_setup_teardown.py took 0.041 seconds
[2024-01-09T20:44:51.497+0000] {processor.py:161} INFO - Started process (PID=636) to work on /home/airflow/.local/lib/python3.8/site-packages/airflow/example_dags/example_setup_teardown.py
[2024-01-09T20:44:51.498+0000] {processor.py:830} INFO - Processing file /home/airflow/.local/lib/python3.8/site-packages/airflow/example_dags/example_setup_teardown.py for tasks to queue
[2024-01-09T20:44:51.500+0000] {logging_mixin.py:188} INFO - [2024-01-09T20:44:51.499+0000] {dagbag.py:538} INFO - Filling up the DagBag from /home/airflow/.local/lib/python3.8/site-packages/airflow/example_dags/example_setup_teardown.py
[2024-01-09T20:44:51.504+0000] {processor.py:840} INFO - DAG(s) 'example_setup_teardown' retrieved from /home/airflow/.local/lib/python3.8/site-packages/airflow/example_dags/example_setup_teardown.py
[2024-01-09T20:44:51.518+0000] {logging_mixin.py:188} INFO - [2024-01-09T20:44:51.518+0000] {dag.py:3033} INFO - Sync 1 DAGs
[2024-01-09T20:44:51.530+0000] {logging_mixin.py:188} INFO - [2024-01-09T20:44:51.530+0000] {dag.py:3820} INFO - Setting next_dagrun for example_setup_teardown to 2024-01-08T00:00:00+00:00, run_after=2024-01-09T00:00:00+00:00
[2024-01-09T20:44:51.539+0000] {processor.py:183} INFO - Processing /home/airflow/.local/lib/python3.8/site-packages/airflow/example_dags/example_setup_teardown.py took 0.044 seconds
[2024-01-09T20:45:21.910+0000] {processor.py:161} INFO - Started process (PID=693) to work on /home/airflow/.local/lib/python3.8/site-packages/airflow/example_dags/example_setup_teardown.py
[2024-01-09T20:45:21.911+0000] {processor.py:830} INFO - Processing file /home/airflow/.local/lib/python3.8/site-packages/airflow/example_dags/example_setup_teardown.py for tasks to queue
[2024-01-09T20:45:21.912+0000] {logging_mixin.py:188} INFO - [2024-01-09T20:45:21.912+0000] {dagbag.py:538} INFO - Filling up the DagBag from /home/airflow/.local/lib/python3.8/site-packages/airflow/example_dags/example_setup_teardown.py
[2024-01-09T20:45:21.917+0000] {processor.py:840} INFO - DAG(s) 'example_setup_teardown' retrieved from /home/airflow/.local/lib/python3.8/site-packages/airflow/example_dags/example_setup_teardown.py
[2024-01-09T20:45:21.935+0000] {logging_mixin.py:188} INFO - [2024-01-09T20:45:21.935+0000] {dag.py:3033} INFO - Sync 1 DAGs
[2024-01-09T20:45:21.948+0000] {logging_mixin.py:188} INFO - [2024-01-09T20:45:21.948+0000] {dag.py:3820} INFO - Setting next_dagrun for example_setup_teardown to 2024-01-08T00:00:00+00:00, run_after=2024-01-09T00:00:00+00:00
[2024-01-09T20:45:21.960+0000] {processor.py:183} INFO - Processing /home/airflow/.local/lib/python3.8/site-packages/airflow/example_dags/example_setup_teardown.py took 0.053 seconds
[2024-01-09T20:45:52.129+0000] {processor.py:161} INFO - Started process (PID=750) to work on /home/airflow/.local/lib/python3.8/site-packages/airflow/example_dags/example_setup_teardown.py
[2024-01-09T20:45:52.130+0000] {processor.py:830} INFO - Processing file /home/airflow/.local/lib/python3.8/site-packages/airflow/example_dags/example_setup_teardown.py for tasks to queue
[2024-01-09T20:45:52.132+0000] {logging_mixin.py:188} INFO - [2024-01-09T20:45:52.132+0000] {dagbag.py:538} INFO - Filling up the DagBag from /home/airflow/.local/lib/python3.8/site-packages/airflow/example_dags/example_setup_teardown.py
[2024-01-09T20:45:52.137+0000] {processor.py:840} INFO - DAG(s) 'example_setup_teardown' retrieved from /home/airflow/.local/lib/python3.8/site-packages/airflow/example_dags/example_setup_teardown.py
[2024-01-09T20:45:52.152+0000] {logging_mixin.py:188} INFO - [2024-01-09T20:45:52.152+0000] {dag.py:3033} INFO - Sync 1 DAGs
[2024-01-09T20:45:52.167+0000] {logging_mixin.py:188} INFO - [2024-01-09T20:45:52.166+0000] {dag.py:3820} INFO - Setting next_dagrun for example_setup_teardown to 2024-01-08T00:00:00+00:00, run_after=2024-01-09T00:00:00+00:00
[2024-01-09T20:45:52.178+0000] {processor.py:183} INFO - Processing /home/airflow/.local/lib/python3.8/site-packages/airflow/example_dags/example_setup_teardown.py took 0.051 seconds
[2024-01-09T20:46:22.213+0000] {processor.py:161} INFO - Started process (PID=807) to work on /home/airflow/.local/lib/python3.8/site-packages/airflow/example_dags/example_setup_teardown.py
[2024-01-09T20:46:22.214+0000] {processor.py:830} INFO - Processing file /home/airflow/.local/lib/python3.8/site-packages/airflow/example_dags/example_setup_teardown.py for tasks to queue
[2024-01-09T20:46:22.216+0000] {logging_mixin.py:188} INFO - [2024-01-09T20:46:22.216+0000] {dagbag.py:538} INFO - Filling up the DagBag from /home/airflow/.local/lib/python3.8/site-packages/airflow/example_dags/example_setup_teardown.py
[2024-01-09T20:46:22.220+0000] {processor.py:840} INFO - DAG(s) 'example_setup_teardown' retrieved from /home/airflow/.local/lib/python3.8/site-packages/airflow/example_dags/example_setup_teardown.py
[2024-01-09T20:46:22.233+0000] {logging_mixin.py:188} INFO - [2024-01-09T20:46:22.233+0000] {dag.py:3033} INFO - Sync 1 DAGs
[2024-01-09T20:46:22.249+0000] {logging_mixin.py:188} INFO - [2024-01-09T20:46:22.249+0000] {dag.py:3820} INFO - Setting next_dagrun for example_setup_teardown to 2024-01-08T00:00:00+00:00, run_after=2024-01-09T00:00:00+00:00
[2024-01-09T20:46:22.259+0000] {processor.py:183} INFO - Processing /home/airflow/.local/lib/python3.8/site-packages/airflow/example_dags/example_setup_teardown.py took 0.049 seconds
[2024-01-09T20:46:52.554+0000] {processor.py:161} INFO - Started process (PID=864) to work on /home/airflow/.local/lib/python3.8/site-packages/airflow/example_dags/example_setup_teardown.py
[2024-01-09T20:46:52.555+0000] {processor.py:830} INFO - Processing file /home/airflow/.local/lib/python3.8/site-packages/airflow/example_dags/example_setup_teardown.py for tasks to queue
[2024-01-09T20:46:52.557+0000] {logging_mixin.py:188} INFO - [2024-01-09T20:46:52.557+0000] {dagbag.py:538} INFO - Filling up the DagBag from /home/airflow/.local/lib/python3.8/site-packages/airflow/example_dags/example_setup_teardown.py
[2024-01-09T20:46:52.564+0000] {processor.py:840} INFO - DAG(s) 'example_setup_teardown' retrieved from /home/airflow/.local/lib/python3.8/site-packages/airflow/example_dags/example_setup_teardown.py
[2024-01-09T20:46:52.577+0000] {logging_mixin.py:188} INFO - [2024-01-09T20:46:52.577+0000] {dag.py:3033} INFO - Sync 1 DAGs
[2024-01-09T20:46:52.592+0000] {logging_mixin.py:188} INFO - [2024-01-09T20:46:52.592+0000] {dag.py:3820} INFO - Setting next_dagrun for example_setup_teardown to 2024-01-08T00:00:00+00:00, run_after=2024-01-09T00:00:00+00:00
[2024-01-09T20:46:52.605+0000] {processor.py:183} INFO - Processing /home/airflow/.local/lib/python3.8/site-packages/airflow/example_dags/example_setup_teardown.py took 0.055 seconds
[2024-01-09T20:47:22.790+0000] {processor.py:161} INFO - Started process (PID=921) to work on /home/airflow/.local/lib/python3.8/site-packages/airflow/example_dags/example_setup_teardown.py
[2024-01-09T20:47:22.790+0000] {processor.py:830} INFO - Processing file /home/airflow/.local/lib/python3.8/site-packages/airflow/example_dags/example_setup_teardown.py for tasks to queue
[2024-01-09T20:47:22.792+0000] {logging_mixin.py:188} INFO - [2024-01-09T20:47:22.792+0000] {dagbag.py:538} INFO - Filling up the DagBag from /home/airflow/.local/lib/python3.8/site-packages/airflow/example_dags/example_setup_teardown.py
[2024-01-09T20:47:22.796+0000] {processor.py:840} INFO - DAG(s) 'example_setup_teardown' retrieved from /home/airflow/.local/lib/python3.8/site-packages/airflow/example_dags/example_setup_teardown.py
[2024-01-09T20:47:22.811+0000] {logging_mixin.py:188} INFO - [2024-01-09T20:47:22.811+0000] {dag.py:3033} INFO - Sync 1 DAGs
[2024-01-09T20:47:22.824+0000] {logging_mixin.py:188} INFO - [2024-01-09T20:47:22.824+0000] {dag.py:3820} INFO - Setting next_dagrun for example_setup_teardown to 2024-01-08T00:00:00+00:00, run_after=2024-01-09T00:00:00+00:00
[2024-01-09T20:47:22.836+0000] {processor.py:183} INFO - Processing /home/airflow/.local/lib/python3.8/site-packages/airflow/example_dags/example_setup_teardown.py took 0.049 seconds
[2024-01-09T20:47:53.040+0000] {processor.py:161} INFO - Started process (PID=977) to work on /home/airflow/.local/lib/python3.8/site-packages/airflow/example_dags/example_setup_teardown.py
[2024-01-09T20:47:53.041+0000] {processor.py:830} INFO - Processing file /home/airflow/.local/lib/python3.8/site-packages/airflow/example_dags/example_setup_teardown.py for tasks to queue
[2024-01-09T20:47:53.043+0000] {logging_mixin.py:188} INFO - [2024-01-09T20:47:53.043+0000] {dagbag.py:538} INFO - Filling up the DagBag from /home/airflow/.local/lib/python3.8/site-packages/airflow/example_dags/example_setup_teardown.py
[2024-01-09T20:47:53.048+0000] {processor.py:840} INFO - DAG(s) 'example_setup_teardown' retrieved from /home/airflow/.local/lib/python3.8/site-packages/airflow/example_dags/example_setup_teardown.py
[2024-01-09T20:47:53.068+0000] {logging_mixin.py:188} INFO - [2024-01-09T20:47:53.068+0000] {dag.py:3033} INFO - Sync 1 DAGs
[2024-01-09T20:47:53.080+0000] {logging_mixin.py:188} INFO - [2024-01-09T20:47:53.080+0000] {dag.py:3820} INFO - Setting next_dagrun for example_setup_teardown to 2024-01-08T00:00:00+00:00, run_after=2024-01-09T00:00:00+00:00
[2024-01-09T20:47:53.091+0000] {processor.py:183} INFO - Processing /home/airflow/.local/lib/python3.8/site-packages/airflow/example_dags/example_setup_teardown.py took 0.054 seconds
[2024-01-09T20:48:23.722+0000] {processor.py:161} INFO - Started process (PID=1034) to work on /home/airflow/.local/lib/python3.8/site-packages/airflow/example_dags/example_setup_teardown.py
[2024-01-09T20:48:23.723+0000] {processor.py:830} INFO - Processing file /home/airflow/.local/lib/python3.8/site-packages/airflow/example_dags/example_setup_teardown.py for tasks to queue
[2024-01-09T20:48:23.728+0000] {logging_mixin.py:188} INFO - [2024-01-09T20:48:23.727+0000] {dagbag.py:538} INFO - Filling up the DagBag from /home/airflow/.local/lib/python3.8/site-packages/airflow/example_dags/example_setup_teardown.py
[2024-01-09T20:48:23.736+0000] {processor.py:840} INFO - DAG(s) 'example_setup_teardown' retrieved from /home/airflow/.local/lib/python3.8/site-packages/airflow/example_dags/example_setup_teardown.py
[2024-01-09T20:48:23.778+0000] {logging_mixin.py:188} INFO - [2024-01-09T20:48:23.778+0000] {dag.py:3033} INFO - Sync 1 DAGs
[2024-01-09T20:48:23.814+0000] {logging_mixin.py:188} INFO - [2024-01-09T20:48:23.814+0000] {dag.py:3820} INFO - Setting next_dagrun for example_setup_teardown to 2024-01-08T00:00:00+00:00, run_after=2024-01-09T00:00:00+00:00
[2024-01-09T20:48:23.836+0000] {processor.py:183} INFO - Processing /home/airflow/.local/lib/python3.8/site-packages/airflow/example_dags/example_setup_teardown.py took 0.119 seconds
