[2024-01-09T20:39:36.510+0000] {processor.py:161} INFO - Started process (PID=43) to work on /home/airflow/.local/lib/python3.8/site-packages/airflow/example_dags/example_branch_labels.py
[2024-01-09T20:39:36.514+0000] {processor.py:830} INFO - Processing file /home/airflow/.local/lib/python3.8/site-packages/airflow/example_dags/example_branch_labels.py for tasks to queue
[2024-01-09T20:39:36.536+0000] {logging_mixin.py:188} INFO - [2024-01-09T20:39:36.536+0000] {dagbag.py:538} INFO - Filling up the DagBag from /home/airflow/.local/lib/python3.8/site-packages/airflow/example_dags/example_branch_labels.py
[2024-01-09T20:39:36.559+0000] {processor.py:840} INFO - DAG(s) 'example_branch_labels' retrieved from /home/airflow/.local/lib/python3.8/site-packages/airflow/example_dags/example_branch_labels.py
[2024-01-09T20:39:36.805+0000] {logging_mixin.py:188} INFO - [2024-01-09T20:39:36.803+0000] {override.py:1769} INFO - Created Permission View: can delete on DAG:example_branch_labels
[2024-01-09T20:39:36.815+0000] {logging_mixin.py:188} INFO - [2024-01-09T20:39:36.814+0000] {override.py:1769} INFO - Created Permission View: can read on DAG:example_branch_labels
[2024-01-09T20:39:36.827+0000] {logging_mixin.py:188} INFO - [2024-01-09T20:39:36.826+0000] {override.py:1769} INFO - Created Permission View: can edit on DAG:example_branch_labels
[2024-01-09T20:39:36.829+0000] {logging_mixin.py:188} INFO - [2024-01-09T20:39:36.829+0000] {dag.py:3033} INFO - Sync 1 DAGs
[2024-01-09T20:39:36.847+0000] {logging_mixin.py:188} INFO - [2024-01-09T20:39:36.847+0000] {dag.py:3055} INFO - Creating ORM DAG for example_branch_labels
[2024-01-09T20:39:36.880+0000] {logging_mixin.py:188} INFO - [2024-01-09T20:39:36.880+0000] {dag.py:3820} INFO - Setting next_dagrun for example_branch_labels to 2024-01-08T00:00:00+00:00, run_after=2024-01-09T00:00:00+00:00
[2024-01-09T20:39:37.039+0000] {processor.py:183} INFO - Processing /home/airflow/.local/lib/python3.8/site-packages/airflow/example_dags/example_branch_labels.py took 0.536 seconds
[2024-01-09T20:40:07.306+0000] {processor.py:161} INFO - Started process (PID=98) to work on /home/airflow/.local/lib/python3.8/site-packages/airflow/example_dags/example_branch_labels.py
[2024-01-09T20:40:07.307+0000] {processor.py:830} INFO - Processing file /home/airflow/.local/lib/python3.8/site-packages/airflow/example_dags/example_branch_labels.py for tasks to queue
[2024-01-09T20:40:07.309+0000] {logging_mixin.py:188} INFO - [2024-01-09T20:40:07.309+0000] {dagbag.py:538} INFO - Filling up the DagBag from /home/airflow/.local/lib/python3.8/site-packages/airflow/example_dags/example_branch_labels.py
[2024-01-09T20:40:07.316+0000] {processor.py:840} INFO - DAG(s) 'example_branch_labels' retrieved from /home/airflow/.local/lib/python3.8/site-packages/airflow/example_dags/example_branch_labels.py
[2024-01-09T20:40:07.332+0000] {logging_mixin.py:188} INFO - [2024-01-09T20:40:07.332+0000] {dag.py:3033} INFO - Sync 1 DAGs
[2024-01-09T20:40:07.351+0000] {logging_mixin.py:188} INFO - [2024-01-09T20:40:07.351+0000] {dag.py:3820} INFO - Setting next_dagrun for example_branch_labels to 2024-01-08T00:00:00+00:00, run_after=2024-01-09T00:00:00+00:00
[2024-01-09T20:40:07.364+0000] {processor.py:183} INFO - Processing /home/airflow/.local/lib/python3.8/site-packages/airflow/example_dags/example_branch_labels.py took 0.061 seconds
[2024-01-09T20:40:37.584+0000] {processor.py:161} INFO - Started process (PID=155) to work on /home/airflow/.local/lib/python3.8/site-packages/airflow/example_dags/example_branch_labels.py
[2024-01-09T20:40:37.584+0000] {processor.py:830} INFO - Processing file /home/airflow/.local/lib/python3.8/site-packages/airflow/example_dags/example_branch_labels.py for tasks to queue
[2024-01-09T20:40:37.586+0000] {logging_mixin.py:188} INFO - [2024-01-09T20:40:37.586+0000] {dagbag.py:538} INFO - Filling up the DagBag from /home/airflow/.local/lib/python3.8/site-packages/airflow/example_dags/example_branch_labels.py
[2024-01-09T20:40:37.591+0000] {processor.py:840} INFO - DAG(s) 'example_branch_labels' retrieved from /home/airflow/.local/lib/python3.8/site-packages/airflow/example_dags/example_branch_labels.py
[2024-01-09T20:40:37.605+0000] {logging_mixin.py:188} INFO - [2024-01-09T20:40:37.605+0000] {dag.py:3033} INFO - Sync 1 DAGs
[2024-01-09T20:40:37.619+0000] {logging_mixin.py:188} INFO - [2024-01-09T20:40:37.619+0000] {dag.py:3820} INFO - Setting next_dagrun for example_branch_labels to 2024-01-08T00:00:00+00:00, run_after=2024-01-09T00:00:00+00:00
[2024-01-09T20:40:37.634+0000] {processor.py:183} INFO - Processing /home/airflow/.local/lib/python3.8/site-packages/airflow/example_dags/example_branch_labels.py took 0.052 seconds
[2024-01-09T20:41:07.882+0000] {processor.py:161} INFO - Started process (PID=212) to work on /home/airflow/.local/lib/python3.8/site-packages/airflow/example_dags/example_branch_labels.py
[2024-01-09T20:41:07.883+0000] {processor.py:830} INFO - Processing file /home/airflow/.local/lib/python3.8/site-packages/airflow/example_dags/example_branch_labels.py for tasks to queue
[2024-01-09T20:41:07.885+0000] {logging_mixin.py:188} INFO - [2024-01-09T20:41:07.885+0000] {dagbag.py:538} INFO - Filling up the DagBag from /home/airflow/.local/lib/python3.8/site-packages/airflow/example_dags/example_branch_labels.py
[2024-01-09T20:41:07.890+0000] {processor.py:840} INFO - DAG(s) 'example_branch_labels' retrieved from /home/airflow/.local/lib/python3.8/site-packages/airflow/example_dags/example_branch_labels.py
[2024-01-09T20:41:07.906+0000] {logging_mixin.py:188} INFO - [2024-01-09T20:41:07.906+0000] {dag.py:3033} INFO - Sync 1 DAGs
[2024-01-09T20:41:07.921+0000] {logging_mixin.py:188} INFO - [2024-01-09T20:41:07.921+0000] {dag.py:3820} INFO - Setting next_dagrun for example_branch_labels to 2024-01-08T00:00:00+00:00, run_after=2024-01-09T00:00:00+00:00
[2024-01-09T20:41:07.933+0000] {processor.py:183} INFO - Processing /home/airflow/.local/lib/python3.8/site-packages/airflow/example_dags/example_branch_labels.py took 0.055 seconds
[2024-01-09T20:41:38.101+0000] {processor.py:161} INFO - Started process (PID=269) to work on /home/airflow/.local/lib/python3.8/site-packages/airflow/example_dags/example_branch_labels.py
[2024-01-09T20:41:38.101+0000] {processor.py:830} INFO - Processing file /home/airflow/.local/lib/python3.8/site-packages/airflow/example_dags/example_branch_labels.py for tasks to queue
[2024-01-09T20:41:38.103+0000] {logging_mixin.py:188} INFO - [2024-01-09T20:41:38.103+0000] {dagbag.py:538} INFO - Filling up the DagBag from /home/airflow/.local/lib/python3.8/site-packages/airflow/example_dags/example_branch_labels.py
[2024-01-09T20:41:38.110+0000] {processor.py:840} INFO - DAG(s) 'example_branch_labels' retrieved from /home/airflow/.local/lib/python3.8/site-packages/airflow/example_dags/example_branch_labels.py
[2024-01-09T20:41:38.126+0000] {logging_mixin.py:188} INFO - [2024-01-09T20:41:38.126+0000] {dag.py:3033} INFO - Sync 1 DAGs
[2024-01-09T20:41:38.140+0000] {logging_mixin.py:188} INFO - [2024-01-09T20:41:38.140+0000] {dag.py:3820} INFO - Setting next_dagrun for example_branch_labels to 2024-01-08T00:00:00+00:00, run_after=2024-01-09T00:00:00+00:00
[2024-01-09T20:41:38.150+0000] {processor.py:183} INFO - Processing /home/airflow/.local/lib/python3.8/site-packages/airflow/example_dags/example_branch_labels.py took 0.053 seconds
[2024-01-09T20:42:08.340+0000] {processor.py:161} INFO - Started process (PID=326) to work on /home/airflow/.local/lib/python3.8/site-packages/airflow/example_dags/example_branch_labels.py
[2024-01-09T20:42:08.341+0000] {processor.py:830} INFO - Processing file /home/airflow/.local/lib/python3.8/site-packages/airflow/example_dags/example_branch_labels.py for tasks to queue
[2024-01-09T20:42:08.343+0000] {logging_mixin.py:188} INFO - [2024-01-09T20:42:08.343+0000] {dagbag.py:538} INFO - Filling up the DagBag from /home/airflow/.local/lib/python3.8/site-packages/airflow/example_dags/example_branch_labels.py
[2024-01-09T20:42:08.352+0000] {processor.py:840} INFO - DAG(s) 'example_branch_labels' retrieved from /home/airflow/.local/lib/python3.8/site-packages/airflow/example_dags/example_branch_labels.py
[2024-01-09T20:42:08.368+0000] {logging_mixin.py:188} INFO - [2024-01-09T20:42:08.368+0000] {dag.py:3033} INFO - Sync 1 DAGs
[2024-01-09T20:42:08.383+0000] {logging_mixin.py:188} INFO - [2024-01-09T20:42:08.383+0000] {dag.py:3820} INFO - Setting next_dagrun for example_branch_labels to 2024-01-08T00:00:00+00:00, run_after=2024-01-09T00:00:00+00:00
[2024-01-09T20:42:08.396+0000] {processor.py:183} INFO - Processing /home/airflow/.local/lib/python3.8/site-packages/airflow/example_dags/example_branch_labels.py took 0.060 seconds
[2024-01-09T20:42:38.518+0000] {processor.py:161} INFO - Started process (PID=383) to work on /home/airflow/.local/lib/python3.8/site-packages/airflow/example_dags/example_branch_labels.py
[2024-01-09T20:42:38.518+0000] {processor.py:830} INFO - Processing file /home/airflow/.local/lib/python3.8/site-packages/airflow/example_dags/example_branch_labels.py for tasks to queue
[2024-01-09T20:42:38.520+0000] {logging_mixin.py:188} INFO - [2024-01-09T20:42:38.519+0000] {dagbag.py:538} INFO - Filling up the DagBag from /home/airflow/.local/lib/python3.8/site-packages/airflow/example_dags/example_branch_labels.py
[2024-01-09T20:42:38.525+0000] {processor.py:840} INFO - DAG(s) 'example_branch_labels' retrieved from /home/airflow/.local/lib/python3.8/site-packages/airflow/example_dags/example_branch_labels.py
[2024-01-09T20:42:38.545+0000] {logging_mixin.py:188} INFO - [2024-01-09T20:42:38.545+0000] {dag.py:3033} INFO - Sync 1 DAGs
[2024-01-09T20:42:38.557+0000] {logging_mixin.py:188} INFO - [2024-01-09T20:42:38.557+0000] {dag.py:3820} INFO - Setting next_dagrun for example_branch_labels to 2024-01-08T00:00:00+00:00, run_after=2024-01-09T00:00:00+00:00
[2024-01-09T20:42:38.571+0000] {processor.py:183} INFO - Processing /home/airflow/.local/lib/python3.8/site-packages/airflow/example_dags/example_branch_labels.py took 0.055 seconds
[2024-01-09T20:43:08.804+0000] {processor.py:161} INFO - Started process (PID=440) to work on /home/airflow/.local/lib/python3.8/site-packages/airflow/example_dags/example_branch_labels.py
[2024-01-09T20:43:08.805+0000] {processor.py:830} INFO - Processing file /home/airflow/.local/lib/python3.8/site-packages/airflow/example_dags/example_branch_labels.py for tasks to queue
[2024-01-09T20:43:08.807+0000] {logging_mixin.py:188} INFO - [2024-01-09T20:43:08.807+0000] {dagbag.py:538} INFO - Filling up the DagBag from /home/airflow/.local/lib/python3.8/site-packages/airflow/example_dags/example_branch_labels.py
[2024-01-09T20:43:08.813+0000] {processor.py:840} INFO - DAG(s) 'example_branch_labels' retrieved from /home/airflow/.local/lib/python3.8/site-packages/airflow/example_dags/example_branch_labels.py
[2024-01-09T20:43:08.828+0000] {logging_mixin.py:188} INFO - [2024-01-09T20:43:08.828+0000] {dag.py:3033} INFO - Sync 1 DAGs
[2024-01-09T20:43:08.844+0000] {logging_mixin.py:188} INFO - [2024-01-09T20:43:08.844+0000] {dag.py:3820} INFO - Setting next_dagrun for example_branch_labels to 2024-01-08T00:00:00+00:00, run_after=2024-01-09T00:00:00+00:00
[2024-01-09T20:43:08.854+0000] {processor.py:183} INFO - Processing /home/airflow/.local/lib/python3.8/site-packages/airflow/example_dags/example_branch_labels.py took 0.053 seconds
[2024-01-09T20:43:39.086+0000] {processor.py:161} INFO - Started process (PID=496) to work on /home/airflow/.local/lib/python3.8/site-packages/airflow/example_dags/example_branch_labels.py
[2024-01-09T20:43:39.087+0000] {processor.py:830} INFO - Processing file /home/airflow/.local/lib/python3.8/site-packages/airflow/example_dags/example_branch_labels.py for tasks to queue
[2024-01-09T20:43:39.088+0000] {logging_mixin.py:188} INFO - [2024-01-09T20:43:39.088+0000] {dagbag.py:538} INFO - Filling up the DagBag from /home/airflow/.local/lib/python3.8/site-packages/airflow/example_dags/example_branch_labels.py
[2024-01-09T20:43:39.094+0000] {processor.py:840} INFO - DAG(s) 'example_branch_labels' retrieved from /home/airflow/.local/lib/python3.8/site-packages/airflow/example_dags/example_branch_labels.py
[2024-01-09T20:43:39.107+0000] {logging_mixin.py:188} INFO - [2024-01-09T20:43:39.107+0000] {dag.py:3033} INFO - Sync 1 DAGs
[2024-01-09T20:43:39.119+0000] {logging_mixin.py:188} INFO - [2024-01-09T20:43:39.119+0000] {dag.py:3820} INFO - Setting next_dagrun for example_branch_labels to 2024-01-08T00:00:00+00:00, run_after=2024-01-09T00:00:00+00:00
[2024-01-09T20:43:39.130+0000] {processor.py:183} INFO - Processing /home/airflow/.local/lib/python3.8/site-packages/airflow/example_dags/example_branch_labels.py took 0.047 seconds
[2024-01-09T20:44:09.266+0000] {processor.py:161} INFO - Started process (PID=553) to work on /home/airflow/.local/lib/python3.8/site-packages/airflow/example_dags/example_branch_labels.py
[2024-01-09T20:44:09.266+0000] {processor.py:830} INFO - Processing file /home/airflow/.local/lib/python3.8/site-packages/airflow/example_dags/example_branch_labels.py for tasks to queue
[2024-01-09T20:44:09.268+0000] {logging_mixin.py:188} INFO - [2024-01-09T20:44:09.268+0000] {dagbag.py:538} INFO - Filling up the DagBag from /home/airflow/.local/lib/python3.8/site-packages/airflow/example_dags/example_branch_labels.py
[2024-01-09T20:44:09.274+0000] {processor.py:840} INFO - DAG(s) 'example_branch_labels' retrieved from /home/airflow/.local/lib/python3.8/site-packages/airflow/example_dags/example_branch_labels.py
[2024-01-09T20:44:09.290+0000] {logging_mixin.py:188} INFO - [2024-01-09T20:44:09.290+0000] {dag.py:3033} INFO - Sync 1 DAGs
[2024-01-09T20:44:09.303+0000] {logging_mixin.py:188} INFO - [2024-01-09T20:44:09.303+0000] {dag.py:3820} INFO - Setting next_dagrun for example_branch_labels to 2024-01-08T00:00:00+00:00, run_after=2024-01-09T00:00:00+00:00
[2024-01-09T20:44:09.314+0000] {processor.py:183} INFO - Processing /home/airflow/.local/lib/python3.8/site-packages/airflow/example_dags/example_branch_labels.py took 0.051 seconds
[2024-01-09T20:44:39.364+0000] {processor.py:161} INFO - Started process (PID=609) to work on /home/airflow/.local/lib/python3.8/site-packages/airflow/example_dags/example_branch_labels.py
[2024-01-09T20:44:39.365+0000] {processor.py:830} INFO - Processing file /home/airflow/.local/lib/python3.8/site-packages/airflow/example_dags/example_branch_labels.py for tasks to queue
[2024-01-09T20:44:39.366+0000] {logging_mixin.py:188} INFO - [2024-01-09T20:44:39.366+0000] {dagbag.py:538} INFO - Filling up the DagBag from /home/airflow/.local/lib/python3.8/site-packages/airflow/example_dags/example_branch_labels.py
[2024-01-09T20:44:39.371+0000] {processor.py:840} INFO - DAG(s) 'example_branch_labels' retrieved from /home/airflow/.local/lib/python3.8/site-packages/airflow/example_dags/example_branch_labels.py
[2024-01-09T20:44:39.386+0000] {logging_mixin.py:188} INFO - [2024-01-09T20:44:39.386+0000] {dag.py:3033} INFO - Sync 1 DAGs
[2024-01-09T20:44:39.405+0000] {logging_mixin.py:188} INFO - [2024-01-09T20:44:39.405+0000] {dag.py:3820} INFO - Setting next_dagrun for example_branch_labels to 2024-01-08T00:00:00+00:00, run_after=2024-01-09T00:00:00+00:00
[2024-01-09T20:44:39.414+0000] {processor.py:183} INFO - Processing /home/airflow/.local/lib/python3.8/site-packages/airflow/example_dags/example_branch_labels.py took 0.053 seconds
[2024-01-09T20:45:09.453+0000] {processor.py:161} INFO - Started process (PID=666) to work on /home/airflow/.local/lib/python3.8/site-packages/airflow/example_dags/example_branch_labels.py
[2024-01-09T20:45:09.453+0000] {processor.py:830} INFO - Processing file /home/airflow/.local/lib/python3.8/site-packages/airflow/example_dags/example_branch_labels.py for tasks to queue
[2024-01-09T20:45:09.455+0000] {logging_mixin.py:188} INFO - [2024-01-09T20:45:09.455+0000] {dagbag.py:538} INFO - Filling up the DagBag from /home/airflow/.local/lib/python3.8/site-packages/airflow/example_dags/example_branch_labels.py
[2024-01-09T20:45:09.460+0000] {processor.py:840} INFO - DAG(s) 'example_branch_labels' retrieved from /home/airflow/.local/lib/python3.8/site-packages/airflow/example_dags/example_branch_labels.py
[2024-01-09T20:45:09.474+0000] {logging_mixin.py:188} INFO - [2024-01-09T20:45:09.474+0000] {dag.py:3033} INFO - Sync 1 DAGs
[2024-01-09T20:45:09.487+0000] {logging_mixin.py:188} INFO - [2024-01-09T20:45:09.487+0000] {dag.py:3820} INFO - Setting next_dagrun for example_branch_labels to 2024-01-08T00:00:00+00:00, run_after=2024-01-09T00:00:00+00:00
[2024-01-09T20:45:09.496+0000] {processor.py:183} INFO - Processing /home/airflow/.local/lib/python3.8/site-packages/airflow/example_dags/example_branch_labels.py took 0.046 seconds
[2024-01-09T20:45:39.810+0000] {processor.py:161} INFO - Started process (PID=723) to work on /home/airflow/.local/lib/python3.8/site-packages/airflow/example_dags/example_branch_labels.py
[2024-01-09T20:45:39.811+0000] {processor.py:830} INFO - Processing file /home/airflow/.local/lib/python3.8/site-packages/airflow/example_dags/example_branch_labels.py for tasks to queue
[2024-01-09T20:45:39.813+0000] {logging_mixin.py:188} INFO - [2024-01-09T20:45:39.813+0000] {dagbag.py:538} INFO - Filling up the DagBag from /home/airflow/.local/lib/python3.8/site-packages/airflow/example_dags/example_branch_labels.py
[2024-01-09T20:45:39.819+0000] {processor.py:840} INFO - DAG(s) 'example_branch_labels' retrieved from /home/airflow/.local/lib/python3.8/site-packages/airflow/example_dags/example_branch_labels.py
[2024-01-09T20:45:39.835+0000] {logging_mixin.py:188} INFO - [2024-01-09T20:45:39.835+0000] {dag.py:3033} INFO - Sync 1 DAGs
[2024-01-09T20:45:39.853+0000] {logging_mixin.py:188} INFO - [2024-01-09T20:45:39.853+0000] {dag.py:3820} INFO - Setting next_dagrun for example_branch_labels to 2024-01-08T00:00:00+00:00, run_after=2024-01-09T00:00:00+00:00
[2024-01-09T20:45:39.865+0000] {processor.py:183} INFO - Processing /home/airflow/.local/lib/python3.8/site-packages/airflow/example_dags/example_branch_labels.py took 0.059 seconds
[2024-01-09T20:46:10.079+0000] {processor.py:161} INFO - Started process (PID=780) to work on /home/airflow/.local/lib/python3.8/site-packages/airflow/example_dags/example_branch_labels.py
[2024-01-09T20:46:10.080+0000] {processor.py:830} INFO - Processing file /home/airflow/.local/lib/python3.8/site-packages/airflow/example_dags/example_branch_labels.py for tasks to queue
[2024-01-09T20:46:10.082+0000] {logging_mixin.py:188} INFO - [2024-01-09T20:46:10.081+0000] {dagbag.py:538} INFO - Filling up the DagBag from /home/airflow/.local/lib/python3.8/site-packages/airflow/example_dags/example_branch_labels.py
[2024-01-09T20:46:10.087+0000] {processor.py:840} INFO - DAG(s) 'example_branch_labels' retrieved from /home/airflow/.local/lib/python3.8/site-packages/airflow/example_dags/example_branch_labels.py
[2024-01-09T20:46:10.101+0000] {logging_mixin.py:188} INFO - [2024-01-09T20:46:10.101+0000] {dag.py:3033} INFO - Sync 1 DAGs
[2024-01-09T20:46:10.120+0000] {logging_mixin.py:188} INFO - [2024-01-09T20:46:10.120+0000] {dag.py:3820} INFO - Setting next_dagrun for example_branch_labels to 2024-01-08T00:00:00+00:00, run_after=2024-01-09T00:00:00+00:00
[2024-01-09T20:46:10.134+0000] {processor.py:183} INFO - Processing /home/airflow/.local/lib/python3.8/site-packages/airflow/example_dags/example_branch_labels.py took 0.061 seconds
[2024-01-09T20:46:40.215+0000] {processor.py:161} INFO - Started process (PID=837) to work on /home/airflow/.local/lib/python3.8/site-packages/airflow/example_dags/example_branch_labels.py
[2024-01-09T20:46:40.216+0000] {processor.py:830} INFO - Processing file /home/airflow/.local/lib/python3.8/site-packages/airflow/example_dags/example_branch_labels.py for tasks to queue
[2024-01-09T20:46:40.219+0000] {logging_mixin.py:188} INFO - [2024-01-09T20:46:40.219+0000] {dagbag.py:538} INFO - Filling up the DagBag from /home/airflow/.local/lib/python3.8/site-packages/airflow/example_dags/example_branch_labels.py
[2024-01-09T20:46:40.225+0000] {processor.py:840} INFO - DAG(s) 'example_branch_labels' retrieved from /home/airflow/.local/lib/python3.8/site-packages/airflow/example_dags/example_branch_labels.py
[2024-01-09T20:46:40.237+0000] {logging_mixin.py:188} INFO - [2024-01-09T20:46:40.237+0000] {dag.py:3033} INFO - Sync 1 DAGs
[2024-01-09T20:46:40.254+0000] {logging_mixin.py:188} INFO - [2024-01-09T20:46:40.254+0000] {dag.py:3820} INFO - Setting next_dagrun for example_branch_labels to 2024-01-08T00:00:00+00:00, run_after=2024-01-09T00:00:00+00:00
[2024-01-09T20:46:40.267+0000] {processor.py:183} INFO - Processing /home/airflow/.local/lib/python3.8/site-packages/airflow/example_dags/example_branch_labels.py took 0.056 seconds
[2024-01-09T20:47:10.491+0000] {processor.py:161} INFO - Started process (PID=894) to work on /home/airflow/.local/lib/python3.8/site-packages/airflow/example_dags/example_branch_labels.py
[2024-01-09T20:47:10.491+0000] {processor.py:830} INFO - Processing file /home/airflow/.local/lib/python3.8/site-packages/airflow/example_dags/example_branch_labels.py for tasks to queue
[2024-01-09T20:47:10.494+0000] {logging_mixin.py:188} INFO - [2024-01-09T20:47:10.493+0000] {dagbag.py:538} INFO - Filling up the DagBag from /home/airflow/.local/lib/python3.8/site-packages/airflow/example_dags/example_branch_labels.py
[2024-01-09T20:47:10.499+0000] {processor.py:840} INFO - DAG(s) 'example_branch_labels' retrieved from /home/airflow/.local/lib/python3.8/site-packages/airflow/example_dags/example_branch_labels.py
[2024-01-09T20:47:10.512+0000] {logging_mixin.py:188} INFO - [2024-01-09T20:47:10.511+0000] {dag.py:3033} INFO - Sync 1 DAGs
[2024-01-09T20:47:10.523+0000] {logging_mixin.py:188} INFO - [2024-01-09T20:47:10.523+0000] {dag.py:3820} INFO - Setting next_dagrun for example_branch_labels to 2024-01-08T00:00:00+00:00, run_after=2024-01-09T00:00:00+00:00
[2024-01-09T20:47:10.534+0000] {processor.py:183} INFO - Processing /home/airflow/.local/lib/python3.8/site-packages/airflow/example_dags/example_branch_labels.py took 0.047 seconds
[2024-01-09T20:47:40.695+0000] {processor.py:161} INFO - Started process (PID=950) to work on /home/airflow/.local/lib/python3.8/site-packages/airflow/example_dags/example_branch_labels.py
[2024-01-09T20:47:40.696+0000] {processor.py:830} INFO - Processing file /home/airflow/.local/lib/python3.8/site-packages/airflow/example_dags/example_branch_labels.py for tasks to queue
[2024-01-09T20:47:40.699+0000] {logging_mixin.py:188} INFO - [2024-01-09T20:47:40.698+0000] {dagbag.py:538} INFO - Filling up the DagBag from /home/airflow/.local/lib/python3.8/site-packages/airflow/example_dags/example_branch_labels.py
[2024-01-09T20:47:40.706+0000] {processor.py:840} INFO - DAG(s) 'example_branch_labels' retrieved from /home/airflow/.local/lib/python3.8/site-packages/airflow/example_dags/example_branch_labels.py
[2024-01-09T20:47:40.723+0000] {logging_mixin.py:188} INFO - [2024-01-09T20:47:40.723+0000] {dag.py:3033} INFO - Sync 1 DAGs
[2024-01-09T20:47:40.757+0000] {logging_mixin.py:188} INFO - [2024-01-09T20:47:40.757+0000] {dag.py:3820} INFO - Setting next_dagrun for example_branch_labels to 2024-01-08T00:00:00+00:00, run_after=2024-01-09T00:00:00+00:00
[2024-01-09T20:47:40.780+0000] {processor.py:183} INFO - Processing /home/airflow/.local/lib/python3.8/site-packages/airflow/example_dags/example_branch_labels.py took 0.088 seconds
[2024-01-09T20:48:11.011+0000] {processor.py:161} INFO - Started process (PID=1007) to work on /home/airflow/.local/lib/python3.8/site-packages/airflow/example_dags/example_branch_labels.py
[2024-01-09T20:48:11.012+0000] {processor.py:830} INFO - Processing file /home/airflow/.local/lib/python3.8/site-packages/airflow/example_dags/example_branch_labels.py for tasks to queue
[2024-01-09T20:48:11.014+0000] {logging_mixin.py:188} INFO - [2024-01-09T20:48:11.013+0000] {dagbag.py:538} INFO - Filling up the DagBag from /home/airflow/.local/lib/python3.8/site-packages/airflow/example_dags/example_branch_labels.py
[2024-01-09T20:48:11.022+0000] {processor.py:840} INFO - DAG(s) 'example_branch_labels' retrieved from /home/airflow/.local/lib/python3.8/site-packages/airflow/example_dags/example_branch_labels.py
[2024-01-09T20:48:11.050+0000] {logging_mixin.py:188} INFO - [2024-01-09T20:48:11.050+0000] {dag.py:3033} INFO - Sync 1 DAGs
[2024-01-09T20:48:11.076+0000] {logging_mixin.py:188} INFO - [2024-01-09T20:48:11.076+0000] {dag.py:3820} INFO - Setting next_dagrun for example_branch_labels to 2024-01-08T00:00:00+00:00, run_after=2024-01-09T00:00:00+00:00
[2024-01-09T20:48:11.089+0000] {processor.py:183} INFO - Processing /home/airflow/.local/lib/python3.8/site-packages/airflow/example_dags/example_branch_labels.py took 0.082 seconds
