[2024-01-09T20:39:51.302+0000] {processor.py:161} INFO - Started process (PID=84) to work on /home/airflow/.local/lib/python3.8/site-packages/airflow/example_dags/example_sensors.py
[2024-01-09T20:39:51.303+0000] {processor.py:830} INFO - Processing file /home/airflow/.local/lib/python3.8/site-packages/airflow/example_dags/example_sensors.py for tasks to queue
[2024-01-09T20:39:51.306+0000] {logging_mixin.py:188} INFO - [2024-01-09T20:39:51.305+0000] {dagbag.py:538} INFO - Filling up the DagBag from /home/airflow/.local/lib/python3.8/site-packages/airflow/example_dags/example_sensors.py
[2024-01-09T20:39:51.318+0000] {processor.py:840} INFO - DAG(s) 'example_sensors' retrieved from /home/airflow/.local/lib/python3.8/site-packages/airflow/example_dags/example_sensors.py
[2024-01-09T20:39:51.450+0000] {logging_mixin.py:188} INFO - [2024-01-09T20:39:51.449+0000] {override.py:1769} INFO - Created Permission View: can delete on DAG:example_sensors
[2024-01-09T20:39:51.463+0000] {logging_mixin.py:188} INFO - [2024-01-09T20:39:51.463+0000] {override.py:1769} INFO - Created Permission View: can read on DAG:example_sensors
[2024-01-09T20:39:51.469+0000] {logging_mixin.py:188} INFO - [2024-01-09T20:39:51.469+0000] {override.py:1769} INFO - Created Permission View: can edit on DAG:example_sensors
[2024-01-09T20:39:51.470+0000] {logging_mixin.py:188} INFO - [2024-01-09T20:39:51.469+0000] {dag.py:3033} INFO - Sync 1 DAGs
[2024-01-09T20:39:51.481+0000] {logging_mixin.py:188} INFO - [2024-01-09T20:39:51.480+0000] {dag.py:3055} INFO - Creating ORM DAG for example_sensors
[2024-01-09T20:39:51.482+0000] {logging_mixin.py:188} INFO - [2024-01-09T20:39:51.481+0000] {dag.py:3820} INFO - Setting next_dagrun for example_sensors to None, run_after=None
[2024-01-09T20:39:51.503+0000] {processor.py:183} INFO - Processing /home/airflow/.local/lib/python3.8/site-packages/airflow/example_dags/example_sensors.py took 0.205 seconds
[2024-01-09T20:40:22.295+0000] {processor.py:161} INFO - Started process (PID=141) to work on /home/airflow/.local/lib/python3.8/site-packages/airflow/example_dags/example_sensors.py
[2024-01-09T20:40:22.296+0000] {processor.py:830} INFO - Processing file /home/airflow/.local/lib/python3.8/site-packages/airflow/example_dags/example_sensors.py for tasks to queue
[2024-01-09T20:40:22.298+0000] {logging_mixin.py:188} INFO - [2024-01-09T20:40:22.297+0000] {dagbag.py:538} INFO - Filling up the DagBag from /home/airflow/.local/lib/python3.8/site-packages/airflow/example_dags/example_sensors.py
[2024-01-09T20:40:22.304+0000] {processor.py:840} INFO - DAG(s) 'example_sensors' retrieved from /home/airflow/.local/lib/python3.8/site-packages/airflow/example_dags/example_sensors.py
[2024-01-09T20:40:22.319+0000] {logging_mixin.py:188} INFO - [2024-01-09T20:40:22.319+0000] {dag.py:3033} INFO - Sync 1 DAGs
[2024-01-09T20:40:22.328+0000] {logging_mixin.py:188} INFO - [2024-01-09T20:40:22.328+0000] {dag.py:3820} INFO - Setting next_dagrun for example_sensors to None, run_after=None
[2024-01-09T20:40:22.337+0000] {processor.py:183} INFO - Processing /home/airflow/.local/lib/python3.8/site-packages/airflow/example_dags/example_sensors.py took 0.046 seconds
[2024-01-09T20:40:52.362+0000] {processor.py:161} INFO - Started process (PID=198) to work on /home/airflow/.local/lib/python3.8/site-packages/airflow/example_dags/example_sensors.py
[2024-01-09T20:40:52.363+0000] {processor.py:830} INFO - Processing file /home/airflow/.local/lib/python3.8/site-packages/airflow/example_dags/example_sensors.py for tasks to queue
[2024-01-09T20:40:52.364+0000] {logging_mixin.py:188} INFO - [2024-01-09T20:40:52.364+0000] {dagbag.py:538} INFO - Filling up the DagBag from /home/airflow/.local/lib/python3.8/site-packages/airflow/example_dags/example_sensors.py
[2024-01-09T20:40:52.370+0000] {processor.py:840} INFO - DAG(s) 'example_sensors' retrieved from /home/airflow/.local/lib/python3.8/site-packages/airflow/example_dags/example_sensors.py
[2024-01-09T20:40:52.387+0000] {logging_mixin.py:188} INFO - [2024-01-09T20:40:52.387+0000] {dag.py:3033} INFO - Sync 1 DAGs
[2024-01-09T20:40:52.395+0000] {logging_mixin.py:188} INFO - [2024-01-09T20:40:52.395+0000] {dag.py:3820} INFO - Setting next_dagrun for example_sensors to None, run_after=None
[2024-01-09T20:40:52.404+0000] {processor.py:183} INFO - Processing /home/airflow/.local/lib/python3.8/site-packages/airflow/example_dags/example_sensors.py took 0.045 seconds
[2024-01-09T20:41:22.584+0000] {processor.py:161} INFO - Started process (PID=255) to work on /home/airflow/.local/lib/python3.8/site-packages/airflow/example_dags/example_sensors.py
[2024-01-09T20:41:22.585+0000] {processor.py:830} INFO - Processing file /home/airflow/.local/lib/python3.8/site-packages/airflow/example_dags/example_sensors.py for tasks to queue
[2024-01-09T20:41:22.587+0000] {logging_mixin.py:188} INFO - [2024-01-09T20:41:22.587+0000] {dagbag.py:538} INFO - Filling up the DagBag from /home/airflow/.local/lib/python3.8/site-packages/airflow/example_dags/example_sensors.py
[2024-01-09T20:41:22.595+0000] {processor.py:840} INFO - DAG(s) 'example_sensors' retrieved from /home/airflow/.local/lib/python3.8/site-packages/airflow/example_dags/example_sensors.py
[2024-01-09T20:41:22.613+0000] {logging_mixin.py:188} INFO - [2024-01-09T20:41:22.613+0000] {dag.py:3033} INFO - Sync 1 DAGs
[2024-01-09T20:41:22.625+0000] {logging_mixin.py:188} INFO - [2024-01-09T20:41:22.625+0000] {dag.py:3820} INFO - Setting next_dagrun for example_sensors to None, run_after=None
[2024-01-09T20:41:22.636+0000] {processor.py:183} INFO - Processing /home/airflow/.local/lib/python3.8/site-packages/airflow/example_dags/example_sensors.py took 0.054 seconds
[2024-01-09T20:41:52.827+0000] {processor.py:161} INFO - Started process (PID=312) to work on /home/airflow/.local/lib/python3.8/site-packages/airflow/example_dags/example_sensors.py
[2024-01-09T20:41:52.827+0000] {processor.py:830} INFO - Processing file /home/airflow/.local/lib/python3.8/site-packages/airflow/example_dags/example_sensors.py for tasks to queue
[2024-01-09T20:41:52.829+0000] {logging_mixin.py:188} INFO - [2024-01-09T20:41:52.828+0000] {dagbag.py:538} INFO - Filling up the DagBag from /home/airflow/.local/lib/python3.8/site-packages/airflow/example_dags/example_sensors.py
[2024-01-09T20:41:52.836+0000] {processor.py:840} INFO - DAG(s) 'example_sensors' retrieved from /home/airflow/.local/lib/python3.8/site-packages/airflow/example_dags/example_sensors.py
[2024-01-09T20:41:52.852+0000] {logging_mixin.py:188} INFO - [2024-01-09T20:41:52.852+0000] {dag.py:3033} INFO - Sync 1 DAGs
[2024-01-09T20:41:52.859+0000] {logging_mixin.py:188} INFO - [2024-01-09T20:41:52.859+0000] {dag.py:3820} INFO - Setting next_dagrun for example_sensors to None, run_after=None
[2024-01-09T20:41:52.869+0000] {processor.py:183} INFO - Processing /home/airflow/.local/lib/python3.8/site-packages/airflow/example_dags/example_sensors.py took 0.044 seconds
[2024-01-09T20:42:23.013+0000] {processor.py:161} INFO - Started process (PID=369) to work on /home/airflow/.local/lib/python3.8/site-packages/airflow/example_dags/example_sensors.py
[2024-01-09T20:42:23.014+0000] {processor.py:830} INFO - Processing file /home/airflow/.local/lib/python3.8/site-packages/airflow/example_dags/example_sensors.py for tasks to queue
[2024-01-09T20:42:23.017+0000] {logging_mixin.py:188} INFO - [2024-01-09T20:42:23.016+0000] {dagbag.py:538} INFO - Filling up the DagBag from /home/airflow/.local/lib/python3.8/site-packages/airflow/example_dags/example_sensors.py
[2024-01-09T20:42:23.024+0000] {processor.py:840} INFO - DAG(s) 'example_sensors' retrieved from /home/airflow/.local/lib/python3.8/site-packages/airflow/example_dags/example_sensors.py
[2024-01-09T20:42:23.039+0000] {logging_mixin.py:188} INFO - [2024-01-09T20:42:23.039+0000] {dag.py:3033} INFO - Sync 1 DAGs
[2024-01-09T20:42:23.046+0000] {logging_mixin.py:188} INFO - [2024-01-09T20:42:23.046+0000] {dag.py:3820} INFO - Setting next_dagrun for example_sensors to None, run_after=None
[2024-01-09T20:42:23.056+0000] {processor.py:183} INFO - Processing /home/airflow/.local/lib/python3.8/site-packages/airflow/example_dags/example_sensors.py took 0.045 seconds
[2024-01-09T20:42:53.293+0000] {processor.py:161} INFO - Started process (PID=426) to work on /home/airflow/.local/lib/python3.8/site-packages/airflow/example_dags/example_sensors.py
[2024-01-09T20:42:53.294+0000] {processor.py:830} INFO - Processing file /home/airflow/.local/lib/python3.8/site-packages/airflow/example_dags/example_sensors.py for tasks to queue
[2024-01-09T20:42:53.296+0000] {logging_mixin.py:188} INFO - [2024-01-09T20:42:53.295+0000] {dagbag.py:538} INFO - Filling up the DagBag from /home/airflow/.local/lib/python3.8/site-packages/airflow/example_dags/example_sensors.py
[2024-01-09T20:42:53.305+0000] {processor.py:840} INFO - DAG(s) 'example_sensors' retrieved from /home/airflow/.local/lib/python3.8/site-packages/airflow/example_dags/example_sensors.py
[2024-01-09T20:42:53.323+0000] {logging_mixin.py:188} INFO - [2024-01-09T20:42:53.323+0000] {dag.py:3033} INFO - Sync 1 DAGs
[2024-01-09T20:42:53.330+0000] {logging_mixin.py:188} INFO - [2024-01-09T20:42:53.330+0000] {dag.py:3820} INFO - Setting next_dagrun for example_sensors to None, run_after=None
[2024-01-09T20:42:53.344+0000] {processor.py:183} INFO - Processing /home/airflow/.local/lib/python3.8/site-packages/airflow/example_dags/example_sensors.py took 0.053 seconds
[2024-01-09T20:43:23.551+0000] {processor.py:161} INFO - Started process (PID=483) to work on /home/airflow/.local/lib/python3.8/site-packages/airflow/example_dags/example_sensors.py
[2024-01-09T20:43:23.552+0000] {processor.py:830} INFO - Processing file /home/airflow/.local/lib/python3.8/site-packages/airflow/example_dags/example_sensors.py for tasks to queue
[2024-01-09T20:43:23.554+0000] {logging_mixin.py:188} INFO - [2024-01-09T20:43:23.553+0000] {dagbag.py:538} INFO - Filling up the DagBag from /home/airflow/.local/lib/python3.8/site-packages/airflow/example_dags/example_sensors.py
[2024-01-09T20:43:23.561+0000] {processor.py:840} INFO - DAG(s) 'example_sensors' retrieved from /home/airflow/.local/lib/python3.8/site-packages/airflow/example_dags/example_sensors.py
[2024-01-09T20:43:23.585+0000] {logging_mixin.py:188} INFO - [2024-01-09T20:43:23.585+0000] {dag.py:3033} INFO - Sync 1 DAGs
[2024-01-09T20:43:23.598+0000] {logging_mixin.py:188} INFO - [2024-01-09T20:43:23.598+0000] {dag.py:3820} INFO - Setting next_dagrun for example_sensors to None, run_after=None
[2024-01-09T20:43:23.611+0000] {processor.py:183} INFO - Processing /home/airflow/.local/lib/python3.8/site-packages/airflow/example_dags/example_sensors.py took 0.064 seconds
[2024-01-09T20:43:53.685+0000] {processor.py:161} INFO - Started process (PID=539) to work on /home/airflow/.local/lib/python3.8/site-packages/airflow/example_dags/example_sensors.py
[2024-01-09T20:43:53.686+0000] {processor.py:830} INFO - Processing file /home/airflow/.local/lib/python3.8/site-packages/airflow/example_dags/example_sensors.py for tasks to queue
[2024-01-09T20:43:53.687+0000] {logging_mixin.py:188} INFO - [2024-01-09T20:43:53.687+0000] {dagbag.py:538} INFO - Filling up the DagBag from /home/airflow/.local/lib/python3.8/site-packages/airflow/example_dags/example_sensors.py
[2024-01-09T20:43:53.694+0000] {processor.py:840} INFO - DAG(s) 'example_sensors' retrieved from /home/airflow/.local/lib/python3.8/site-packages/airflow/example_dags/example_sensors.py
[2024-01-09T20:43:53.718+0000] {logging_mixin.py:188} INFO - [2024-01-09T20:43:53.718+0000] {dag.py:3033} INFO - Sync 1 DAGs
[2024-01-09T20:43:53.727+0000] {logging_mixin.py:188} INFO - [2024-01-09T20:43:53.727+0000] {dag.py:3820} INFO - Setting next_dagrun for example_sensors to None, run_after=None
[2024-01-09T20:43:53.745+0000] {processor.py:183} INFO - Processing /home/airflow/.local/lib/python3.8/site-packages/airflow/example_dags/example_sensors.py took 0.063 seconds
[2024-01-09T20:44:23.861+0000] {processor.py:161} INFO - Started process (PID=596) to work on /home/airflow/.local/lib/python3.8/site-packages/airflow/example_dags/example_sensors.py
[2024-01-09T20:44:23.862+0000] {processor.py:830} INFO - Processing file /home/airflow/.local/lib/python3.8/site-packages/airflow/example_dags/example_sensors.py for tasks to queue
[2024-01-09T20:44:23.864+0000] {logging_mixin.py:188} INFO - [2024-01-09T20:44:23.864+0000] {dagbag.py:538} INFO - Filling up the DagBag from /home/airflow/.local/lib/python3.8/site-packages/airflow/example_dags/example_sensors.py
[2024-01-09T20:44:23.870+0000] {processor.py:840} INFO - DAG(s) 'example_sensors' retrieved from /home/airflow/.local/lib/python3.8/site-packages/airflow/example_dags/example_sensors.py
[2024-01-09T20:44:23.886+0000] {logging_mixin.py:188} INFO - [2024-01-09T20:44:23.886+0000] {dag.py:3033} INFO - Sync 1 DAGs
[2024-01-09T20:44:23.893+0000] {logging_mixin.py:188} INFO - [2024-01-09T20:44:23.893+0000] {dag.py:3820} INFO - Setting next_dagrun for example_sensors to None, run_after=None
[2024-01-09T20:44:23.903+0000] {processor.py:183} INFO - Processing /home/airflow/.local/lib/python3.8/site-packages/airflow/example_dags/example_sensors.py took 0.044 seconds
[2024-01-09T20:44:54.155+0000] {processor.py:161} INFO - Started process (PID=652) to work on /home/airflow/.local/lib/python3.8/site-packages/airflow/example_dags/example_sensors.py
[2024-01-09T20:44:54.155+0000] {processor.py:830} INFO - Processing file /home/airflow/.local/lib/python3.8/site-packages/airflow/example_dags/example_sensors.py for tasks to queue
[2024-01-09T20:44:54.158+0000] {logging_mixin.py:188} INFO - [2024-01-09T20:44:54.157+0000] {dagbag.py:538} INFO - Filling up the DagBag from /home/airflow/.local/lib/python3.8/site-packages/airflow/example_dags/example_sensors.py
[2024-01-09T20:44:54.171+0000] {processor.py:840} INFO - DAG(s) 'example_sensors' retrieved from /home/airflow/.local/lib/python3.8/site-packages/airflow/example_dags/example_sensors.py
[2024-01-09T20:44:54.187+0000] {logging_mixin.py:188} INFO - [2024-01-09T20:44:54.187+0000] {dag.py:3033} INFO - Sync 1 DAGs
[2024-01-09T20:44:54.199+0000] {logging_mixin.py:188} INFO - [2024-01-09T20:44:54.199+0000] {dag.py:3820} INFO - Setting next_dagrun for example_sensors to None, run_after=None
[2024-01-09T20:44:54.214+0000] {processor.py:183} INFO - Processing /home/airflow/.local/lib/python3.8/site-packages/airflow/example_dags/example_sensors.py took 0.062 seconds
[2024-01-09T20:45:24.553+0000] {processor.py:161} INFO - Started process (PID=709) to work on /home/airflow/.local/lib/python3.8/site-packages/airflow/example_dags/example_sensors.py
[2024-01-09T20:45:24.554+0000] {processor.py:830} INFO - Processing file /home/airflow/.local/lib/python3.8/site-packages/airflow/example_dags/example_sensors.py for tasks to queue
[2024-01-09T20:45:24.555+0000] {logging_mixin.py:188} INFO - [2024-01-09T20:45:24.555+0000] {dagbag.py:538} INFO - Filling up the DagBag from /home/airflow/.local/lib/python3.8/site-packages/airflow/example_dags/example_sensors.py
[2024-01-09T20:45:24.561+0000] {processor.py:840} INFO - DAG(s) 'example_sensors' retrieved from /home/airflow/.local/lib/python3.8/site-packages/airflow/example_dags/example_sensors.py
[2024-01-09T20:45:24.580+0000] {logging_mixin.py:188} INFO - [2024-01-09T20:45:24.580+0000] {dag.py:3033} INFO - Sync 1 DAGs
[2024-01-09T20:45:24.589+0000] {logging_mixin.py:188} INFO - [2024-01-09T20:45:24.589+0000] {dag.py:3820} INFO - Setting next_dagrun for example_sensors to None, run_after=None
[2024-01-09T20:45:24.598+0000] {processor.py:183} INFO - Processing /home/airflow/.local/lib/python3.8/site-packages/airflow/example_dags/example_sensors.py took 0.048 seconds
[2024-01-09T20:45:54.813+0000] {processor.py:161} INFO - Started process (PID=766) to work on /home/airflow/.local/lib/python3.8/site-packages/airflow/example_dags/example_sensors.py
[2024-01-09T20:45:54.814+0000] {processor.py:830} INFO - Processing file /home/airflow/.local/lib/python3.8/site-packages/airflow/example_dags/example_sensors.py for tasks to queue
[2024-01-09T20:45:54.816+0000] {logging_mixin.py:188} INFO - [2024-01-09T20:45:54.816+0000] {dagbag.py:538} INFO - Filling up the DagBag from /home/airflow/.local/lib/python3.8/site-packages/airflow/example_dags/example_sensors.py
[2024-01-09T20:45:54.825+0000] {processor.py:840} INFO - DAG(s) 'example_sensors' retrieved from /home/airflow/.local/lib/python3.8/site-packages/airflow/example_dags/example_sensors.py
[2024-01-09T20:45:54.843+0000] {logging_mixin.py:188} INFO - [2024-01-09T20:45:54.843+0000] {dag.py:3033} INFO - Sync 1 DAGs
[2024-01-09T20:45:54.850+0000] {logging_mixin.py:188} INFO - [2024-01-09T20:45:54.850+0000] {dag.py:3820} INFO - Setting next_dagrun for example_sensors to None, run_after=None
[2024-01-09T20:45:54.863+0000] {processor.py:183} INFO - Processing /home/airflow/.local/lib/python3.8/site-packages/airflow/example_dags/example_sensors.py took 0.052 seconds
[2024-01-09T20:46:24.942+0000] {processor.py:161} INFO - Started process (PID=823) to work on /home/airflow/.local/lib/python3.8/site-packages/airflow/example_dags/example_sensors.py
[2024-01-09T20:46:24.943+0000] {processor.py:830} INFO - Processing file /home/airflow/.local/lib/python3.8/site-packages/airflow/example_dags/example_sensors.py for tasks to queue
[2024-01-09T20:46:24.944+0000] {logging_mixin.py:188} INFO - [2024-01-09T20:46:24.944+0000] {dagbag.py:538} INFO - Filling up the DagBag from /home/airflow/.local/lib/python3.8/site-packages/airflow/example_dags/example_sensors.py
[2024-01-09T20:46:24.952+0000] {processor.py:840} INFO - DAG(s) 'example_sensors' retrieved from /home/airflow/.local/lib/python3.8/site-packages/airflow/example_dags/example_sensors.py
[2024-01-09T20:46:24.969+0000] {logging_mixin.py:188} INFO - [2024-01-09T20:46:24.969+0000] {dag.py:3033} INFO - Sync 1 DAGs
[2024-01-09T20:46:24.978+0000] {logging_mixin.py:188} INFO - [2024-01-09T20:46:24.978+0000] {dag.py:3820} INFO - Setting next_dagrun for example_sensors to None, run_after=None
[2024-01-09T20:46:24.989+0000] {processor.py:183} INFO - Processing /home/airflow/.local/lib/python3.8/site-packages/airflow/example_dags/example_sensors.py took 0.051 seconds
[2024-01-09T20:46:55.213+0000] {processor.py:161} INFO - Started process (PID=880) to work on /home/airflow/.local/lib/python3.8/site-packages/airflow/example_dags/example_sensors.py
[2024-01-09T20:46:55.214+0000] {processor.py:830} INFO - Processing file /home/airflow/.local/lib/python3.8/site-packages/airflow/example_dags/example_sensors.py for tasks to queue
[2024-01-09T20:46:55.215+0000] {logging_mixin.py:188} INFO - [2024-01-09T20:46:55.215+0000] {dagbag.py:538} INFO - Filling up the DagBag from /home/airflow/.local/lib/python3.8/site-packages/airflow/example_dags/example_sensors.py
[2024-01-09T20:46:55.223+0000] {processor.py:840} INFO - DAG(s) 'example_sensors' retrieved from /home/airflow/.local/lib/python3.8/site-packages/airflow/example_dags/example_sensors.py
[2024-01-09T20:46:55.244+0000] {logging_mixin.py:188} INFO - [2024-01-09T20:46:55.244+0000] {dag.py:3033} INFO - Sync 1 DAGs
[2024-01-09T20:46:55.252+0000] {logging_mixin.py:188} INFO - [2024-01-09T20:46:55.252+0000] {dag.py:3820} INFO - Setting next_dagrun for example_sensors to None, run_after=None
[2024-01-09T20:46:55.272+0000] {processor.py:183} INFO - Processing /home/airflow/.local/lib/python3.8/site-packages/airflow/example_dags/example_sensors.py took 0.062 seconds
[2024-01-09T20:47:25.405+0000] {processor.py:161} INFO - Started process (PID=937) to work on /home/airflow/.local/lib/python3.8/site-packages/airflow/example_dags/example_sensors.py
[2024-01-09T20:47:25.406+0000] {processor.py:830} INFO - Processing file /home/airflow/.local/lib/python3.8/site-packages/airflow/example_dags/example_sensors.py for tasks to queue
[2024-01-09T20:47:25.410+0000] {logging_mixin.py:188} INFO - [2024-01-09T20:47:25.410+0000] {dagbag.py:538} INFO - Filling up the DagBag from /home/airflow/.local/lib/python3.8/site-packages/airflow/example_dags/example_sensors.py
[2024-01-09T20:47:25.417+0000] {processor.py:840} INFO - DAG(s) 'example_sensors' retrieved from /home/airflow/.local/lib/python3.8/site-packages/airflow/example_dags/example_sensors.py
[2024-01-09T20:47:25.434+0000] {logging_mixin.py:188} INFO - [2024-01-09T20:47:25.433+0000] {dag.py:3033} INFO - Sync 1 DAGs
[2024-01-09T20:47:25.444+0000] {logging_mixin.py:188} INFO - [2024-01-09T20:47:25.444+0000] {dag.py:3820} INFO - Setting next_dagrun for example_sensors to None, run_after=None
[2024-01-09T20:47:25.456+0000] {processor.py:183} INFO - Processing /home/airflow/.local/lib/python3.8/site-packages/airflow/example_dags/example_sensors.py took 0.054 seconds
[2024-01-09T20:47:55.741+0000] {processor.py:161} INFO - Started process (PID=993) to work on /home/airflow/.local/lib/python3.8/site-packages/airflow/example_dags/example_sensors.py
[2024-01-09T20:47:55.742+0000] {processor.py:830} INFO - Processing file /home/airflow/.local/lib/python3.8/site-packages/airflow/example_dags/example_sensors.py for tasks to queue
[2024-01-09T20:47:55.744+0000] {logging_mixin.py:188} INFO - [2024-01-09T20:47:55.744+0000] {dagbag.py:538} INFO - Filling up the DagBag from /home/airflow/.local/lib/python3.8/site-packages/airflow/example_dags/example_sensors.py
[2024-01-09T20:47:55.754+0000] {processor.py:840} INFO - DAG(s) 'example_sensors' retrieved from /home/airflow/.local/lib/python3.8/site-packages/airflow/example_dags/example_sensors.py
[2024-01-09T20:47:55.773+0000] {logging_mixin.py:188} INFO - [2024-01-09T20:47:55.773+0000] {dag.py:3033} INFO - Sync 1 DAGs
[2024-01-09T20:47:55.781+0000] {logging_mixin.py:188} INFO - [2024-01-09T20:47:55.781+0000] {dag.py:3820} INFO - Setting next_dagrun for example_sensors to None, run_after=None
[2024-01-09T20:47:55.796+0000] {processor.py:183} INFO - Processing /home/airflow/.local/lib/python3.8/site-packages/airflow/example_dags/example_sensors.py took 0.058 seconds
[2024-01-09T20:48:26.790+0000] {processor.py:161} INFO - Started process (PID=1050) to work on /home/airflow/.local/lib/python3.8/site-packages/airflow/example_dags/example_sensors.py
[2024-01-09T20:48:26.790+0000] {processor.py:830} INFO - Processing file /home/airflow/.local/lib/python3.8/site-packages/airflow/example_dags/example_sensors.py for tasks to queue
[2024-01-09T20:48:26.792+0000] {logging_mixin.py:188} INFO - [2024-01-09T20:48:26.792+0000] {dagbag.py:538} INFO - Filling up the DagBag from /home/airflow/.local/lib/python3.8/site-packages/airflow/example_dags/example_sensors.py
[2024-01-09T20:48:26.802+0000] {processor.py:840} INFO - DAG(s) 'example_sensors' retrieved from /home/airflow/.local/lib/python3.8/site-packages/airflow/example_dags/example_sensors.py
[2024-01-09T20:48:26.824+0000] {logging_mixin.py:188} INFO - [2024-01-09T20:48:26.823+0000] {dag.py:3033} INFO - Sync 1 DAGs
[2024-01-09T20:48:26.835+0000] {logging_mixin.py:188} INFO - [2024-01-09T20:48:26.835+0000] {dag.py:3820} INFO - Setting next_dagrun for example_sensors to None, run_after=None
[2024-01-09T20:48:26.850+0000] {processor.py:183} INFO - Processing /home/airflow/.local/lib/python3.8/site-packages/airflow/example_dags/example_sensors.py took 0.064 seconds
