[2024-01-09T20:39:39.193+0000] {processor.py:161} INFO - Started process (PID=47) to work on /home/airflow/.local/lib/python3.8/site-packages/airflow/example_dags/example_external_task_marker_dag.py
[2024-01-09T20:39:39.197+0000] {processor.py:830} INFO - Processing file /home/airflow/.local/lib/python3.8/site-packages/airflow/example_dags/example_external_task_marker_dag.py for tasks to queue
[2024-01-09T20:39:39.202+0000] {logging_mixin.py:188} INFO - [2024-01-09T20:39:39.201+0000] {dagbag.py:538} INFO - Filling up the DagBag from /home/airflow/.local/lib/python3.8/site-packages/airflow/example_dags/example_external_task_marker_dag.py
[2024-01-09T20:39:39.230+0000] {processor.py:840} INFO - DAG(s) 'example_external_task_marker_parent', 'example_external_task_marker_child' retrieved from /home/airflow/.local/lib/python3.8/site-packages/airflow/example_dags/example_external_task_marker_dag.py
[2024-01-09T20:39:39.672+0000] {logging_mixin.py:188} INFO - [2024-01-09T20:39:39.669+0000] {override.py:1769} INFO - Created Permission View: can delete on DAG:example_external_task_marker_parent
[2024-01-09T20:39:39.702+0000] {logging_mixin.py:188} INFO - [2024-01-09T20:39:39.701+0000] {override.py:1769} INFO - Created Permission View: can read on DAG:example_external_task_marker_parent
[2024-01-09T20:39:39.752+0000] {logging_mixin.py:188} INFO - [2024-01-09T20:39:39.751+0000] {override.py:1769} INFO - Created Permission View: can edit on DAG:example_external_task_marker_parent
[2024-01-09T20:39:39.810+0000] {logging_mixin.py:188} INFO - [2024-01-09T20:39:39.810+0000] {override.py:1769} INFO - Created Permission View: can delete on DAG:example_external_task_marker_child
[2024-01-09T20:39:39.924+0000] {logging_mixin.py:188} INFO - [2024-01-09T20:39:39.886+0000] {override.py:1769} INFO - Created Permission View: can read on DAG:example_external_task_marker_child
[2024-01-09T20:39:39.977+0000] {logging_mixin.py:188} INFO - [2024-01-09T20:39:39.976+0000] {override.py:1769} INFO - Created Permission View: can edit on DAG:example_external_task_marker_child
[2024-01-09T20:39:39.979+0000] {logging_mixin.py:188} INFO - [2024-01-09T20:39:39.978+0000] {dag.py:3033} INFO - Sync 2 DAGs
[2024-01-09T20:39:40.029+0000] {logging_mixin.py:188} INFO - [2024-01-09T20:39:40.028+0000] {dag.py:3055} INFO - Creating ORM DAG for example_external_task_marker_child
[2024-01-09T20:39:40.031+0000] {logging_mixin.py:188} INFO - [2024-01-09T20:39:40.031+0000] {dag.py:3055} INFO - Creating ORM DAG for example_external_task_marker_parent
[2024-01-09T20:39:40.033+0000] {logging_mixin.py:188} INFO - [2024-01-09T20:39:40.033+0000] {dag.py:3820} INFO - Setting next_dagrun for example_external_task_marker_child to None, run_after=None
[2024-01-09T20:39:40.045+0000] {logging_mixin.py:188} INFO - [2024-01-09T20:39:40.045+0000] {dag.py:3820} INFO - Setting next_dagrun for example_external_task_marker_parent to None, run_after=None
[2024-01-09T20:39:40.135+0000] {processor.py:183} INFO - Processing /home/airflow/.local/lib/python3.8/site-packages/airflow/example_dags/example_external_task_marker_dag.py took 0.949 seconds
[2024-01-09T20:40:10.617+0000] {processor.py:161} INFO - Started process (PID=104) to work on /home/airflow/.local/lib/python3.8/site-packages/airflow/example_dags/example_external_task_marker_dag.py
[2024-01-09T20:40:10.618+0000] {processor.py:830} INFO - Processing file /home/airflow/.local/lib/python3.8/site-packages/airflow/example_dags/example_external_task_marker_dag.py for tasks to queue
[2024-01-09T20:40:10.621+0000] {logging_mixin.py:188} INFO - [2024-01-09T20:40:10.621+0000] {dagbag.py:538} INFO - Filling up the DagBag from /home/airflow/.local/lib/python3.8/site-packages/airflow/example_dags/example_external_task_marker_dag.py
[2024-01-09T20:40:10.627+0000] {processor.py:840} INFO - DAG(s) 'example_external_task_marker_child', 'example_external_task_marker_parent' retrieved from /home/airflow/.local/lib/python3.8/site-packages/airflow/example_dags/example_external_task_marker_dag.py
[2024-01-09T20:40:10.643+0000] {logging_mixin.py:188} INFO - [2024-01-09T20:40:10.643+0000] {dag.py:3033} INFO - Sync 2 DAGs
[2024-01-09T20:40:10.656+0000] {logging_mixin.py:188} INFO - [2024-01-09T20:40:10.656+0000] {dag.py:3820} INFO - Setting next_dagrun for example_external_task_marker_child to None, run_after=None
[2024-01-09T20:40:10.658+0000] {logging_mixin.py:188} INFO - [2024-01-09T20:40:10.658+0000] {dag.py:3820} INFO - Setting next_dagrun for example_external_task_marker_parent to None, run_after=None
[2024-01-09T20:40:10.674+0000] {processor.py:183} INFO - Processing /home/airflow/.local/lib/python3.8/site-packages/airflow/example_dags/example_external_task_marker_dag.py took 0.062 seconds
[2024-01-09T20:40:40.762+0000] {processor.py:161} INFO - Started process (PID=160) to work on /home/airflow/.local/lib/python3.8/site-packages/airflow/example_dags/example_external_task_marker_dag.py
[2024-01-09T20:40:40.763+0000] {processor.py:830} INFO - Processing file /home/airflow/.local/lib/python3.8/site-packages/airflow/example_dags/example_external_task_marker_dag.py for tasks to queue
[2024-01-09T20:40:40.764+0000] {logging_mixin.py:188} INFO - [2024-01-09T20:40:40.764+0000] {dagbag.py:538} INFO - Filling up the DagBag from /home/airflow/.local/lib/python3.8/site-packages/airflow/example_dags/example_external_task_marker_dag.py
[2024-01-09T20:40:40.770+0000] {processor.py:840} INFO - DAG(s) 'example_external_task_marker_child', 'example_external_task_marker_parent' retrieved from /home/airflow/.local/lib/python3.8/site-packages/airflow/example_dags/example_external_task_marker_dag.py
[2024-01-09T20:40:40.786+0000] {logging_mixin.py:188} INFO - [2024-01-09T20:40:40.786+0000] {dag.py:3033} INFO - Sync 2 DAGs
[2024-01-09T20:40:40.794+0000] {logging_mixin.py:188} INFO - [2024-01-09T20:40:40.794+0000] {dag.py:3820} INFO - Setting next_dagrun for example_external_task_marker_child to None, run_after=None
[2024-01-09T20:40:40.796+0000] {logging_mixin.py:188} INFO - [2024-01-09T20:40:40.796+0000] {dag.py:3820} INFO - Setting next_dagrun for example_external_task_marker_parent to None, run_after=None
[2024-01-09T20:40:40.806+0000] {processor.py:183} INFO - Processing /home/airflow/.local/lib/python3.8/site-packages/airflow/example_dags/example_external_task_marker_dag.py took 0.046 seconds
[2024-01-09T20:41:11.070+0000] {processor.py:161} INFO - Started process (PID=217) to work on /home/airflow/.local/lib/python3.8/site-packages/airflow/example_dags/example_external_task_marker_dag.py
[2024-01-09T20:41:11.070+0000] {processor.py:830} INFO - Processing file /home/airflow/.local/lib/python3.8/site-packages/airflow/example_dags/example_external_task_marker_dag.py for tasks to queue
[2024-01-09T20:41:11.072+0000] {logging_mixin.py:188} INFO - [2024-01-09T20:41:11.071+0000] {dagbag.py:538} INFO - Filling up the DagBag from /home/airflow/.local/lib/python3.8/site-packages/airflow/example_dags/example_external_task_marker_dag.py
[2024-01-09T20:41:11.076+0000] {processor.py:840} INFO - DAG(s) 'example_external_task_marker_parent', 'example_external_task_marker_child' retrieved from /home/airflow/.local/lib/python3.8/site-packages/airflow/example_dags/example_external_task_marker_dag.py
[2024-01-09T20:41:11.093+0000] {logging_mixin.py:188} INFO - [2024-01-09T20:41:11.092+0000] {dag.py:3033} INFO - Sync 2 DAGs
[2024-01-09T20:41:11.104+0000] {logging_mixin.py:188} INFO - [2024-01-09T20:41:11.103+0000] {dag.py:3820} INFO - Setting next_dagrun for example_external_task_marker_child to None, run_after=None
[2024-01-09T20:41:11.106+0000] {logging_mixin.py:188} INFO - [2024-01-09T20:41:11.106+0000] {dag.py:3820} INFO - Setting next_dagrun for example_external_task_marker_parent to None, run_after=None
[2024-01-09T20:41:11.115+0000] {processor.py:183} INFO - Processing /home/airflow/.local/lib/python3.8/site-packages/airflow/example_dags/example_external_task_marker_dag.py took 0.048 seconds
[2024-01-09T20:41:41.266+0000] {processor.py:161} INFO - Started process (PID=273) to work on /home/airflow/.local/lib/python3.8/site-packages/airflow/example_dags/example_external_task_marker_dag.py
[2024-01-09T20:41:41.271+0000] {processor.py:830} INFO - Processing file /home/airflow/.local/lib/python3.8/site-packages/airflow/example_dags/example_external_task_marker_dag.py for tasks to queue
[2024-01-09T20:41:41.272+0000] {logging_mixin.py:188} INFO - [2024-01-09T20:41:41.272+0000] {dagbag.py:538} INFO - Filling up the DagBag from /home/airflow/.local/lib/python3.8/site-packages/airflow/example_dags/example_external_task_marker_dag.py
[2024-01-09T20:41:41.279+0000] {processor.py:840} INFO - DAG(s) 'example_external_task_marker_child', 'example_external_task_marker_parent' retrieved from /home/airflow/.local/lib/python3.8/site-packages/airflow/example_dags/example_external_task_marker_dag.py
[2024-01-09T20:41:41.294+0000] {logging_mixin.py:188} INFO - [2024-01-09T20:41:41.294+0000] {dag.py:3033} INFO - Sync 2 DAGs
[2024-01-09T20:41:41.307+0000] {logging_mixin.py:188} INFO - [2024-01-09T20:41:41.307+0000] {dag.py:3820} INFO - Setting next_dagrun for example_external_task_marker_child to None, run_after=None
[2024-01-09T20:41:41.311+0000] {logging_mixin.py:188} INFO - [2024-01-09T20:41:41.311+0000] {dag.py:3820} INFO - Setting next_dagrun for example_external_task_marker_parent to None, run_after=None
[2024-01-09T20:41:41.321+0000] {processor.py:183} INFO - Processing /home/airflow/.local/lib/python3.8/site-packages/airflow/example_dags/example_external_task_marker_dag.py took 0.058 seconds
[2024-01-09T20:42:11.522+0000] {processor.py:161} INFO - Started process (PID=330) to work on /home/airflow/.local/lib/python3.8/site-packages/airflow/example_dags/example_external_task_marker_dag.py
[2024-01-09T20:42:11.527+0000] {processor.py:830} INFO - Processing file /home/airflow/.local/lib/python3.8/site-packages/airflow/example_dags/example_external_task_marker_dag.py for tasks to queue
[2024-01-09T20:42:11.530+0000] {logging_mixin.py:188} INFO - [2024-01-09T20:42:11.530+0000] {dagbag.py:538} INFO - Filling up the DagBag from /home/airflow/.local/lib/python3.8/site-packages/airflow/example_dags/example_external_task_marker_dag.py
[2024-01-09T20:42:11.535+0000] {processor.py:840} INFO - DAG(s) 'example_external_task_marker_parent', 'example_external_task_marker_child' retrieved from /home/airflow/.local/lib/python3.8/site-packages/airflow/example_dags/example_external_task_marker_dag.py
[2024-01-09T20:42:11.551+0000] {logging_mixin.py:188} INFO - [2024-01-09T20:42:11.551+0000] {dag.py:3033} INFO - Sync 2 DAGs
[2024-01-09T20:42:11.559+0000] {logging_mixin.py:188} INFO - [2024-01-09T20:42:11.559+0000] {dag.py:3820} INFO - Setting next_dagrun for example_external_task_marker_child to None, run_after=None
[2024-01-09T20:42:11.561+0000] {logging_mixin.py:188} INFO - [2024-01-09T20:42:11.561+0000] {dag.py:3820} INFO - Setting next_dagrun for example_external_task_marker_parent to None, run_after=None
[2024-01-09T20:42:11.569+0000] {processor.py:183} INFO - Processing /home/airflow/.local/lib/python3.8/site-packages/airflow/example_dags/example_external_task_marker_dag.py took 0.051 seconds
[2024-01-09T20:42:41.626+0000] {processor.py:161} INFO - Started process (PID=387) to work on /home/airflow/.local/lib/python3.8/site-packages/airflow/example_dags/example_external_task_marker_dag.py
[2024-01-09T20:42:41.627+0000] {processor.py:830} INFO - Processing file /home/airflow/.local/lib/python3.8/site-packages/airflow/example_dags/example_external_task_marker_dag.py for tasks to queue
[2024-01-09T20:42:41.629+0000] {logging_mixin.py:188} INFO - [2024-01-09T20:42:41.629+0000] {dagbag.py:538} INFO - Filling up the DagBag from /home/airflow/.local/lib/python3.8/site-packages/airflow/example_dags/example_external_task_marker_dag.py
[2024-01-09T20:42:41.634+0000] {processor.py:840} INFO - DAG(s) 'example_external_task_marker_child', 'example_external_task_marker_parent' retrieved from /home/airflow/.local/lib/python3.8/site-packages/airflow/example_dags/example_external_task_marker_dag.py
[2024-01-09T20:42:41.649+0000] {logging_mixin.py:188} INFO - [2024-01-09T20:42:41.648+0000] {dag.py:3033} INFO - Sync 2 DAGs
[2024-01-09T20:42:41.656+0000] {logging_mixin.py:188} INFO - [2024-01-09T20:42:41.656+0000] {dag.py:3820} INFO - Setting next_dagrun for example_external_task_marker_child to None, run_after=None
[2024-01-09T20:42:41.658+0000] {logging_mixin.py:188} INFO - [2024-01-09T20:42:41.658+0000] {dag.py:3820} INFO - Setting next_dagrun for example_external_task_marker_parent to None, run_after=None
[2024-01-09T20:42:41.668+0000] {processor.py:183} INFO - Processing /home/airflow/.local/lib/python3.8/site-packages/airflow/example_dags/example_external_task_marker_dag.py took 0.046 seconds
[2024-01-09T20:43:11.969+0000] {processor.py:161} INFO - Started process (PID=444) to work on /home/airflow/.local/lib/python3.8/site-packages/airflow/example_dags/example_external_task_marker_dag.py
[2024-01-09T20:43:11.971+0000] {processor.py:830} INFO - Processing file /home/airflow/.local/lib/python3.8/site-packages/airflow/example_dags/example_external_task_marker_dag.py for tasks to queue
[2024-01-09T20:43:11.973+0000] {logging_mixin.py:188} INFO - [2024-01-09T20:43:11.972+0000] {dagbag.py:538} INFO - Filling up the DagBag from /home/airflow/.local/lib/python3.8/site-packages/airflow/example_dags/example_external_task_marker_dag.py
[2024-01-09T20:43:11.979+0000] {processor.py:840} INFO - DAG(s) 'example_external_task_marker_child', 'example_external_task_marker_parent' retrieved from /home/airflow/.local/lib/python3.8/site-packages/airflow/example_dags/example_external_task_marker_dag.py
[2024-01-09T20:43:11.995+0000] {logging_mixin.py:188} INFO - [2024-01-09T20:43:11.994+0000] {dag.py:3033} INFO - Sync 2 DAGs
[2024-01-09T20:43:12.002+0000] {logging_mixin.py:188} INFO - [2024-01-09T20:43:12.002+0000] {dag.py:3820} INFO - Setting next_dagrun for example_external_task_marker_child to None, run_after=None
[2024-01-09T20:43:12.005+0000] {logging_mixin.py:188} INFO - [2024-01-09T20:43:12.005+0000] {dag.py:3820} INFO - Setting next_dagrun for example_external_task_marker_parent to None, run_after=None
[2024-01-09T20:43:12.017+0000] {processor.py:183} INFO - Processing /home/airflow/.local/lib/python3.8/site-packages/airflow/example_dags/example_external_task_marker_dag.py took 0.053 seconds
[2024-01-09T20:43:42.255+0000] {processor.py:161} INFO - Started process (PID=500) to work on /home/airflow/.local/lib/python3.8/site-packages/airflow/example_dags/example_external_task_marker_dag.py
[2024-01-09T20:43:42.257+0000] {processor.py:830} INFO - Processing file /home/airflow/.local/lib/python3.8/site-packages/airflow/example_dags/example_external_task_marker_dag.py for tasks to queue
[2024-01-09T20:43:42.260+0000] {logging_mixin.py:188} INFO - [2024-01-09T20:43:42.260+0000] {dagbag.py:538} INFO - Filling up the DagBag from /home/airflow/.local/lib/python3.8/site-packages/airflow/example_dags/example_external_task_marker_dag.py
[2024-01-09T20:43:42.265+0000] {processor.py:840} INFO - DAG(s) 'example_external_task_marker_parent', 'example_external_task_marker_child' retrieved from /home/airflow/.local/lib/python3.8/site-packages/airflow/example_dags/example_external_task_marker_dag.py
[2024-01-09T20:43:42.282+0000] {logging_mixin.py:188} INFO - [2024-01-09T20:43:42.282+0000] {dag.py:3033} INFO - Sync 2 DAGs
[2024-01-09T20:43:42.291+0000] {logging_mixin.py:188} INFO - [2024-01-09T20:43:42.290+0000] {dag.py:3820} INFO - Setting next_dagrun for example_external_task_marker_child to None, run_after=None
[2024-01-09T20:43:42.294+0000] {logging_mixin.py:188} INFO - [2024-01-09T20:43:42.294+0000] {dag.py:3820} INFO - Setting next_dagrun for example_external_task_marker_parent to None, run_after=None
[2024-01-09T20:43:42.304+0000] {processor.py:183} INFO - Processing /home/airflow/.local/lib/python3.8/site-packages/airflow/example_dags/example_external_task_marker_dag.py took 0.053 seconds
[2024-01-09T20:44:12.426+0000] {processor.py:161} INFO - Started process (PID=557) to work on /home/airflow/.local/lib/python3.8/site-packages/airflow/example_dags/example_external_task_marker_dag.py
[2024-01-09T20:44:12.427+0000] {processor.py:830} INFO - Processing file /home/airflow/.local/lib/python3.8/site-packages/airflow/example_dags/example_external_task_marker_dag.py for tasks to queue
[2024-01-09T20:44:12.429+0000] {logging_mixin.py:188} INFO - [2024-01-09T20:44:12.429+0000] {dagbag.py:538} INFO - Filling up the DagBag from /home/airflow/.local/lib/python3.8/site-packages/airflow/example_dags/example_external_task_marker_dag.py
[2024-01-09T20:44:12.433+0000] {processor.py:840} INFO - DAG(s) 'example_external_task_marker_parent', 'example_external_task_marker_child' retrieved from /home/airflow/.local/lib/python3.8/site-packages/airflow/example_dags/example_external_task_marker_dag.py
[2024-01-09T20:44:12.450+0000] {logging_mixin.py:188} INFO - [2024-01-09T20:44:12.450+0000] {dag.py:3033} INFO - Sync 2 DAGs
[2024-01-09T20:44:12.458+0000] {logging_mixin.py:188} INFO - [2024-01-09T20:44:12.458+0000] {dag.py:3820} INFO - Setting next_dagrun for example_external_task_marker_child to None, run_after=None
[2024-01-09T20:44:12.460+0000] {logging_mixin.py:188} INFO - [2024-01-09T20:44:12.460+0000] {dag.py:3820} INFO - Setting next_dagrun for example_external_task_marker_parent to None, run_after=None
[2024-01-09T20:44:12.468+0000] {processor.py:183} INFO - Processing /home/airflow/.local/lib/python3.8/site-packages/airflow/example_dags/example_external_task_marker_dag.py took 0.046 seconds
[2024-01-09T20:44:42.530+0000] {processor.py:161} INFO - Started process (PID=613) to work on /home/airflow/.local/lib/python3.8/site-packages/airflow/example_dags/example_external_task_marker_dag.py
[2024-01-09T20:44:42.532+0000] {processor.py:830} INFO - Processing file /home/airflow/.local/lib/python3.8/site-packages/airflow/example_dags/example_external_task_marker_dag.py for tasks to queue
[2024-01-09T20:44:42.534+0000] {logging_mixin.py:188} INFO - [2024-01-09T20:44:42.534+0000] {dagbag.py:538} INFO - Filling up the DagBag from /home/airflow/.local/lib/python3.8/site-packages/airflow/example_dags/example_external_task_marker_dag.py
[2024-01-09T20:44:42.538+0000] {processor.py:840} INFO - DAG(s) 'example_external_task_marker_parent', 'example_external_task_marker_child' retrieved from /home/airflow/.local/lib/python3.8/site-packages/airflow/example_dags/example_external_task_marker_dag.py
[2024-01-09T20:44:42.554+0000] {logging_mixin.py:188} INFO - [2024-01-09T20:44:42.553+0000] {dag.py:3033} INFO - Sync 2 DAGs
[2024-01-09T20:44:42.562+0000] {logging_mixin.py:188} INFO - [2024-01-09T20:44:42.562+0000] {dag.py:3820} INFO - Setting next_dagrun for example_external_task_marker_child to None, run_after=None
[2024-01-09T20:44:42.564+0000] {logging_mixin.py:188} INFO - [2024-01-09T20:44:42.564+0000] {dag.py:3820} INFO - Setting next_dagrun for example_external_task_marker_parent to None, run_after=None
[2024-01-09T20:44:42.572+0000] {processor.py:183} INFO - Processing /home/airflow/.local/lib/python3.8/site-packages/airflow/example_dags/example_external_task_marker_dag.py took 0.046 seconds
[2024-01-09T20:45:12.607+0000] {processor.py:161} INFO - Started process (PID=670) to work on /home/airflow/.local/lib/python3.8/site-packages/airflow/example_dags/example_external_task_marker_dag.py
[2024-01-09T20:45:12.608+0000] {processor.py:830} INFO - Processing file /home/airflow/.local/lib/python3.8/site-packages/airflow/example_dags/example_external_task_marker_dag.py for tasks to queue
[2024-01-09T20:45:12.609+0000] {logging_mixin.py:188} INFO - [2024-01-09T20:45:12.609+0000] {dagbag.py:538} INFO - Filling up the DagBag from /home/airflow/.local/lib/python3.8/site-packages/airflow/example_dags/example_external_task_marker_dag.py
[2024-01-09T20:45:12.616+0000] {processor.py:840} INFO - DAG(s) 'example_external_task_marker_parent', 'example_external_task_marker_child' retrieved from /home/airflow/.local/lib/python3.8/site-packages/airflow/example_dags/example_external_task_marker_dag.py
[2024-01-09T20:45:12.633+0000] {logging_mixin.py:188} INFO - [2024-01-09T20:45:12.632+0000] {dag.py:3033} INFO - Sync 2 DAGs
[2024-01-09T20:45:12.642+0000] {logging_mixin.py:188} INFO - [2024-01-09T20:45:12.642+0000] {dag.py:3820} INFO - Setting next_dagrun for example_external_task_marker_child to None, run_after=None
[2024-01-09T20:45:12.644+0000] {logging_mixin.py:188} INFO - [2024-01-09T20:45:12.644+0000] {dag.py:3820} INFO - Setting next_dagrun for example_external_task_marker_parent to None, run_after=None
[2024-01-09T20:45:12.653+0000] {processor.py:183} INFO - Processing /home/airflow/.local/lib/python3.8/site-packages/airflow/example_dags/example_external_task_marker_dag.py took 0.050 seconds
[2024-01-09T20:45:42.983+0000] {processor.py:161} INFO - Started process (PID=727) to work on /home/airflow/.local/lib/python3.8/site-packages/airflow/example_dags/example_external_task_marker_dag.py
[2024-01-09T20:45:42.984+0000] {processor.py:830} INFO - Processing file /home/airflow/.local/lib/python3.8/site-packages/airflow/example_dags/example_external_task_marker_dag.py for tasks to queue
[2024-01-09T20:45:42.987+0000] {logging_mixin.py:188} INFO - [2024-01-09T20:45:42.987+0000] {dagbag.py:538} INFO - Filling up the DagBag from /home/airflow/.local/lib/python3.8/site-packages/airflow/example_dags/example_external_task_marker_dag.py
[2024-01-09T20:45:42.992+0000] {processor.py:840} INFO - DAG(s) 'example_external_task_marker_parent', 'example_external_task_marker_child' retrieved from /home/airflow/.local/lib/python3.8/site-packages/airflow/example_dags/example_external_task_marker_dag.py
[2024-01-09T20:45:43.011+0000] {logging_mixin.py:188} INFO - [2024-01-09T20:45:43.011+0000] {dag.py:3033} INFO - Sync 2 DAGs
[2024-01-09T20:45:43.021+0000] {logging_mixin.py:188} INFO - [2024-01-09T20:45:43.021+0000] {dag.py:3820} INFO - Setting next_dagrun for example_external_task_marker_child to None, run_after=None
[2024-01-09T20:45:43.023+0000] {logging_mixin.py:188} INFO - [2024-01-09T20:45:43.023+0000] {dag.py:3820} INFO - Setting next_dagrun for example_external_task_marker_parent to None, run_after=None
[2024-01-09T20:45:43.037+0000] {processor.py:183} INFO - Processing /home/airflow/.local/lib/python3.8/site-packages/airflow/example_dags/example_external_task_marker_dag.py took 0.058 seconds
[2024-01-09T20:46:13.209+0000] {processor.py:161} INFO - Started process (PID=784) to work on /home/airflow/.local/lib/python3.8/site-packages/airflow/example_dags/example_external_task_marker_dag.py
[2024-01-09T20:46:13.211+0000] {processor.py:830} INFO - Processing file /home/airflow/.local/lib/python3.8/site-packages/airflow/example_dags/example_external_task_marker_dag.py for tasks to queue
[2024-01-09T20:46:13.213+0000] {logging_mixin.py:188} INFO - [2024-01-09T20:46:13.213+0000] {dagbag.py:538} INFO - Filling up the DagBag from /home/airflow/.local/lib/python3.8/site-packages/airflow/example_dags/example_external_task_marker_dag.py
[2024-01-09T20:46:13.219+0000] {processor.py:840} INFO - DAG(s) 'example_external_task_marker_parent', 'example_external_task_marker_child' retrieved from /home/airflow/.local/lib/python3.8/site-packages/airflow/example_dags/example_external_task_marker_dag.py
[2024-01-09T20:46:13.236+0000] {logging_mixin.py:188} INFO - [2024-01-09T20:46:13.235+0000] {dag.py:3033} INFO - Sync 2 DAGs
[2024-01-09T20:46:13.244+0000] {logging_mixin.py:188} INFO - [2024-01-09T20:46:13.244+0000] {dag.py:3820} INFO - Setting next_dagrun for example_external_task_marker_child to None, run_after=None
[2024-01-09T20:46:13.248+0000] {logging_mixin.py:188} INFO - [2024-01-09T20:46:13.248+0000] {dag.py:3820} INFO - Setting next_dagrun for example_external_task_marker_parent to None, run_after=None
[2024-01-09T20:46:13.256+0000] {processor.py:183} INFO - Processing /home/airflow/.local/lib/python3.8/site-packages/airflow/example_dags/example_external_task_marker_dag.py took 0.052 seconds
[2024-01-09T20:46:43.395+0000] {processor.py:161} INFO - Started process (PID=841) to work on /home/airflow/.local/lib/python3.8/site-packages/airflow/example_dags/example_external_task_marker_dag.py
[2024-01-09T20:46:43.396+0000] {processor.py:830} INFO - Processing file /home/airflow/.local/lib/python3.8/site-packages/airflow/example_dags/example_external_task_marker_dag.py for tasks to queue
[2024-01-09T20:46:43.398+0000] {logging_mixin.py:188} INFO - [2024-01-09T20:46:43.398+0000] {dagbag.py:538} INFO - Filling up the DagBag from /home/airflow/.local/lib/python3.8/site-packages/airflow/example_dags/example_external_task_marker_dag.py
[2024-01-09T20:46:43.402+0000] {processor.py:840} INFO - DAG(s) 'example_external_task_marker_parent', 'example_external_task_marker_child' retrieved from /home/airflow/.local/lib/python3.8/site-packages/airflow/example_dags/example_external_task_marker_dag.py
[2024-01-09T20:46:43.422+0000] {logging_mixin.py:188} INFO - [2024-01-09T20:46:43.422+0000] {dag.py:3033} INFO - Sync 2 DAGs
[2024-01-09T20:46:43.432+0000] {logging_mixin.py:188} INFO - [2024-01-09T20:46:43.432+0000] {dag.py:3820} INFO - Setting next_dagrun for example_external_task_marker_child to None, run_after=None
[2024-01-09T20:46:43.434+0000] {logging_mixin.py:188} INFO - [2024-01-09T20:46:43.434+0000] {dag.py:3820} INFO - Setting next_dagrun for example_external_task_marker_parent to None, run_after=None
[2024-01-09T20:46:43.442+0000] {processor.py:183} INFO - Processing /home/airflow/.local/lib/python3.8/site-packages/airflow/example_dags/example_external_task_marker_dag.py took 0.053 seconds
[2024-01-09T20:47:13.659+0000] {processor.py:161} INFO - Started process (PID=898) to work on /home/airflow/.local/lib/python3.8/site-packages/airflow/example_dags/example_external_task_marker_dag.py
[2024-01-09T20:47:13.660+0000] {processor.py:830} INFO - Processing file /home/airflow/.local/lib/python3.8/site-packages/airflow/example_dags/example_external_task_marker_dag.py for tasks to queue
[2024-01-09T20:47:13.663+0000] {logging_mixin.py:188} INFO - [2024-01-09T20:47:13.663+0000] {dagbag.py:538} INFO - Filling up the DagBag from /home/airflow/.local/lib/python3.8/site-packages/airflow/example_dags/example_external_task_marker_dag.py
[2024-01-09T20:47:13.668+0000] {processor.py:840} INFO - DAG(s) 'example_external_task_marker_parent', 'example_external_task_marker_child' retrieved from /home/airflow/.local/lib/python3.8/site-packages/airflow/example_dags/example_external_task_marker_dag.py
[2024-01-09T20:47:13.692+0000] {logging_mixin.py:188} INFO - [2024-01-09T20:47:13.692+0000] {dag.py:3033} INFO - Sync 2 DAGs
[2024-01-09T20:47:13.703+0000] {logging_mixin.py:188} INFO - [2024-01-09T20:47:13.703+0000] {dag.py:3820} INFO - Setting next_dagrun for example_external_task_marker_child to None, run_after=None
[2024-01-09T20:47:13.707+0000] {logging_mixin.py:188} INFO - [2024-01-09T20:47:13.706+0000] {dag.py:3820} INFO - Setting next_dagrun for example_external_task_marker_parent to None, run_after=None
[2024-01-09T20:47:13.719+0000] {processor.py:183} INFO - Processing /home/airflow/.local/lib/python3.8/site-packages/airflow/example_dags/example_external_task_marker_dag.py took 0.065 seconds
[2024-01-09T20:47:43.904+0000] {processor.py:161} INFO - Started process (PID=954) to work on /home/airflow/.local/lib/python3.8/site-packages/airflow/example_dags/example_external_task_marker_dag.py
[2024-01-09T20:47:43.905+0000] {processor.py:830} INFO - Processing file /home/airflow/.local/lib/python3.8/site-packages/airflow/example_dags/example_external_task_marker_dag.py for tasks to queue
[2024-01-09T20:47:43.907+0000] {logging_mixin.py:188} INFO - [2024-01-09T20:47:43.907+0000] {dagbag.py:538} INFO - Filling up the DagBag from /home/airflow/.local/lib/python3.8/site-packages/airflow/example_dags/example_external_task_marker_dag.py
[2024-01-09T20:47:43.912+0000] {processor.py:840} INFO - DAG(s) 'example_external_task_marker_child', 'example_external_task_marker_parent' retrieved from /home/airflow/.local/lib/python3.8/site-packages/airflow/example_dags/example_external_task_marker_dag.py
[2024-01-09T20:47:43.930+0000] {logging_mixin.py:188} INFO - [2024-01-09T20:47:43.930+0000] {dag.py:3033} INFO - Sync 2 DAGs
[2024-01-09T20:47:43.939+0000] {logging_mixin.py:188} INFO - [2024-01-09T20:47:43.939+0000] {dag.py:3820} INFO - Setting next_dagrun for example_external_task_marker_child to None, run_after=None
[2024-01-09T20:47:43.941+0000] {logging_mixin.py:188} INFO - [2024-01-09T20:47:43.941+0000] {dag.py:3820} INFO - Setting next_dagrun for example_external_task_marker_parent to None, run_after=None
[2024-01-09T20:47:43.951+0000] {processor.py:183} INFO - Processing /home/airflow/.local/lib/python3.8/site-packages/airflow/example_dags/example_external_task_marker_dag.py took 0.049 seconds
[2024-01-09T20:48:14.246+0000] {processor.py:161} INFO - Started process (PID=1011) to work on /home/airflow/.local/lib/python3.8/site-packages/airflow/example_dags/example_external_task_marker_dag.py
[2024-01-09T20:48:14.247+0000] {processor.py:830} INFO - Processing file /home/airflow/.local/lib/python3.8/site-packages/airflow/example_dags/example_external_task_marker_dag.py for tasks to queue
[2024-01-09T20:48:14.250+0000] {logging_mixin.py:188} INFO - [2024-01-09T20:48:14.250+0000] {dagbag.py:538} INFO - Filling up the DagBag from /home/airflow/.local/lib/python3.8/site-packages/airflow/example_dags/example_external_task_marker_dag.py
[2024-01-09T20:48:14.257+0000] {processor.py:840} INFO - DAG(s) 'example_external_task_marker_child', 'example_external_task_marker_parent' retrieved from /home/airflow/.local/lib/python3.8/site-packages/airflow/example_dags/example_external_task_marker_dag.py
[2024-01-09T20:48:14.282+0000] {logging_mixin.py:188} INFO - [2024-01-09T20:48:14.282+0000] {dag.py:3033} INFO - Sync 2 DAGs
[2024-01-09T20:48:14.295+0000] {logging_mixin.py:188} INFO - [2024-01-09T20:48:14.295+0000] {dag.py:3820} INFO - Setting next_dagrun for example_external_task_marker_child to None, run_after=None
[2024-01-09T20:48:14.300+0000] {logging_mixin.py:188} INFO - [2024-01-09T20:48:14.300+0000] {dag.py:3820} INFO - Setting next_dagrun for example_external_task_marker_parent to None, run_after=None
[2024-01-09T20:48:14.315+0000] {processor.py:183} INFO - Processing /home/airflow/.local/lib/python3.8/site-packages/airflow/example_dags/example_external_task_marker_dag.py took 0.075 seconds
