[2024-01-09T20:39:45.896+0000] {processor.py:161} INFO - Started process (PID=55) to work on /home/airflow/.local/lib/python3.8/site-packages/airflow/example_dags/example_time_delta_sensor_async.py
[2024-01-09T20:39:45.898+0000] {processor.py:830} INFO - Processing file /home/airflow/.local/lib/python3.8/site-packages/airflow/example_dags/example_time_delta_sensor_async.py for tasks to queue
[2024-01-09T20:39:45.905+0000] {logging_mixin.py:188} INFO - [2024-01-09T20:39:45.904+0000] {dagbag.py:538} INFO - Filling up the DagBag from /home/airflow/.local/lib/python3.8/site-packages/airflow/example_dags/example_time_delta_sensor_async.py
[2024-01-09T20:39:45.949+0000] {processor.py:840} INFO - DAG(s) 'example_time_delta_sensor_async' retrieved from /home/airflow/.local/lib/python3.8/site-packages/airflow/example_dags/example_time_delta_sensor_async.py
[2024-01-09T20:39:46.211+0000] {logging_mixin.py:188} INFO - [2024-01-09T20:39:46.210+0000] {override.py:1769} INFO - Created Permission View: can delete on DAG:example_time_delta_sensor_async
[2024-01-09T20:39:46.232+0000] {logging_mixin.py:188} INFO - [2024-01-09T20:39:46.231+0000] {override.py:1769} INFO - Created Permission View: can read on DAG:example_time_delta_sensor_async
[2024-01-09T20:39:46.245+0000] {logging_mixin.py:188} INFO - [2024-01-09T20:39:46.245+0000] {override.py:1769} INFO - Created Permission View: can edit on DAG:example_time_delta_sensor_async
[2024-01-09T20:39:46.247+0000] {logging_mixin.py:188} INFO - [2024-01-09T20:39:46.246+0000] {dag.py:3033} INFO - Sync 1 DAGs
[2024-01-09T20:39:46.273+0000] {logging_mixin.py:188} INFO - [2024-01-09T20:39:46.273+0000] {dag.py:3055} INFO - Creating ORM DAG for example_time_delta_sensor_async
[2024-01-09T20:39:46.275+0000] {logging_mixin.py:188} INFO - [2024-01-09T20:39:46.275+0000] {dag.py:3820} INFO - Setting next_dagrun for example_time_delta_sensor_async to None, run_after=None
[2024-01-09T20:39:46.317+0000] {processor.py:183} INFO - Processing /home/airflow/.local/lib/python3.8/site-packages/airflow/example_dags/example_time_delta_sensor_async.py took 0.432 seconds
[2024-01-09T20:40:17.154+0000] {processor.py:161} INFO - Started process (PID=112) to work on /home/airflow/.local/lib/python3.8/site-packages/airflow/example_dags/example_time_delta_sensor_async.py
[2024-01-09T20:40:17.155+0000] {processor.py:830} INFO - Processing file /home/airflow/.local/lib/python3.8/site-packages/airflow/example_dags/example_time_delta_sensor_async.py for tasks to queue
[2024-01-09T20:40:17.158+0000] {logging_mixin.py:188} INFO - [2024-01-09T20:40:17.158+0000] {dagbag.py:538} INFO - Filling up the DagBag from /home/airflow/.local/lib/python3.8/site-packages/airflow/example_dags/example_time_delta_sensor_async.py
[2024-01-09T20:40:17.163+0000] {processor.py:840} INFO - DAG(s) 'example_time_delta_sensor_async' retrieved from /home/airflow/.local/lib/python3.8/site-packages/airflow/example_dags/example_time_delta_sensor_async.py
[2024-01-09T20:40:17.179+0000] {logging_mixin.py:188} INFO - [2024-01-09T20:40:17.178+0000] {dag.py:3033} INFO - Sync 1 DAGs
[2024-01-09T20:40:17.189+0000] {logging_mixin.py:188} INFO - [2024-01-09T20:40:17.189+0000] {dag.py:3820} INFO - Setting next_dagrun for example_time_delta_sensor_async to None, run_after=None
[2024-01-09T20:40:17.202+0000] {processor.py:183} INFO - Processing /home/airflow/.local/lib/python3.8/site-packages/airflow/example_dags/example_time_delta_sensor_async.py took 0.053 seconds
[2024-01-09T20:40:47.297+0000] {processor.py:161} INFO - Started process (PID=169) to work on /home/airflow/.local/lib/python3.8/site-packages/airflow/example_dags/example_time_delta_sensor_async.py
[2024-01-09T20:40:47.298+0000] {processor.py:830} INFO - Processing file /home/airflow/.local/lib/python3.8/site-packages/airflow/example_dags/example_time_delta_sensor_async.py for tasks to queue
[2024-01-09T20:40:47.300+0000] {logging_mixin.py:188} INFO - [2024-01-09T20:40:47.300+0000] {dagbag.py:538} INFO - Filling up the DagBag from /home/airflow/.local/lib/python3.8/site-packages/airflow/example_dags/example_time_delta_sensor_async.py
[2024-01-09T20:40:47.305+0000] {processor.py:840} INFO - DAG(s) 'example_time_delta_sensor_async' retrieved from /home/airflow/.local/lib/python3.8/site-packages/airflow/example_dags/example_time_delta_sensor_async.py
[2024-01-09T20:40:47.323+0000] {logging_mixin.py:188} INFO - [2024-01-09T20:40:47.322+0000] {dag.py:3033} INFO - Sync 1 DAGs
[2024-01-09T20:40:47.334+0000] {logging_mixin.py:188} INFO - [2024-01-09T20:40:47.334+0000] {dag.py:3820} INFO - Setting next_dagrun for example_time_delta_sensor_async to None, run_after=None
[2024-01-09T20:40:47.353+0000] {processor.py:183} INFO - Processing /home/airflow/.local/lib/python3.8/site-packages/airflow/example_dags/example_time_delta_sensor_async.py took 0.059 seconds
[2024-01-09T20:41:17.489+0000] {processor.py:161} INFO - Started process (PID=226) to work on /home/airflow/.local/lib/python3.8/site-packages/airflow/example_dags/example_time_delta_sensor_async.py
[2024-01-09T20:41:17.490+0000] {processor.py:830} INFO - Processing file /home/airflow/.local/lib/python3.8/site-packages/airflow/example_dags/example_time_delta_sensor_async.py for tasks to queue
[2024-01-09T20:41:17.493+0000] {logging_mixin.py:188} INFO - [2024-01-09T20:41:17.492+0000] {dagbag.py:538} INFO - Filling up the DagBag from /home/airflow/.local/lib/python3.8/site-packages/airflow/example_dags/example_time_delta_sensor_async.py
[2024-01-09T20:41:17.499+0000] {processor.py:840} INFO - DAG(s) 'example_time_delta_sensor_async' retrieved from /home/airflow/.local/lib/python3.8/site-packages/airflow/example_dags/example_time_delta_sensor_async.py
[2024-01-09T20:41:17.514+0000] {logging_mixin.py:188} INFO - [2024-01-09T20:41:17.513+0000] {dag.py:3033} INFO - Sync 1 DAGs
[2024-01-09T20:41:17.525+0000] {logging_mixin.py:188} INFO - [2024-01-09T20:41:17.525+0000] {dag.py:3820} INFO - Setting next_dagrun for example_time_delta_sensor_async to None, run_after=None
[2024-01-09T20:41:17.537+0000] {processor.py:183} INFO - Processing /home/airflow/.local/lib/python3.8/site-packages/airflow/example_dags/example_time_delta_sensor_async.py took 0.053 seconds
[2024-01-09T20:41:47.709+0000] {processor.py:161} INFO - Started process (PID=283) to work on /home/airflow/.local/lib/python3.8/site-packages/airflow/example_dags/example_time_delta_sensor_async.py
[2024-01-09T20:41:47.710+0000] {processor.py:830} INFO - Processing file /home/airflow/.local/lib/python3.8/site-packages/airflow/example_dags/example_time_delta_sensor_async.py for tasks to queue
[2024-01-09T20:41:47.711+0000] {logging_mixin.py:188} INFO - [2024-01-09T20:41:47.711+0000] {dagbag.py:538} INFO - Filling up the DagBag from /home/airflow/.local/lib/python3.8/site-packages/airflow/example_dags/example_time_delta_sensor_async.py
[2024-01-09T20:41:47.716+0000] {processor.py:840} INFO - DAG(s) 'example_time_delta_sensor_async' retrieved from /home/airflow/.local/lib/python3.8/site-packages/airflow/example_dags/example_time_delta_sensor_async.py
[2024-01-09T20:41:47.729+0000] {logging_mixin.py:188} INFO - [2024-01-09T20:41:47.729+0000] {dag.py:3033} INFO - Sync 1 DAGs
[2024-01-09T20:41:47.737+0000] {logging_mixin.py:188} INFO - [2024-01-09T20:41:47.737+0000] {dag.py:3820} INFO - Setting next_dagrun for example_time_delta_sensor_async to None, run_after=None
[2024-01-09T20:41:47.746+0000] {processor.py:183} INFO - Processing /home/airflow/.local/lib/python3.8/site-packages/airflow/example_dags/example_time_delta_sensor_async.py took 0.040 seconds
[2024-01-09T20:42:17.801+0000] {processor.py:161} INFO - Started process (PID=340) to work on /home/airflow/.local/lib/python3.8/site-packages/airflow/example_dags/example_time_delta_sensor_async.py
[2024-01-09T20:42:17.802+0000] {processor.py:830} INFO - Processing file /home/airflow/.local/lib/python3.8/site-packages/airflow/example_dags/example_time_delta_sensor_async.py for tasks to queue
[2024-01-09T20:42:17.803+0000] {logging_mixin.py:188} INFO - [2024-01-09T20:42:17.803+0000] {dagbag.py:538} INFO - Filling up the DagBag from /home/airflow/.local/lib/python3.8/site-packages/airflow/example_dags/example_time_delta_sensor_async.py
[2024-01-09T20:42:17.807+0000] {processor.py:840} INFO - DAG(s) 'example_time_delta_sensor_async' retrieved from /home/airflow/.local/lib/python3.8/site-packages/airflow/example_dags/example_time_delta_sensor_async.py
[2024-01-09T20:42:17.823+0000] {logging_mixin.py:188} INFO - [2024-01-09T20:42:17.823+0000] {dag.py:3033} INFO - Sync 1 DAGs
[2024-01-09T20:42:17.831+0000] {logging_mixin.py:188} INFO - [2024-01-09T20:42:17.831+0000] {dag.py:3820} INFO - Setting next_dagrun for example_time_delta_sensor_async to None, run_after=None
[2024-01-09T20:42:17.843+0000] {processor.py:183} INFO - Processing /home/airflow/.local/lib/python3.8/site-packages/airflow/example_dags/example_time_delta_sensor_async.py took 0.045 seconds
[2024-01-09T20:42:47.908+0000] {processor.py:161} INFO - Started process (PID=396) to work on /home/airflow/.local/lib/python3.8/site-packages/airflow/example_dags/example_time_delta_sensor_async.py
[2024-01-09T20:42:47.910+0000] {processor.py:830} INFO - Processing file /home/airflow/.local/lib/python3.8/site-packages/airflow/example_dags/example_time_delta_sensor_async.py for tasks to queue
[2024-01-09T20:42:47.913+0000] {logging_mixin.py:188} INFO - [2024-01-09T20:42:47.912+0000] {dagbag.py:538} INFO - Filling up the DagBag from /home/airflow/.local/lib/python3.8/site-packages/airflow/example_dags/example_time_delta_sensor_async.py
[2024-01-09T20:42:47.917+0000] {processor.py:840} INFO - DAG(s) 'example_time_delta_sensor_async' retrieved from /home/airflow/.local/lib/python3.8/site-packages/airflow/example_dags/example_time_delta_sensor_async.py
[2024-01-09T20:42:47.929+0000] {logging_mixin.py:188} INFO - [2024-01-09T20:42:47.929+0000] {dag.py:3033} INFO - Sync 1 DAGs
[2024-01-09T20:42:47.937+0000] {logging_mixin.py:188} INFO - [2024-01-09T20:42:47.937+0000] {dag.py:3820} INFO - Setting next_dagrun for example_time_delta_sensor_async to None, run_after=None
[2024-01-09T20:42:47.947+0000] {processor.py:183} INFO - Processing /home/airflow/.local/lib/python3.8/site-packages/airflow/example_dags/example_time_delta_sensor_async.py took 0.043 seconds
[2024-01-09T20:43:18.266+0000] {processor.py:161} INFO - Started process (PID=453) to work on /home/airflow/.local/lib/python3.8/site-packages/airflow/example_dags/example_time_delta_sensor_async.py
[2024-01-09T20:43:18.268+0000] {processor.py:830} INFO - Processing file /home/airflow/.local/lib/python3.8/site-packages/airflow/example_dags/example_time_delta_sensor_async.py for tasks to queue
[2024-01-09T20:43:18.271+0000] {logging_mixin.py:188} INFO - [2024-01-09T20:43:18.270+0000] {dagbag.py:538} INFO - Filling up the DagBag from /home/airflow/.local/lib/python3.8/site-packages/airflow/example_dags/example_time_delta_sensor_async.py
[2024-01-09T20:43:18.275+0000] {processor.py:840} INFO - DAG(s) 'example_time_delta_sensor_async' retrieved from /home/airflow/.local/lib/python3.8/site-packages/airflow/example_dags/example_time_delta_sensor_async.py
[2024-01-09T20:43:18.292+0000] {logging_mixin.py:188} INFO - [2024-01-09T20:43:18.292+0000] {dag.py:3033} INFO - Sync 1 DAGs
[2024-01-09T20:43:18.300+0000] {logging_mixin.py:188} INFO - [2024-01-09T20:43:18.300+0000] {dag.py:3820} INFO - Setting next_dagrun for example_time_delta_sensor_async to None, run_after=None
[2024-01-09T20:43:18.309+0000] {processor.py:183} INFO - Processing /home/airflow/.local/lib/python3.8/site-packages/airflow/example_dags/example_time_delta_sensor_async.py took 0.047 seconds
[2024-01-09T20:43:48.554+0000] {processor.py:161} INFO - Started process (PID=509) to work on /home/airflow/.local/lib/python3.8/site-packages/airflow/example_dags/example_time_delta_sensor_async.py
[2024-01-09T20:43:48.555+0000] {processor.py:830} INFO - Processing file /home/airflow/.local/lib/python3.8/site-packages/airflow/example_dags/example_time_delta_sensor_async.py for tasks to queue
[2024-01-09T20:43:48.558+0000] {logging_mixin.py:188} INFO - [2024-01-09T20:43:48.557+0000] {dagbag.py:538} INFO - Filling up the DagBag from /home/airflow/.local/lib/python3.8/site-packages/airflow/example_dags/example_time_delta_sensor_async.py
[2024-01-09T20:43:48.562+0000] {processor.py:840} INFO - DAG(s) 'example_time_delta_sensor_async' retrieved from /home/airflow/.local/lib/python3.8/site-packages/airflow/example_dags/example_time_delta_sensor_async.py
[2024-01-09T20:43:48.583+0000] {logging_mixin.py:188} INFO - [2024-01-09T20:43:48.583+0000] {dag.py:3033} INFO - Sync 1 DAGs
[2024-01-09T20:43:48.593+0000] {logging_mixin.py:188} INFO - [2024-01-09T20:43:48.593+0000] {dag.py:3820} INFO - Setting next_dagrun for example_time_delta_sensor_async to None, run_after=None
[2024-01-09T20:43:48.605+0000] {processor.py:183} INFO - Processing /home/airflow/.local/lib/python3.8/site-packages/airflow/example_dags/example_time_delta_sensor_async.py took 0.054 seconds
[2024-01-09T20:44:18.739+0000] {processor.py:161} INFO - Started process (PID=566) to work on /home/airflow/.local/lib/python3.8/site-packages/airflow/example_dags/example_time_delta_sensor_async.py
[2024-01-09T20:44:18.740+0000] {processor.py:830} INFO - Processing file /home/airflow/.local/lib/python3.8/site-packages/airflow/example_dags/example_time_delta_sensor_async.py for tasks to queue
[2024-01-09T20:44:18.743+0000] {logging_mixin.py:188} INFO - [2024-01-09T20:44:18.742+0000] {dagbag.py:538} INFO - Filling up the DagBag from /home/airflow/.local/lib/python3.8/site-packages/airflow/example_dags/example_time_delta_sensor_async.py
[2024-01-09T20:44:18.747+0000] {processor.py:840} INFO - DAG(s) 'example_time_delta_sensor_async' retrieved from /home/airflow/.local/lib/python3.8/site-packages/airflow/example_dags/example_time_delta_sensor_async.py
[2024-01-09T20:44:18.760+0000] {logging_mixin.py:188} INFO - [2024-01-09T20:44:18.760+0000] {dag.py:3033} INFO - Sync 1 DAGs
[2024-01-09T20:44:18.767+0000] {logging_mixin.py:188} INFO - [2024-01-09T20:44:18.767+0000] {dag.py:3820} INFO - Setting next_dagrun for example_time_delta_sensor_async to None, run_after=None
[2024-01-09T20:44:18.779+0000] {processor.py:183} INFO - Processing /home/airflow/.local/lib/python3.8/site-packages/airflow/example_dags/example_time_delta_sensor_async.py took 0.043 seconds
[2024-01-09T20:44:48.870+0000] {processor.py:161} INFO - Started process (PID=622) to work on /home/airflow/.local/lib/python3.8/site-packages/airflow/example_dags/example_time_delta_sensor_async.py
[2024-01-09T20:44:48.872+0000] {processor.py:830} INFO - Processing file /home/airflow/.local/lib/python3.8/site-packages/airflow/example_dags/example_time_delta_sensor_async.py for tasks to queue
[2024-01-09T20:44:48.874+0000] {logging_mixin.py:188} INFO - [2024-01-09T20:44:48.874+0000] {dagbag.py:538} INFO - Filling up the DagBag from /home/airflow/.local/lib/python3.8/site-packages/airflow/example_dags/example_time_delta_sensor_async.py
[2024-01-09T20:44:48.880+0000] {processor.py:840} INFO - DAG(s) 'example_time_delta_sensor_async' retrieved from /home/airflow/.local/lib/python3.8/site-packages/airflow/example_dags/example_time_delta_sensor_async.py
[2024-01-09T20:44:48.898+0000] {logging_mixin.py:188} INFO - [2024-01-09T20:44:48.898+0000] {dag.py:3033} INFO - Sync 1 DAGs
[2024-01-09T20:44:48.912+0000] {logging_mixin.py:188} INFO - [2024-01-09T20:44:48.912+0000] {dag.py:3820} INFO - Setting next_dagrun for example_time_delta_sensor_async to None, run_after=None
[2024-01-09T20:44:48.923+0000] {processor.py:183} INFO - Processing /home/airflow/.local/lib/python3.8/site-packages/airflow/example_dags/example_time_delta_sensor_async.py took 0.061 seconds
[2024-01-09T20:45:19.149+0000] {processor.py:161} INFO - Started process (PID=679) to work on /home/airflow/.local/lib/python3.8/site-packages/airflow/example_dags/example_time_delta_sensor_async.py
[2024-01-09T20:45:19.151+0000] {processor.py:830} INFO - Processing file /home/airflow/.local/lib/python3.8/site-packages/airflow/example_dags/example_time_delta_sensor_async.py for tasks to queue
[2024-01-09T20:45:19.153+0000] {logging_mixin.py:188} INFO - [2024-01-09T20:45:19.153+0000] {dagbag.py:538} INFO - Filling up the DagBag from /home/airflow/.local/lib/python3.8/site-packages/airflow/example_dags/example_time_delta_sensor_async.py
[2024-01-09T20:45:19.157+0000] {processor.py:840} INFO - DAG(s) 'example_time_delta_sensor_async' retrieved from /home/airflow/.local/lib/python3.8/site-packages/airflow/example_dags/example_time_delta_sensor_async.py
[2024-01-09T20:45:19.171+0000] {logging_mixin.py:188} INFO - [2024-01-09T20:45:19.171+0000] {dag.py:3033} INFO - Sync 1 DAGs
[2024-01-09T20:45:19.180+0000] {logging_mixin.py:188} INFO - [2024-01-09T20:45:19.180+0000] {dag.py:3820} INFO - Setting next_dagrun for example_time_delta_sensor_async to None, run_after=None
[2024-01-09T20:45:19.190+0000] {processor.py:183} INFO - Processing /home/airflow/.local/lib/python3.8/site-packages/airflow/example_dags/example_time_delta_sensor_async.py took 0.045 seconds
[2024-01-09T20:45:49.406+0000] {processor.py:161} INFO - Started process (PID=736) to work on /home/airflow/.local/lib/python3.8/site-packages/airflow/example_dags/example_time_delta_sensor_async.py
[2024-01-09T20:45:49.407+0000] {processor.py:830} INFO - Processing file /home/airflow/.local/lib/python3.8/site-packages/airflow/example_dags/example_time_delta_sensor_async.py for tasks to queue
[2024-01-09T20:45:49.410+0000] {logging_mixin.py:188} INFO - [2024-01-09T20:45:49.410+0000] {dagbag.py:538} INFO - Filling up the DagBag from /home/airflow/.local/lib/python3.8/site-packages/airflow/example_dags/example_time_delta_sensor_async.py
[2024-01-09T20:45:49.416+0000] {processor.py:840} INFO - DAG(s) 'example_time_delta_sensor_async' retrieved from /home/airflow/.local/lib/python3.8/site-packages/airflow/example_dags/example_time_delta_sensor_async.py
[2024-01-09T20:45:49.437+0000] {logging_mixin.py:188} INFO - [2024-01-09T20:45:49.437+0000] {dag.py:3033} INFO - Sync 1 DAGs
[2024-01-09T20:45:49.445+0000] {logging_mixin.py:188} INFO - [2024-01-09T20:45:49.445+0000] {dag.py:3820} INFO - Setting next_dagrun for example_time_delta_sensor_async to None, run_after=None
[2024-01-09T20:45:49.460+0000] {processor.py:183} INFO - Processing /home/airflow/.local/lib/python3.8/site-packages/airflow/example_dags/example_time_delta_sensor_async.py took 0.058 seconds
[2024-01-09T20:46:19.487+0000] {processor.py:161} INFO - Started process (PID=792) to work on /home/airflow/.local/lib/python3.8/site-packages/airflow/example_dags/example_time_delta_sensor_async.py
[2024-01-09T20:46:19.488+0000] {processor.py:830} INFO - Processing file /home/airflow/.local/lib/python3.8/site-packages/airflow/example_dags/example_time_delta_sensor_async.py for tasks to queue
[2024-01-09T20:46:19.489+0000] {logging_mixin.py:188} INFO - [2024-01-09T20:46:19.489+0000] {dagbag.py:538} INFO - Filling up the DagBag from /home/airflow/.local/lib/python3.8/site-packages/airflow/example_dags/example_time_delta_sensor_async.py
[2024-01-09T20:46:19.493+0000] {processor.py:840} INFO - DAG(s) 'example_time_delta_sensor_async' retrieved from /home/airflow/.local/lib/python3.8/site-packages/airflow/example_dags/example_time_delta_sensor_async.py
[2024-01-09T20:46:19.508+0000] {logging_mixin.py:188} INFO - [2024-01-09T20:46:19.508+0000] {dag.py:3033} INFO - Sync 1 DAGs
[2024-01-09T20:46:19.515+0000] {logging_mixin.py:188} INFO - [2024-01-09T20:46:19.515+0000] {dag.py:3820} INFO - Setting next_dagrun for example_time_delta_sensor_async to None, run_after=None
[2024-01-09T20:46:19.529+0000] {processor.py:183} INFO - Processing /home/airflow/.local/lib/python3.8/site-packages/airflow/example_dags/example_time_delta_sensor_async.py took 0.044 seconds
[2024-01-09T20:46:49.636+0000] {processor.py:161} INFO - Started process (PID=848) to work on /home/airflow/.local/lib/python3.8/site-packages/airflow/example_dags/example_time_delta_sensor_async.py
[2024-01-09T20:46:49.638+0000] {processor.py:830} INFO - Processing file /home/airflow/.local/lib/python3.8/site-packages/airflow/example_dags/example_time_delta_sensor_async.py for tasks to queue
[2024-01-09T20:46:49.640+0000] {logging_mixin.py:188} INFO - [2024-01-09T20:46:49.640+0000] {dagbag.py:538} INFO - Filling up the DagBag from /home/airflow/.local/lib/python3.8/site-packages/airflow/example_dags/example_time_delta_sensor_async.py
[2024-01-09T20:46:49.643+0000] {processor.py:840} INFO - DAG(s) 'example_time_delta_sensor_async' retrieved from /home/airflow/.local/lib/python3.8/site-packages/airflow/example_dags/example_time_delta_sensor_async.py
[2024-01-09T20:46:49.661+0000] {logging_mixin.py:188} INFO - [2024-01-09T20:46:49.661+0000] {dag.py:3033} INFO - Sync 1 DAGs
[2024-01-09T20:46:49.671+0000] {logging_mixin.py:188} INFO - [2024-01-09T20:46:49.671+0000] {dag.py:3820} INFO - Setting next_dagrun for example_time_delta_sensor_async to None, run_after=None
[2024-01-09T20:46:49.685+0000] {processor.py:183} INFO - Processing /home/airflow/.local/lib/python3.8/site-packages/airflow/example_dags/example_time_delta_sensor_async.py took 0.052 seconds
[2024-01-09T20:47:19.945+0000] {processor.py:161} INFO - Started process (PID=905) to work on /home/airflow/.local/lib/python3.8/site-packages/airflow/example_dags/example_time_delta_sensor_async.py
[2024-01-09T20:47:19.946+0000] {processor.py:830} INFO - Processing file /home/airflow/.local/lib/python3.8/site-packages/airflow/example_dags/example_time_delta_sensor_async.py for tasks to queue
[2024-01-09T20:47:19.949+0000] {logging_mixin.py:188} INFO - [2024-01-09T20:47:19.949+0000] {dagbag.py:538} INFO - Filling up the DagBag from /home/airflow/.local/lib/python3.8/site-packages/airflow/example_dags/example_time_delta_sensor_async.py
[2024-01-09T20:47:19.953+0000] {processor.py:840} INFO - DAG(s) 'example_time_delta_sensor_async' retrieved from /home/airflow/.local/lib/python3.8/site-packages/airflow/example_dags/example_time_delta_sensor_async.py
[2024-01-09T20:47:19.969+0000] {logging_mixin.py:188} INFO - [2024-01-09T20:47:19.968+0000] {dag.py:3033} INFO - Sync 1 DAGs
[2024-01-09T20:47:19.977+0000] {logging_mixin.py:188} INFO - [2024-01-09T20:47:19.977+0000] {dag.py:3820} INFO - Setting next_dagrun for example_time_delta_sensor_async to None, run_after=None
[2024-01-09T20:47:19.989+0000] {processor.py:183} INFO - Processing /home/airflow/.local/lib/python3.8/site-packages/airflow/example_dags/example_time_delta_sensor_async.py took 0.049 seconds
[2024-01-09T20:47:50.186+0000] {processor.py:161} INFO - Started process (PID=961) to work on /home/airflow/.local/lib/python3.8/site-packages/airflow/example_dags/example_time_delta_sensor_async.py
[2024-01-09T20:47:50.188+0000] {processor.py:830} INFO - Processing file /home/airflow/.local/lib/python3.8/site-packages/airflow/example_dags/example_time_delta_sensor_async.py for tasks to queue
[2024-01-09T20:47:50.191+0000] {logging_mixin.py:188} INFO - [2024-01-09T20:47:50.191+0000] {dagbag.py:538} INFO - Filling up the DagBag from /home/airflow/.local/lib/python3.8/site-packages/airflow/example_dags/example_time_delta_sensor_async.py
[2024-01-09T20:47:50.196+0000] {processor.py:840} INFO - DAG(s) 'example_time_delta_sensor_async' retrieved from /home/airflow/.local/lib/python3.8/site-packages/airflow/example_dags/example_time_delta_sensor_async.py
[2024-01-09T20:47:50.212+0000] {logging_mixin.py:188} INFO - [2024-01-09T20:47:50.211+0000] {dag.py:3033} INFO - Sync 1 DAGs
[2024-01-09T20:47:50.222+0000] {logging_mixin.py:188} INFO - [2024-01-09T20:47:50.222+0000] {dag.py:3820} INFO - Setting next_dagrun for example_time_delta_sensor_async to None, run_after=None
[2024-01-09T20:47:50.235+0000] {processor.py:183} INFO - Processing /home/airflow/.local/lib/python3.8/site-packages/airflow/example_dags/example_time_delta_sensor_async.py took 0.052 seconds
[2024-01-09T20:48:20.650+0000] {processor.py:161} INFO - Started process (PID=1018) to work on /home/airflow/.local/lib/python3.8/site-packages/airflow/example_dags/example_time_delta_sensor_async.py
[2024-01-09T20:48:20.651+0000] {processor.py:830} INFO - Processing file /home/airflow/.local/lib/python3.8/site-packages/airflow/example_dags/example_time_delta_sensor_async.py for tasks to queue
[2024-01-09T20:48:20.654+0000] {logging_mixin.py:188} INFO - [2024-01-09T20:48:20.653+0000] {dagbag.py:538} INFO - Filling up the DagBag from /home/airflow/.local/lib/python3.8/site-packages/airflow/example_dags/example_time_delta_sensor_async.py
[2024-01-09T20:48:20.659+0000] {processor.py:840} INFO - DAG(s) 'example_time_delta_sensor_async' retrieved from /home/airflow/.local/lib/python3.8/site-packages/airflow/example_dags/example_time_delta_sensor_async.py
[2024-01-09T20:48:20.681+0000] {logging_mixin.py:188} INFO - [2024-01-09T20:48:20.681+0000] {dag.py:3033} INFO - Sync 1 DAGs
[2024-01-09T20:48:20.690+0000] {logging_mixin.py:188} INFO - [2024-01-09T20:48:20.690+0000] {dag.py:3820} INFO - Setting next_dagrun for example_time_delta_sensor_async to None, run_after=None
[2024-01-09T20:48:20.706+0000] {processor.py:183} INFO - Processing /home/airflow/.local/lib/python3.8/site-packages/airflow/example_dags/example_time_delta_sensor_async.py took 0.061 seconds
