[2024-01-09T20:39:38.821+0000] {processor.py:161} INFO - Started process (PID=46) to work on /home/airflow/.local/lib/python3.8/site-packages/airflow/example_dags/example_task_group_decorator.py
[2024-01-09T20:39:38.827+0000] {processor.py:830} INFO - Processing file /home/airflow/.local/lib/python3.8/site-packages/airflow/example_dags/example_task_group_decorator.py for tasks to queue
[2024-01-09T20:39:38.838+0000] {logging_mixin.py:188} INFO - [2024-01-09T20:39:38.837+0000] {dagbag.py:538} INFO - Filling up the DagBag from /home/airflow/.local/lib/python3.8/site-packages/airflow/example_dags/example_task_group_decorator.py
[2024-01-09T20:39:38.909+0000] {processor.py:840} INFO - DAG(s) 'example_task_group_decorator' retrieved from /home/airflow/.local/lib/python3.8/site-packages/airflow/example_dags/example_task_group_decorator.py
[2024-01-09T20:39:39.215+0000] {logging_mixin.py:188} INFO - [2024-01-09T20:39:39.214+0000] {override.py:1769} INFO - Created Permission View: can delete on DAG:example_task_group_decorator
[2024-01-09T20:39:39.241+0000] {logging_mixin.py:188} INFO - [2024-01-09T20:39:39.241+0000] {override.py:1769} INFO - Created Permission View: can read on DAG:example_task_group_decorator
[2024-01-09T20:39:39.259+0000] {logging_mixin.py:188} INFO - [2024-01-09T20:39:39.259+0000] {override.py:1769} INFO - Created Permission View: can edit on DAG:example_task_group_decorator
[2024-01-09T20:39:39.261+0000] {logging_mixin.py:188} INFO - [2024-01-09T20:39:39.260+0000] {dag.py:3033} INFO - Sync 1 DAGs
[2024-01-09T20:39:39.295+0000] {logging_mixin.py:188} INFO - [2024-01-09T20:39:39.294+0000] {dag.py:3055} INFO - Creating ORM DAG for example_task_group_decorator
[2024-01-09T20:39:39.316+0000] {logging_mixin.py:188} INFO - [2024-01-09T20:39:39.315+0000] {dag.py:3820} INFO - Setting next_dagrun for example_task_group_decorator to 2024-01-08T00:00:00+00:00, run_after=2024-01-09T00:00:00+00:00
[2024-01-09T20:39:39.381+0000] {processor.py:183} INFO - Processing /home/airflow/.local/lib/python3.8/site-packages/airflow/example_dags/example_task_group_decorator.py took 0.575 seconds
[2024-01-09T20:40:09.516+0000] {processor.py:161} INFO - Started process (PID=103) to work on /home/airflow/.local/lib/python3.8/site-packages/airflow/example_dags/example_task_group_decorator.py
[2024-01-09T20:40:09.517+0000] {processor.py:830} INFO - Processing file /home/airflow/.local/lib/python3.8/site-packages/airflow/example_dags/example_task_group_decorator.py for tasks to queue
[2024-01-09T20:40:09.519+0000] {logging_mixin.py:188} INFO - [2024-01-09T20:40:09.519+0000] {dagbag.py:538} INFO - Filling up the DagBag from /home/airflow/.local/lib/python3.8/site-packages/airflow/example_dags/example_task_group_decorator.py
[2024-01-09T20:40:09.529+0000] {processor.py:840} INFO - DAG(s) 'example_task_group_decorator' retrieved from /home/airflow/.local/lib/python3.8/site-packages/airflow/example_dags/example_task_group_decorator.py
[2024-01-09T20:40:09.549+0000] {logging_mixin.py:188} INFO - [2024-01-09T20:40:09.549+0000] {dag.py:3033} INFO - Sync 1 DAGs
[2024-01-09T20:40:09.569+0000] {logging_mixin.py:188} INFO - [2024-01-09T20:40:09.569+0000] {dag.py:3820} INFO - Setting next_dagrun for example_task_group_decorator to 2024-01-08T00:00:00+00:00, run_after=2024-01-09T00:00:00+00:00
[2024-01-09T20:40:09.584+0000] {processor.py:183} INFO - Processing /home/airflow/.local/lib/python3.8/site-packages/airflow/example_dags/example_task_group_decorator.py took 0.071 seconds
[2024-01-09T20:40:39.683+0000] {processor.py:161} INFO - Started process (PID=158) to work on /home/airflow/.local/lib/python3.8/site-packages/airflow/example_dags/example_task_group_decorator.py
[2024-01-09T20:40:39.684+0000] {processor.py:830} INFO - Processing file /home/airflow/.local/lib/python3.8/site-packages/airflow/example_dags/example_task_group_decorator.py for tasks to queue
[2024-01-09T20:40:39.687+0000] {logging_mixin.py:188} INFO - [2024-01-09T20:40:39.687+0000] {dagbag.py:538} INFO - Filling up the DagBag from /home/airflow/.local/lib/python3.8/site-packages/airflow/example_dags/example_task_group_decorator.py
[2024-01-09T20:40:39.697+0000] {processor.py:840} INFO - DAG(s) 'example_task_group_decorator' retrieved from /home/airflow/.local/lib/python3.8/site-packages/airflow/example_dags/example_task_group_decorator.py
[2024-01-09T20:40:39.714+0000] {logging_mixin.py:188} INFO - [2024-01-09T20:40:39.714+0000] {dag.py:3033} INFO - Sync 1 DAGs
[2024-01-09T20:40:39.731+0000] {logging_mixin.py:188} INFO - [2024-01-09T20:40:39.730+0000] {dag.py:3820} INFO - Setting next_dagrun for example_task_group_decorator to 2024-01-08T00:00:00+00:00, run_after=2024-01-09T00:00:00+00:00
[2024-01-09T20:40:39.743+0000] {processor.py:183} INFO - Processing /home/airflow/.local/lib/python3.8/site-packages/airflow/example_dags/example_task_group_decorator.py took 0.066 seconds
[2024-01-09T20:41:09.987+0000] {processor.py:161} INFO - Started process (PID=215) to work on /home/airflow/.local/lib/python3.8/site-packages/airflow/example_dags/example_task_group_decorator.py
[2024-01-09T20:41:09.988+0000] {processor.py:830} INFO - Processing file /home/airflow/.local/lib/python3.8/site-packages/airflow/example_dags/example_task_group_decorator.py for tasks to queue
[2024-01-09T20:41:09.990+0000] {logging_mixin.py:188} INFO - [2024-01-09T20:41:09.990+0000] {dagbag.py:538} INFO - Filling up the DagBag from /home/airflow/.local/lib/python3.8/site-packages/airflow/example_dags/example_task_group_decorator.py
[2024-01-09T20:41:10.000+0000] {processor.py:840} INFO - DAG(s) 'example_task_group_decorator' retrieved from /home/airflow/.local/lib/python3.8/site-packages/airflow/example_dags/example_task_group_decorator.py
[2024-01-09T20:41:10.015+0000] {logging_mixin.py:188} INFO - [2024-01-09T20:41:10.015+0000] {dag.py:3033} INFO - Sync 1 DAGs
[2024-01-09T20:41:10.032+0000] {logging_mixin.py:188} INFO - [2024-01-09T20:41:10.031+0000] {dag.py:3820} INFO - Setting next_dagrun for example_task_group_decorator to 2024-01-08T00:00:00+00:00, run_after=2024-01-09T00:00:00+00:00
[2024-01-09T20:41:10.041+0000] {processor.py:183} INFO - Processing /home/airflow/.local/lib/python3.8/site-packages/airflow/example_dags/example_task_group_decorator.py took 0.057 seconds
[2024-01-09T20:41:40.211+0000] {processor.py:161} INFO - Started process (PID=272) to work on /home/airflow/.local/lib/python3.8/site-packages/airflow/example_dags/example_task_group_decorator.py
[2024-01-09T20:41:40.212+0000] {processor.py:830} INFO - Processing file /home/airflow/.local/lib/python3.8/site-packages/airflow/example_dags/example_task_group_decorator.py for tasks to queue
[2024-01-09T20:41:40.213+0000] {logging_mixin.py:188} INFO - [2024-01-09T20:41:40.213+0000] {dagbag.py:538} INFO - Filling up the DagBag from /home/airflow/.local/lib/python3.8/site-packages/airflow/example_dags/example_task_group_decorator.py
[2024-01-09T20:41:40.221+0000] {processor.py:840} INFO - DAG(s) 'example_task_group_decorator' retrieved from /home/airflow/.local/lib/python3.8/site-packages/airflow/example_dags/example_task_group_decorator.py
[2024-01-09T20:41:40.237+0000] {logging_mixin.py:188} INFO - [2024-01-09T20:41:40.237+0000] {dag.py:3033} INFO - Sync 1 DAGs
[2024-01-09T20:41:40.249+0000] {logging_mixin.py:188} INFO - [2024-01-09T20:41:40.249+0000] {dag.py:3820} INFO - Setting next_dagrun for example_task_group_decorator to 2024-01-08T00:00:00+00:00, run_after=2024-01-09T00:00:00+00:00
[2024-01-09T20:41:40.258+0000] {processor.py:183} INFO - Processing /home/airflow/.local/lib/python3.8/site-packages/airflow/example_dags/example_task_group_decorator.py took 0.050 seconds
[2024-01-09T20:42:10.459+0000] {processor.py:161} INFO - Started process (PID=329) to work on /home/airflow/.local/lib/python3.8/site-packages/airflow/example_dags/example_task_group_decorator.py
[2024-01-09T20:42:10.459+0000] {processor.py:830} INFO - Processing file /home/airflow/.local/lib/python3.8/site-packages/airflow/example_dags/example_task_group_decorator.py for tasks to queue
[2024-01-09T20:42:10.462+0000] {logging_mixin.py:188} INFO - [2024-01-09T20:42:10.462+0000] {dagbag.py:538} INFO - Filling up the DagBag from /home/airflow/.local/lib/python3.8/site-packages/airflow/example_dags/example_task_group_decorator.py
[2024-01-09T20:42:10.470+0000] {processor.py:840} INFO - DAG(s) 'example_task_group_decorator' retrieved from /home/airflow/.local/lib/python3.8/site-packages/airflow/example_dags/example_task_group_decorator.py
[2024-01-09T20:42:10.486+0000] {logging_mixin.py:188} INFO - [2024-01-09T20:42:10.485+0000] {dag.py:3033} INFO - Sync 1 DAGs
[2024-01-09T20:42:10.499+0000] {logging_mixin.py:188} INFO - [2024-01-09T20:42:10.498+0000] {dag.py:3820} INFO - Setting next_dagrun for example_task_group_decorator to 2024-01-08T00:00:00+00:00, run_after=2024-01-09T00:00:00+00:00
[2024-01-09T20:42:10.508+0000] {processor.py:183} INFO - Processing /home/airflow/.local/lib/python3.8/site-packages/airflow/example_dags/example_task_group_decorator.py took 0.053 seconds
[2024-01-09T20:42:40.603+0000] {processor.py:161} INFO - Started process (PID=386) to work on /home/airflow/.local/lib/python3.8/site-packages/airflow/example_dags/example_task_group_decorator.py
[2024-01-09T20:42:40.604+0000] {processor.py:830} INFO - Processing file /home/airflow/.local/lib/python3.8/site-packages/airflow/example_dags/example_task_group_decorator.py for tasks to queue
[2024-01-09T20:42:40.605+0000] {logging_mixin.py:188} INFO - [2024-01-09T20:42:40.605+0000] {dagbag.py:538} INFO - Filling up the DagBag from /home/airflow/.local/lib/python3.8/site-packages/airflow/example_dags/example_task_group_decorator.py
[2024-01-09T20:42:40.615+0000] {processor.py:840} INFO - DAG(s) 'example_task_group_decorator' retrieved from /home/airflow/.local/lib/python3.8/site-packages/airflow/example_dags/example_task_group_decorator.py
[2024-01-09T20:42:40.631+0000] {logging_mixin.py:188} INFO - [2024-01-09T20:42:40.631+0000] {dag.py:3033} INFO - Sync 1 DAGs
[2024-01-09T20:42:40.646+0000] {logging_mixin.py:188} INFO - [2024-01-09T20:42:40.646+0000] {dag.py:3820} INFO - Setting next_dagrun for example_task_group_decorator to 2024-01-08T00:00:00+00:00, run_after=2024-01-09T00:00:00+00:00
[2024-01-09T20:42:40.655+0000] {processor.py:183} INFO - Processing /home/airflow/.local/lib/python3.8/site-packages/airflow/example_dags/example_task_group_decorator.py took 0.054 seconds
[2024-01-09T20:43:10.909+0000] {processor.py:161} INFO - Started process (PID=443) to work on /home/airflow/.local/lib/python3.8/site-packages/airflow/example_dags/example_task_group_decorator.py
[2024-01-09T20:43:10.910+0000] {processor.py:830} INFO - Processing file /home/airflow/.local/lib/python3.8/site-packages/airflow/example_dags/example_task_group_decorator.py for tasks to queue
[2024-01-09T20:43:10.912+0000] {logging_mixin.py:188} INFO - [2024-01-09T20:43:10.912+0000] {dagbag.py:538} INFO - Filling up the DagBag from /home/airflow/.local/lib/python3.8/site-packages/airflow/example_dags/example_task_group_decorator.py
[2024-01-09T20:43:10.920+0000] {processor.py:840} INFO - DAG(s) 'example_task_group_decorator' retrieved from /home/airflow/.local/lib/python3.8/site-packages/airflow/example_dags/example_task_group_decorator.py
[2024-01-09T20:43:10.934+0000] {logging_mixin.py:188} INFO - [2024-01-09T20:43:10.934+0000] {dag.py:3033} INFO - Sync 1 DAGs
[2024-01-09T20:43:10.947+0000] {logging_mixin.py:188} INFO - [2024-01-09T20:43:10.947+0000] {dag.py:3820} INFO - Setting next_dagrun for example_task_group_decorator to 2024-01-08T00:00:00+00:00, run_after=2024-01-09T00:00:00+00:00
[2024-01-09T20:43:10.958+0000] {processor.py:183} INFO - Processing /home/airflow/.local/lib/python3.8/site-packages/airflow/example_dags/example_task_group_decorator.py took 0.053 seconds
[2024-01-09T20:43:41.184+0000] {processor.py:161} INFO - Started process (PID=499) to work on /home/airflow/.local/lib/python3.8/site-packages/airflow/example_dags/example_task_group_decorator.py
[2024-01-09T20:43:41.185+0000] {processor.py:830} INFO - Processing file /home/airflow/.local/lib/python3.8/site-packages/airflow/example_dags/example_task_group_decorator.py for tasks to queue
[2024-01-09T20:43:41.186+0000] {logging_mixin.py:188} INFO - [2024-01-09T20:43:41.186+0000] {dagbag.py:538} INFO - Filling up the DagBag from /home/airflow/.local/lib/python3.8/site-packages/airflow/example_dags/example_task_group_decorator.py
[2024-01-09T20:43:41.197+0000] {processor.py:840} INFO - DAG(s) 'example_task_group_decorator' retrieved from /home/airflow/.local/lib/python3.8/site-packages/airflow/example_dags/example_task_group_decorator.py
[2024-01-09T20:43:41.213+0000] {logging_mixin.py:188} INFO - [2024-01-09T20:43:41.213+0000] {dag.py:3033} INFO - Sync 1 DAGs
[2024-01-09T20:43:41.226+0000] {logging_mixin.py:188} INFO - [2024-01-09T20:43:41.226+0000] {dag.py:3820} INFO - Setting next_dagrun for example_task_group_decorator to 2024-01-08T00:00:00+00:00, run_after=2024-01-09T00:00:00+00:00
[2024-01-09T20:43:41.237+0000] {processor.py:183} INFO - Processing /home/airflow/.local/lib/python3.8/site-packages/airflow/example_dags/example_task_group_decorator.py took 0.055 seconds
[2024-01-09T20:44:11.368+0000] {processor.py:161} INFO - Started process (PID=556) to work on /home/airflow/.local/lib/python3.8/site-packages/airflow/example_dags/example_task_group_decorator.py
[2024-01-09T20:44:11.369+0000] {processor.py:830} INFO - Processing file /home/airflow/.local/lib/python3.8/site-packages/airflow/example_dags/example_task_group_decorator.py for tasks to queue
[2024-01-09T20:44:11.370+0000] {logging_mixin.py:188} INFO - [2024-01-09T20:44:11.370+0000] {dagbag.py:538} INFO - Filling up the DagBag from /home/airflow/.local/lib/python3.8/site-packages/airflow/example_dags/example_task_group_decorator.py
[2024-01-09T20:44:11.379+0000] {processor.py:840} INFO - DAG(s) 'example_task_group_decorator' retrieved from /home/airflow/.local/lib/python3.8/site-packages/airflow/example_dags/example_task_group_decorator.py
[2024-01-09T20:44:11.394+0000] {logging_mixin.py:188} INFO - [2024-01-09T20:44:11.394+0000] {dag.py:3033} INFO - Sync 1 DAGs
[2024-01-09T20:44:11.408+0000] {logging_mixin.py:188} INFO - [2024-01-09T20:44:11.408+0000] {dag.py:3820} INFO - Setting next_dagrun for example_task_group_decorator to 2024-01-08T00:00:00+00:00, run_after=2024-01-09T00:00:00+00:00
[2024-01-09T20:44:11.418+0000] {processor.py:183} INFO - Processing /home/airflow/.local/lib/python3.8/site-packages/airflow/example_dags/example_task_group_decorator.py took 0.052 seconds
[2024-01-09T20:44:41.455+0000] {processor.py:161} INFO - Started process (PID=612) to work on /home/airflow/.local/lib/python3.8/site-packages/airflow/example_dags/example_task_group_decorator.py
[2024-01-09T20:44:41.455+0000] {processor.py:830} INFO - Processing file /home/airflow/.local/lib/python3.8/site-packages/airflow/example_dags/example_task_group_decorator.py for tasks to queue
[2024-01-09T20:44:41.457+0000] {logging_mixin.py:188} INFO - [2024-01-09T20:44:41.457+0000] {dagbag.py:538} INFO - Filling up the DagBag from /home/airflow/.local/lib/python3.8/site-packages/airflow/example_dags/example_task_group_decorator.py
[2024-01-09T20:44:41.466+0000] {processor.py:840} INFO - DAG(s) 'example_task_group_decorator' retrieved from /home/airflow/.local/lib/python3.8/site-packages/airflow/example_dags/example_task_group_decorator.py
[2024-01-09T20:44:41.480+0000] {logging_mixin.py:188} INFO - [2024-01-09T20:44:41.480+0000] {dag.py:3033} INFO - Sync 1 DAGs
[2024-01-09T20:44:41.494+0000] {logging_mixin.py:188} INFO - [2024-01-09T20:44:41.493+0000] {dag.py:3820} INFO - Setting next_dagrun for example_task_group_decorator to 2024-01-08T00:00:00+00:00, run_after=2024-01-09T00:00:00+00:00
[2024-01-09T20:44:41.503+0000] {processor.py:183} INFO - Processing /home/airflow/.local/lib/python3.8/site-packages/airflow/example_dags/example_task_group_decorator.py took 0.051 seconds
[2024-01-09T20:45:11.550+0000] {processor.py:161} INFO - Started process (PID=669) to work on /home/airflow/.local/lib/python3.8/site-packages/airflow/example_dags/example_task_group_decorator.py
[2024-01-09T20:45:11.551+0000] {processor.py:830} INFO - Processing file /home/airflow/.local/lib/python3.8/site-packages/airflow/example_dags/example_task_group_decorator.py for tasks to queue
[2024-01-09T20:45:11.554+0000] {logging_mixin.py:188} INFO - [2024-01-09T20:45:11.554+0000] {dagbag.py:538} INFO - Filling up the DagBag from /home/airflow/.local/lib/python3.8/site-packages/airflow/example_dags/example_task_group_decorator.py
[2024-01-09T20:45:11.564+0000] {processor.py:840} INFO - DAG(s) 'example_task_group_decorator' retrieved from /home/airflow/.local/lib/python3.8/site-packages/airflow/example_dags/example_task_group_decorator.py
[2024-01-09T20:45:11.580+0000] {logging_mixin.py:188} INFO - [2024-01-09T20:45:11.580+0000] {dag.py:3033} INFO - Sync 1 DAGs
[2024-01-09T20:45:11.595+0000] {logging_mixin.py:188} INFO - [2024-01-09T20:45:11.595+0000] {dag.py:3820} INFO - Setting next_dagrun for example_task_group_decorator to 2024-01-08T00:00:00+00:00, run_after=2024-01-09T00:00:00+00:00
[2024-01-09T20:45:11.606+0000] {processor.py:183} INFO - Processing /home/airflow/.local/lib/python3.8/site-packages/airflow/example_dags/example_task_group_decorator.py took 0.058 seconds
[2024-01-09T20:45:41.916+0000] {processor.py:161} INFO - Started process (PID=726) to work on /home/airflow/.local/lib/python3.8/site-packages/airflow/example_dags/example_task_group_decorator.py
[2024-01-09T20:45:41.917+0000] {processor.py:830} INFO - Processing file /home/airflow/.local/lib/python3.8/site-packages/airflow/example_dags/example_task_group_decorator.py for tasks to queue
[2024-01-09T20:45:41.919+0000] {logging_mixin.py:188} INFO - [2024-01-09T20:45:41.918+0000] {dagbag.py:538} INFO - Filling up the DagBag from /home/airflow/.local/lib/python3.8/site-packages/airflow/example_dags/example_task_group_decorator.py
[2024-01-09T20:45:41.927+0000] {processor.py:840} INFO - DAG(s) 'example_task_group_decorator' retrieved from /home/airflow/.local/lib/python3.8/site-packages/airflow/example_dags/example_task_group_decorator.py
[2024-01-09T20:45:41.942+0000] {logging_mixin.py:188} INFO - [2024-01-09T20:45:41.942+0000] {dag.py:3033} INFO - Sync 1 DAGs
[2024-01-09T20:45:41.956+0000] {logging_mixin.py:188} INFO - [2024-01-09T20:45:41.956+0000] {dag.py:3820} INFO - Setting next_dagrun for example_task_group_decorator to 2024-01-08T00:00:00+00:00, run_after=2024-01-09T00:00:00+00:00
[2024-01-09T20:45:41.969+0000] {processor.py:183} INFO - Processing /home/airflow/.local/lib/python3.8/site-packages/airflow/example_dags/example_task_group_decorator.py took 0.056 seconds
[2024-01-09T20:46:12.185+0000] {processor.py:161} INFO - Started process (PID=783) to work on /home/airflow/.local/lib/python3.8/site-packages/airflow/example_dags/example_task_group_decorator.py
[2024-01-09T20:46:12.186+0000] {processor.py:830} INFO - Processing file /home/airflow/.local/lib/python3.8/site-packages/airflow/example_dags/example_task_group_decorator.py for tasks to queue
[2024-01-09T20:46:12.188+0000] {logging_mixin.py:188} INFO - [2024-01-09T20:46:12.188+0000] {dagbag.py:538} INFO - Filling up the DagBag from /home/airflow/.local/lib/python3.8/site-packages/airflow/example_dags/example_task_group_decorator.py
[2024-01-09T20:46:12.196+0000] {processor.py:840} INFO - DAG(s) 'example_task_group_decorator' retrieved from /home/airflow/.local/lib/python3.8/site-packages/airflow/example_dags/example_task_group_decorator.py
[2024-01-09T20:46:12.211+0000] {logging_mixin.py:188} INFO - [2024-01-09T20:46:12.211+0000] {dag.py:3033} INFO - Sync 1 DAGs
[2024-01-09T20:46:12.223+0000] {logging_mixin.py:188} INFO - [2024-01-09T20:46:12.223+0000] {dag.py:3820} INFO - Setting next_dagrun for example_task_group_decorator to 2024-01-08T00:00:00+00:00, run_after=2024-01-09T00:00:00+00:00
[2024-01-09T20:46:12.234+0000] {processor.py:183} INFO - Processing /home/airflow/.local/lib/python3.8/site-packages/airflow/example_dags/example_task_group_decorator.py took 0.051 seconds
[2024-01-09T20:46:42.321+0000] {processor.py:161} INFO - Started process (PID=840) to work on /home/airflow/.local/lib/python3.8/site-packages/airflow/example_dags/example_task_group_decorator.py
[2024-01-09T20:46:42.322+0000] {processor.py:830} INFO - Processing file /home/airflow/.local/lib/python3.8/site-packages/airflow/example_dags/example_task_group_decorator.py for tasks to queue
[2024-01-09T20:46:42.324+0000] {logging_mixin.py:188} INFO - [2024-01-09T20:46:42.324+0000] {dagbag.py:538} INFO - Filling up the DagBag from /home/airflow/.local/lib/python3.8/site-packages/airflow/example_dags/example_task_group_decorator.py
[2024-01-09T20:46:42.338+0000] {processor.py:840} INFO - DAG(s) 'example_task_group_decorator' retrieved from /home/airflow/.local/lib/python3.8/site-packages/airflow/example_dags/example_task_group_decorator.py
[2024-01-09T20:46:42.355+0000] {logging_mixin.py:188} INFO - [2024-01-09T20:46:42.355+0000] {dag.py:3033} INFO - Sync 1 DAGs
[2024-01-09T20:46:42.371+0000] {logging_mixin.py:188} INFO - [2024-01-09T20:46:42.371+0000] {dag.py:3820} INFO - Setting next_dagrun for example_task_group_decorator to 2024-01-08T00:00:00+00:00, run_after=2024-01-09T00:00:00+00:00
[2024-01-09T20:46:42.383+0000] {processor.py:183} INFO - Processing /home/airflow/.local/lib/python3.8/site-packages/airflow/example_dags/example_task_group_decorator.py took 0.065 seconds
[2024-01-09T20:47:12.589+0000] {processor.py:161} INFO - Started process (PID=897) to work on /home/airflow/.local/lib/python3.8/site-packages/airflow/example_dags/example_task_group_decorator.py
[2024-01-09T20:47:12.589+0000] {processor.py:830} INFO - Processing file /home/airflow/.local/lib/python3.8/site-packages/airflow/example_dags/example_task_group_decorator.py for tasks to queue
[2024-01-09T20:47:12.591+0000] {logging_mixin.py:188} INFO - [2024-01-09T20:47:12.591+0000] {dagbag.py:538} INFO - Filling up the DagBag from /home/airflow/.local/lib/python3.8/site-packages/airflow/example_dags/example_task_group_decorator.py
[2024-01-09T20:47:12.603+0000] {processor.py:840} INFO - DAG(s) 'example_task_group_decorator' retrieved from /home/airflow/.local/lib/python3.8/site-packages/airflow/example_dags/example_task_group_decorator.py
[2024-01-09T20:47:12.621+0000] {logging_mixin.py:188} INFO - [2024-01-09T20:47:12.620+0000] {dag.py:3033} INFO - Sync 1 DAGs
[2024-01-09T20:47:12.639+0000] {logging_mixin.py:188} INFO - [2024-01-09T20:47:12.639+0000] {dag.py:3820} INFO - Setting next_dagrun for example_task_group_decorator to 2024-01-08T00:00:00+00:00, run_after=2024-01-09T00:00:00+00:00
[2024-01-09T20:47:12.650+0000] {processor.py:183} INFO - Processing /home/airflow/.local/lib/python3.8/site-packages/airflow/example_dags/example_task_group_decorator.py took 0.064 seconds
[2024-01-09T20:47:42.845+0000] {processor.py:161} INFO - Started process (PID=953) to work on /home/airflow/.local/lib/python3.8/site-packages/airflow/example_dags/example_task_group_decorator.py
[2024-01-09T20:47:42.845+0000] {processor.py:830} INFO - Processing file /home/airflow/.local/lib/python3.8/site-packages/airflow/example_dags/example_task_group_decorator.py for tasks to queue
[2024-01-09T20:47:42.847+0000] {logging_mixin.py:188} INFO - [2024-01-09T20:47:42.847+0000] {dagbag.py:538} INFO - Filling up the DagBag from /home/airflow/.local/lib/python3.8/site-packages/airflow/example_dags/example_task_group_decorator.py
[2024-01-09T20:47:42.856+0000] {processor.py:840} INFO - DAG(s) 'example_task_group_decorator' retrieved from /home/airflow/.local/lib/python3.8/site-packages/airflow/example_dags/example_task_group_decorator.py
[2024-01-09T20:47:42.873+0000] {logging_mixin.py:188} INFO - [2024-01-09T20:47:42.873+0000] {dag.py:3033} INFO - Sync 1 DAGs
[2024-01-09T20:47:42.890+0000] {logging_mixin.py:188} INFO - [2024-01-09T20:47:42.889+0000] {dag.py:3820} INFO - Setting next_dagrun for example_task_group_decorator to 2024-01-08T00:00:00+00:00, run_after=2024-01-09T00:00:00+00:00
[2024-01-09T20:47:42.905+0000] {processor.py:183} INFO - Processing /home/airflow/.local/lib/python3.8/site-packages/airflow/example_dags/example_task_group_decorator.py took 0.065 seconds
[2024-01-09T20:48:13.151+0000] {processor.py:161} INFO - Started process (PID=1010) to work on /home/airflow/.local/lib/python3.8/site-packages/airflow/example_dags/example_task_group_decorator.py
[2024-01-09T20:48:13.152+0000] {processor.py:830} INFO - Processing file /home/airflow/.local/lib/python3.8/site-packages/airflow/example_dags/example_task_group_decorator.py for tasks to queue
[2024-01-09T20:48:13.154+0000] {logging_mixin.py:188} INFO - [2024-01-09T20:48:13.154+0000] {dagbag.py:538} INFO - Filling up the DagBag from /home/airflow/.local/lib/python3.8/site-packages/airflow/example_dags/example_task_group_decorator.py
[2024-01-09T20:48:13.165+0000] {processor.py:840} INFO - DAG(s) 'example_task_group_decorator' retrieved from /home/airflow/.local/lib/python3.8/site-packages/airflow/example_dags/example_task_group_decorator.py
[2024-01-09T20:48:13.186+0000] {logging_mixin.py:188} INFO - [2024-01-09T20:48:13.186+0000] {dag.py:3033} INFO - Sync 1 DAGs
[2024-01-09T20:48:13.206+0000] {logging_mixin.py:188} INFO - [2024-01-09T20:48:13.205+0000] {dag.py:3820} INFO - Setting next_dagrun for example_task_group_decorator to 2024-01-08T00:00:00+00:00, run_after=2024-01-09T00:00:00+00:00
[2024-01-09T20:48:13.219+0000] {processor.py:183} INFO - Processing /home/airflow/.local/lib/python3.8/site-packages/airflow/example_dags/example_task_group_decorator.py took 0.071 seconds
