[2024-01-09T20:39:49.661+0000] {processor.py:161} INFO - Started process (PID=74) to work on /home/airflow/.local/lib/python3.8/site-packages/airflow/example_dags/example_complex.py
[2024-01-09T20:39:49.663+0000] {processor.py:830} INFO - Processing file /home/airflow/.local/lib/python3.8/site-packages/airflow/example_dags/example_complex.py for tasks to queue
[2024-01-09T20:39:49.666+0000] {logging_mixin.py:188} INFO - [2024-01-09T20:39:49.666+0000] {dagbag.py:538} INFO - Filling up the DagBag from /home/airflow/.local/lib/python3.8/site-packages/airflow/example_dags/example_complex.py
[2024-01-09T20:39:49.684+0000] {processor.py:840} INFO - DAG(s) 'example_complex' retrieved from /home/airflow/.local/lib/python3.8/site-packages/airflow/example_dags/example_complex.py
[2024-01-09T20:39:49.837+0000] {logging_mixin.py:188} INFO - [2024-01-09T20:39:49.836+0000] {override.py:1769} INFO - Created Permission View: can delete on DAG:example_complex
[2024-01-09T20:39:49.857+0000] {logging_mixin.py:188} INFO - [2024-01-09T20:39:49.856+0000] {override.py:1769} INFO - Created Permission View: can read on DAG:example_complex
[2024-01-09T20:39:49.870+0000] {logging_mixin.py:188} INFO - [2024-01-09T20:39:49.869+0000] {override.py:1769} INFO - Created Permission View: can edit on DAG:example_complex
[2024-01-09T20:39:49.871+0000] {logging_mixin.py:188} INFO - [2024-01-09T20:39:49.870+0000] {dag.py:3033} INFO - Sync 1 DAGs
[2024-01-09T20:39:49.886+0000] {logging_mixin.py:188} INFO - [2024-01-09T20:39:49.886+0000] {dag.py:3055} INFO - Creating ORM DAG for example_complex
[2024-01-09T20:39:49.887+0000] {logging_mixin.py:188} INFO - [2024-01-09T20:39:49.887+0000] {dag.py:3820} INFO - Setting next_dagrun for example_complex to None, run_after=None
[2024-01-09T20:39:49.908+0000] {processor.py:183} INFO - Processing /home/airflow/.local/lib/python3.8/site-packages/airflow/example_dags/example_complex.py took 0.253 seconds
[2024-01-09T20:40:20.910+0000] {processor.py:161} INFO - Started process (PID=131) to work on /home/airflow/.local/lib/python3.8/site-packages/airflow/example_dags/example_complex.py
[2024-01-09T20:40:20.911+0000] {processor.py:830} INFO - Processing file /home/airflow/.local/lib/python3.8/site-packages/airflow/example_dags/example_complex.py for tasks to queue
[2024-01-09T20:40:20.913+0000] {logging_mixin.py:188} INFO - [2024-01-09T20:40:20.913+0000] {dagbag.py:538} INFO - Filling up the DagBag from /home/airflow/.local/lib/python3.8/site-packages/airflow/example_dags/example_complex.py
[2024-01-09T20:40:20.921+0000] {processor.py:840} INFO - DAG(s) 'example_complex' retrieved from /home/airflow/.local/lib/python3.8/site-packages/airflow/example_dags/example_complex.py
[2024-01-09T20:40:20.942+0000] {logging_mixin.py:188} INFO - [2024-01-09T20:40:20.942+0000] {dag.py:3033} INFO - Sync 1 DAGs
[2024-01-09T20:40:20.951+0000] {logging_mixin.py:188} INFO - [2024-01-09T20:40:20.951+0000] {dag.py:3820} INFO - Setting next_dagrun for example_complex to None, run_after=None
[2024-01-09T20:40:20.963+0000] {processor.py:183} INFO - Processing /home/airflow/.local/lib/python3.8/site-packages/airflow/example_dags/example_complex.py took 0.056 seconds
[2024-01-09T20:40:51.015+0000] {processor.py:161} INFO - Started process (PID=188) to work on /home/airflow/.local/lib/python3.8/site-packages/airflow/example_dags/example_complex.py
[2024-01-09T20:40:51.017+0000] {processor.py:830} INFO - Processing file /home/airflow/.local/lib/python3.8/site-packages/airflow/example_dags/example_complex.py for tasks to queue
[2024-01-09T20:40:51.020+0000] {logging_mixin.py:188} INFO - [2024-01-09T20:40:51.020+0000] {dagbag.py:538} INFO - Filling up the DagBag from /home/airflow/.local/lib/python3.8/site-packages/airflow/example_dags/example_complex.py
[2024-01-09T20:40:51.029+0000] {processor.py:840} INFO - DAG(s) 'example_complex' retrieved from /home/airflow/.local/lib/python3.8/site-packages/airflow/example_dags/example_complex.py
[2024-01-09T20:40:51.050+0000] {logging_mixin.py:188} INFO - [2024-01-09T20:40:51.049+0000] {dag.py:3033} INFO - Sync 1 DAGs
[2024-01-09T20:40:51.057+0000] {logging_mixin.py:188} INFO - [2024-01-09T20:40:51.057+0000] {dag.py:3820} INFO - Setting next_dagrun for example_complex to None, run_after=None
[2024-01-09T20:40:51.066+0000] {processor.py:183} INFO - Processing /home/airflow/.local/lib/python3.8/site-packages/airflow/example_dags/example_complex.py took 0.055 seconds
[2024-01-09T20:41:21.242+0000] {processor.py:161} INFO - Started process (PID=245) to work on /home/airflow/.local/lib/python3.8/site-packages/airflow/example_dags/example_complex.py
[2024-01-09T20:41:21.244+0000] {processor.py:830} INFO - Processing file /home/airflow/.local/lib/python3.8/site-packages/airflow/example_dags/example_complex.py for tasks to queue
[2024-01-09T20:41:21.247+0000] {logging_mixin.py:188} INFO - [2024-01-09T20:41:21.246+0000] {dagbag.py:538} INFO - Filling up the DagBag from /home/airflow/.local/lib/python3.8/site-packages/airflow/example_dags/example_complex.py
[2024-01-09T20:41:21.256+0000] {processor.py:840} INFO - DAG(s) 'example_complex' retrieved from /home/airflow/.local/lib/python3.8/site-packages/airflow/example_dags/example_complex.py
[2024-01-09T20:41:21.274+0000] {logging_mixin.py:188} INFO - [2024-01-09T20:41:21.274+0000] {dag.py:3033} INFO - Sync 1 DAGs
[2024-01-09T20:41:21.281+0000] {logging_mixin.py:188} INFO - [2024-01-09T20:41:21.281+0000] {dag.py:3820} INFO - Setting next_dagrun for example_complex to None, run_after=None
[2024-01-09T20:41:21.292+0000] {processor.py:183} INFO - Processing /home/airflow/.local/lib/python3.8/site-packages/airflow/example_dags/example_complex.py took 0.054 seconds
[2024-01-09T20:41:51.447+0000] {processor.py:161} INFO - Started process (PID=302) to work on /home/airflow/.local/lib/python3.8/site-packages/airflow/example_dags/example_complex.py
[2024-01-09T20:41:51.448+0000] {processor.py:830} INFO - Processing file /home/airflow/.local/lib/python3.8/site-packages/airflow/example_dags/example_complex.py for tasks to queue
[2024-01-09T20:41:51.449+0000] {logging_mixin.py:188} INFO - [2024-01-09T20:41:51.449+0000] {dagbag.py:538} INFO - Filling up the DagBag from /home/airflow/.local/lib/python3.8/site-packages/airflow/example_dags/example_complex.py
[2024-01-09T20:41:51.457+0000] {processor.py:840} INFO - DAG(s) 'example_complex' retrieved from /home/airflow/.local/lib/python3.8/site-packages/airflow/example_dags/example_complex.py
[2024-01-09T20:41:51.477+0000] {logging_mixin.py:188} INFO - [2024-01-09T20:41:51.477+0000] {dag.py:3033} INFO - Sync 1 DAGs
[2024-01-09T20:41:51.484+0000] {logging_mixin.py:188} INFO - [2024-01-09T20:41:51.484+0000] {dag.py:3820} INFO - Setting next_dagrun for example_complex to None, run_after=None
[2024-01-09T20:41:51.494+0000] {processor.py:183} INFO - Processing /home/airflow/.local/lib/python3.8/site-packages/airflow/example_dags/example_complex.py took 0.052 seconds
[2024-01-09T20:42:21.672+0000] {processor.py:161} INFO - Started process (PID=359) to work on /home/airflow/.local/lib/python3.8/site-packages/airflow/example_dags/example_complex.py
[2024-01-09T20:42:21.672+0000] {processor.py:830} INFO - Processing file /home/airflow/.local/lib/python3.8/site-packages/airflow/example_dags/example_complex.py for tasks to queue
[2024-01-09T20:42:21.674+0000] {logging_mixin.py:188} INFO - [2024-01-09T20:42:21.674+0000] {dagbag.py:538} INFO - Filling up the DagBag from /home/airflow/.local/lib/python3.8/site-packages/airflow/example_dags/example_complex.py
[2024-01-09T20:42:21.685+0000] {processor.py:840} INFO - DAG(s) 'example_complex' retrieved from /home/airflow/.local/lib/python3.8/site-packages/airflow/example_dags/example_complex.py
[2024-01-09T20:42:21.706+0000] {logging_mixin.py:188} INFO - [2024-01-09T20:42:21.706+0000] {dag.py:3033} INFO - Sync 1 DAGs
[2024-01-09T20:42:21.714+0000] {logging_mixin.py:188} INFO - [2024-01-09T20:42:21.714+0000] {dag.py:3820} INFO - Setting next_dagrun for example_complex to None, run_after=None
[2024-01-09T20:42:21.733+0000] {processor.py:183} INFO - Processing /home/airflow/.local/lib/python3.8/site-packages/airflow/example_dags/example_complex.py took 0.064 seconds
[2024-01-09T20:42:51.863+0000] {processor.py:161} INFO - Started process (PID=416) to work on /home/airflow/.local/lib/python3.8/site-packages/airflow/example_dags/example_complex.py
[2024-01-09T20:42:51.864+0000] {processor.py:830} INFO - Processing file /home/airflow/.local/lib/python3.8/site-packages/airflow/example_dags/example_complex.py for tasks to queue
[2024-01-09T20:42:51.867+0000] {logging_mixin.py:188} INFO - [2024-01-09T20:42:51.866+0000] {dagbag.py:538} INFO - Filling up the DagBag from /home/airflow/.local/lib/python3.8/site-packages/airflow/example_dags/example_complex.py
[2024-01-09T20:42:51.875+0000] {processor.py:840} INFO - DAG(s) 'example_complex' retrieved from /home/airflow/.local/lib/python3.8/site-packages/airflow/example_dags/example_complex.py
[2024-01-09T20:42:51.898+0000] {logging_mixin.py:188} INFO - [2024-01-09T20:42:51.898+0000] {dag.py:3033} INFO - Sync 1 DAGs
[2024-01-09T20:42:51.907+0000] {logging_mixin.py:188} INFO - [2024-01-09T20:42:51.907+0000] {dag.py:3820} INFO - Setting next_dagrun for example_complex to None, run_after=None
[2024-01-09T20:42:51.919+0000] {processor.py:183} INFO - Processing /home/airflow/.local/lib/python3.8/site-packages/airflow/example_dags/example_complex.py took 0.059 seconds
[2024-01-09T20:43:22.097+0000] {processor.py:161} INFO - Started process (PID=473) to work on /home/airflow/.local/lib/python3.8/site-packages/airflow/example_dags/example_complex.py
[2024-01-09T20:43:22.097+0000] {processor.py:830} INFO - Processing file /home/airflow/.local/lib/python3.8/site-packages/airflow/example_dags/example_complex.py for tasks to queue
[2024-01-09T20:43:22.099+0000] {logging_mixin.py:188} INFO - [2024-01-09T20:43:22.099+0000] {dagbag.py:538} INFO - Filling up the DagBag from /home/airflow/.local/lib/python3.8/site-packages/airflow/example_dags/example_complex.py
[2024-01-09T20:43:22.110+0000] {processor.py:840} INFO - DAG(s) 'example_complex' retrieved from /home/airflow/.local/lib/python3.8/site-packages/airflow/example_dags/example_complex.py
[2024-01-09T20:43:22.139+0000] {logging_mixin.py:188} INFO - [2024-01-09T20:43:22.138+0000] {dag.py:3033} INFO - Sync 1 DAGs
[2024-01-09T20:43:22.152+0000] {logging_mixin.py:188} INFO - [2024-01-09T20:43:22.152+0000] {dag.py:3820} INFO - Setting next_dagrun for example_complex to None, run_after=None
[2024-01-09T20:43:22.175+0000] {processor.py:183} INFO - Processing /home/airflow/.local/lib/python3.8/site-packages/airflow/example_dags/example_complex.py took 0.081 seconds
[2024-01-09T20:43:52.284+0000] {processor.py:161} INFO - Started process (PID=529) to work on /home/airflow/.local/lib/python3.8/site-packages/airflow/example_dags/example_complex.py
[2024-01-09T20:43:52.286+0000] {processor.py:830} INFO - Processing file /home/airflow/.local/lib/python3.8/site-packages/airflow/example_dags/example_complex.py for tasks to queue
[2024-01-09T20:43:52.289+0000] {logging_mixin.py:188} INFO - [2024-01-09T20:43:52.288+0000] {dagbag.py:538} INFO - Filling up the DagBag from /home/airflow/.local/lib/python3.8/site-packages/airflow/example_dags/example_complex.py
[2024-01-09T20:43:52.298+0000] {processor.py:840} INFO - DAG(s) 'example_complex' retrieved from /home/airflow/.local/lib/python3.8/site-packages/airflow/example_dags/example_complex.py
[2024-01-09T20:43:52.318+0000] {logging_mixin.py:188} INFO - [2024-01-09T20:43:52.318+0000] {dag.py:3033} INFO - Sync 1 DAGs
[2024-01-09T20:43:52.325+0000] {logging_mixin.py:188} INFO - [2024-01-09T20:43:52.325+0000] {dag.py:3820} INFO - Setting next_dagrun for example_complex to None, run_after=None
[2024-01-09T20:43:52.337+0000] {processor.py:183} INFO - Processing /home/airflow/.local/lib/python3.8/site-packages/airflow/example_dags/example_complex.py took 0.057 seconds
[2024-01-09T20:44:22.533+0000] {processor.py:161} INFO - Started process (PID=586) to work on /home/airflow/.local/lib/python3.8/site-packages/airflow/example_dags/example_complex.py
[2024-01-09T20:44:22.534+0000] {processor.py:830} INFO - Processing file /home/airflow/.local/lib/python3.8/site-packages/airflow/example_dags/example_complex.py for tasks to queue
[2024-01-09T20:44:22.537+0000] {logging_mixin.py:188} INFO - [2024-01-09T20:44:22.537+0000] {dagbag.py:538} INFO - Filling up the DagBag from /home/airflow/.local/lib/python3.8/site-packages/airflow/example_dags/example_complex.py
[2024-01-09T20:44:22.545+0000] {processor.py:840} INFO - DAG(s) 'example_complex' retrieved from /home/airflow/.local/lib/python3.8/site-packages/airflow/example_dags/example_complex.py
[2024-01-09T20:44:22.563+0000] {logging_mixin.py:188} INFO - [2024-01-09T20:44:22.563+0000] {dag.py:3033} INFO - Sync 1 DAGs
[2024-01-09T20:44:22.570+0000] {logging_mixin.py:188} INFO - [2024-01-09T20:44:22.570+0000] {dag.py:3820} INFO - Setting next_dagrun for example_complex to None, run_after=None
[2024-01-09T20:44:22.581+0000] {processor.py:183} INFO - Processing /home/airflow/.local/lib/python3.8/site-packages/airflow/example_dags/example_complex.py took 0.052 seconds
[2024-01-09T20:44:52.740+0000] {processor.py:161} INFO - Started process (PID=642) to work on /home/airflow/.local/lib/python3.8/site-packages/airflow/example_dags/example_complex.py
[2024-01-09T20:44:52.740+0000] {processor.py:830} INFO - Processing file /home/airflow/.local/lib/python3.8/site-packages/airflow/example_dags/example_complex.py for tasks to queue
[2024-01-09T20:44:52.742+0000] {logging_mixin.py:188} INFO - [2024-01-09T20:44:52.742+0000] {dagbag.py:538} INFO - Filling up the DagBag from /home/airflow/.local/lib/python3.8/site-packages/airflow/example_dags/example_complex.py
[2024-01-09T20:44:52.751+0000] {processor.py:840} INFO - DAG(s) 'example_complex' retrieved from /home/airflow/.local/lib/python3.8/site-packages/airflow/example_dags/example_complex.py
[2024-01-09T20:44:52.774+0000] {logging_mixin.py:188} INFO - [2024-01-09T20:44:52.774+0000] {dag.py:3033} INFO - Sync 1 DAGs
[2024-01-09T20:44:52.782+0000] {logging_mixin.py:188} INFO - [2024-01-09T20:44:52.782+0000] {dag.py:3820} INFO - Setting next_dagrun for example_complex to None, run_after=None
[2024-01-09T20:44:52.794+0000] {processor.py:183} INFO - Processing /home/airflow/.local/lib/python3.8/site-packages/airflow/example_dags/example_complex.py took 0.059 seconds
[2024-01-09T20:45:23.189+0000] {processor.py:161} INFO - Started process (PID=699) to work on /home/airflow/.local/lib/python3.8/site-packages/airflow/example_dags/example_complex.py
[2024-01-09T20:45:23.190+0000] {processor.py:830} INFO - Processing file /home/airflow/.local/lib/python3.8/site-packages/airflow/example_dags/example_complex.py for tasks to queue
[2024-01-09T20:45:23.192+0000] {logging_mixin.py:188} INFO - [2024-01-09T20:45:23.192+0000] {dagbag.py:538} INFO - Filling up the DagBag from /home/airflow/.local/lib/python3.8/site-packages/airflow/example_dags/example_complex.py
[2024-01-09T20:45:23.200+0000] {processor.py:840} INFO - DAG(s) 'example_complex' retrieved from /home/airflow/.local/lib/python3.8/site-packages/airflow/example_dags/example_complex.py
[2024-01-09T20:45:23.226+0000] {logging_mixin.py:188} INFO - [2024-01-09T20:45:23.226+0000] {dag.py:3033} INFO - Sync 1 DAGs
[2024-01-09T20:45:23.234+0000] {logging_mixin.py:188} INFO - [2024-01-09T20:45:23.234+0000] {dag.py:3820} INFO - Setting next_dagrun for example_complex to None, run_after=None
[2024-01-09T20:45:23.247+0000] {processor.py:183} INFO - Processing /home/airflow/.local/lib/python3.8/site-packages/airflow/example_dags/example_complex.py took 0.063 seconds
[2024-01-09T20:45:53.405+0000] {processor.py:161} INFO - Started process (PID=756) to work on /home/airflow/.local/lib/python3.8/site-packages/airflow/example_dags/example_complex.py
[2024-01-09T20:45:53.406+0000] {processor.py:830} INFO - Processing file /home/airflow/.local/lib/python3.8/site-packages/airflow/example_dags/example_complex.py for tasks to queue
[2024-01-09T20:45:53.408+0000] {logging_mixin.py:188} INFO - [2024-01-09T20:45:53.408+0000] {dagbag.py:538} INFO - Filling up the DagBag from /home/airflow/.local/lib/python3.8/site-packages/airflow/example_dags/example_complex.py
[2024-01-09T20:45:53.416+0000] {processor.py:840} INFO - DAG(s) 'example_complex' retrieved from /home/airflow/.local/lib/python3.8/site-packages/airflow/example_dags/example_complex.py
[2024-01-09T20:45:53.438+0000] {logging_mixin.py:188} INFO - [2024-01-09T20:45:53.438+0000] {dag.py:3033} INFO - Sync 1 DAGs
[2024-01-09T20:45:53.446+0000] {logging_mixin.py:188} INFO - [2024-01-09T20:45:53.446+0000] {dag.py:3820} INFO - Setting next_dagrun for example_complex to None, run_after=None
[2024-01-09T20:45:53.456+0000] {processor.py:183} INFO - Processing /home/airflow/.local/lib/python3.8/site-packages/airflow/example_dags/example_complex.py took 0.055 seconds
[2024-01-09T20:46:23.507+0000] {processor.py:161} INFO - Started process (PID=813) to work on /home/airflow/.local/lib/python3.8/site-packages/airflow/example_dags/example_complex.py
[2024-01-09T20:46:23.509+0000] {processor.py:830} INFO - Processing file /home/airflow/.local/lib/python3.8/site-packages/airflow/example_dags/example_complex.py for tasks to queue
[2024-01-09T20:46:23.512+0000] {logging_mixin.py:188} INFO - [2024-01-09T20:46:23.511+0000] {dagbag.py:538} INFO - Filling up the DagBag from /home/airflow/.local/lib/python3.8/site-packages/airflow/example_dags/example_complex.py
[2024-01-09T20:46:23.523+0000] {processor.py:840} INFO - DAG(s) 'example_complex' retrieved from /home/airflow/.local/lib/python3.8/site-packages/airflow/example_dags/example_complex.py
[2024-01-09T20:46:23.545+0000] {logging_mixin.py:188} INFO - [2024-01-09T20:46:23.544+0000] {dag.py:3033} INFO - Sync 1 DAGs
[2024-01-09T20:46:23.553+0000] {logging_mixin.py:188} INFO - [2024-01-09T20:46:23.553+0000] {dag.py:3820} INFO - Setting next_dagrun for example_complex to None, run_after=None
[2024-01-09T20:46:23.562+0000] {processor.py:183} INFO - Processing /home/airflow/.local/lib/python3.8/site-packages/airflow/example_dags/example_complex.py took 0.059 seconds
[2024-01-09T20:46:53.790+0000] {processor.py:161} INFO - Started process (PID=870) to work on /home/airflow/.local/lib/python3.8/site-packages/airflow/example_dags/example_complex.py
[2024-01-09T20:46:53.791+0000] {processor.py:830} INFO - Processing file /home/airflow/.local/lib/python3.8/site-packages/airflow/example_dags/example_complex.py for tasks to queue
[2024-01-09T20:46:53.794+0000] {logging_mixin.py:188} INFO - [2024-01-09T20:46:53.794+0000] {dagbag.py:538} INFO - Filling up the DagBag from /home/airflow/.local/lib/python3.8/site-packages/airflow/example_dags/example_complex.py
[2024-01-09T20:46:53.803+0000] {processor.py:840} INFO - DAG(s) 'example_complex' retrieved from /home/airflow/.local/lib/python3.8/site-packages/airflow/example_dags/example_complex.py
[2024-01-09T20:46:53.829+0000] {logging_mixin.py:188} INFO - [2024-01-09T20:46:53.828+0000] {dag.py:3033} INFO - Sync 1 DAGs
[2024-01-09T20:46:53.838+0000] {logging_mixin.py:188} INFO - [2024-01-09T20:46:53.838+0000] {dag.py:3820} INFO - Setting next_dagrun for example_complex to None, run_after=None
[2024-01-09T20:46:53.856+0000] {processor.py:183} INFO - Processing /home/airflow/.local/lib/python3.8/site-packages/airflow/example_dags/example_complex.py took 0.071 seconds
[2024-01-09T20:47:24.014+0000] {processor.py:161} INFO - Started process (PID=927) to work on /home/airflow/.local/lib/python3.8/site-packages/airflow/example_dags/example_complex.py
[2024-01-09T20:47:24.014+0000] {processor.py:830} INFO - Processing file /home/airflow/.local/lib/python3.8/site-packages/airflow/example_dags/example_complex.py for tasks to queue
[2024-01-09T20:47:24.016+0000] {logging_mixin.py:188} INFO - [2024-01-09T20:47:24.016+0000] {dagbag.py:538} INFO - Filling up the DagBag from /home/airflow/.local/lib/python3.8/site-packages/airflow/example_dags/example_complex.py
[2024-01-09T20:47:24.025+0000] {processor.py:840} INFO - DAG(s) 'example_complex' retrieved from /home/airflow/.local/lib/python3.8/site-packages/airflow/example_dags/example_complex.py
[2024-01-09T20:47:24.047+0000] {logging_mixin.py:188} INFO - [2024-01-09T20:47:24.047+0000] {dag.py:3033} INFO - Sync 1 DAGs
[2024-01-09T20:47:24.056+0000] {logging_mixin.py:188} INFO - [2024-01-09T20:47:24.056+0000] {dag.py:3820} INFO - Setting next_dagrun for example_complex to None, run_after=None
[2024-01-09T20:47:24.068+0000] {processor.py:183} INFO - Processing /home/airflow/.local/lib/python3.8/site-packages/airflow/example_dags/example_complex.py took 0.057 seconds
[2024-01-09T20:47:54.338+0000] {processor.py:161} INFO - Started process (PID=983) to work on /home/airflow/.local/lib/python3.8/site-packages/airflow/example_dags/example_complex.py
[2024-01-09T20:47:54.339+0000] {processor.py:830} INFO - Processing file /home/airflow/.local/lib/python3.8/site-packages/airflow/example_dags/example_complex.py for tasks to queue
[2024-01-09T20:47:54.342+0000] {logging_mixin.py:188} INFO - [2024-01-09T20:47:54.341+0000] {dagbag.py:538} INFO - Filling up the DagBag from /home/airflow/.local/lib/python3.8/site-packages/airflow/example_dags/example_complex.py
[2024-01-09T20:47:54.349+0000] {processor.py:840} INFO - DAG(s) 'example_complex' retrieved from /home/airflow/.local/lib/python3.8/site-packages/airflow/example_dags/example_complex.py
[2024-01-09T20:47:54.371+0000] {logging_mixin.py:188} INFO - [2024-01-09T20:47:54.371+0000] {dag.py:3033} INFO - Sync 1 DAGs
[2024-01-09T20:47:54.378+0000] {logging_mixin.py:188} INFO - [2024-01-09T20:47:54.378+0000] {dag.py:3820} INFO - Setting next_dagrun for example_complex to None, run_after=None
[2024-01-09T20:47:54.389+0000] {processor.py:183} INFO - Processing /home/airflow/.local/lib/python3.8/site-packages/airflow/example_dags/example_complex.py took 0.055 seconds
[2024-01-09T20:48:25.204+0000] {processor.py:161} INFO - Started process (PID=1040) to work on /home/airflow/.local/lib/python3.8/site-packages/airflow/example_dags/example_complex.py
[2024-01-09T20:48:25.205+0000] {processor.py:830} INFO - Processing file /home/airflow/.local/lib/python3.8/site-packages/airflow/example_dags/example_complex.py for tasks to queue
[2024-01-09T20:48:25.208+0000] {logging_mixin.py:188} INFO - [2024-01-09T20:48:25.207+0000] {dagbag.py:538} INFO - Filling up the DagBag from /home/airflow/.local/lib/python3.8/site-packages/airflow/example_dags/example_complex.py
[2024-01-09T20:48:25.218+0000] {processor.py:840} INFO - DAG(s) 'example_complex' retrieved from /home/airflow/.local/lib/python3.8/site-packages/airflow/example_dags/example_complex.py
[2024-01-09T20:48:25.248+0000] {logging_mixin.py:188} INFO - [2024-01-09T20:48:25.248+0000] {dag.py:3033} INFO - Sync 1 DAGs
[2024-01-09T20:48:25.260+0000] {logging_mixin.py:188} INFO - [2024-01-09T20:48:25.260+0000] {dag.py:3820} INFO - Setting next_dagrun for example_complex to None, run_after=None
[2024-01-09T20:48:25.275+0000] {processor.py:183} INFO - Processing /home/airflow/.local/lib/python3.8/site-packages/airflow/example_dags/example_complex.py took 0.075 seconds
