[2024-01-09T20:39:41.835+0000] {processor.py:161} INFO - Started process (PID=52) to work on /home/airflow/.local/lib/python3.8/site-packages/airflow/example_dags/example_dag_decorator.py
[2024-01-09T20:39:41.840+0000] {processor.py:830} INFO - Processing file /home/airflow/.local/lib/python3.8/site-packages/airflow/example_dags/example_dag_decorator.py for tasks to queue
[2024-01-09T20:39:41.853+0000] {logging_mixin.py:188} INFO - [2024-01-09T20:39:41.852+0000] {dagbag.py:538} INFO - Filling up the DagBag from /home/airflow/.local/lib/python3.8/site-packages/airflow/example_dags/example_dag_decorator.py
[2024-01-09T20:39:43.647+0000] {processor.py:840} INFO - DAG(s) 'example_dag_decorator' retrieved from /home/airflow/.local/lib/python3.8/site-packages/airflow/example_dags/example_dag_decorator.py
[2024-01-09T20:39:45.678+0000] {logging_mixin.py:188} INFO - [2024-01-09T20:39:45.665+0000] {override.py:1769} INFO - Created Permission View: can delete on DAG:example_dag_decorator
[2024-01-09T20:39:45.739+0000] {logging_mixin.py:188} INFO - [2024-01-09T20:39:45.738+0000] {override.py:1769} INFO - Created Permission View: can read on DAG:example_dag_decorator
[2024-01-09T20:39:45.766+0000] {logging_mixin.py:188} INFO - [2024-01-09T20:39:45.765+0000] {override.py:1769} INFO - Created Permission View: can edit on DAG:example_dag_decorator
[2024-01-09T20:39:45.767+0000] {logging_mixin.py:188} INFO - [2024-01-09T20:39:45.767+0000] {dag.py:3033} INFO - Sync 1 DAGs
[2024-01-09T20:39:45.793+0000] {logging_mixin.py:188} INFO - [2024-01-09T20:39:45.793+0000] {dag.py:3055} INFO - Creating ORM DAG for example_dag_decorator
[2024-01-09T20:39:45.795+0000] {logging_mixin.py:188} INFO - [2024-01-09T20:39:45.795+0000] {dag.py:3820} INFO - Setting next_dagrun for example_dag_decorator to None, run_after=None
[2024-01-09T20:39:45.820+0000] {processor.py:183} INFO - Processing /home/airflow/.local/lib/python3.8/site-packages/airflow/example_dags/example_dag_decorator.py took 4.004 seconds
[2024-01-09T20:40:15.868+0000] {processor.py:161} INFO - Started process (PID=109) to work on /home/airflow/.local/lib/python3.8/site-packages/airflow/example_dags/example_dag_decorator.py
[2024-01-09T20:40:15.872+0000] {processor.py:830} INFO - Processing file /home/airflow/.local/lib/python3.8/site-packages/airflow/example_dags/example_dag_decorator.py for tasks to queue
[2024-01-09T20:40:15.876+0000] {logging_mixin.py:188} INFO - [2024-01-09T20:40:15.876+0000] {dagbag.py:538} INFO - Filling up the DagBag from /home/airflow/.local/lib/python3.8/site-packages/airflow/example_dags/example_dag_decorator.py
[2024-01-09T20:40:15.982+0000] {processor.py:840} INFO - DAG(s) 'example_dag_decorator' retrieved from /home/airflow/.local/lib/python3.8/site-packages/airflow/example_dags/example_dag_decorator.py
[2024-01-09T20:40:16.084+0000] {logging_mixin.py:188} INFO - [2024-01-09T20:40:16.084+0000] {dag.py:3033} INFO - Sync 1 DAGs
[2024-01-09T20:40:16.093+0000] {logging_mixin.py:188} INFO - [2024-01-09T20:40:16.093+0000] {dag.py:3820} INFO - Setting next_dagrun for example_dag_decorator to None, run_after=None
[2024-01-09T20:40:16.109+0000] {processor.py:183} INFO - Processing /home/airflow/.local/lib/python3.8/site-packages/airflow/example_dags/example_dag_decorator.py took 0.248 seconds
[2024-01-09T20:40:46.131+0000] {processor.py:161} INFO - Started process (PID=167) to work on /home/airflow/.local/lib/python3.8/site-packages/airflow/example_dags/example_dag_decorator.py
[2024-01-09T20:40:46.132+0000] {processor.py:830} INFO - Processing file /home/airflow/.local/lib/python3.8/site-packages/airflow/example_dags/example_dag_decorator.py for tasks to queue
[2024-01-09T20:40:46.134+0000] {logging_mixin.py:188} INFO - [2024-01-09T20:40:46.134+0000] {dagbag.py:538} INFO - Filling up the DagBag from /home/airflow/.local/lib/python3.8/site-packages/airflow/example_dags/example_dag_decorator.py
[2024-01-09T20:40:46.189+0000] {processor.py:840} INFO - DAG(s) 'example_dag_decorator' retrieved from /home/airflow/.local/lib/python3.8/site-packages/airflow/example_dags/example_dag_decorator.py
[2024-01-09T20:40:46.251+0000] {logging_mixin.py:188} INFO - [2024-01-09T20:40:46.251+0000] {dag.py:3033} INFO - Sync 1 DAGs
[2024-01-09T20:40:46.258+0000] {logging_mixin.py:188} INFO - [2024-01-09T20:40:46.258+0000] {dag.py:3820} INFO - Setting next_dagrun for example_dag_decorator to None, run_after=None
[2024-01-09T20:40:46.268+0000] {processor.py:183} INFO - Processing /home/airflow/.local/lib/python3.8/site-packages/airflow/example_dags/example_dag_decorator.py took 0.139 seconds
[2024-01-09T20:41:16.333+0000] {processor.py:161} INFO - Started process (PID=223) to work on /home/airflow/.local/lib/python3.8/site-packages/airflow/example_dags/example_dag_decorator.py
[2024-01-09T20:41:16.334+0000] {processor.py:830} INFO - Processing file /home/airflow/.local/lib/python3.8/site-packages/airflow/example_dags/example_dag_decorator.py for tasks to queue
[2024-01-09T20:41:16.336+0000] {logging_mixin.py:188} INFO - [2024-01-09T20:41:16.335+0000] {dagbag.py:538} INFO - Filling up the DagBag from /home/airflow/.local/lib/python3.8/site-packages/airflow/example_dags/example_dag_decorator.py
[2024-01-09T20:41:16.391+0000] {processor.py:840} INFO - DAG(s) 'example_dag_decorator' retrieved from /home/airflow/.local/lib/python3.8/site-packages/airflow/example_dags/example_dag_decorator.py
[2024-01-09T20:41:16.467+0000] {logging_mixin.py:188} INFO - [2024-01-09T20:41:16.467+0000] {dag.py:3033} INFO - Sync 1 DAGs
[2024-01-09T20:41:16.473+0000] {logging_mixin.py:188} INFO - [2024-01-09T20:41:16.473+0000] {dag.py:3820} INFO - Setting next_dagrun for example_dag_decorator to None, run_after=None
[2024-01-09T20:41:16.482+0000] {processor.py:183} INFO - Processing /home/airflow/.local/lib/python3.8/site-packages/airflow/example_dags/example_dag_decorator.py took 0.151 seconds
[2024-01-09T20:41:46.561+0000] {processor.py:161} INFO - Started process (PID=280) to work on /home/airflow/.local/lib/python3.8/site-packages/airflow/example_dags/example_dag_decorator.py
[2024-01-09T20:41:46.562+0000] {processor.py:830} INFO - Processing file /home/airflow/.local/lib/python3.8/site-packages/airflow/example_dags/example_dag_decorator.py for tasks to queue
[2024-01-09T20:41:46.564+0000] {logging_mixin.py:188} INFO - [2024-01-09T20:41:46.564+0000] {dagbag.py:538} INFO - Filling up the DagBag from /home/airflow/.local/lib/python3.8/site-packages/airflow/example_dags/example_dag_decorator.py
[2024-01-09T20:41:46.627+0000] {processor.py:840} INFO - DAG(s) 'example_dag_decorator' retrieved from /home/airflow/.local/lib/python3.8/site-packages/airflow/example_dags/example_dag_decorator.py
[2024-01-09T20:41:46.698+0000] {logging_mixin.py:188} INFO - [2024-01-09T20:41:46.698+0000] {dag.py:3033} INFO - Sync 1 DAGs
[2024-01-09T20:41:46.706+0000] {logging_mixin.py:188} INFO - [2024-01-09T20:41:46.706+0000] {dag.py:3820} INFO - Setting next_dagrun for example_dag_decorator to None, run_after=None
[2024-01-09T20:41:46.818+0000] {processor.py:183} INFO - Processing /home/airflow/.local/lib/python3.8/site-packages/airflow/example_dags/example_dag_decorator.py took 0.259 seconds
[2024-01-09T20:42:17.797+0000] {processor.py:161} INFO - Started process (PID=339) to work on /home/airflow/.local/lib/python3.8/site-packages/airflow/example_dags/example_dag_decorator.py
[2024-01-09T20:42:17.798+0000] {processor.py:830} INFO - Processing file /home/airflow/.local/lib/python3.8/site-packages/airflow/example_dags/example_dag_decorator.py for tasks to queue
[2024-01-09T20:42:17.800+0000] {logging_mixin.py:188} INFO - [2024-01-09T20:42:17.800+0000] {dagbag.py:538} INFO - Filling up the DagBag from /home/airflow/.local/lib/python3.8/site-packages/airflow/example_dags/example_dag_decorator.py
[2024-01-09T20:42:17.862+0000] {processor.py:840} INFO - DAG(s) 'example_dag_decorator' retrieved from /home/airflow/.local/lib/python3.8/site-packages/airflow/example_dags/example_dag_decorator.py
[2024-01-09T20:42:17.935+0000] {logging_mixin.py:188} INFO - [2024-01-09T20:42:17.935+0000] {dag.py:3033} INFO - Sync 1 DAGs
[2024-01-09T20:42:17.942+0000] {logging_mixin.py:188} INFO - [2024-01-09T20:42:17.942+0000] {dag.py:3820} INFO - Setting next_dagrun for example_dag_decorator to None, run_after=None
[2024-01-09T20:42:18.083+0000] {processor.py:183} INFO - Processing /home/airflow/.local/lib/python3.8/site-packages/airflow/example_dags/example_dag_decorator.py took 0.290 seconds
[2024-01-09T20:42:49.037+0000] {processor.py:161} INFO - Started process (PID=399) to work on /home/airflow/.local/lib/python3.8/site-packages/airflow/example_dags/example_dag_decorator.py
[2024-01-09T20:42:49.038+0000] {processor.py:830} INFO - Processing file /home/airflow/.local/lib/python3.8/site-packages/airflow/example_dags/example_dag_decorator.py for tasks to queue
[2024-01-09T20:42:49.040+0000] {logging_mixin.py:188} INFO - [2024-01-09T20:42:49.040+0000] {dagbag.py:538} INFO - Filling up the DagBag from /home/airflow/.local/lib/python3.8/site-packages/airflow/example_dags/example_dag_decorator.py
[2024-01-09T20:42:49.092+0000] {processor.py:840} INFO - DAG(s) 'example_dag_decorator' retrieved from /home/airflow/.local/lib/python3.8/site-packages/airflow/example_dags/example_dag_decorator.py
[2024-01-09T20:42:49.162+0000] {logging_mixin.py:188} INFO - [2024-01-09T20:42:49.162+0000] {dag.py:3033} INFO - Sync 1 DAGs
[2024-01-09T20:42:49.171+0000] {logging_mixin.py:188} INFO - [2024-01-09T20:42:49.171+0000] {dag.py:3820} INFO - Setting next_dagrun for example_dag_decorator to None, run_after=None
[2024-01-09T20:42:49.287+0000] {processor.py:183} INFO - Processing /home/airflow/.local/lib/python3.8/site-packages/airflow/example_dags/example_dag_decorator.py took 0.255 seconds
[2024-01-09T20:43:19.353+0000] {processor.py:161} INFO - Started process (PID=456) to work on /home/airflow/.local/lib/python3.8/site-packages/airflow/example_dags/example_dag_decorator.py
[2024-01-09T20:43:19.354+0000] {processor.py:830} INFO - Processing file /home/airflow/.local/lib/python3.8/site-packages/airflow/example_dags/example_dag_decorator.py for tasks to queue
[2024-01-09T20:43:19.357+0000] {logging_mixin.py:188} INFO - [2024-01-09T20:43:19.357+0000] {dagbag.py:538} INFO - Filling up the DagBag from /home/airflow/.local/lib/python3.8/site-packages/airflow/example_dags/example_dag_decorator.py
[2024-01-09T20:43:19.418+0000] {processor.py:840} INFO - DAG(s) 'example_dag_decorator' retrieved from /home/airflow/.local/lib/python3.8/site-packages/airflow/example_dags/example_dag_decorator.py
[2024-01-09T20:43:19.436+0000] {logging_mixin.py:188} INFO - [2024-01-09T20:43:19.436+0000] {dag.py:3033} INFO - Sync 1 DAGs
[2024-01-09T20:43:19.447+0000] {logging_mixin.py:188} INFO - [2024-01-09T20:43:19.447+0000] {dag.py:3820} INFO - Setting next_dagrun for example_dag_decorator to None, run_after=None
[2024-01-09T20:43:19.459+0000] {processor.py:183} INFO - Processing /home/airflow/.local/lib/python3.8/site-packages/airflow/example_dags/example_dag_decorator.py took 0.110 seconds
[2024-01-09T20:43:49.651+0000] {processor.py:161} INFO - Started process (PID=512) to work on /home/airflow/.local/lib/python3.8/site-packages/airflow/example_dags/example_dag_decorator.py
[2024-01-09T20:43:49.652+0000] {processor.py:830} INFO - Processing file /home/airflow/.local/lib/python3.8/site-packages/airflow/example_dags/example_dag_decorator.py for tasks to queue
[2024-01-09T20:43:49.655+0000] {logging_mixin.py:188} INFO - [2024-01-09T20:43:49.654+0000] {dagbag.py:538} INFO - Filling up the DagBag from /home/airflow/.local/lib/python3.8/site-packages/airflow/example_dags/example_dag_decorator.py
[2024-01-09T20:43:49.715+0000] {processor.py:840} INFO - DAG(s) 'example_dag_decorator' retrieved from /home/airflow/.local/lib/python3.8/site-packages/airflow/example_dags/example_dag_decorator.py
[2024-01-09T20:43:49.784+0000] {logging_mixin.py:188} INFO - [2024-01-09T20:43:49.784+0000] {dag.py:3033} INFO - Sync 1 DAGs
[2024-01-09T20:43:49.790+0000] {logging_mixin.py:188} INFO - [2024-01-09T20:43:49.790+0000] {dag.py:3820} INFO - Setting next_dagrun for example_dag_decorator to None, run_after=None
[2024-01-09T20:43:49.802+0000] {processor.py:183} INFO - Processing /home/airflow/.local/lib/python3.8/site-packages/airflow/example_dags/example_dag_decorator.py took 0.164 seconds
[2024-01-09T20:44:19.902+0000] {processor.py:161} INFO - Started process (PID=571) to work on /home/airflow/.local/lib/python3.8/site-packages/airflow/example_dags/example_dag_decorator.py
[2024-01-09T20:44:19.902+0000] {processor.py:830} INFO - Processing file /home/airflow/.local/lib/python3.8/site-packages/airflow/example_dags/example_dag_decorator.py for tasks to queue
[2024-01-09T20:44:19.905+0000] {logging_mixin.py:188} INFO - [2024-01-09T20:44:19.905+0000] {dagbag.py:538} INFO - Filling up the DagBag from /home/airflow/.local/lib/python3.8/site-packages/airflow/example_dags/example_dag_decorator.py
[2024-01-09T20:44:19.956+0000] {processor.py:840} INFO - DAG(s) 'example_dag_decorator' retrieved from /home/airflow/.local/lib/python3.8/site-packages/airflow/example_dags/example_dag_decorator.py
[2024-01-09T20:44:20.016+0000] {logging_mixin.py:188} INFO - [2024-01-09T20:44:20.015+0000] {dag.py:3033} INFO - Sync 1 DAGs
[2024-01-09T20:44:20.021+0000] {logging_mixin.py:188} INFO - [2024-01-09T20:44:20.021+0000] {dag.py:3820} INFO - Setting next_dagrun for example_dag_decorator to None, run_after=None
[2024-01-09T20:44:20.030+0000] {processor.py:183} INFO - Processing /home/airflow/.local/lib/python3.8/site-packages/airflow/example_dags/example_dag_decorator.py took 0.131 seconds
[2024-01-09T20:44:50.063+0000] {processor.py:161} INFO - Started process (PID=627) to work on /home/airflow/.local/lib/python3.8/site-packages/airflow/example_dags/example_dag_decorator.py
[2024-01-09T20:44:50.064+0000] {processor.py:830} INFO - Processing file /home/airflow/.local/lib/python3.8/site-packages/airflow/example_dags/example_dag_decorator.py for tasks to queue
[2024-01-09T20:44:50.065+0000] {logging_mixin.py:188} INFO - [2024-01-09T20:44:50.065+0000] {dagbag.py:538} INFO - Filling up the DagBag from /home/airflow/.local/lib/python3.8/site-packages/airflow/example_dags/example_dag_decorator.py
[2024-01-09T20:44:50.119+0000] {processor.py:840} INFO - DAG(s) 'example_dag_decorator' retrieved from /home/airflow/.local/lib/python3.8/site-packages/airflow/example_dags/example_dag_decorator.py
[2024-01-09T20:44:50.189+0000] {logging_mixin.py:188} INFO - [2024-01-09T20:44:50.189+0000] {dag.py:3033} INFO - Sync 1 DAGs
[2024-01-09T20:44:50.196+0000] {logging_mixin.py:188} INFO - [2024-01-09T20:44:50.196+0000] {dag.py:3820} INFO - Setting next_dagrun for example_dag_decorator to None, run_after=None
[2024-01-09T20:44:50.207+0000] {processor.py:183} INFO - Processing /home/airflow/.local/lib/python3.8/site-packages/airflow/example_dags/example_dag_decorator.py took 0.147 seconds
[2024-01-09T20:45:20.318+0000] {processor.py:161} INFO - Started process (PID=684) to work on /home/airflow/.local/lib/python3.8/site-packages/airflow/example_dags/example_dag_decorator.py
[2024-01-09T20:45:20.320+0000] {processor.py:830} INFO - Processing file /home/airflow/.local/lib/python3.8/site-packages/airflow/example_dags/example_dag_decorator.py for tasks to queue
[2024-01-09T20:45:20.321+0000] {logging_mixin.py:188} INFO - [2024-01-09T20:45:20.321+0000] {dagbag.py:538} INFO - Filling up the DagBag from /home/airflow/.local/lib/python3.8/site-packages/airflow/example_dags/example_dag_decorator.py
[2024-01-09T20:45:20.371+0000] {processor.py:840} INFO - DAG(s) 'example_dag_decorator' retrieved from /home/airflow/.local/lib/python3.8/site-packages/airflow/example_dags/example_dag_decorator.py
[2024-01-09T20:45:20.542+0000] {logging_mixin.py:188} INFO - [2024-01-09T20:45:20.542+0000] {dag.py:3033} INFO - Sync 1 DAGs
[2024-01-09T20:45:20.548+0000] {logging_mixin.py:188} INFO - [2024-01-09T20:45:20.548+0000] {dag.py:3820} INFO - Setting next_dagrun for example_dag_decorator to None, run_after=None
[2024-01-09T20:45:20.560+0000] {processor.py:183} INFO - Processing /home/airflow/.local/lib/python3.8/site-packages/airflow/example_dags/example_dag_decorator.py took 0.246 seconds
[2024-01-09T20:45:50.577+0000] {processor.py:161} INFO - Started process (PID=741) to work on /home/airflow/.local/lib/python3.8/site-packages/airflow/example_dags/example_dag_decorator.py
[2024-01-09T20:45:50.577+0000] {processor.py:830} INFO - Processing file /home/airflow/.local/lib/python3.8/site-packages/airflow/example_dags/example_dag_decorator.py for tasks to queue
[2024-01-09T20:45:50.579+0000] {logging_mixin.py:188} INFO - [2024-01-09T20:45:50.579+0000] {dagbag.py:538} INFO - Filling up the DagBag from /home/airflow/.local/lib/python3.8/site-packages/airflow/example_dags/example_dag_decorator.py
[2024-01-09T20:45:50.627+0000] {processor.py:840} INFO - DAG(s) 'example_dag_decorator' retrieved from /home/airflow/.local/lib/python3.8/site-packages/airflow/example_dags/example_dag_decorator.py
[2024-01-09T20:45:50.687+0000] {logging_mixin.py:188} INFO - [2024-01-09T20:45:50.686+0000] {dag.py:3033} INFO - Sync 1 DAGs
[2024-01-09T20:45:50.791+0000] {logging_mixin.py:188} INFO - [2024-01-09T20:45:50.791+0000] {dag.py:3820} INFO - Setting next_dagrun for example_dag_decorator to None, run_after=None
[2024-01-09T20:45:50.800+0000] {processor.py:183} INFO - Processing /home/airflow/.local/lib/python3.8/site-packages/airflow/example_dags/example_dag_decorator.py took 0.226 seconds
[2024-01-09T20:46:21.734+0000] {processor.py:161} INFO - Started process (PID=798) to work on /home/airflow/.local/lib/python3.8/site-packages/airflow/example_dags/example_dag_decorator.py
[2024-01-09T20:46:21.736+0000] {processor.py:830} INFO - Processing file /home/airflow/.local/lib/python3.8/site-packages/airflow/example_dags/example_dag_decorator.py for tasks to queue
[2024-01-09T20:46:21.739+0000] {logging_mixin.py:188} INFO - [2024-01-09T20:46:21.738+0000] {dagbag.py:538} INFO - Filling up the DagBag from /home/airflow/.local/lib/python3.8/site-packages/airflow/example_dags/example_dag_decorator.py
[2024-01-09T20:46:21.801+0000] {processor.py:840} INFO - DAG(s) 'example_dag_decorator' retrieved from /home/airflow/.local/lib/python3.8/site-packages/airflow/example_dags/example_dag_decorator.py
[2024-01-09T20:46:21.871+0000] {logging_mixin.py:188} INFO - [2024-01-09T20:46:21.871+0000] {dag.py:3033} INFO - Sync 1 DAGs
[2024-01-09T20:46:21.994+0000] {logging_mixin.py:188} INFO - [2024-01-09T20:46:21.994+0000] {dag.py:3820} INFO - Setting next_dagrun for example_dag_decorator to None, run_after=None
[2024-01-09T20:46:22.005+0000] {processor.py:183} INFO - Processing /home/airflow/.local/lib/python3.8/site-packages/airflow/example_dags/example_dag_decorator.py took 0.275 seconds
[2024-01-09T20:46:52.038+0000] {processor.py:161} INFO - Started process (PID=855) to work on /home/airflow/.local/lib/python3.8/site-packages/airflow/example_dags/example_dag_decorator.py
[2024-01-09T20:46:52.039+0000] {processor.py:830} INFO - Processing file /home/airflow/.local/lib/python3.8/site-packages/airflow/example_dags/example_dag_decorator.py for tasks to queue
[2024-01-09T20:46:52.042+0000] {logging_mixin.py:188} INFO - [2024-01-09T20:46:52.041+0000] {dagbag.py:538} INFO - Filling up the DagBag from /home/airflow/.local/lib/python3.8/site-packages/airflow/example_dags/example_dag_decorator.py
[2024-01-09T20:46:52.112+0000] {processor.py:840} INFO - DAG(s) 'example_dag_decorator' retrieved from /home/airflow/.local/lib/python3.8/site-packages/airflow/example_dags/example_dag_decorator.py
[2024-01-09T20:46:52.195+0000] {logging_mixin.py:188} INFO - [2024-01-09T20:46:52.194+0000] {dag.py:3033} INFO - Sync 1 DAGs
[2024-01-09T20:46:52.203+0000] {logging_mixin.py:188} INFO - [2024-01-09T20:46:52.203+0000] {dag.py:3820} INFO - Setting next_dagrun for example_dag_decorator to None, run_after=None
[2024-01-09T20:46:52.346+0000] {processor.py:183} INFO - Processing /home/airflow/.local/lib/python3.8/site-packages/airflow/example_dags/example_dag_decorator.py took 0.313 seconds
[2024-01-09T20:47:22.451+0000] {processor.py:161} INFO - Started process (PID=915) to work on /home/airflow/.local/lib/python3.8/site-packages/airflow/example_dags/example_dag_decorator.py
[2024-01-09T20:47:22.451+0000] {processor.py:830} INFO - Processing file /home/airflow/.local/lib/python3.8/site-packages/airflow/example_dags/example_dag_decorator.py for tasks to queue
[2024-01-09T20:47:22.453+0000] {logging_mixin.py:188} INFO - [2024-01-09T20:47:22.453+0000] {dagbag.py:538} INFO - Filling up the DagBag from /home/airflow/.local/lib/python3.8/site-packages/airflow/example_dags/example_dag_decorator.py
[2024-01-09T20:47:22.511+0000] {processor.py:840} INFO - DAG(s) 'example_dag_decorator' retrieved from /home/airflow/.local/lib/python3.8/site-packages/airflow/example_dags/example_dag_decorator.py
[2024-01-09T20:47:22.694+0000] {logging_mixin.py:188} INFO - [2024-01-09T20:47:22.694+0000] {dag.py:3033} INFO - Sync 1 DAGs
[2024-01-09T20:47:22.699+0000] {logging_mixin.py:188} INFO - [2024-01-09T20:47:22.699+0000] {dag.py:3820} INFO - Setting next_dagrun for example_dag_decorator to None, run_after=None
[2024-01-09T20:47:22.709+0000] {processor.py:183} INFO - Processing /home/airflow/.local/lib/python3.8/site-packages/airflow/example_dags/example_dag_decorator.py took 0.261 seconds
[2024-01-09T20:47:52.840+0000] {processor.py:161} INFO - Started process (PID=973) to work on /home/airflow/.local/lib/python3.8/site-packages/airflow/example_dags/example_dag_decorator.py
[2024-01-09T20:47:52.840+0000] {processor.py:830} INFO - Processing file /home/airflow/.local/lib/python3.8/site-packages/airflow/example_dags/example_dag_decorator.py for tasks to queue
[2024-01-09T20:47:52.842+0000] {logging_mixin.py:188} INFO - [2024-01-09T20:47:52.842+0000] {dagbag.py:538} INFO - Filling up the DagBag from /home/airflow/.local/lib/python3.8/site-packages/airflow/example_dags/example_dag_decorator.py
[2024-01-09T20:47:52.901+0000] {processor.py:840} INFO - DAG(s) 'example_dag_decorator' retrieved from /home/airflow/.local/lib/python3.8/site-packages/airflow/example_dags/example_dag_decorator.py
[2024-01-09T20:47:53.076+0000] {logging_mixin.py:188} INFO - [2024-01-09T20:47:53.076+0000] {dag.py:3033} INFO - Sync 1 DAGs
[2024-01-09T20:47:53.083+0000] {logging_mixin.py:188} INFO - [2024-01-09T20:47:53.083+0000] {dag.py:3820} INFO - Setting next_dagrun for example_dag_decorator to None, run_after=None
[2024-01-09T20:47:53.092+0000] {processor.py:183} INFO - Processing /home/airflow/.local/lib/python3.8/site-packages/airflow/example_dags/example_dag_decorator.py took 0.255 seconds
[2024-01-09T20:48:23.385+0000] {processor.py:161} INFO - Started process (PID=1031) to work on /home/airflow/.local/lib/python3.8/site-packages/airflow/example_dags/example_dag_decorator.py
[2024-01-09T20:48:23.386+0000] {processor.py:830} INFO - Processing file /home/airflow/.local/lib/python3.8/site-packages/airflow/example_dags/example_dag_decorator.py for tasks to queue
[2024-01-09T20:48:23.389+0000] {logging_mixin.py:188} INFO - [2024-01-09T20:48:23.389+0000] {dagbag.py:538} INFO - Filling up the DagBag from /home/airflow/.local/lib/python3.8/site-packages/airflow/example_dags/example_dag_decorator.py
[2024-01-09T20:48:23.533+0000] {processor.py:840} INFO - DAG(s) 'example_dag_decorator' retrieved from /home/airflow/.local/lib/python3.8/site-packages/airflow/example_dags/example_dag_decorator.py
[2024-01-09T20:48:23.834+0000] {logging_mixin.py:188} INFO - [2024-01-09T20:48:23.833+0000] {dag.py:3033} INFO - Sync 1 DAGs
[2024-01-09T20:48:23.853+0000] {logging_mixin.py:188} INFO - [2024-01-09T20:48:23.853+0000] {dag.py:3820} INFO - Setting next_dagrun for example_dag_decorator to None, run_after=None
[2024-01-09T20:48:23.883+0000] {processor.py:183} INFO - Processing /home/airflow/.local/lib/python3.8/site-packages/airflow/example_dags/example_dag_decorator.py took 0.504 seconds
