[2024-01-09T20:39:51.414+0000] {processor.py:161} INFO - Started process (PID=85) to work on /home/airflow/.local/lib/python3.8/site-packages/airflow/example_dags/example_setup_teardown_taskflow.py
[2024-01-09T20:39:51.416+0000] {processor.py:830} INFO - Processing file /home/airflow/.local/lib/python3.8/site-packages/airflow/example_dags/example_setup_teardown_taskflow.py for tasks to queue
[2024-01-09T20:39:51.419+0000] {logging_mixin.py:188} INFO - [2024-01-09T20:39:51.419+0000] {dagbag.py:538} INFO - Filling up the DagBag from /home/airflow/.local/lib/python3.8/site-packages/airflow/example_dags/example_setup_teardown_taskflow.py
[2024-01-09T20:39:51.434+0000] {processor.py:840} INFO - DAG(s) 'example_setup_teardown_taskflow' retrieved from /home/airflow/.local/lib/python3.8/site-packages/airflow/example_dags/example_setup_teardown_taskflow.py
[2024-01-09T20:39:51.563+0000] {logging_mixin.py:188} INFO - [2024-01-09T20:39:51.562+0000] {override.py:1769} INFO - Created Permission View: can delete on DAG:example_setup_teardown_taskflow
[2024-01-09T20:39:51.572+0000] {logging_mixin.py:188} INFO - [2024-01-09T20:39:51.572+0000] {override.py:1769} INFO - Created Permission View: can read on DAG:example_setup_teardown_taskflow
[2024-01-09T20:39:51.579+0000] {logging_mixin.py:188} INFO - [2024-01-09T20:39:51.578+0000] {override.py:1769} INFO - Created Permission View: can edit on DAG:example_setup_teardown_taskflow
[2024-01-09T20:39:51.579+0000] {logging_mixin.py:188} INFO - [2024-01-09T20:39:51.579+0000] {dag.py:3033} INFO - Sync 1 DAGs
[2024-01-09T20:39:51.598+0000] {logging_mixin.py:188} INFO - [2024-01-09T20:39:51.597+0000] {dag.py:3055} INFO - Creating ORM DAG for example_setup_teardown_taskflow
[2024-01-09T20:39:51.608+0000] {logging_mixin.py:188} INFO - [2024-01-09T20:39:51.608+0000] {dag.py:3820} INFO - Setting next_dagrun for example_setup_teardown_taskflow to 2024-01-08T00:00:00+00:00, run_after=2024-01-09T00:00:00+00:00
[2024-01-09T20:39:51.631+0000] {processor.py:183} INFO - Processing /home/airflow/.local/lib/python3.8/site-packages/airflow/example_dags/example_setup_teardown_taskflow.py took 0.222 seconds
[2024-01-09T20:40:22.305+0000] {processor.py:161} INFO - Started process (PID=142) to work on /home/airflow/.local/lib/python3.8/site-packages/airflow/example_dags/example_setup_teardown_taskflow.py
[2024-01-09T20:40:22.306+0000] {processor.py:830} INFO - Processing file /home/airflow/.local/lib/python3.8/site-packages/airflow/example_dags/example_setup_teardown_taskflow.py for tasks to queue
[2024-01-09T20:40:22.308+0000] {logging_mixin.py:188} INFO - [2024-01-09T20:40:22.307+0000] {dagbag.py:538} INFO - Filling up the DagBag from /home/airflow/.local/lib/python3.8/site-packages/airflow/example_dags/example_setup_teardown_taskflow.py
[2024-01-09T20:40:22.314+0000] {processor.py:840} INFO - DAG(s) 'example_setup_teardown_taskflow' retrieved from /home/airflow/.local/lib/python3.8/site-packages/airflow/example_dags/example_setup_teardown_taskflow.py
[2024-01-09T20:40:22.328+0000] {logging_mixin.py:188} INFO - [2024-01-09T20:40:22.328+0000] {dag.py:3033} INFO - Sync 1 DAGs
[2024-01-09T20:40:22.342+0000] {logging_mixin.py:188} INFO - [2024-01-09T20:40:22.342+0000] {dag.py:3820} INFO - Setting next_dagrun for example_setup_teardown_taskflow to 2024-01-08T00:00:00+00:00, run_after=2024-01-09T00:00:00+00:00
[2024-01-09T20:40:22.352+0000] {processor.py:183} INFO - Processing /home/airflow/.local/lib/python3.8/site-packages/airflow/example_dags/example_setup_teardown_taskflow.py took 0.050 seconds
[2024-01-09T20:40:52.391+0000] {processor.py:161} INFO - Started process (PID=199) to work on /home/airflow/.local/lib/python3.8/site-packages/airflow/example_dags/example_setup_teardown_taskflow.py
[2024-01-09T20:40:52.392+0000] {processor.py:830} INFO - Processing file /home/airflow/.local/lib/python3.8/site-packages/airflow/example_dags/example_setup_teardown_taskflow.py for tasks to queue
[2024-01-09T20:40:52.394+0000] {logging_mixin.py:188} INFO - [2024-01-09T20:40:52.393+0000] {dagbag.py:538} INFO - Filling up the DagBag from /home/airflow/.local/lib/python3.8/site-packages/airflow/example_dags/example_setup_teardown_taskflow.py
[2024-01-09T20:40:52.400+0000] {processor.py:840} INFO - DAG(s) 'example_setup_teardown_taskflow' retrieved from /home/airflow/.local/lib/python3.8/site-packages/airflow/example_dags/example_setup_teardown_taskflow.py
[2024-01-09T20:40:52.415+0000] {logging_mixin.py:188} INFO - [2024-01-09T20:40:52.415+0000] {dag.py:3033} INFO - Sync 1 DAGs
[2024-01-09T20:40:52.429+0000] {logging_mixin.py:188} INFO - [2024-01-09T20:40:52.429+0000] {dag.py:3820} INFO - Setting next_dagrun for example_setup_teardown_taskflow to 2024-01-08T00:00:00+00:00, run_after=2024-01-09T00:00:00+00:00
[2024-01-09T20:40:52.438+0000] {processor.py:183} INFO - Processing /home/airflow/.local/lib/python3.8/site-packages/airflow/example_dags/example_setup_teardown_taskflow.py took 0.049 seconds
[2024-01-09T20:41:22.597+0000] {processor.py:161} INFO - Started process (PID=256) to work on /home/airflow/.local/lib/python3.8/site-packages/airflow/example_dags/example_setup_teardown_taskflow.py
[2024-01-09T20:41:22.597+0000] {processor.py:830} INFO - Processing file /home/airflow/.local/lib/python3.8/site-packages/airflow/example_dags/example_setup_teardown_taskflow.py for tasks to queue
[2024-01-09T20:41:22.600+0000] {logging_mixin.py:188} INFO - [2024-01-09T20:41:22.600+0000] {dagbag.py:538} INFO - Filling up the DagBag from /home/airflow/.local/lib/python3.8/site-packages/airflow/example_dags/example_setup_teardown_taskflow.py
[2024-01-09T20:41:22.608+0000] {processor.py:840} INFO - DAG(s) 'example_setup_teardown_taskflow' retrieved from /home/airflow/.local/lib/python3.8/site-packages/airflow/example_dags/example_setup_teardown_taskflow.py
[2024-01-09T20:41:22.627+0000] {logging_mixin.py:188} INFO - [2024-01-09T20:41:22.627+0000] {dag.py:3033} INFO - Sync 1 DAGs
[2024-01-09T20:41:22.640+0000] {logging_mixin.py:188} INFO - [2024-01-09T20:41:22.640+0000] {dag.py:3820} INFO - Setting next_dagrun for example_setup_teardown_taskflow to 2024-01-08T00:00:00+00:00, run_after=2024-01-09T00:00:00+00:00
[2024-01-09T20:41:22.649+0000] {processor.py:183} INFO - Processing /home/airflow/.local/lib/python3.8/site-packages/airflow/example_dags/example_setup_teardown_taskflow.py took 0.056 seconds
[2024-01-09T20:41:52.836+0000] {processor.py:161} INFO - Started process (PID=313) to work on /home/airflow/.local/lib/python3.8/site-packages/airflow/example_dags/example_setup_teardown_taskflow.py
[2024-01-09T20:41:52.837+0000] {processor.py:830} INFO - Processing file /home/airflow/.local/lib/python3.8/site-packages/airflow/example_dags/example_setup_teardown_taskflow.py for tasks to queue
[2024-01-09T20:41:52.839+0000] {logging_mixin.py:188} INFO - [2024-01-09T20:41:52.839+0000] {dagbag.py:538} INFO - Filling up the DagBag from /home/airflow/.local/lib/python3.8/site-packages/airflow/example_dags/example_setup_teardown_taskflow.py
[2024-01-09T20:41:52.845+0000] {processor.py:840} INFO - DAG(s) 'example_setup_teardown_taskflow' retrieved from /home/airflow/.local/lib/python3.8/site-packages/airflow/example_dags/example_setup_teardown_taskflow.py
[2024-01-09T20:41:52.858+0000] {logging_mixin.py:188} INFO - [2024-01-09T20:41:52.858+0000] {dag.py:3033} INFO - Sync 1 DAGs
[2024-01-09T20:41:52.871+0000] {logging_mixin.py:188} INFO - [2024-01-09T20:41:52.871+0000] {dag.py:3820} INFO - Setting next_dagrun for example_setup_teardown_taskflow to 2024-01-08T00:00:00+00:00, run_after=2024-01-09T00:00:00+00:00
[2024-01-09T20:41:52.881+0000] {processor.py:183} INFO - Processing /home/airflow/.local/lib/python3.8/site-packages/airflow/example_dags/example_setup_teardown_taskflow.py took 0.048 seconds
[2024-01-09T20:42:23.025+0000] {processor.py:161} INFO - Started process (PID=370) to work on /home/airflow/.local/lib/python3.8/site-packages/airflow/example_dags/example_setup_teardown_taskflow.py
[2024-01-09T20:42:23.025+0000] {processor.py:830} INFO - Processing file /home/airflow/.local/lib/python3.8/site-packages/airflow/example_dags/example_setup_teardown_taskflow.py for tasks to queue
[2024-01-09T20:42:23.027+0000] {logging_mixin.py:188} INFO - [2024-01-09T20:42:23.027+0000] {dagbag.py:538} INFO - Filling up the DagBag from /home/airflow/.local/lib/python3.8/site-packages/airflow/example_dags/example_setup_teardown_taskflow.py
[2024-01-09T20:42:23.033+0000] {processor.py:840} INFO - DAG(s) 'example_setup_teardown_taskflow' retrieved from /home/airflow/.local/lib/python3.8/site-packages/airflow/example_dags/example_setup_teardown_taskflow.py
[2024-01-09T20:42:23.045+0000] {logging_mixin.py:188} INFO - [2024-01-09T20:42:23.045+0000] {dag.py:3033} INFO - Sync 1 DAGs
[2024-01-09T20:42:23.059+0000] {logging_mixin.py:188} INFO - [2024-01-09T20:42:23.059+0000] {dag.py:3820} INFO - Setting next_dagrun for example_setup_teardown_taskflow to 2024-01-08T00:00:00+00:00, run_after=2024-01-09T00:00:00+00:00
[2024-01-09T20:42:23.069+0000] {processor.py:183} INFO - Processing /home/airflow/.local/lib/python3.8/site-packages/airflow/example_dags/example_setup_teardown_taskflow.py took 0.047 seconds
[2024-01-09T20:42:53.307+0000] {processor.py:161} INFO - Started process (PID=427) to work on /home/airflow/.local/lib/python3.8/site-packages/airflow/example_dags/example_setup_teardown_taskflow.py
[2024-01-09T20:42:53.308+0000] {processor.py:830} INFO - Processing file /home/airflow/.local/lib/python3.8/site-packages/airflow/example_dags/example_setup_teardown_taskflow.py for tasks to queue
[2024-01-09T20:42:53.310+0000] {logging_mixin.py:188} INFO - [2024-01-09T20:42:53.310+0000] {dagbag.py:538} INFO - Filling up the DagBag from /home/airflow/.local/lib/python3.8/site-packages/airflow/example_dags/example_setup_teardown_taskflow.py
[2024-01-09T20:42:53.318+0000] {processor.py:840} INFO - DAG(s) 'example_setup_teardown_taskflow' retrieved from /home/airflow/.local/lib/python3.8/site-packages/airflow/example_dags/example_setup_teardown_taskflow.py
[2024-01-09T20:42:53.331+0000] {logging_mixin.py:188} INFO - [2024-01-09T20:42:53.331+0000] {dag.py:3033} INFO - Sync 1 DAGs
[2024-01-09T20:42:53.350+0000] {logging_mixin.py:188} INFO - [2024-01-09T20:42:53.350+0000] {dag.py:3820} INFO - Setting next_dagrun for example_setup_teardown_taskflow to 2024-01-08T00:00:00+00:00, run_after=2024-01-09T00:00:00+00:00
[2024-01-09T20:42:53.359+0000] {processor.py:183} INFO - Processing /home/airflow/.local/lib/python3.8/site-packages/airflow/example_dags/example_setup_teardown_taskflow.py took 0.055 seconds
[2024-01-09T20:43:23.564+0000] {processor.py:161} INFO - Started process (PID=484) to work on /home/airflow/.local/lib/python3.8/site-packages/airflow/example_dags/example_setup_teardown_taskflow.py
[2024-01-09T20:43:23.567+0000] {processor.py:830} INFO - Processing file /home/airflow/.local/lib/python3.8/site-packages/airflow/example_dags/example_setup_teardown_taskflow.py for tasks to queue
[2024-01-09T20:43:23.570+0000] {logging_mixin.py:188} INFO - [2024-01-09T20:43:23.569+0000] {dagbag.py:538} INFO - Filling up the DagBag from /home/airflow/.local/lib/python3.8/site-packages/airflow/example_dags/example_setup_teardown_taskflow.py
[2024-01-09T20:43:23.577+0000] {processor.py:840} INFO - DAG(s) 'example_setup_teardown_taskflow' retrieved from /home/airflow/.local/lib/python3.8/site-packages/airflow/example_dags/example_setup_teardown_taskflow.py
[2024-01-09T20:43:23.600+0000] {logging_mixin.py:188} INFO - [2024-01-09T20:43:23.600+0000] {dag.py:3033} INFO - Sync 1 DAGs
[2024-01-09T20:43:23.618+0000] {logging_mixin.py:188} INFO - [2024-01-09T20:43:23.618+0000] {dag.py:3820} INFO - Setting next_dagrun for example_setup_teardown_taskflow to 2024-01-08T00:00:00+00:00, run_after=2024-01-09T00:00:00+00:00
[2024-01-09T20:43:23.635+0000] {processor.py:183} INFO - Processing /home/airflow/.local/lib/python3.8/site-packages/airflow/example_dags/example_setup_teardown_taskflow.py took 0.075 seconds
[2024-01-09T20:43:53.697+0000] {processor.py:161} INFO - Started process (PID=540) to work on /home/airflow/.local/lib/python3.8/site-packages/airflow/example_dags/example_setup_teardown_taskflow.py
[2024-01-09T20:43:53.699+0000] {processor.py:830} INFO - Processing file /home/airflow/.local/lib/python3.8/site-packages/airflow/example_dags/example_setup_teardown_taskflow.py for tasks to queue
[2024-01-09T20:43:53.701+0000] {logging_mixin.py:188} INFO - [2024-01-09T20:43:53.701+0000] {dagbag.py:538} INFO - Filling up the DagBag from /home/airflow/.local/lib/python3.8/site-packages/airflow/example_dags/example_setup_teardown_taskflow.py
[2024-01-09T20:43:53.711+0000] {processor.py:840} INFO - DAG(s) 'example_setup_teardown_taskflow' retrieved from /home/airflow/.local/lib/python3.8/site-packages/airflow/example_dags/example_setup_teardown_taskflow.py
[2024-01-09T20:43:53.728+0000] {logging_mixin.py:188} INFO - [2024-01-09T20:43:53.727+0000] {dag.py:3033} INFO - Sync 1 DAGs
[2024-01-09T20:43:53.748+0000] {logging_mixin.py:188} INFO - [2024-01-09T20:43:53.748+0000] {dag.py:3820} INFO - Setting next_dagrun for example_setup_teardown_taskflow to 2024-01-08T00:00:00+00:00, run_after=2024-01-09T00:00:00+00:00
[2024-01-09T20:43:53.759+0000] {processor.py:183} INFO - Processing /home/airflow/.local/lib/python3.8/site-packages/airflow/example_dags/example_setup_teardown_taskflow.py took 0.066 seconds
[2024-01-09T20:44:23.869+0000] {processor.py:161} INFO - Started process (PID=597) to work on /home/airflow/.local/lib/python3.8/site-packages/airflow/example_dags/example_setup_teardown_taskflow.py
[2024-01-09T20:44:23.870+0000] {processor.py:830} INFO - Processing file /home/airflow/.local/lib/python3.8/site-packages/airflow/example_dags/example_setup_teardown_taskflow.py for tasks to queue
[2024-01-09T20:44:23.871+0000] {logging_mixin.py:188} INFO - [2024-01-09T20:44:23.871+0000] {dagbag.py:538} INFO - Filling up the DagBag from /home/airflow/.local/lib/python3.8/site-packages/airflow/example_dags/example_setup_teardown_taskflow.py
[2024-01-09T20:44:23.878+0000] {processor.py:840} INFO - DAG(s) 'example_setup_teardown_taskflow' retrieved from /home/airflow/.local/lib/python3.8/site-packages/airflow/example_dags/example_setup_teardown_taskflow.py
[2024-01-09T20:44:23.891+0000] {logging_mixin.py:188} INFO - [2024-01-09T20:44:23.891+0000] {dag.py:3033} INFO - Sync 1 DAGs
[2024-01-09T20:44:23.903+0000] {logging_mixin.py:188} INFO - [2024-01-09T20:44:23.903+0000] {dag.py:3820} INFO - Setting next_dagrun for example_setup_teardown_taskflow to 2024-01-08T00:00:00+00:00, run_after=2024-01-09T00:00:00+00:00
[2024-01-09T20:44:23.914+0000] {processor.py:183} INFO - Processing /home/airflow/.local/lib/python3.8/site-packages/airflow/example_dags/example_setup_teardown_taskflow.py took 0.047 seconds
[2024-01-09T20:44:54.172+0000] {processor.py:161} INFO - Started process (PID=653) to work on /home/airflow/.local/lib/python3.8/site-packages/airflow/example_dags/example_setup_teardown_taskflow.py
[2024-01-09T20:44:54.173+0000] {processor.py:830} INFO - Processing file /home/airflow/.local/lib/python3.8/site-packages/airflow/example_dags/example_setup_teardown_taskflow.py for tasks to queue
[2024-01-09T20:44:54.175+0000] {logging_mixin.py:188} INFO - [2024-01-09T20:44:54.175+0000] {dagbag.py:538} INFO - Filling up the DagBag from /home/airflow/.local/lib/python3.8/site-packages/airflow/example_dags/example_setup_teardown_taskflow.py
[2024-01-09T20:44:54.181+0000] {processor.py:840} INFO - DAG(s) 'example_setup_teardown_taskflow' retrieved from /home/airflow/.local/lib/python3.8/site-packages/airflow/example_dags/example_setup_teardown_taskflow.py
[2024-01-09T20:44:54.198+0000] {logging_mixin.py:188} INFO - [2024-01-09T20:44:54.198+0000] {dag.py:3033} INFO - Sync 1 DAGs
[2024-01-09T20:44:54.217+0000] {logging_mixin.py:188} INFO - [2024-01-09T20:44:54.217+0000] {dag.py:3820} INFO - Setting next_dagrun for example_setup_teardown_taskflow to 2024-01-08T00:00:00+00:00, run_after=2024-01-09T00:00:00+00:00
[2024-01-09T20:44:54.234+0000] {processor.py:183} INFO - Processing /home/airflow/.local/lib/python3.8/site-packages/airflow/example_dags/example_setup_teardown_taskflow.py took 0.066 seconds
[2024-01-09T20:45:24.562+0000] {processor.py:161} INFO - Started process (PID=710) to work on /home/airflow/.local/lib/python3.8/site-packages/airflow/example_dags/example_setup_teardown_taskflow.py
[2024-01-09T20:45:24.562+0000] {processor.py:830} INFO - Processing file /home/airflow/.local/lib/python3.8/site-packages/airflow/example_dags/example_setup_teardown_taskflow.py for tasks to queue
[2024-01-09T20:45:24.564+0000] {logging_mixin.py:188} INFO - [2024-01-09T20:45:24.564+0000] {dagbag.py:538} INFO - Filling up the DagBag from /home/airflow/.local/lib/python3.8/site-packages/airflow/example_dags/example_setup_teardown_taskflow.py
[2024-01-09T20:45:24.571+0000] {processor.py:840} INFO - DAG(s) 'example_setup_teardown_taskflow' retrieved from /home/airflow/.local/lib/python3.8/site-packages/airflow/example_dags/example_setup_teardown_taskflow.py
[2024-01-09T20:45:24.588+0000] {logging_mixin.py:188} INFO - [2024-01-09T20:45:24.588+0000] {dag.py:3033} INFO - Sync 1 DAGs
[2024-01-09T20:45:24.600+0000] {logging_mixin.py:188} INFO - [2024-01-09T20:45:24.600+0000] {dag.py:3820} INFO - Setting next_dagrun for example_setup_teardown_taskflow to 2024-01-08T00:00:00+00:00, run_after=2024-01-09T00:00:00+00:00
[2024-01-09T20:45:24.613+0000] {processor.py:183} INFO - Processing /home/airflow/.local/lib/python3.8/site-packages/airflow/example_dags/example_setup_teardown_taskflow.py took 0.054 seconds
[2024-01-09T20:45:54.828+0000] {processor.py:161} INFO - Started process (PID=767) to work on /home/airflow/.local/lib/python3.8/site-packages/airflow/example_dags/example_setup_teardown_taskflow.py
[2024-01-09T20:45:54.829+0000] {processor.py:830} INFO - Processing file /home/airflow/.local/lib/python3.8/site-packages/airflow/example_dags/example_setup_teardown_taskflow.py for tasks to queue
[2024-01-09T20:45:54.830+0000] {logging_mixin.py:188} INFO - [2024-01-09T20:45:54.830+0000] {dagbag.py:538} INFO - Filling up the DagBag from /home/airflow/.local/lib/python3.8/site-packages/airflow/example_dags/example_setup_teardown_taskflow.py
[2024-01-09T20:45:54.839+0000] {processor.py:840} INFO - DAG(s) 'example_setup_teardown_taskflow' retrieved from /home/airflow/.local/lib/python3.8/site-packages/airflow/example_dags/example_setup_teardown_taskflow.py
[2024-01-09T20:45:54.852+0000] {logging_mixin.py:188} INFO - [2024-01-09T20:45:54.852+0000] {dag.py:3033} INFO - Sync 1 DAGs
[2024-01-09T20:45:54.869+0000] {logging_mixin.py:188} INFO - [2024-01-09T20:45:54.869+0000] {dag.py:3820} INFO - Setting next_dagrun for example_setup_teardown_taskflow to 2024-01-08T00:00:00+00:00, run_after=2024-01-09T00:00:00+00:00
[2024-01-09T20:45:54.879+0000] {processor.py:183} INFO - Processing /home/airflow/.local/lib/python3.8/site-packages/airflow/example_dags/example_setup_teardown_taskflow.py took 0.053 seconds
[2024-01-09T20:46:24.956+0000] {processor.py:161} INFO - Started process (PID=824) to work on /home/airflow/.local/lib/python3.8/site-packages/airflow/example_dags/example_setup_teardown_taskflow.py
[2024-01-09T20:46:24.956+0000] {processor.py:830} INFO - Processing file /home/airflow/.local/lib/python3.8/site-packages/airflow/example_dags/example_setup_teardown_taskflow.py for tasks to queue
[2024-01-09T20:46:24.958+0000] {logging_mixin.py:188} INFO - [2024-01-09T20:46:24.958+0000] {dagbag.py:538} INFO - Filling up the DagBag from /home/airflow/.local/lib/python3.8/site-packages/airflow/example_dags/example_setup_teardown_taskflow.py
[2024-01-09T20:46:24.966+0000] {processor.py:840} INFO - DAG(s) 'example_setup_teardown_taskflow' retrieved from /home/airflow/.local/lib/python3.8/site-packages/airflow/example_dags/example_setup_teardown_taskflow.py
[2024-01-09T20:46:24.981+0000] {logging_mixin.py:188} INFO - [2024-01-09T20:46:24.981+0000] {dag.py:3033} INFO - Sync 1 DAGs
[2024-01-09T20:46:24.995+0000] {logging_mixin.py:188} INFO - [2024-01-09T20:46:24.995+0000] {dag.py:3820} INFO - Setting next_dagrun for example_setup_teardown_taskflow to 2024-01-08T00:00:00+00:00, run_after=2024-01-09T00:00:00+00:00
[2024-01-09T20:46:25.009+0000] {processor.py:183} INFO - Processing /home/airflow/.local/lib/python3.8/site-packages/airflow/example_dags/example_setup_teardown_taskflow.py took 0.056 seconds
[2024-01-09T20:46:55.225+0000] {processor.py:161} INFO - Started process (PID=881) to work on /home/airflow/.local/lib/python3.8/site-packages/airflow/example_dags/example_setup_teardown_taskflow.py
[2024-01-09T20:46:55.227+0000] {processor.py:830} INFO - Processing file /home/airflow/.local/lib/python3.8/site-packages/airflow/example_dags/example_setup_teardown_taskflow.py for tasks to queue
[2024-01-09T20:46:55.229+0000] {logging_mixin.py:188} INFO - [2024-01-09T20:46:55.229+0000] {dagbag.py:538} INFO - Filling up the DagBag from /home/airflow/.local/lib/python3.8/site-packages/airflow/example_dags/example_setup_teardown_taskflow.py
[2024-01-09T20:46:55.238+0000] {processor.py:840} INFO - DAG(s) 'example_setup_teardown_taskflow' retrieved from /home/airflow/.local/lib/python3.8/site-packages/airflow/example_dags/example_setup_teardown_taskflow.py
[2024-01-09T20:46:55.253+0000] {logging_mixin.py:188} INFO - [2024-01-09T20:46:55.253+0000] {dag.py:3033} INFO - Sync 1 DAGs
[2024-01-09T20:46:55.275+0000] {logging_mixin.py:188} INFO - [2024-01-09T20:46:55.275+0000] {dag.py:3820} INFO - Setting next_dagrun for example_setup_teardown_taskflow to 2024-01-08T00:00:00+00:00, run_after=2024-01-09T00:00:00+00:00
[2024-01-09T20:46:55.286+0000] {processor.py:183} INFO - Processing /home/airflow/.local/lib/python3.8/site-packages/airflow/example_dags/example_setup_teardown_taskflow.py took 0.064 seconds
[2024-01-09T20:47:25.417+0000] {processor.py:161} INFO - Started process (PID=938) to work on /home/airflow/.local/lib/python3.8/site-packages/airflow/example_dags/example_setup_teardown_taskflow.py
[2024-01-09T20:47:25.418+0000] {processor.py:830} INFO - Processing file /home/airflow/.local/lib/python3.8/site-packages/airflow/example_dags/example_setup_teardown_taskflow.py for tasks to queue
[2024-01-09T20:47:25.420+0000] {logging_mixin.py:188} INFO - [2024-01-09T20:47:25.419+0000] {dagbag.py:538} INFO - Filling up the DagBag from /home/airflow/.local/lib/python3.8/site-packages/airflow/example_dags/example_setup_teardown_taskflow.py
[2024-01-09T20:47:25.426+0000] {processor.py:840} INFO - DAG(s) 'example_setup_teardown_taskflow' retrieved from /home/airflow/.local/lib/python3.8/site-packages/airflow/example_dags/example_setup_teardown_taskflow.py
[2024-01-09T20:47:25.442+0000] {logging_mixin.py:188} INFO - [2024-01-09T20:47:25.442+0000] {dag.py:3033} INFO - Sync 1 DAGs
[2024-01-09T20:47:25.458+0000] {logging_mixin.py:188} INFO - [2024-01-09T20:47:25.458+0000] {dag.py:3820} INFO - Setting next_dagrun for example_setup_teardown_taskflow to 2024-01-08T00:00:00+00:00, run_after=2024-01-09T00:00:00+00:00
[2024-01-09T20:47:25.469+0000] {processor.py:183} INFO - Processing /home/airflow/.local/lib/python3.8/site-packages/airflow/example_dags/example_setup_teardown_taskflow.py took 0.054 seconds
[2024-01-09T20:47:55.756+0000] {processor.py:161} INFO - Started process (PID=994) to work on /home/airflow/.local/lib/python3.8/site-packages/airflow/example_dags/example_setup_teardown_taskflow.py
[2024-01-09T20:47:55.757+0000] {processor.py:830} INFO - Processing file /home/airflow/.local/lib/python3.8/site-packages/airflow/example_dags/example_setup_teardown_taskflow.py for tasks to queue
[2024-01-09T20:47:55.759+0000] {logging_mixin.py:188} INFO - [2024-01-09T20:47:55.758+0000] {dagbag.py:538} INFO - Filling up the DagBag from /home/airflow/.local/lib/python3.8/site-packages/airflow/example_dags/example_setup_teardown_taskflow.py
[2024-01-09T20:47:55.768+0000] {processor.py:840} INFO - DAG(s) 'example_setup_teardown_taskflow' retrieved from /home/airflow/.local/lib/python3.8/site-packages/airflow/example_dags/example_setup_teardown_taskflow.py
[2024-01-09T20:47:55.785+0000] {logging_mixin.py:188} INFO - [2024-01-09T20:47:55.784+0000] {dag.py:3033} INFO - Sync 1 DAGs
[2024-01-09T20:47:55.800+0000] {logging_mixin.py:188} INFO - [2024-01-09T20:47:55.800+0000] {dag.py:3820} INFO - Setting next_dagrun for example_setup_teardown_taskflow to 2024-01-08T00:00:00+00:00, run_after=2024-01-09T00:00:00+00:00
[2024-01-09T20:47:55.810+0000] {processor.py:183} INFO - Processing /home/airflow/.local/lib/python3.8/site-packages/airflow/example_dags/example_setup_teardown_taskflow.py took 0.057 seconds
[2024-01-09T20:48:26.802+0000] {processor.py:161} INFO - Started process (PID=1051) to work on /home/airflow/.local/lib/python3.8/site-packages/airflow/example_dags/example_setup_teardown_taskflow.py
[2024-01-09T20:48:26.803+0000] {processor.py:830} INFO - Processing file /home/airflow/.local/lib/python3.8/site-packages/airflow/example_dags/example_setup_teardown_taskflow.py for tasks to queue
[2024-01-09T20:48:26.805+0000] {logging_mixin.py:188} INFO - [2024-01-09T20:48:26.805+0000] {dagbag.py:538} INFO - Filling up the DagBag from /home/airflow/.local/lib/python3.8/site-packages/airflow/example_dags/example_setup_teardown_taskflow.py
[2024-01-09T20:48:26.815+0000] {processor.py:840} INFO - DAG(s) 'example_setup_teardown_taskflow' retrieved from /home/airflow/.local/lib/python3.8/site-packages/airflow/example_dags/example_setup_teardown_taskflow.py
[2024-01-09T20:48:26.834+0000] {logging_mixin.py:188} INFO - [2024-01-09T20:48:26.833+0000] {dag.py:3033} INFO - Sync 1 DAGs
[2024-01-09T20:48:26.853+0000] {logging_mixin.py:188} INFO - [2024-01-09T20:48:26.853+0000] {dag.py:3820} INFO - Setting next_dagrun for example_setup_teardown_taskflow to 2024-01-08T00:00:00+00:00, run_after=2024-01-09T00:00:00+00:00
[2024-01-09T20:48:26.866+0000] {processor.py:183} INFO - Processing /home/airflow/.local/lib/python3.8/site-packages/airflow/example_dags/example_setup_teardown_taskflow.py took 0.068 seconds
