[2024-01-09T20:39:37.967+0000] {processor.py:161} INFO - Started process (PID=45) to work on /home/airflow/.local/lib/python3.8/site-packages/airflow/example_dags/example_branch_operator_decorator.py
[2024-01-09T20:39:37.974+0000] {processor.py:830} INFO - Processing file /home/airflow/.local/lib/python3.8/site-packages/airflow/example_dags/example_branch_operator_decorator.py for tasks to queue
[2024-01-09T20:39:37.986+0000] {logging_mixin.py:188} INFO - [2024-01-09T20:39:37.985+0000] {dagbag.py:538} INFO - Filling up the DagBag from /home/airflow/.local/lib/python3.8/site-packages/airflow/example_dags/example_branch_operator_decorator.py
[2024-01-09T20:39:38.079+0000] {processor.py:840} INFO - DAG(s) 'example_branch_python_operator_decorator' retrieved from /home/airflow/.local/lib/python3.8/site-packages/airflow/example_dags/example_branch_operator_decorator.py
[2024-01-09T20:39:38.494+0000] {logging_mixin.py:188} INFO - [2024-01-09T20:39:38.492+0000] {override.py:1769} INFO - Created Permission View: can delete on DAG:example_branch_python_operator_decorator
[2024-01-09T20:39:38.536+0000] {logging_mixin.py:188} INFO - [2024-01-09T20:39:38.535+0000] {override.py:1769} INFO - Created Permission View: can read on DAG:example_branch_python_operator_decorator
[2024-01-09T20:39:38.577+0000] {logging_mixin.py:188} INFO - [2024-01-09T20:39:38.576+0000] {override.py:1769} INFO - Created Permission View: can edit on DAG:example_branch_python_operator_decorator
[2024-01-09T20:39:38.579+0000] {logging_mixin.py:188} INFO - [2024-01-09T20:39:38.579+0000] {dag.py:3033} INFO - Sync 1 DAGs
[2024-01-09T20:39:38.633+0000] {logging_mixin.py:188} INFO - [2024-01-09T20:39:38.632+0000] {dag.py:3055} INFO - Creating ORM DAG for example_branch_python_operator_decorator
[2024-01-09T20:39:38.661+0000] {logging_mixin.py:188} INFO - [2024-01-09T20:39:38.661+0000] {dag.py:3820} INFO - Setting next_dagrun for example_branch_python_operator_decorator to 2024-01-08T00:00:00+00:00, run_after=2024-01-09T00:00:00+00:00
[2024-01-09T20:39:38.732+0000] {processor.py:183} INFO - Processing /home/airflow/.local/lib/python3.8/site-packages/airflow/example_dags/example_branch_operator_decorator.py took 0.777 seconds
[2024-01-09T20:40:09.426+0000] {processor.py:161} INFO - Started process (PID=101) to work on /home/airflow/.local/lib/python3.8/site-packages/airflow/example_dags/example_branch_operator_decorator.py
[2024-01-09T20:40:09.426+0000] {processor.py:830} INFO - Processing file /home/airflow/.local/lib/python3.8/site-packages/airflow/example_dags/example_branch_operator_decorator.py for tasks to queue
[2024-01-09T20:40:09.428+0000] {logging_mixin.py:188} INFO - [2024-01-09T20:40:09.428+0000] {dagbag.py:538} INFO - Filling up the DagBag from /home/airflow/.local/lib/python3.8/site-packages/airflow/example_dags/example_branch_operator_decorator.py
[2024-01-09T20:40:09.443+0000] {processor.py:840} INFO - DAG(s) 'example_branch_python_operator_decorator' retrieved from /home/airflow/.local/lib/python3.8/site-packages/airflow/example_dags/example_branch_operator_decorator.py
[2024-01-09T20:40:09.469+0000] {logging_mixin.py:188} INFO - [2024-01-09T20:40:09.468+0000] {dag.py:3033} INFO - Sync 1 DAGs
[2024-01-09T20:40:09.486+0000] {logging_mixin.py:188} INFO - [2024-01-09T20:40:09.486+0000] {dag.py:3820} INFO - Setting next_dagrun for example_branch_python_operator_decorator to 2024-01-08T00:00:00+00:00, run_after=2024-01-09T00:00:00+00:00
[2024-01-09T20:40:09.500+0000] {processor.py:183} INFO - Processing /home/airflow/.local/lib/python3.8/site-packages/airflow/example_dags/example_branch_operator_decorator.py took 0.077 seconds
[2024-01-09T20:40:39.676+0000] {processor.py:161} INFO - Started process (PID=157) to work on /home/airflow/.local/lib/python3.8/site-packages/airflow/example_dags/example_branch_operator_decorator.py
[2024-01-09T20:40:39.677+0000] {processor.py:830} INFO - Processing file /home/airflow/.local/lib/python3.8/site-packages/airflow/example_dags/example_branch_operator_decorator.py for tasks to queue
[2024-01-09T20:40:39.681+0000] {logging_mixin.py:188} INFO - [2024-01-09T20:40:39.680+0000] {dagbag.py:538} INFO - Filling up the DagBag from /home/airflow/.local/lib/python3.8/site-packages/airflow/example_dags/example_branch_operator_decorator.py
[2024-01-09T20:40:39.697+0000] {processor.py:840} INFO - DAG(s) 'example_branch_python_operator_decorator' retrieved from /home/airflow/.local/lib/python3.8/site-packages/airflow/example_dags/example_branch_operator_decorator.py
[2024-01-09T20:40:39.715+0000] {logging_mixin.py:188} INFO - [2024-01-09T20:40:39.715+0000] {dag.py:3033} INFO - Sync 1 DAGs
[2024-01-09T20:40:39.732+0000] {logging_mixin.py:188} INFO - [2024-01-09T20:40:39.732+0000] {dag.py:3820} INFO - Setting next_dagrun for example_branch_python_operator_decorator to 2024-01-08T00:00:00+00:00, run_after=2024-01-09T00:00:00+00:00
[2024-01-09T20:40:39.743+0000] {processor.py:183} INFO - Processing /home/airflow/.local/lib/python3.8/site-packages/airflow/example_dags/example_branch_operator_decorator.py took 0.071 seconds
[2024-01-09T20:41:09.979+0000] {processor.py:161} INFO - Started process (PID=214) to work on /home/airflow/.local/lib/python3.8/site-packages/airflow/example_dags/example_branch_operator_decorator.py
[2024-01-09T20:41:09.980+0000] {processor.py:830} INFO - Processing file /home/airflow/.local/lib/python3.8/site-packages/airflow/example_dags/example_branch_operator_decorator.py for tasks to queue
[2024-01-09T20:41:09.983+0000] {logging_mixin.py:188} INFO - [2024-01-09T20:41:09.982+0000] {dagbag.py:538} INFO - Filling up the DagBag from /home/airflow/.local/lib/python3.8/site-packages/airflow/example_dags/example_branch_operator_decorator.py
[2024-01-09T20:41:09.998+0000] {processor.py:840} INFO - DAG(s) 'example_branch_python_operator_decorator' retrieved from /home/airflow/.local/lib/python3.8/site-packages/airflow/example_dags/example_branch_operator_decorator.py
[2024-01-09T20:41:10.015+0000] {logging_mixin.py:188} INFO - [2024-01-09T20:41:10.015+0000] {dag.py:3033} INFO - Sync 1 DAGs
[2024-01-09T20:41:10.032+0000] {logging_mixin.py:188} INFO - [2024-01-09T20:41:10.032+0000] {dag.py:3820} INFO - Setting next_dagrun for example_branch_python_operator_decorator to 2024-01-08T00:00:00+00:00, run_after=2024-01-09T00:00:00+00:00
[2024-01-09T20:41:10.041+0000] {processor.py:183} INFO - Processing /home/airflow/.local/lib/python3.8/site-packages/airflow/example_dags/example_branch_operator_decorator.py took 0.066 seconds
[2024-01-09T20:41:40.205+0000] {processor.py:161} INFO - Started process (PID=271) to work on /home/airflow/.local/lib/python3.8/site-packages/airflow/example_dags/example_branch_operator_decorator.py
[2024-01-09T20:41:40.206+0000] {processor.py:830} INFO - Processing file /home/airflow/.local/lib/python3.8/site-packages/airflow/example_dags/example_branch_operator_decorator.py for tasks to queue
[2024-01-09T20:41:40.208+0000] {logging_mixin.py:188} INFO - [2024-01-09T20:41:40.208+0000] {dagbag.py:538} INFO - Filling up the DagBag from /home/airflow/.local/lib/python3.8/site-packages/airflow/example_dags/example_branch_operator_decorator.py
[2024-01-09T20:41:40.220+0000] {processor.py:840} INFO - DAG(s) 'example_branch_python_operator_decorator' retrieved from /home/airflow/.local/lib/python3.8/site-packages/airflow/example_dags/example_branch_operator_decorator.py
[2024-01-09T20:41:40.237+0000] {logging_mixin.py:188} INFO - [2024-01-09T20:41:40.237+0000] {dag.py:3033} INFO - Sync 1 DAGs
[2024-01-09T20:41:40.250+0000] {logging_mixin.py:188} INFO - [2024-01-09T20:41:40.250+0000] {dag.py:3820} INFO - Setting next_dagrun for example_branch_python_operator_decorator to 2024-01-08T00:00:00+00:00, run_after=2024-01-09T00:00:00+00:00
[2024-01-09T20:41:40.258+0000] {processor.py:183} INFO - Processing /home/airflow/.local/lib/python3.8/site-packages/airflow/example_dags/example_branch_operator_decorator.py took 0.057 seconds
[2024-01-09T20:42:10.452+0000] {processor.py:161} INFO - Started process (PID=328) to work on /home/airflow/.local/lib/python3.8/site-packages/airflow/example_dags/example_branch_operator_decorator.py
[2024-01-09T20:42:10.454+0000] {processor.py:830} INFO - Processing file /home/airflow/.local/lib/python3.8/site-packages/airflow/example_dags/example_branch_operator_decorator.py for tasks to queue
[2024-01-09T20:42:10.457+0000] {logging_mixin.py:188} INFO - [2024-01-09T20:42:10.456+0000] {dagbag.py:538} INFO - Filling up the DagBag from /home/airflow/.local/lib/python3.8/site-packages/airflow/example_dags/example_branch_operator_decorator.py
[2024-01-09T20:42:10.469+0000] {processor.py:840} INFO - DAG(s) 'example_branch_python_operator_decorator' retrieved from /home/airflow/.local/lib/python3.8/site-packages/airflow/example_dags/example_branch_operator_decorator.py
[2024-01-09T20:42:10.487+0000] {logging_mixin.py:188} INFO - [2024-01-09T20:42:10.487+0000] {dag.py:3033} INFO - Sync 1 DAGs
[2024-01-09T20:42:10.500+0000] {logging_mixin.py:188} INFO - [2024-01-09T20:42:10.500+0000] {dag.py:3820} INFO - Setting next_dagrun for example_branch_python_operator_decorator to 2024-01-08T00:00:00+00:00, run_after=2024-01-09T00:00:00+00:00
[2024-01-09T20:42:10.509+0000] {processor.py:183} INFO - Processing /home/airflow/.local/lib/python3.8/site-packages/airflow/example_dags/example_branch_operator_decorator.py took 0.061 seconds
[2024-01-09T20:42:40.600+0000] {processor.py:161} INFO - Started process (PID=385) to work on /home/airflow/.local/lib/python3.8/site-packages/airflow/example_dags/example_branch_operator_decorator.py
[2024-01-09T20:42:40.601+0000] {processor.py:830} INFO - Processing file /home/airflow/.local/lib/python3.8/site-packages/airflow/example_dags/example_branch_operator_decorator.py for tasks to queue
[2024-01-09T20:42:40.603+0000] {logging_mixin.py:188} INFO - [2024-01-09T20:42:40.602+0000] {dagbag.py:538} INFO - Filling up the DagBag from /home/airflow/.local/lib/python3.8/site-packages/airflow/example_dags/example_branch_operator_decorator.py
[2024-01-09T20:42:40.615+0000] {processor.py:840} INFO - DAG(s) 'example_branch_python_operator_decorator' retrieved from /home/airflow/.local/lib/python3.8/site-packages/airflow/example_dags/example_branch_operator_decorator.py
[2024-01-09T20:42:40.633+0000] {logging_mixin.py:188} INFO - [2024-01-09T20:42:40.633+0000] {dag.py:3033} INFO - Sync 1 DAGs
[2024-01-09T20:42:40.646+0000] {logging_mixin.py:188} INFO - [2024-01-09T20:42:40.646+0000] {dag.py:3820} INFO - Setting next_dagrun for example_branch_python_operator_decorator to 2024-01-08T00:00:00+00:00, run_after=2024-01-09T00:00:00+00:00
[2024-01-09T20:42:40.655+0000] {processor.py:183} INFO - Processing /home/airflow/.local/lib/python3.8/site-packages/airflow/example_dags/example_branch_operator_decorator.py took 0.058 seconds
[2024-01-09T20:43:10.900+0000] {processor.py:161} INFO - Started process (PID=442) to work on /home/airflow/.local/lib/python3.8/site-packages/airflow/example_dags/example_branch_operator_decorator.py
[2024-01-09T20:43:10.901+0000] {processor.py:830} INFO - Processing file /home/airflow/.local/lib/python3.8/site-packages/airflow/example_dags/example_branch_operator_decorator.py for tasks to queue
[2024-01-09T20:43:10.904+0000] {logging_mixin.py:188} INFO - [2024-01-09T20:43:10.903+0000] {dagbag.py:538} INFO - Filling up the DagBag from /home/airflow/.local/lib/python3.8/site-packages/airflow/example_dags/example_branch_operator_decorator.py
[2024-01-09T20:43:10.917+0000] {processor.py:840} INFO - DAG(s) 'example_branch_python_operator_decorator' retrieved from /home/airflow/.local/lib/python3.8/site-packages/airflow/example_dags/example_branch_operator_decorator.py
[2024-01-09T20:43:10.934+0000] {logging_mixin.py:188} INFO - [2024-01-09T20:43:10.934+0000] {dag.py:3033} INFO - Sync 1 DAGs
[2024-01-09T20:43:10.948+0000] {logging_mixin.py:188} INFO - [2024-01-09T20:43:10.948+0000] {dag.py:3820} INFO - Setting next_dagrun for example_branch_python_operator_decorator to 2024-01-08T00:00:00+00:00, run_after=2024-01-09T00:00:00+00:00
[2024-01-09T20:43:10.958+0000] {processor.py:183} INFO - Processing /home/airflow/.local/lib/python3.8/site-packages/airflow/example_dags/example_branch_operator_decorator.py took 0.062 seconds
[2024-01-09T20:43:41.179+0000] {processor.py:161} INFO - Started process (PID=498) to work on /home/airflow/.local/lib/python3.8/site-packages/airflow/example_dags/example_branch_operator_decorator.py
[2024-01-09T20:43:41.180+0000] {processor.py:830} INFO - Processing file /home/airflow/.local/lib/python3.8/site-packages/airflow/example_dags/example_branch_operator_decorator.py for tasks to queue
[2024-01-09T20:43:41.182+0000] {logging_mixin.py:188} INFO - [2024-01-09T20:43:41.182+0000] {dagbag.py:538} INFO - Filling up the DagBag from /home/airflow/.local/lib/python3.8/site-packages/airflow/example_dags/example_branch_operator_decorator.py
[2024-01-09T20:43:41.195+0000] {processor.py:840} INFO - DAG(s) 'example_branch_python_operator_decorator' retrieved from /home/airflow/.local/lib/python3.8/site-packages/airflow/example_dags/example_branch_operator_decorator.py
[2024-01-09T20:43:41.213+0000] {logging_mixin.py:188} INFO - [2024-01-09T20:43:41.213+0000] {dag.py:3033} INFO - Sync 1 DAGs
[2024-01-09T20:43:41.227+0000] {logging_mixin.py:188} INFO - [2024-01-09T20:43:41.227+0000] {dag.py:3820} INFO - Setting next_dagrun for example_branch_python_operator_decorator to 2024-01-08T00:00:00+00:00, run_after=2024-01-09T00:00:00+00:00
[2024-01-09T20:43:41.236+0000] {processor.py:183} INFO - Processing /home/airflow/.local/lib/python3.8/site-packages/airflow/example_dags/example_branch_operator_decorator.py took 0.062 seconds
[2024-01-09T20:44:11.362+0000] {processor.py:161} INFO - Started process (PID=555) to work on /home/airflow/.local/lib/python3.8/site-packages/airflow/example_dags/example_branch_operator_decorator.py
[2024-01-09T20:44:11.363+0000] {processor.py:830} INFO - Processing file /home/airflow/.local/lib/python3.8/site-packages/airflow/example_dags/example_branch_operator_decorator.py for tasks to queue
[2024-01-09T20:44:11.366+0000] {logging_mixin.py:188} INFO - [2024-01-09T20:44:11.365+0000] {dagbag.py:538} INFO - Filling up the DagBag from /home/airflow/.local/lib/python3.8/site-packages/airflow/example_dags/example_branch_operator_decorator.py
[2024-01-09T20:44:11.378+0000] {processor.py:840} INFO - DAG(s) 'example_branch_python_operator_decorator' retrieved from /home/airflow/.local/lib/python3.8/site-packages/airflow/example_dags/example_branch_operator_decorator.py
[2024-01-09T20:44:11.395+0000] {logging_mixin.py:188} INFO - [2024-01-09T20:44:11.395+0000] {dag.py:3033} INFO - Sync 1 DAGs
[2024-01-09T20:44:11.409+0000] {logging_mixin.py:188} INFO - [2024-01-09T20:44:11.409+0000] {dag.py:3820} INFO - Setting next_dagrun for example_branch_python_operator_decorator to 2024-01-08T00:00:00+00:00, run_after=2024-01-09T00:00:00+00:00
[2024-01-09T20:44:11.417+0000] {processor.py:183} INFO - Processing /home/airflow/.local/lib/python3.8/site-packages/airflow/example_dags/example_branch_operator_decorator.py took 0.060 seconds
[2024-01-09T20:44:41.450+0000] {processor.py:161} INFO - Started process (PID=611) to work on /home/airflow/.local/lib/python3.8/site-packages/airflow/example_dags/example_branch_operator_decorator.py
[2024-01-09T20:44:41.451+0000] {processor.py:830} INFO - Processing file /home/airflow/.local/lib/python3.8/site-packages/airflow/example_dags/example_branch_operator_decorator.py for tasks to queue
[2024-01-09T20:44:41.453+0000] {logging_mixin.py:188} INFO - [2024-01-09T20:44:41.453+0000] {dagbag.py:538} INFO - Filling up the DagBag from /home/airflow/.local/lib/python3.8/site-packages/airflow/example_dags/example_branch_operator_decorator.py
[2024-01-09T20:44:41.464+0000] {processor.py:840} INFO - DAG(s) 'example_branch_python_operator_decorator' retrieved from /home/airflow/.local/lib/python3.8/site-packages/airflow/example_dags/example_branch_operator_decorator.py
[2024-01-09T20:44:41.481+0000] {logging_mixin.py:188} INFO - [2024-01-09T20:44:41.481+0000] {dag.py:3033} INFO - Sync 1 DAGs
[2024-01-09T20:44:41.494+0000] {logging_mixin.py:188} INFO - [2024-01-09T20:44:41.494+0000] {dag.py:3820} INFO - Setting next_dagrun for example_branch_python_operator_decorator to 2024-01-08T00:00:00+00:00, run_after=2024-01-09T00:00:00+00:00
[2024-01-09T20:44:41.503+0000] {processor.py:183} INFO - Processing /home/airflow/.local/lib/python3.8/site-packages/airflow/example_dags/example_branch_operator_decorator.py took 0.055 seconds
[2024-01-09T20:45:11.543+0000] {processor.py:161} INFO - Started process (PID=668) to work on /home/airflow/.local/lib/python3.8/site-packages/airflow/example_dags/example_branch_operator_decorator.py
[2024-01-09T20:45:11.544+0000] {processor.py:830} INFO - Processing file /home/airflow/.local/lib/python3.8/site-packages/airflow/example_dags/example_branch_operator_decorator.py for tasks to queue
[2024-01-09T20:45:11.548+0000] {logging_mixin.py:188} INFO - [2024-01-09T20:45:11.547+0000] {dagbag.py:538} INFO - Filling up the DagBag from /home/airflow/.local/lib/python3.8/site-packages/airflow/example_dags/example_branch_operator_decorator.py
[2024-01-09T20:45:11.561+0000] {processor.py:840} INFO - DAG(s) 'example_branch_python_operator_decorator' retrieved from /home/airflow/.local/lib/python3.8/site-packages/airflow/example_dags/example_branch_operator_decorator.py
[2024-01-09T20:45:11.580+0000] {logging_mixin.py:188} INFO - [2024-01-09T20:45:11.580+0000] {dag.py:3033} INFO - Sync 1 DAGs
[2024-01-09T20:45:11.596+0000] {logging_mixin.py:188} INFO - [2024-01-09T20:45:11.596+0000] {dag.py:3820} INFO - Setting next_dagrun for example_branch_python_operator_decorator to 2024-01-08T00:00:00+00:00, run_after=2024-01-09T00:00:00+00:00
[2024-01-09T20:45:11.606+0000] {processor.py:183} INFO - Processing /home/airflow/.local/lib/python3.8/site-packages/airflow/example_dags/example_branch_operator_decorator.py took 0.067 seconds
[2024-01-09T20:45:41.911+0000] {processor.py:161} INFO - Started process (PID=725) to work on /home/airflow/.local/lib/python3.8/site-packages/airflow/example_dags/example_branch_operator_decorator.py
[2024-01-09T20:45:41.912+0000] {processor.py:830} INFO - Processing file /home/airflow/.local/lib/python3.8/site-packages/airflow/example_dags/example_branch_operator_decorator.py for tasks to queue
[2024-01-09T20:45:41.914+0000] {logging_mixin.py:188} INFO - [2024-01-09T20:45:41.914+0000] {dagbag.py:538} INFO - Filling up the DagBag from /home/airflow/.local/lib/python3.8/site-packages/airflow/example_dags/example_branch_operator_decorator.py
[2024-01-09T20:45:41.927+0000] {processor.py:840} INFO - DAG(s) 'example_branch_python_operator_decorator' retrieved from /home/airflow/.local/lib/python3.8/site-packages/airflow/example_dags/example_branch_operator_decorator.py
[2024-01-09T20:45:41.943+0000] {logging_mixin.py:188} INFO - [2024-01-09T20:45:41.943+0000] {dag.py:3033} INFO - Sync 1 DAGs
[2024-01-09T20:45:41.958+0000] {logging_mixin.py:188} INFO - [2024-01-09T20:45:41.957+0000] {dag.py:3820} INFO - Setting next_dagrun for example_branch_python_operator_decorator to 2024-01-08T00:00:00+00:00, run_after=2024-01-09T00:00:00+00:00
[2024-01-09T20:45:41.969+0000] {processor.py:183} INFO - Processing /home/airflow/.local/lib/python3.8/site-packages/airflow/example_dags/example_branch_operator_decorator.py took 0.062 seconds
[2024-01-09T20:46:12.173+0000] {processor.py:161} INFO - Started process (PID=782) to work on /home/airflow/.local/lib/python3.8/site-packages/airflow/example_dags/example_branch_operator_decorator.py
[2024-01-09T20:46:12.179+0000] {processor.py:830} INFO - Processing file /home/airflow/.local/lib/python3.8/site-packages/airflow/example_dags/example_branch_operator_decorator.py for tasks to queue
[2024-01-09T20:46:12.183+0000] {logging_mixin.py:188} INFO - [2024-01-09T20:46:12.182+0000] {dagbag.py:538} INFO - Filling up the DagBag from /home/airflow/.local/lib/python3.8/site-packages/airflow/example_dags/example_branch_operator_decorator.py
[2024-01-09T20:46:12.194+0000] {processor.py:840} INFO - DAG(s) 'example_branch_python_operator_decorator' retrieved from /home/airflow/.local/lib/python3.8/site-packages/airflow/example_dags/example_branch_operator_decorator.py
[2024-01-09T20:46:12.212+0000] {logging_mixin.py:188} INFO - [2024-01-09T20:46:12.212+0000] {dag.py:3033} INFO - Sync 1 DAGs
[2024-01-09T20:46:12.224+0000] {logging_mixin.py:188} INFO - [2024-01-09T20:46:12.224+0000] {dag.py:3820} INFO - Setting next_dagrun for example_branch_python_operator_decorator to 2024-01-08T00:00:00+00:00, run_after=2024-01-09T00:00:00+00:00
[2024-01-09T20:46:12.234+0000] {processor.py:183} INFO - Processing /home/airflow/.local/lib/python3.8/site-packages/airflow/example_dags/example_branch_operator_decorator.py took 0.066 seconds
[2024-01-09T20:46:42.316+0000] {processor.py:161} INFO - Started process (PID=839) to work on /home/airflow/.local/lib/python3.8/site-packages/airflow/example_dags/example_branch_operator_decorator.py
[2024-01-09T20:46:42.317+0000] {processor.py:830} INFO - Processing file /home/airflow/.local/lib/python3.8/site-packages/airflow/example_dags/example_branch_operator_decorator.py for tasks to queue
[2024-01-09T20:46:42.319+0000] {logging_mixin.py:188} INFO - [2024-01-09T20:46:42.318+0000] {dagbag.py:538} INFO - Filling up the DagBag from /home/airflow/.local/lib/python3.8/site-packages/airflow/example_dags/example_branch_operator_decorator.py
[2024-01-09T20:46:42.336+0000] {processor.py:840} INFO - DAG(s) 'example_branch_python_operator_decorator' retrieved from /home/airflow/.local/lib/python3.8/site-packages/airflow/example_dags/example_branch_operator_decorator.py
[2024-01-09T20:46:42.356+0000] {logging_mixin.py:188} INFO - [2024-01-09T20:46:42.356+0000] {dag.py:3033} INFO - Sync 1 DAGs
[2024-01-09T20:46:42.372+0000] {logging_mixin.py:188} INFO - [2024-01-09T20:46:42.372+0000] {dag.py:3820} INFO - Setting next_dagrun for example_branch_python_operator_decorator to 2024-01-08T00:00:00+00:00, run_after=2024-01-09T00:00:00+00:00
[2024-01-09T20:46:42.383+0000] {processor.py:183} INFO - Processing /home/airflow/.local/lib/python3.8/site-packages/airflow/example_dags/example_branch_operator_decorator.py took 0.071 seconds
[2024-01-09T20:47:12.582+0000] {processor.py:161} INFO - Started process (PID=896) to work on /home/airflow/.local/lib/python3.8/site-packages/airflow/example_dags/example_branch_operator_decorator.py
[2024-01-09T20:47:12.583+0000] {processor.py:830} INFO - Processing file /home/airflow/.local/lib/python3.8/site-packages/airflow/example_dags/example_branch_operator_decorator.py for tasks to queue
[2024-01-09T20:47:12.585+0000] {logging_mixin.py:188} INFO - [2024-01-09T20:47:12.585+0000] {dagbag.py:538} INFO - Filling up the DagBag from /home/airflow/.local/lib/python3.8/site-packages/airflow/example_dags/example_branch_operator_decorator.py
[2024-01-09T20:47:12.602+0000] {processor.py:840} INFO - DAG(s) 'example_branch_python_operator_decorator' retrieved from /home/airflow/.local/lib/python3.8/site-packages/airflow/example_dags/example_branch_operator_decorator.py
[2024-01-09T20:47:12.622+0000] {logging_mixin.py:188} INFO - [2024-01-09T20:47:12.622+0000] {dag.py:3033} INFO - Sync 1 DAGs
[2024-01-09T20:47:12.641+0000] {logging_mixin.py:188} INFO - [2024-01-09T20:47:12.640+0000] {dag.py:3820} INFO - Setting next_dagrun for example_branch_python_operator_decorator to 2024-01-08T00:00:00+00:00, run_after=2024-01-09T00:00:00+00:00
[2024-01-09T20:47:12.650+0000] {processor.py:183} INFO - Processing /home/airflow/.local/lib/python3.8/site-packages/airflow/example_dags/example_branch_operator_decorator.py took 0.072 seconds
[2024-01-09T20:47:42.838+0000] {processor.py:161} INFO - Started process (PID=952) to work on /home/airflow/.local/lib/python3.8/site-packages/airflow/example_dags/example_branch_operator_decorator.py
[2024-01-09T20:47:42.839+0000] {processor.py:830} INFO - Processing file /home/airflow/.local/lib/python3.8/site-packages/airflow/example_dags/example_branch_operator_decorator.py for tasks to queue
[2024-01-09T20:47:42.842+0000] {logging_mixin.py:188} INFO - [2024-01-09T20:47:42.841+0000] {dagbag.py:538} INFO - Filling up the DagBag from /home/airflow/.local/lib/python3.8/site-packages/airflow/example_dags/example_branch_operator_decorator.py
[2024-01-09T20:47:42.855+0000] {processor.py:840} INFO - DAG(s) 'example_branch_python_operator_decorator' retrieved from /home/airflow/.local/lib/python3.8/site-packages/airflow/example_dags/example_branch_operator_decorator.py
[2024-01-09T20:47:42.874+0000] {logging_mixin.py:188} INFO - [2024-01-09T20:47:42.874+0000] {dag.py:3033} INFO - Sync 1 DAGs
[2024-01-09T20:47:42.891+0000] {logging_mixin.py:188} INFO - [2024-01-09T20:47:42.891+0000] {dag.py:3820} INFO - Setting next_dagrun for example_branch_python_operator_decorator to 2024-01-08T00:00:00+00:00, run_after=2024-01-09T00:00:00+00:00
[2024-01-09T20:47:42.905+0000] {processor.py:183} INFO - Processing /home/airflow/.local/lib/python3.8/site-packages/airflow/example_dags/example_branch_operator_decorator.py took 0.072 seconds
[2024-01-09T20:48:13.143+0000] {processor.py:161} INFO - Started process (PID=1009) to work on /home/airflow/.local/lib/python3.8/site-packages/airflow/example_dags/example_branch_operator_decorator.py
[2024-01-09T20:48:13.145+0000] {processor.py:830} INFO - Processing file /home/airflow/.local/lib/python3.8/site-packages/airflow/example_dags/example_branch_operator_decorator.py for tasks to queue
[2024-01-09T20:48:13.147+0000] {logging_mixin.py:188} INFO - [2024-01-09T20:48:13.147+0000] {dagbag.py:538} INFO - Filling up the DagBag from /home/airflow/.local/lib/python3.8/site-packages/airflow/example_dags/example_branch_operator_decorator.py
[2024-01-09T20:48:13.163+0000] {processor.py:840} INFO - DAG(s) 'example_branch_python_operator_decorator' retrieved from /home/airflow/.local/lib/python3.8/site-packages/airflow/example_dags/example_branch_operator_decorator.py
[2024-01-09T20:48:13.187+0000] {logging_mixin.py:188} INFO - [2024-01-09T20:48:13.187+0000] {dag.py:3033} INFO - Sync 1 DAGs
[2024-01-09T20:48:13.207+0000] {logging_mixin.py:188} INFO - [2024-01-09T20:48:13.206+0000] {dag.py:3820} INFO - Setting next_dagrun for example_branch_python_operator_decorator to 2024-01-08T00:00:00+00:00, run_after=2024-01-09T00:00:00+00:00
[2024-01-09T20:48:13.219+0000] {processor.py:183} INFO - Processing /home/airflow/.local/lib/python3.8/site-packages/airflow/example_dags/example_branch_operator_decorator.py took 0.079 seconds
