[2024-01-09T20:39:51.176+0000] {processor.py:161} INFO - Started process (PID=83) to work on /home/airflow/.local/lib/python3.8/site-packages/airflow/example_dags/example_skip_dag.py
[2024-01-09T20:39:51.178+0000] {processor.py:830} INFO - Processing file /home/airflow/.local/lib/python3.8/site-packages/airflow/example_dags/example_skip_dag.py for tasks to queue
[2024-01-09T20:39:51.183+0000] {logging_mixin.py:188} INFO - [2024-01-09T20:39:51.182+0000] {dagbag.py:538} INFO - Filling up the DagBag from /home/airflow/.local/lib/python3.8/site-packages/airflow/example_dags/example_skip_dag.py
[2024-01-09T20:39:51.194+0000] {processor.py:840} INFO - DAG(s) 'example_skip_dag' retrieved from /home/airflow/.local/lib/python3.8/site-packages/airflow/example_dags/example_skip_dag.py
[2024-01-09T20:39:51.317+0000] {logging_mixin.py:188} INFO - [2024-01-09T20:39:51.317+0000] {override.py:1769} INFO - Created Permission View: can delete on DAG:example_skip_dag
[2024-01-09T20:39:51.332+0000] {logging_mixin.py:188} INFO - [2024-01-09T20:39:51.332+0000] {override.py:1769} INFO - Created Permission View: can read on DAG:example_skip_dag
[2024-01-09T20:39:51.338+0000] {logging_mixin.py:188} INFO - [2024-01-09T20:39:51.338+0000] {override.py:1769} INFO - Created Permission View: can edit on DAG:example_skip_dag
[2024-01-09T20:39:51.339+0000] {logging_mixin.py:188} INFO - [2024-01-09T20:39:51.339+0000] {dag.py:3033} INFO - Sync 1 DAGs
[2024-01-09T20:39:51.351+0000] {logging_mixin.py:188} INFO - [2024-01-09T20:39:51.350+0000] {dag.py:3055} INFO - Creating ORM DAG for example_skip_dag
[2024-01-09T20:39:51.364+0000] {logging_mixin.py:188} INFO - [2024-01-09T20:39:51.364+0000] {dag.py:3820} INFO - Setting next_dagrun for example_skip_dag to 2024-01-08T00:00:00+00:00, run_after=2024-01-09T00:00:00+00:00
[2024-01-09T20:39:51.383+0000] {processor.py:183} INFO - Processing /home/airflow/.local/lib/python3.8/site-packages/airflow/example_dags/example_skip_dag.py took 0.211 seconds
[2024-01-09T20:40:22.242+0000] {processor.py:161} INFO - Started process (PID=140) to work on /home/airflow/.local/lib/python3.8/site-packages/airflow/example_dags/example_skip_dag.py
[2024-01-09T20:40:22.242+0000] {processor.py:830} INFO - Processing file /home/airflow/.local/lib/python3.8/site-packages/airflow/example_dags/example_skip_dag.py for tasks to queue
[2024-01-09T20:40:22.245+0000] {logging_mixin.py:188} INFO - [2024-01-09T20:40:22.244+0000] {dagbag.py:538} INFO - Filling up the DagBag from /home/airflow/.local/lib/python3.8/site-packages/airflow/example_dags/example_skip_dag.py
[2024-01-09T20:40:22.250+0000] {processor.py:840} INFO - DAG(s) 'example_skip_dag' retrieved from /home/airflow/.local/lib/python3.8/site-packages/airflow/example_dags/example_skip_dag.py
[2024-01-09T20:40:22.264+0000] {logging_mixin.py:188} INFO - [2024-01-09T20:40:22.264+0000] {dag.py:3033} INFO - Sync 1 DAGs
[2024-01-09T20:40:22.278+0000] {logging_mixin.py:188} INFO - [2024-01-09T20:40:22.278+0000] {dag.py:3820} INFO - Setting next_dagrun for example_skip_dag to 2024-01-08T00:00:00+00:00, run_after=2024-01-09T00:00:00+00:00
[2024-01-09T20:40:22.287+0000] {processor.py:183} INFO - Processing /home/airflow/.local/lib/python3.8/site-packages/airflow/example_dags/example_skip_dag.py took 0.048 seconds
[2024-01-09T20:40:52.329+0000] {processor.py:161} INFO - Started process (PID=197) to work on /home/airflow/.local/lib/python3.8/site-packages/airflow/example_dags/example_skip_dag.py
[2024-01-09T20:40:52.330+0000] {processor.py:830} INFO - Processing file /home/airflow/.local/lib/python3.8/site-packages/airflow/example_dags/example_skip_dag.py for tasks to queue
[2024-01-09T20:40:52.332+0000] {logging_mixin.py:188} INFO - [2024-01-09T20:40:52.332+0000] {dagbag.py:538} INFO - Filling up the DagBag from /home/airflow/.local/lib/python3.8/site-packages/airflow/example_dags/example_skip_dag.py
[2024-01-09T20:40:52.336+0000] {processor.py:840} INFO - DAG(s) 'example_skip_dag' retrieved from /home/airflow/.local/lib/python3.8/site-packages/airflow/example_dags/example_skip_dag.py
[2024-01-09T20:40:52.351+0000] {logging_mixin.py:188} INFO - [2024-01-09T20:40:52.351+0000] {dag.py:3033} INFO - Sync 1 DAGs
[2024-01-09T20:40:52.365+0000] {logging_mixin.py:188} INFO - [2024-01-09T20:40:52.365+0000] {dag.py:3820} INFO - Setting next_dagrun for example_skip_dag to 2024-01-08T00:00:00+00:00, run_after=2024-01-09T00:00:00+00:00
[2024-01-09T20:40:52.376+0000] {processor.py:183} INFO - Processing /home/airflow/.local/lib/python3.8/site-packages/airflow/example_dags/example_skip_dag.py took 0.049 seconds
[2024-01-09T20:41:22.535+0000] {processor.py:161} INFO - Started process (PID=254) to work on /home/airflow/.local/lib/python3.8/site-packages/airflow/example_dags/example_skip_dag.py
[2024-01-09T20:41:22.536+0000] {processor.py:830} INFO - Processing file /home/airflow/.local/lib/python3.8/site-packages/airflow/example_dags/example_skip_dag.py for tasks to queue
[2024-01-09T20:41:22.537+0000] {logging_mixin.py:188} INFO - [2024-01-09T20:41:22.537+0000] {dagbag.py:538} INFO - Filling up the DagBag from /home/airflow/.local/lib/python3.8/site-packages/airflow/example_dags/example_skip_dag.py
[2024-01-09T20:41:22.541+0000] {processor.py:840} INFO - DAG(s) 'example_skip_dag' retrieved from /home/airflow/.local/lib/python3.8/site-packages/airflow/example_dags/example_skip_dag.py
[2024-01-09T20:41:22.555+0000] {logging_mixin.py:188} INFO - [2024-01-09T20:41:22.555+0000] {dag.py:3033} INFO - Sync 1 DAGs
[2024-01-09T20:41:22.568+0000] {logging_mixin.py:188} INFO - [2024-01-09T20:41:22.568+0000] {dag.py:3820} INFO - Setting next_dagrun for example_skip_dag to 2024-01-08T00:00:00+00:00, run_after=2024-01-09T00:00:00+00:00
[2024-01-09T20:41:22.578+0000] {processor.py:183} INFO - Processing /home/airflow/.local/lib/python3.8/site-packages/airflow/example_dags/example_skip_dag.py took 0.046 seconds
[2024-01-09T20:41:52.778+0000] {processor.py:161} INFO - Started process (PID=311) to work on /home/airflow/.local/lib/python3.8/site-packages/airflow/example_dags/example_skip_dag.py
[2024-01-09T20:41:52.779+0000] {processor.py:830} INFO - Processing file /home/airflow/.local/lib/python3.8/site-packages/airflow/example_dags/example_skip_dag.py for tasks to queue
[2024-01-09T20:41:52.781+0000] {logging_mixin.py:188} INFO - [2024-01-09T20:41:52.780+0000] {dagbag.py:538} INFO - Filling up the DagBag from /home/airflow/.local/lib/python3.8/site-packages/airflow/example_dags/example_skip_dag.py
[2024-01-09T20:41:52.785+0000] {processor.py:840} INFO - DAG(s) 'example_skip_dag' retrieved from /home/airflow/.local/lib/python3.8/site-packages/airflow/example_dags/example_skip_dag.py
[2024-01-09T20:41:52.797+0000] {logging_mixin.py:188} INFO - [2024-01-09T20:41:52.797+0000] {dag.py:3033} INFO - Sync 1 DAGs
[2024-01-09T20:41:52.810+0000] {logging_mixin.py:188} INFO - [2024-01-09T20:41:52.810+0000] {dag.py:3820} INFO - Setting next_dagrun for example_skip_dag to 2024-01-08T00:00:00+00:00, run_after=2024-01-09T00:00:00+00:00
[2024-01-09T20:41:52.819+0000] {processor.py:183} INFO - Processing /home/airflow/.local/lib/python3.8/site-packages/airflow/example_dags/example_skip_dag.py took 0.044 seconds
[2024-01-09T20:42:22.964+0000] {processor.py:161} INFO - Started process (PID=368) to work on /home/airflow/.local/lib/python3.8/site-packages/airflow/example_dags/example_skip_dag.py
[2024-01-09T20:42:22.965+0000] {processor.py:830} INFO - Processing file /home/airflow/.local/lib/python3.8/site-packages/airflow/example_dags/example_skip_dag.py for tasks to queue
[2024-01-09T20:42:22.967+0000] {logging_mixin.py:188} INFO - [2024-01-09T20:42:22.967+0000] {dagbag.py:538} INFO - Filling up the DagBag from /home/airflow/.local/lib/python3.8/site-packages/airflow/example_dags/example_skip_dag.py
[2024-01-09T20:42:22.971+0000] {processor.py:840} INFO - DAG(s) 'example_skip_dag' retrieved from /home/airflow/.local/lib/python3.8/site-packages/airflow/example_dags/example_skip_dag.py
[2024-01-09T20:42:22.983+0000] {logging_mixin.py:188} INFO - [2024-01-09T20:42:22.983+0000] {dag.py:3033} INFO - Sync 1 DAGs
[2024-01-09T20:42:22.997+0000] {logging_mixin.py:188} INFO - [2024-01-09T20:42:22.997+0000] {dag.py:3820} INFO - Setting next_dagrun for example_skip_dag to 2024-01-08T00:00:00+00:00, run_after=2024-01-09T00:00:00+00:00
[2024-01-09T20:42:23.007+0000] {processor.py:183} INFO - Processing /home/airflow/.local/lib/python3.8/site-packages/airflow/example_dags/example_skip_dag.py took 0.046 seconds
[2024-01-09T20:42:53.238+0000] {processor.py:161} INFO - Started process (PID=425) to work on /home/airflow/.local/lib/python3.8/site-packages/airflow/example_dags/example_skip_dag.py
[2024-01-09T20:42:53.238+0000] {processor.py:830} INFO - Processing file /home/airflow/.local/lib/python3.8/site-packages/airflow/example_dags/example_skip_dag.py for tasks to queue
[2024-01-09T20:42:53.240+0000] {logging_mixin.py:188} INFO - [2024-01-09T20:42:53.240+0000] {dagbag.py:538} INFO - Filling up the DagBag from /home/airflow/.local/lib/python3.8/site-packages/airflow/example_dags/example_skip_dag.py
[2024-01-09T20:42:53.245+0000] {processor.py:840} INFO - DAG(s) 'example_skip_dag' retrieved from /home/airflow/.local/lib/python3.8/site-packages/airflow/example_dags/example_skip_dag.py
[2024-01-09T20:42:53.259+0000] {logging_mixin.py:188} INFO - [2024-01-09T20:42:53.259+0000] {dag.py:3033} INFO - Sync 1 DAGs
[2024-01-09T20:42:53.277+0000] {logging_mixin.py:188} INFO - [2024-01-09T20:42:53.276+0000] {dag.py:3820} INFO - Setting next_dagrun for example_skip_dag to 2024-01-08T00:00:00+00:00, run_after=2024-01-09T00:00:00+00:00
[2024-01-09T20:42:53.287+0000] {processor.py:183} INFO - Processing /home/airflow/.local/lib/python3.8/site-packages/airflow/example_dags/example_skip_dag.py took 0.052 seconds
[2024-01-09T20:43:23.487+0000] {processor.py:161} INFO - Started process (PID=482) to work on /home/airflow/.local/lib/python3.8/site-packages/airflow/example_dags/example_skip_dag.py
[2024-01-09T20:43:23.488+0000] {processor.py:830} INFO - Processing file /home/airflow/.local/lib/python3.8/site-packages/airflow/example_dags/example_skip_dag.py for tasks to queue
[2024-01-09T20:43:23.490+0000] {logging_mixin.py:188} INFO - [2024-01-09T20:43:23.490+0000] {dagbag.py:538} INFO - Filling up the DagBag from /home/airflow/.local/lib/python3.8/site-packages/airflow/example_dags/example_skip_dag.py
[2024-01-09T20:43:23.497+0000] {processor.py:840} INFO - DAG(s) 'example_skip_dag' retrieved from /home/airflow/.local/lib/python3.8/site-packages/airflow/example_dags/example_skip_dag.py
[2024-01-09T20:43:23.512+0000] {logging_mixin.py:188} INFO - [2024-01-09T20:43:23.512+0000] {dag.py:3033} INFO - Sync 1 DAGs
[2024-01-09T20:43:23.530+0000] {logging_mixin.py:188} INFO - [2024-01-09T20:43:23.530+0000] {dag.py:3820} INFO - Setting next_dagrun for example_skip_dag to 2024-01-08T00:00:00+00:00, run_after=2024-01-09T00:00:00+00:00
[2024-01-09T20:43:23.542+0000] {processor.py:183} INFO - Processing /home/airflow/.local/lib/python3.8/site-packages/airflow/example_dags/example_skip_dag.py took 0.058 seconds
[2024-01-09T20:43:53.614+0000] {processor.py:161} INFO - Started process (PID=538) to work on /home/airflow/.local/lib/python3.8/site-packages/airflow/example_dags/example_skip_dag.py
[2024-01-09T20:43:53.615+0000] {processor.py:830} INFO - Processing file /home/airflow/.local/lib/python3.8/site-packages/airflow/example_dags/example_skip_dag.py for tasks to queue
[2024-01-09T20:43:53.616+0000] {logging_mixin.py:188} INFO - [2024-01-09T20:43:53.616+0000] {dagbag.py:538} INFO - Filling up the DagBag from /home/airflow/.local/lib/python3.8/site-packages/airflow/example_dags/example_skip_dag.py
[2024-01-09T20:43:53.621+0000] {processor.py:840} INFO - DAG(s) 'example_skip_dag' retrieved from /home/airflow/.local/lib/python3.8/site-packages/airflow/example_dags/example_skip_dag.py
[2024-01-09T20:43:53.637+0000] {logging_mixin.py:188} INFO - [2024-01-09T20:43:53.636+0000] {dag.py:3033} INFO - Sync 1 DAGs
[2024-01-09T20:43:53.658+0000] {logging_mixin.py:188} INFO - [2024-01-09T20:43:53.658+0000] {dag.py:3820} INFO - Setting next_dagrun for example_skip_dag to 2024-01-08T00:00:00+00:00, run_after=2024-01-09T00:00:00+00:00
[2024-01-09T20:43:53.677+0000] {processor.py:183} INFO - Processing /home/airflow/.local/lib/python3.8/site-packages/airflow/example_dags/example_skip_dag.py took 0.066 seconds
[2024-01-09T20:44:23.808+0000] {processor.py:161} INFO - Started process (PID=595) to work on /home/airflow/.local/lib/python3.8/site-packages/airflow/example_dags/example_skip_dag.py
[2024-01-09T20:44:23.808+0000] {processor.py:830} INFO - Processing file /home/airflow/.local/lib/python3.8/site-packages/airflow/example_dags/example_skip_dag.py for tasks to queue
[2024-01-09T20:44:23.811+0000] {logging_mixin.py:188} INFO - [2024-01-09T20:44:23.810+0000] {dagbag.py:538} INFO - Filling up the DagBag from /home/airflow/.local/lib/python3.8/site-packages/airflow/example_dags/example_skip_dag.py
[2024-01-09T20:44:23.815+0000] {processor.py:840} INFO - DAG(s) 'example_skip_dag' retrieved from /home/airflow/.local/lib/python3.8/site-packages/airflow/example_dags/example_skip_dag.py
[2024-01-09T20:44:23.827+0000] {logging_mixin.py:188} INFO - [2024-01-09T20:44:23.827+0000] {dag.py:3033} INFO - Sync 1 DAGs
[2024-01-09T20:44:23.840+0000] {logging_mixin.py:188} INFO - [2024-01-09T20:44:23.840+0000] {dag.py:3820} INFO - Setting next_dagrun for example_skip_dag to 2024-01-08T00:00:00+00:00, run_after=2024-01-09T00:00:00+00:00
[2024-01-09T20:44:23.852+0000] {processor.py:183} INFO - Processing /home/airflow/.local/lib/python3.8/site-packages/airflow/example_dags/example_skip_dag.py took 0.048 seconds
[2024-01-09T20:44:54.098+0000] {processor.py:161} INFO - Started process (PID=651) to work on /home/airflow/.local/lib/python3.8/site-packages/airflow/example_dags/example_skip_dag.py
[2024-01-09T20:44:54.100+0000] {processor.py:830} INFO - Processing file /home/airflow/.local/lib/python3.8/site-packages/airflow/example_dags/example_skip_dag.py for tasks to queue
[2024-01-09T20:44:54.101+0000] {logging_mixin.py:188} INFO - [2024-01-09T20:44:54.101+0000] {dagbag.py:538} INFO - Filling up the DagBag from /home/airflow/.local/lib/python3.8/site-packages/airflow/example_dags/example_skip_dag.py
[2024-01-09T20:44:54.108+0000] {processor.py:840} INFO - DAG(s) 'example_skip_dag' retrieved from /home/airflow/.local/lib/python3.8/site-packages/airflow/example_dags/example_skip_dag.py
[2024-01-09T20:44:54.120+0000] {logging_mixin.py:188} INFO - [2024-01-09T20:44:54.120+0000] {dag.py:3033} INFO - Sync 1 DAGs
[2024-01-09T20:44:54.137+0000] {logging_mixin.py:188} INFO - [2024-01-09T20:44:54.137+0000] {dag.py:3820} INFO - Setting next_dagrun for example_skip_dag to 2024-01-08T00:00:00+00:00, run_after=2024-01-09T00:00:00+00:00
[2024-01-09T20:44:54.148+0000] {processor.py:183} INFO - Processing /home/airflow/.local/lib/python3.8/site-packages/airflow/example_dags/example_skip_dag.py took 0.055 seconds
[2024-01-09T20:45:24.495+0000] {processor.py:161} INFO - Started process (PID=708) to work on /home/airflow/.local/lib/python3.8/site-packages/airflow/example_dags/example_skip_dag.py
[2024-01-09T20:45:24.496+0000] {processor.py:830} INFO - Processing file /home/airflow/.local/lib/python3.8/site-packages/airflow/example_dags/example_skip_dag.py for tasks to queue
[2024-01-09T20:45:24.498+0000] {logging_mixin.py:188} INFO - [2024-01-09T20:45:24.497+0000] {dagbag.py:538} INFO - Filling up the DagBag from /home/airflow/.local/lib/python3.8/site-packages/airflow/example_dags/example_skip_dag.py
[2024-01-09T20:45:24.503+0000] {processor.py:840} INFO - DAG(s) 'example_skip_dag' retrieved from /home/airflow/.local/lib/python3.8/site-packages/airflow/example_dags/example_skip_dag.py
[2024-01-09T20:45:24.519+0000] {logging_mixin.py:188} INFO - [2024-01-09T20:45:24.519+0000] {dag.py:3033} INFO - Sync 1 DAGs
[2024-01-09T20:45:24.531+0000] {logging_mixin.py:188} INFO - [2024-01-09T20:45:24.531+0000] {dag.py:3820} INFO - Setting next_dagrun for example_skip_dag to 2024-01-08T00:00:00+00:00, run_after=2024-01-09T00:00:00+00:00
[2024-01-09T20:45:24.544+0000] {processor.py:183} INFO - Processing /home/airflow/.local/lib/python3.8/site-packages/airflow/example_dags/example_skip_dag.py took 0.052 seconds
[2024-01-09T20:45:54.766+0000] {processor.py:161} INFO - Started process (PID=765) to work on /home/airflow/.local/lib/python3.8/site-packages/airflow/example_dags/example_skip_dag.py
[2024-01-09T20:45:54.767+0000] {processor.py:830} INFO - Processing file /home/airflow/.local/lib/python3.8/site-packages/airflow/example_dags/example_skip_dag.py for tasks to queue
[2024-01-09T20:45:54.768+0000] {logging_mixin.py:188} INFO - [2024-01-09T20:45:54.768+0000] {dagbag.py:538} INFO - Filling up the DagBag from /home/airflow/.local/lib/python3.8/site-packages/airflow/example_dags/example_skip_dag.py
[2024-01-09T20:45:54.772+0000] {processor.py:840} INFO - DAG(s) 'example_skip_dag' retrieved from /home/airflow/.local/lib/python3.8/site-packages/airflow/example_dags/example_skip_dag.py
[2024-01-09T20:45:54.785+0000] {logging_mixin.py:188} INFO - [2024-01-09T20:45:54.785+0000] {dag.py:3033} INFO - Sync 1 DAGs
[2024-01-09T20:45:54.798+0000] {logging_mixin.py:188} INFO - [2024-01-09T20:45:54.798+0000] {dag.py:3820} INFO - Setting next_dagrun for example_skip_dag to 2024-01-08T00:00:00+00:00, run_after=2024-01-09T00:00:00+00:00
[2024-01-09T20:45:54.808+0000] {processor.py:183} INFO - Processing /home/airflow/.local/lib/python3.8/site-packages/airflow/example_dags/example_skip_dag.py took 0.046 seconds
[2024-01-09T20:46:24.887+0000] {processor.py:161} INFO - Started process (PID=822) to work on /home/airflow/.local/lib/python3.8/site-packages/airflow/example_dags/example_skip_dag.py
[2024-01-09T20:46:24.887+0000] {processor.py:830} INFO - Processing file /home/airflow/.local/lib/python3.8/site-packages/airflow/example_dags/example_skip_dag.py for tasks to queue
[2024-01-09T20:46:24.889+0000] {logging_mixin.py:188} INFO - [2024-01-09T20:46:24.889+0000] {dagbag.py:538} INFO - Filling up the DagBag from /home/airflow/.local/lib/python3.8/site-packages/airflow/example_dags/example_skip_dag.py
[2024-01-09T20:46:24.894+0000] {processor.py:840} INFO - DAG(s) 'example_skip_dag' retrieved from /home/airflow/.local/lib/python3.8/site-packages/airflow/example_dags/example_skip_dag.py
[2024-01-09T20:46:24.908+0000] {logging_mixin.py:188} INFO - [2024-01-09T20:46:24.908+0000] {dag.py:3033} INFO - Sync 1 DAGs
[2024-01-09T20:46:24.923+0000] {logging_mixin.py:188} INFO - [2024-01-09T20:46:24.923+0000] {dag.py:3820} INFO - Setting next_dagrun for example_skip_dag to 2024-01-08T00:00:00+00:00, run_after=2024-01-09T00:00:00+00:00
[2024-01-09T20:46:24.937+0000] {processor.py:183} INFO - Processing /home/airflow/.local/lib/python3.8/site-packages/airflow/example_dags/example_skip_dag.py took 0.054 seconds
[2024-01-09T20:46:55.150+0000] {processor.py:161} INFO - Started process (PID=879) to work on /home/airflow/.local/lib/python3.8/site-packages/airflow/example_dags/example_skip_dag.py
[2024-01-09T20:46:55.151+0000] {processor.py:830} INFO - Processing file /home/airflow/.local/lib/python3.8/site-packages/airflow/example_dags/example_skip_dag.py for tasks to queue
[2024-01-09T20:46:55.153+0000] {logging_mixin.py:188} INFO - [2024-01-09T20:46:55.153+0000] {dagbag.py:538} INFO - Filling up the DagBag from /home/airflow/.local/lib/python3.8/site-packages/airflow/example_dags/example_skip_dag.py
[2024-01-09T20:46:55.158+0000] {processor.py:840} INFO - DAG(s) 'example_skip_dag' retrieved from /home/airflow/.local/lib/python3.8/site-packages/airflow/example_dags/example_skip_dag.py
[2024-01-09T20:46:55.177+0000] {logging_mixin.py:188} INFO - [2024-01-09T20:46:55.177+0000] {dag.py:3033} INFO - Sync 1 DAGs
[2024-01-09T20:46:55.193+0000] {logging_mixin.py:188} INFO - [2024-01-09T20:46:55.193+0000] {dag.py:3820} INFO - Setting next_dagrun for example_skip_dag to 2024-01-08T00:00:00+00:00, run_after=2024-01-09T00:00:00+00:00
[2024-01-09T20:46:55.206+0000] {processor.py:183} INFO - Processing /home/airflow/.local/lib/python3.8/site-packages/airflow/example_dags/example_skip_dag.py took 0.058 seconds
[2024-01-09T20:47:25.345+0000] {processor.py:161} INFO - Started process (PID=936) to work on /home/airflow/.local/lib/python3.8/site-packages/airflow/example_dags/example_skip_dag.py
[2024-01-09T20:47:25.346+0000] {processor.py:830} INFO - Processing file /home/airflow/.local/lib/python3.8/site-packages/airflow/example_dags/example_skip_dag.py for tasks to queue
[2024-01-09T20:47:25.349+0000] {logging_mixin.py:188} INFO - [2024-01-09T20:47:25.349+0000] {dagbag.py:538} INFO - Filling up the DagBag from /home/airflow/.local/lib/python3.8/site-packages/airflow/example_dags/example_skip_dag.py
[2024-01-09T20:47:25.355+0000] {processor.py:840} INFO - DAG(s) 'example_skip_dag' retrieved from /home/airflow/.local/lib/python3.8/site-packages/airflow/example_dags/example_skip_dag.py
[2024-01-09T20:47:25.369+0000] {logging_mixin.py:188} INFO - [2024-01-09T20:47:25.369+0000] {dag.py:3033} INFO - Sync 1 DAGs
[2024-01-09T20:47:25.385+0000] {logging_mixin.py:188} INFO - [2024-01-09T20:47:25.385+0000] {dag.py:3820} INFO - Setting next_dagrun for example_skip_dag to 2024-01-08T00:00:00+00:00, run_after=2024-01-09T00:00:00+00:00
[2024-01-09T20:47:25.395+0000] {processor.py:183} INFO - Processing /home/airflow/.local/lib/python3.8/site-packages/airflow/example_dags/example_skip_dag.py took 0.054 seconds
[2024-01-09T20:47:55.676+0000] {processor.py:161} INFO - Started process (PID=992) to work on /home/airflow/.local/lib/python3.8/site-packages/airflow/example_dags/example_skip_dag.py
[2024-01-09T20:47:55.677+0000] {processor.py:830} INFO - Processing file /home/airflow/.local/lib/python3.8/site-packages/airflow/example_dags/example_skip_dag.py for tasks to queue
[2024-01-09T20:47:55.679+0000] {logging_mixin.py:188} INFO - [2024-01-09T20:47:55.679+0000] {dagbag.py:538} INFO - Filling up the DagBag from /home/airflow/.local/lib/python3.8/site-packages/airflow/example_dags/example_skip_dag.py
[2024-01-09T20:47:55.687+0000] {processor.py:840} INFO - DAG(s) 'example_skip_dag' retrieved from /home/airflow/.local/lib/python3.8/site-packages/airflow/example_dags/example_skip_dag.py
[2024-01-09T20:47:55.705+0000] {logging_mixin.py:188} INFO - [2024-01-09T20:47:55.705+0000] {dag.py:3033} INFO - Sync 1 DAGs
[2024-01-09T20:47:55.721+0000] {logging_mixin.py:188} INFO - [2024-01-09T20:47:55.721+0000] {dag.py:3820} INFO - Setting next_dagrun for example_skip_dag to 2024-01-08T00:00:00+00:00, run_after=2024-01-09T00:00:00+00:00
[2024-01-09T20:47:55.736+0000] {processor.py:183} INFO - Processing /home/airflow/.local/lib/python3.8/site-packages/airflow/example_dags/example_skip_dag.py took 0.064 seconds
[2024-01-09T20:48:26.712+0000] {processor.py:161} INFO - Started process (PID=1049) to work on /home/airflow/.local/lib/python3.8/site-packages/airflow/example_dags/example_skip_dag.py
[2024-01-09T20:48:26.714+0000] {processor.py:830} INFO - Processing file /home/airflow/.local/lib/python3.8/site-packages/airflow/example_dags/example_skip_dag.py for tasks to queue
[2024-01-09T20:48:26.718+0000] {logging_mixin.py:188} INFO - [2024-01-09T20:48:26.717+0000] {dagbag.py:538} INFO - Filling up the DagBag from /home/airflow/.local/lib/python3.8/site-packages/airflow/example_dags/example_skip_dag.py
[2024-01-09T20:48:26.724+0000] {processor.py:840} INFO - DAG(s) 'example_skip_dag' retrieved from /home/airflow/.local/lib/python3.8/site-packages/airflow/example_dags/example_skip_dag.py
[2024-01-09T20:48:26.747+0000] {logging_mixin.py:188} INFO - [2024-01-09T20:48:26.746+0000] {dag.py:3033} INFO - Sync 1 DAGs
[2024-01-09T20:48:26.763+0000] {logging_mixin.py:188} INFO - [2024-01-09T20:48:26.763+0000] {dag.py:3820} INFO - Setting next_dagrun for example_skip_dag to 2024-01-08T00:00:00+00:00, run_after=2024-01-09T00:00:00+00:00
[2024-01-09T20:48:26.779+0000] {processor.py:183} INFO - Processing /home/airflow/.local/lib/python3.8/site-packages/airflow/example_dags/example_skip_dag.py took 0.072 seconds
