[2024-01-09T20:39:47.234+0000] {processor.py:161} INFO - Started process (PID=61) to work on /home/airflow/.local/lib/python3.8/site-packages/airflow/example_dags/example_latest_only.py
[2024-01-09T20:39:47.236+0000] {processor.py:830} INFO - Processing file /home/airflow/.local/lib/python3.8/site-packages/airflow/example_dags/example_latest_only.py for tasks to queue
[2024-01-09T20:39:47.240+0000] {logging_mixin.py:188} INFO - [2024-01-09T20:39:47.239+0000] {dagbag.py:538} INFO - Filling up the DagBag from /home/airflow/.local/lib/python3.8/site-packages/airflow/example_dags/example_latest_only.py
[2024-01-09T20:39:47.257+0000] {processor.py:840} INFO - DAG(s) 'latest_only' retrieved from /home/airflow/.local/lib/python3.8/site-packages/airflow/example_dags/example_latest_only.py
[2024-01-09T20:39:47.489+0000] {logging_mixin.py:188} INFO - [2024-01-09T20:39:47.487+0000] {override.py:1769} INFO - Created Permission View: can delete on DAG:latest_only
[2024-01-09T20:39:47.508+0000] {logging_mixin.py:188} INFO - [2024-01-09T20:39:47.508+0000] {override.py:1769} INFO - Created Permission View: can read on DAG:latest_only
[2024-01-09T20:39:47.519+0000] {logging_mixin.py:188} INFO - [2024-01-09T20:39:47.519+0000] {override.py:1769} INFO - Created Permission View: can edit on DAG:latest_only
[2024-01-09T20:39:47.523+0000] {logging_mixin.py:188} INFO - [2024-01-09T20:39:47.523+0000] {dag.py:3033} INFO - Sync 1 DAGs
[2024-01-09T20:39:47.551+0000] {logging_mixin.py:188} INFO - [2024-01-09T20:39:47.551+0000] {dag.py:3055} INFO - Creating ORM DAG for latest_only
[2024-01-09T20:39:47.574+0000] {logging_mixin.py:188} INFO - [2024-01-09T20:39:47.573+0000] {dag.py:3820} INFO - Setting next_dagrun for latest_only to 2024-01-09T16:00:00+00:00, run_after=2024-01-09T20:00:00+00:00
[2024-01-09T20:39:47.617+0000] {processor.py:183} INFO - Processing /home/airflow/.local/lib/python3.8/site-packages/airflow/example_dags/example_latest_only.py took 0.390 seconds
[2024-01-09T20:40:18.358+0000] {processor.py:161} INFO - Started process (PID=118) to work on /home/airflow/.local/lib/python3.8/site-packages/airflow/example_dags/example_latest_only.py
[2024-01-09T20:40:18.359+0000] {processor.py:830} INFO - Processing file /home/airflow/.local/lib/python3.8/site-packages/airflow/example_dags/example_latest_only.py for tasks to queue
[2024-01-09T20:40:18.360+0000] {logging_mixin.py:188} INFO - [2024-01-09T20:40:18.360+0000] {dagbag.py:538} INFO - Filling up the DagBag from /home/airflow/.local/lib/python3.8/site-packages/airflow/example_dags/example_latest_only.py
[2024-01-09T20:40:18.364+0000] {processor.py:840} INFO - DAG(s) 'latest_only' retrieved from /home/airflow/.local/lib/python3.8/site-packages/airflow/example_dags/example_latest_only.py
[2024-01-09T20:40:18.377+0000] {logging_mixin.py:188} INFO - [2024-01-09T20:40:18.376+0000] {dag.py:3033} INFO - Sync 1 DAGs
[2024-01-09T20:40:18.392+0000] {logging_mixin.py:188} INFO - [2024-01-09T20:40:18.392+0000] {dag.py:3820} INFO - Setting next_dagrun for latest_only to 2024-01-09T16:00:00+00:00, run_after=2024-01-09T20:00:00+00:00
[2024-01-09T20:40:18.406+0000] {processor.py:183} INFO - Processing /home/airflow/.local/lib/python3.8/site-packages/airflow/example_dags/example_latest_only.py took 0.052 seconds
[2024-01-09T20:40:48.536+0000] {processor.py:161} INFO - Started process (PID=175) to work on /home/airflow/.local/lib/python3.8/site-packages/airflow/example_dags/example_latest_only.py
[2024-01-09T20:40:48.537+0000] {processor.py:830} INFO - Processing file /home/airflow/.local/lib/python3.8/site-packages/airflow/example_dags/example_latest_only.py for tasks to queue
[2024-01-09T20:40:48.539+0000] {logging_mixin.py:188} INFO - [2024-01-09T20:40:48.539+0000] {dagbag.py:538} INFO - Filling up the DagBag from /home/airflow/.local/lib/python3.8/site-packages/airflow/example_dags/example_latest_only.py
[2024-01-09T20:40:48.543+0000] {processor.py:840} INFO - DAG(s) 'latest_only' retrieved from /home/airflow/.local/lib/python3.8/site-packages/airflow/example_dags/example_latest_only.py
[2024-01-09T20:40:48.555+0000] {logging_mixin.py:188} INFO - [2024-01-09T20:40:48.555+0000] {dag.py:3033} INFO - Sync 1 DAGs
[2024-01-09T20:40:48.568+0000] {logging_mixin.py:188} INFO - [2024-01-09T20:40:48.568+0000] {dag.py:3820} INFO - Setting next_dagrun for latest_only to 2024-01-09T16:00:00+00:00, run_after=2024-01-09T20:00:00+00:00
[2024-01-09T20:40:48.579+0000] {processor.py:183} INFO - Processing /home/airflow/.local/lib/python3.8/site-packages/airflow/example_dags/example_latest_only.py took 0.048 seconds
[2024-01-09T20:41:18.666+0000] {processor.py:161} INFO - Started process (PID=232) to work on /home/airflow/.local/lib/python3.8/site-packages/airflow/example_dags/example_latest_only.py
[2024-01-09T20:41:18.667+0000] {processor.py:830} INFO - Processing file /home/airflow/.local/lib/python3.8/site-packages/airflow/example_dags/example_latest_only.py for tasks to queue
[2024-01-09T20:41:18.669+0000] {logging_mixin.py:188} INFO - [2024-01-09T20:41:18.668+0000] {dagbag.py:538} INFO - Filling up the DagBag from /home/airflow/.local/lib/python3.8/site-packages/airflow/example_dags/example_latest_only.py
[2024-01-09T20:41:18.673+0000] {processor.py:840} INFO - DAG(s) 'latest_only' retrieved from /home/airflow/.local/lib/python3.8/site-packages/airflow/example_dags/example_latest_only.py
[2024-01-09T20:41:18.693+0000] {logging_mixin.py:188} INFO - [2024-01-09T20:41:18.693+0000] {dag.py:3033} INFO - Sync 1 DAGs
[2024-01-09T20:41:18.713+0000] {logging_mixin.py:188} INFO - [2024-01-09T20:41:18.713+0000] {dag.py:3820} INFO - Setting next_dagrun for latest_only to 2024-01-09T16:00:00+00:00, run_after=2024-01-09T20:00:00+00:00
[2024-01-09T20:41:18.734+0000] {processor.py:183} INFO - Processing /home/airflow/.local/lib/python3.8/site-packages/airflow/example_dags/example_latest_only.py took 0.071 seconds
[2024-01-09T20:41:48.861+0000] {processor.py:161} INFO - Started process (PID=289) to work on /home/airflow/.local/lib/python3.8/site-packages/airflow/example_dags/example_latest_only.py
[2024-01-09T20:41:48.861+0000] {processor.py:830} INFO - Processing file /home/airflow/.local/lib/python3.8/site-packages/airflow/example_dags/example_latest_only.py for tasks to queue
[2024-01-09T20:41:48.863+0000] {logging_mixin.py:188} INFO - [2024-01-09T20:41:48.862+0000] {dagbag.py:538} INFO - Filling up the DagBag from /home/airflow/.local/lib/python3.8/site-packages/airflow/example_dags/example_latest_only.py
[2024-01-09T20:41:48.866+0000] {processor.py:840} INFO - DAG(s) 'latest_only' retrieved from /home/airflow/.local/lib/python3.8/site-packages/airflow/example_dags/example_latest_only.py
[2024-01-09T20:41:48.880+0000] {logging_mixin.py:188} INFO - [2024-01-09T20:41:48.880+0000] {dag.py:3033} INFO - Sync 1 DAGs
[2024-01-09T20:41:48.892+0000] {logging_mixin.py:188} INFO - [2024-01-09T20:41:48.892+0000] {dag.py:3820} INFO - Setting next_dagrun for latest_only to 2024-01-09T16:00:00+00:00, run_after=2024-01-09T20:00:00+00:00
[2024-01-09T20:41:48.904+0000] {processor.py:183} INFO - Processing /home/airflow/.local/lib/python3.8/site-packages/airflow/example_dags/example_latest_only.py took 0.046 seconds
[2024-01-09T20:42:19.126+0000] {processor.py:161} INFO - Started process (PID=346) to work on /home/airflow/.local/lib/python3.8/site-packages/airflow/example_dags/example_latest_only.py
[2024-01-09T20:42:19.128+0000] {processor.py:830} INFO - Processing file /home/airflow/.local/lib/python3.8/site-packages/airflow/example_dags/example_latest_only.py for tasks to queue
[2024-01-09T20:42:19.131+0000] {logging_mixin.py:188} INFO - [2024-01-09T20:42:19.131+0000] {dagbag.py:538} INFO - Filling up the DagBag from /home/airflow/.local/lib/python3.8/site-packages/airflow/example_dags/example_latest_only.py
[2024-01-09T20:42:19.137+0000] {processor.py:840} INFO - DAG(s) 'latest_only' retrieved from /home/airflow/.local/lib/python3.8/site-packages/airflow/example_dags/example_latest_only.py
[2024-01-09T20:42:19.157+0000] {logging_mixin.py:188} INFO - [2024-01-09T20:42:19.156+0000] {dag.py:3033} INFO - Sync 1 DAGs
[2024-01-09T20:42:19.179+0000] {logging_mixin.py:188} INFO - [2024-01-09T20:42:19.179+0000] {dag.py:3820} INFO - Setting next_dagrun for latest_only to 2024-01-09T16:00:00+00:00, run_after=2024-01-09T20:00:00+00:00
[2024-01-09T20:42:19.195+0000] {processor.py:183} INFO - Processing /home/airflow/.local/lib/python3.8/site-packages/airflow/example_dags/example_latest_only.py took 0.074 seconds
[2024-01-09T20:42:49.311+0000] {processor.py:161} INFO - Started process (PID=403) to work on /home/airflow/.local/lib/python3.8/site-packages/airflow/example_dags/example_latest_only.py
[2024-01-09T20:42:49.311+0000] {processor.py:830} INFO - Processing file /home/airflow/.local/lib/python3.8/site-packages/airflow/example_dags/example_latest_only.py for tasks to queue
[2024-01-09T20:42:49.313+0000] {logging_mixin.py:188} INFO - [2024-01-09T20:42:49.313+0000] {dagbag.py:538} INFO - Filling up the DagBag from /home/airflow/.local/lib/python3.8/site-packages/airflow/example_dags/example_latest_only.py
[2024-01-09T20:42:49.316+0000] {processor.py:840} INFO - DAG(s) 'latest_only' retrieved from /home/airflow/.local/lib/python3.8/site-packages/airflow/example_dags/example_latest_only.py
[2024-01-09T20:42:49.331+0000] {logging_mixin.py:188} INFO - [2024-01-09T20:42:49.330+0000] {dag.py:3033} INFO - Sync 1 DAGs
[2024-01-09T20:42:49.347+0000] {logging_mixin.py:188} INFO - [2024-01-09T20:42:49.347+0000] {dag.py:3820} INFO - Setting next_dagrun for latest_only to 2024-01-09T16:00:00+00:00, run_after=2024-01-09T20:00:00+00:00
[2024-01-09T20:42:49.359+0000] {processor.py:183} INFO - Processing /home/airflow/.local/lib/python3.8/site-packages/airflow/example_dags/example_latest_only.py took 0.051 seconds
[2024-01-09T20:43:19.511+0000] {processor.py:161} INFO - Started process (PID=460) to work on /home/airflow/.local/lib/python3.8/site-packages/airflow/example_dags/example_latest_only.py
[2024-01-09T20:43:19.512+0000] {processor.py:830} INFO - Processing file /home/airflow/.local/lib/python3.8/site-packages/airflow/example_dags/example_latest_only.py for tasks to queue
[2024-01-09T20:43:19.515+0000] {logging_mixin.py:188} INFO - [2024-01-09T20:43:19.515+0000] {dagbag.py:538} INFO - Filling up the DagBag from /home/airflow/.local/lib/python3.8/site-packages/airflow/example_dags/example_latest_only.py
[2024-01-09T20:43:19.520+0000] {processor.py:840} INFO - DAG(s) 'latest_only' retrieved from /home/airflow/.local/lib/python3.8/site-packages/airflow/example_dags/example_latest_only.py
[2024-01-09T20:43:19.534+0000] {logging_mixin.py:188} INFO - [2024-01-09T20:43:19.534+0000] {dag.py:3033} INFO - Sync 1 DAGs
[2024-01-09T20:43:19.550+0000] {logging_mixin.py:188} INFO - [2024-01-09T20:43:19.550+0000] {dag.py:3820} INFO - Setting next_dagrun for latest_only to 2024-01-09T16:00:00+00:00, run_after=2024-01-09T20:00:00+00:00
[2024-01-09T20:43:19.563+0000] {processor.py:183} INFO - Processing /home/airflow/.local/lib/python3.8/site-packages/airflow/example_dags/example_latest_only.py took 0.054 seconds
[2024-01-09T20:43:49.823+0000] {processor.py:161} INFO - Started process (PID=516) to work on /home/airflow/.local/lib/python3.8/site-packages/airflow/example_dags/example_latest_only.py
[2024-01-09T20:43:49.823+0000] {processor.py:830} INFO - Processing file /home/airflow/.local/lib/python3.8/site-packages/airflow/example_dags/example_latest_only.py for tasks to queue
[2024-01-09T20:43:49.825+0000] {logging_mixin.py:188} INFO - [2024-01-09T20:43:49.825+0000] {dagbag.py:538} INFO - Filling up the DagBag from /home/airflow/.local/lib/python3.8/site-packages/airflow/example_dags/example_latest_only.py
[2024-01-09T20:43:49.830+0000] {processor.py:840} INFO - DAG(s) 'latest_only' retrieved from /home/airflow/.local/lib/python3.8/site-packages/airflow/example_dags/example_latest_only.py
[2024-01-09T20:43:49.850+0000] {logging_mixin.py:188} INFO - [2024-01-09T20:43:49.850+0000] {dag.py:3033} INFO - Sync 1 DAGs
[2024-01-09T20:43:49.864+0000] {logging_mixin.py:188} INFO - [2024-01-09T20:43:49.864+0000] {dag.py:3820} INFO - Setting next_dagrun for latest_only to 2024-01-09T16:00:00+00:00, run_after=2024-01-09T20:00:00+00:00
[2024-01-09T20:43:49.878+0000] {processor.py:183} INFO - Processing /home/airflow/.local/lib/python3.8/site-packages/airflow/example_dags/example_latest_only.py took 0.058 seconds
[2024-01-09T20:44:20.050+0000] {processor.py:161} INFO - Started process (PID=573) to work on /home/airflow/.local/lib/python3.8/site-packages/airflow/example_dags/example_latest_only.py
[2024-01-09T20:44:20.050+0000] {processor.py:830} INFO - Processing file /home/airflow/.local/lib/python3.8/site-packages/airflow/example_dags/example_latest_only.py for tasks to queue
[2024-01-09T20:44:20.052+0000] {logging_mixin.py:188} INFO - [2024-01-09T20:44:20.052+0000] {dagbag.py:538} INFO - Filling up the DagBag from /home/airflow/.local/lib/python3.8/site-packages/airflow/example_dags/example_latest_only.py
[2024-01-09T20:44:20.055+0000] {processor.py:840} INFO - DAG(s) 'latest_only' retrieved from /home/airflow/.local/lib/python3.8/site-packages/airflow/example_dags/example_latest_only.py
[2024-01-09T20:44:20.067+0000] {logging_mixin.py:188} INFO - [2024-01-09T20:44:20.067+0000] {dag.py:3033} INFO - Sync 1 DAGs
[2024-01-09T20:44:20.081+0000] {logging_mixin.py:188} INFO - [2024-01-09T20:44:20.081+0000] {dag.py:3820} INFO - Setting next_dagrun for latest_only to 2024-01-09T16:00:00+00:00, run_after=2024-01-09T20:00:00+00:00
[2024-01-09T20:44:20.090+0000] {processor.py:183} INFO - Processing /home/airflow/.local/lib/python3.8/site-packages/airflow/example_dags/example_latest_only.py took 0.043 seconds
[2024-01-09T20:44:50.232+0000] {processor.py:161} INFO - Started process (PID=629) to work on /home/airflow/.local/lib/python3.8/site-packages/airflow/example_dags/example_latest_only.py
[2024-01-09T20:44:50.232+0000] {processor.py:830} INFO - Processing file /home/airflow/.local/lib/python3.8/site-packages/airflow/example_dags/example_latest_only.py for tasks to queue
[2024-01-09T20:44:50.234+0000] {logging_mixin.py:188} INFO - [2024-01-09T20:44:50.234+0000] {dagbag.py:538} INFO - Filling up the DagBag from /home/airflow/.local/lib/python3.8/site-packages/airflow/example_dags/example_latest_only.py
[2024-01-09T20:44:50.238+0000] {processor.py:840} INFO - DAG(s) 'latest_only' retrieved from /home/airflow/.local/lib/python3.8/site-packages/airflow/example_dags/example_latest_only.py
[2024-01-09T20:44:50.249+0000] {logging_mixin.py:188} INFO - [2024-01-09T20:44:50.249+0000] {dag.py:3033} INFO - Sync 1 DAGs
[2024-01-09T20:44:50.265+0000] {logging_mixin.py:188} INFO - [2024-01-09T20:44:50.265+0000] {dag.py:3820} INFO - Setting next_dagrun for latest_only to 2024-01-09T16:00:00+00:00, run_after=2024-01-09T20:00:00+00:00
[2024-01-09T20:44:50.278+0000] {processor.py:183} INFO - Processing /home/airflow/.local/lib/python3.8/site-packages/airflow/example_dags/example_latest_only.py took 0.049 seconds
[2024-01-09T20:45:20.589+0000] {processor.py:161} INFO - Started process (PID=686) to work on /home/airflow/.local/lib/python3.8/site-packages/airflow/example_dags/example_latest_only.py
[2024-01-09T20:45:20.590+0000] {processor.py:830} INFO - Processing file /home/airflow/.local/lib/python3.8/site-packages/airflow/example_dags/example_latest_only.py for tasks to queue
[2024-01-09T20:45:20.592+0000] {logging_mixin.py:188} INFO - [2024-01-09T20:45:20.592+0000] {dagbag.py:538} INFO - Filling up the DagBag from /home/airflow/.local/lib/python3.8/site-packages/airflow/example_dags/example_latest_only.py
[2024-01-09T20:45:20.595+0000] {processor.py:840} INFO - DAG(s) 'latest_only' retrieved from /home/airflow/.local/lib/python3.8/site-packages/airflow/example_dags/example_latest_only.py
[2024-01-09T20:45:20.609+0000] {logging_mixin.py:188} INFO - [2024-01-09T20:45:20.609+0000] {dag.py:3033} INFO - Sync 1 DAGs
[2024-01-09T20:45:20.631+0000] {logging_mixin.py:188} INFO - [2024-01-09T20:45:20.631+0000] {dag.py:3820} INFO - Setting next_dagrun for latest_only to 2024-01-09T16:00:00+00:00, run_after=2024-01-09T20:00:00+00:00
[2024-01-09T20:45:20.642+0000] {processor.py:183} INFO - Processing /home/airflow/.local/lib/python3.8/site-packages/airflow/example_dags/example_latest_only.py took 0.060 seconds
[2024-01-09T20:45:50.823+0000] {processor.py:161} INFO - Started process (PID=743) to work on /home/airflow/.local/lib/python3.8/site-packages/airflow/example_dags/example_latest_only.py
[2024-01-09T20:45:50.824+0000] {processor.py:830} INFO - Processing file /home/airflow/.local/lib/python3.8/site-packages/airflow/example_dags/example_latest_only.py for tasks to queue
[2024-01-09T20:45:50.825+0000] {logging_mixin.py:188} INFO - [2024-01-09T20:45:50.825+0000] {dagbag.py:538} INFO - Filling up the DagBag from /home/airflow/.local/lib/python3.8/site-packages/airflow/example_dags/example_latest_only.py
[2024-01-09T20:45:50.828+0000] {processor.py:840} INFO - DAG(s) 'latest_only' retrieved from /home/airflow/.local/lib/python3.8/site-packages/airflow/example_dags/example_latest_only.py
[2024-01-09T20:45:50.842+0000] {logging_mixin.py:188} INFO - [2024-01-09T20:45:50.842+0000] {dag.py:3033} INFO - Sync 1 DAGs
[2024-01-09T20:45:50.854+0000] {logging_mixin.py:188} INFO - [2024-01-09T20:45:50.854+0000] {dag.py:3820} INFO - Setting next_dagrun for latest_only to 2024-01-09T16:00:00+00:00, run_after=2024-01-09T20:00:00+00:00
[2024-01-09T20:45:50.864+0000] {processor.py:183} INFO - Processing /home/airflow/.local/lib/python3.8/site-packages/airflow/example_dags/example_latest_only.py took 0.045 seconds
[2024-01-09T20:46:21.807+0000] {processor.py:161} INFO - Started process (PID=800) to work on /home/airflow/.local/lib/python3.8/site-packages/airflow/example_dags/example_latest_only.py
[2024-01-09T20:46:21.808+0000] {processor.py:830} INFO - Processing file /home/airflow/.local/lib/python3.8/site-packages/airflow/example_dags/example_latest_only.py for tasks to queue
[2024-01-09T20:46:21.810+0000] {logging_mixin.py:188} INFO - [2024-01-09T20:46:21.810+0000] {dagbag.py:538} INFO - Filling up the DagBag from /home/airflow/.local/lib/python3.8/site-packages/airflow/example_dags/example_latest_only.py
[2024-01-09T20:46:21.817+0000] {processor.py:840} INFO - DAG(s) 'latest_only' retrieved from /home/airflow/.local/lib/python3.8/site-packages/airflow/example_dags/example_latest_only.py
[2024-01-09T20:46:21.830+0000] {logging_mixin.py:188} INFO - [2024-01-09T20:46:21.830+0000] {dag.py:3033} INFO - Sync 1 DAGs
[2024-01-09T20:46:21.844+0000] {logging_mixin.py:188} INFO - [2024-01-09T20:46:21.844+0000] {dag.py:3820} INFO - Setting next_dagrun for latest_only to 2024-01-09T16:00:00+00:00, run_after=2024-01-09T20:00:00+00:00
[2024-01-09T20:46:21.857+0000] {processor.py:183} INFO - Processing /home/airflow/.local/lib/python3.8/site-packages/airflow/example_dags/example_latest_only.py took 0.053 seconds
[2024-01-09T20:46:52.120+0000] {processor.py:161} INFO - Started process (PID=857) to work on /home/airflow/.local/lib/python3.8/site-packages/airflow/example_dags/example_latest_only.py
[2024-01-09T20:46:52.121+0000] {processor.py:830} INFO - Processing file /home/airflow/.local/lib/python3.8/site-packages/airflow/example_dags/example_latest_only.py for tasks to queue
[2024-01-09T20:46:52.124+0000] {logging_mixin.py:188} INFO - [2024-01-09T20:46:52.124+0000] {dagbag.py:538} INFO - Filling up the DagBag from /home/airflow/.local/lib/python3.8/site-packages/airflow/example_dags/example_latest_only.py
[2024-01-09T20:46:52.129+0000] {processor.py:840} INFO - DAG(s) 'latest_only' retrieved from /home/airflow/.local/lib/python3.8/site-packages/airflow/example_dags/example_latest_only.py
[2024-01-09T20:46:52.145+0000] {logging_mixin.py:188} INFO - [2024-01-09T20:46:52.145+0000] {dag.py:3033} INFO - Sync 1 DAGs
[2024-01-09T20:46:52.167+0000] {logging_mixin.py:188} INFO - [2024-01-09T20:46:52.167+0000] {dag.py:3820} INFO - Setting next_dagrun for latest_only to 2024-01-09T16:00:00+00:00, run_after=2024-01-09T20:00:00+00:00
[2024-01-09T20:46:52.177+0000] {processor.py:183} INFO - Processing /home/airflow/.local/lib/python3.8/site-packages/airflow/example_dags/example_latest_only.py took 0.061 seconds
[2024-01-09T20:47:22.335+0000] {processor.py:161} INFO - Started process (PID=913) to work on /home/airflow/.local/lib/python3.8/site-packages/airflow/example_dags/example_latest_only.py
[2024-01-09T20:47:22.336+0000] {processor.py:830} INFO - Processing file /home/airflow/.local/lib/python3.8/site-packages/airflow/example_dags/example_latest_only.py for tasks to queue
[2024-01-09T20:47:22.338+0000] {logging_mixin.py:188} INFO - [2024-01-09T20:47:22.337+0000] {dagbag.py:538} INFO - Filling up the DagBag from /home/airflow/.local/lib/python3.8/site-packages/airflow/example_dags/example_latest_only.py
[2024-01-09T20:47:22.341+0000] {processor.py:840} INFO - DAG(s) 'latest_only' retrieved from /home/airflow/.local/lib/python3.8/site-packages/airflow/example_dags/example_latest_only.py
[2024-01-09T20:47:22.355+0000] {logging_mixin.py:188} INFO - [2024-01-09T20:47:22.355+0000] {dag.py:3033} INFO - Sync 1 DAGs
[2024-01-09T20:47:22.371+0000] {logging_mixin.py:188} INFO - [2024-01-09T20:47:22.371+0000] {dag.py:3820} INFO - Setting next_dagrun for latest_only to 2024-01-09T16:00:00+00:00, run_after=2024-01-09T20:00:00+00:00
[2024-01-09T20:47:22.382+0000] {processor.py:183} INFO - Processing /home/airflow/.local/lib/python3.8/site-packages/airflow/example_dags/example_latest_only.py took 0.050 seconds
[2024-01-09T20:47:52.644+0000] {processor.py:161} INFO - Started process (PID=969) to work on /home/airflow/.local/lib/python3.8/site-packages/airflow/example_dags/example_latest_only.py
[2024-01-09T20:47:52.644+0000] {processor.py:830} INFO - Processing file /home/airflow/.local/lib/python3.8/site-packages/airflow/example_dags/example_latest_only.py for tasks to queue
[2024-01-09T20:47:52.646+0000] {logging_mixin.py:188} INFO - [2024-01-09T20:47:52.646+0000] {dagbag.py:538} INFO - Filling up the DagBag from /home/airflow/.local/lib/python3.8/site-packages/airflow/example_dags/example_latest_only.py
[2024-01-09T20:47:52.652+0000] {processor.py:840} INFO - DAG(s) 'latest_only' retrieved from /home/airflow/.local/lib/python3.8/site-packages/airflow/example_dags/example_latest_only.py
[2024-01-09T20:47:52.667+0000] {logging_mixin.py:188} INFO - [2024-01-09T20:47:52.667+0000] {dag.py:3033} INFO - Sync 1 DAGs
[2024-01-09T20:47:52.681+0000] {logging_mixin.py:188} INFO - [2024-01-09T20:47:52.681+0000] {dag.py:3820} INFO - Setting next_dagrun for latest_only to 2024-01-09T16:00:00+00:00, run_after=2024-01-09T20:00:00+00:00
[2024-01-09T20:47:52.697+0000] {processor.py:183} INFO - Processing /home/airflow/.local/lib/python3.8/site-packages/airflow/example_dags/example_latest_only.py took 0.056 seconds
[2024-01-09T20:48:22.763+0000] {processor.py:161} INFO - Started process (PID=1026) to work on /home/airflow/.local/lib/python3.8/site-packages/airflow/example_dags/example_latest_only.py
[2024-01-09T20:48:22.765+0000] {processor.py:830} INFO - Processing file /home/airflow/.local/lib/python3.8/site-packages/airflow/example_dags/example_latest_only.py for tasks to queue
[2024-01-09T20:48:22.768+0000] {logging_mixin.py:188} INFO - [2024-01-09T20:48:22.768+0000] {dagbag.py:538} INFO - Filling up the DagBag from /home/airflow/.local/lib/python3.8/site-packages/airflow/example_dags/example_latest_only.py
[2024-01-09T20:48:22.781+0000] {processor.py:840} INFO - DAG(s) 'latest_only' retrieved from /home/airflow/.local/lib/python3.8/site-packages/airflow/example_dags/example_latest_only.py
[2024-01-09T20:48:22.818+0000] {logging_mixin.py:188} INFO - [2024-01-09T20:48:22.817+0000] {dag.py:3033} INFO - Sync 1 DAGs
[2024-01-09T20:48:22.867+0000] {logging_mixin.py:188} INFO - [2024-01-09T20:48:22.867+0000] {dag.py:3820} INFO - Setting next_dagrun for latest_only to 2024-01-09T16:00:00+00:00, run_after=2024-01-09T20:00:00+00:00
[2024-01-09T20:48:22.904+0000] {processor.py:183} INFO - Processing /home/airflow/.local/lib/python3.8/site-packages/airflow/example_dags/example_latest_only.py took 0.147 seconds
