[2024-01-09T20:39:50.458+0000] {processor.py:161} INFO - Started process (PID=78) to work on /home/airflow/.local/lib/python3.8/site-packages/airflow/example_dags/example_branch_datetime_operator.py
[2024-01-09T20:39:50.459+0000] {processor.py:830} INFO - Processing file /home/airflow/.local/lib/python3.8/site-packages/airflow/example_dags/example_branch_datetime_operator.py for tasks to queue
[2024-01-09T20:39:50.461+0000] {logging_mixin.py:188} INFO - [2024-01-09T20:39:50.461+0000] {dagbag.py:538} INFO - Filling up the DagBag from /home/airflow/.local/lib/python3.8/site-packages/airflow/example_dags/example_branch_datetime_operator.py
[2024-01-09T20:39:50.474+0000] {processor.py:840} INFO - DAG(s) 'example_branch_datetime_operator', 'example_branch_datetime_operator_3', 'example_branch_datetime_operator_2' retrieved from /home/airflow/.local/lib/python3.8/site-packages/airflow/example_dags/example_branch_datetime_operator.py
[2024-01-09T20:39:50.600+0000] {logging_mixin.py:188} INFO - [2024-01-09T20:39:50.600+0000] {override.py:1769} INFO - Created Permission View: can delete on DAG:example_branch_datetime_operator
[2024-01-09T20:39:50.609+0000] {logging_mixin.py:188} INFO - [2024-01-09T20:39:50.608+0000] {override.py:1769} INFO - Created Permission View: can read on DAG:example_branch_datetime_operator
[2024-01-09T20:39:50.616+0000] {logging_mixin.py:188} INFO - [2024-01-09T20:39:50.616+0000] {override.py:1769} INFO - Created Permission View: can edit on DAG:example_branch_datetime_operator
[2024-01-09T20:39:50.634+0000] {logging_mixin.py:188} INFO - [2024-01-09T20:39:50.634+0000] {override.py:1769} INFO - Created Permission View: can delete on DAG:example_branch_datetime_operator_3
[2024-01-09T20:39:50.642+0000] {logging_mixin.py:188} INFO - [2024-01-09T20:39:50.642+0000] {override.py:1769} INFO - Created Permission View: can read on DAG:example_branch_datetime_operator_3
[2024-01-09T20:39:50.651+0000] {logging_mixin.py:188} INFO - [2024-01-09T20:39:50.651+0000] {override.py:1769} INFO - Created Permission View: can edit on DAG:example_branch_datetime_operator_3
[2024-01-09T20:39:50.668+0000] {logging_mixin.py:188} INFO - [2024-01-09T20:39:50.668+0000] {override.py:1769} INFO - Created Permission View: can delete on DAG:example_branch_datetime_operator_2
[2024-01-09T20:39:50.674+0000] {logging_mixin.py:188} INFO - [2024-01-09T20:39:50.674+0000] {override.py:1769} INFO - Created Permission View: can read on DAG:example_branch_datetime_operator_2
[2024-01-09T20:39:50.683+0000] {logging_mixin.py:188} INFO - [2024-01-09T20:39:50.682+0000] {override.py:1769} INFO - Created Permission View: can edit on DAG:example_branch_datetime_operator_2
[2024-01-09T20:39:50.683+0000] {logging_mixin.py:188} INFO - [2024-01-09T20:39:50.683+0000] {dag.py:3033} INFO - Sync 3 DAGs
[2024-01-09T20:39:50.699+0000] {logging_mixin.py:188} INFO - [2024-01-09T20:39:50.699+0000] {dag.py:3055} INFO - Creating ORM DAG for example_branch_datetime_operator
[2024-01-09T20:39:50.700+0000] {logging_mixin.py:188} INFO - [2024-01-09T20:39:50.700+0000] {dag.py:3055} INFO - Creating ORM DAG for example_branch_datetime_operator_2
[2024-01-09T20:39:50.701+0000] {logging_mixin.py:188} INFO - [2024-01-09T20:39:50.701+0000] {dag.py:3055} INFO - Creating ORM DAG for example_branch_datetime_operator_3
[2024-01-09T20:39:50.713+0000] {logging_mixin.py:188} INFO - [2024-01-09T20:39:50.713+0000] {dag.py:3820} INFO - Setting next_dagrun for example_branch_datetime_operator to 2024-01-08T00:00:00+00:00, run_after=2024-01-09T00:00:00+00:00
[2024-01-09T20:39:50.715+0000] {logging_mixin.py:188} INFO - [2024-01-09T20:39:50.715+0000] {dag.py:3820} INFO - Setting next_dagrun for example_branch_datetime_operator_2 to 2024-01-08T00:00:00+00:00, run_after=2024-01-09T00:00:00+00:00
[2024-01-09T20:39:50.718+0000] {logging_mixin.py:188} INFO - [2024-01-09T20:39:50.718+0000] {dag.py:3820} INFO - Setting next_dagrun for example_branch_datetime_operator_3 to 2024-01-08T00:00:00+00:00, run_after=2024-01-09T00:00:00+00:00
[2024-01-09T20:39:50.744+0000] {processor.py:183} INFO - Processing /home/airflow/.local/lib/python3.8/site-packages/airflow/example_dags/example_branch_datetime_operator.py took 0.290 seconds
[2024-01-09T20:40:21.074+0000] {processor.py:161} INFO - Started process (PID=135) to work on /home/airflow/.local/lib/python3.8/site-packages/airflow/example_dags/example_branch_datetime_operator.py
[2024-01-09T20:40:21.075+0000] {processor.py:830} INFO - Processing file /home/airflow/.local/lib/python3.8/site-packages/airflow/example_dags/example_branch_datetime_operator.py for tasks to queue
[2024-01-09T20:40:21.077+0000] {logging_mixin.py:188} INFO - [2024-01-09T20:40:21.076+0000] {dagbag.py:538} INFO - Filling up the DagBag from /home/airflow/.local/lib/python3.8/site-packages/airflow/example_dags/example_branch_datetime_operator.py
[2024-01-09T20:40:21.084+0000] {processor.py:840} INFO - DAG(s) 'example_branch_datetime_operator_3', 'example_branch_datetime_operator', 'example_branch_datetime_operator_2' retrieved from /home/airflow/.local/lib/python3.8/site-packages/airflow/example_dags/example_branch_datetime_operator.py
[2024-01-09T20:40:21.104+0000] {logging_mixin.py:188} INFO - [2024-01-09T20:40:21.103+0000] {dag.py:3033} INFO - Sync 3 DAGs
[2024-01-09T20:40:21.117+0000] {logging_mixin.py:188} INFO - [2024-01-09T20:40:21.117+0000] {dag.py:3820} INFO - Setting next_dagrun for example_branch_datetime_operator to 2024-01-08T00:00:00+00:00, run_after=2024-01-09T00:00:00+00:00
[2024-01-09T20:40:21.120+0000] {logging_mixin.py:188} INFO - [2024-01-09T20:40:21.120+0000] {dag.py:3820} INFO - Setting next_dagrun for example_branch_datetime_operator_2 to 2024-01-08T00:00:00+00:00, run_after=2024-01-09T00:00:00+00:00
[2024-01-09T20:40:21.121+0000] {logging_mixin.py:188} INFO - [2024-01-09T20:40:21.121+0000] {dag.py:3820} INFO - Setting next_dagrun for example_branch_datetime_operator_3 to 2024-01-08T00:00:00+00:00, run_after=2024-01-09T00:00:00+00:00
[2024-01-09T20:40:21.133+0000] {processor.py:183} INFO - Processing /home/airflow/.local/lib/python3.8/site-packages/airflow/example_dags/example_branch_datetime_operator.py took 0.067 seconds
[2024-01-09T20:40:51.155+0000] {processor.py:161} INFO - Started process (PID=192) to work on /home/airflow/.local/lib/python3.8/site-packages/airflow/example_dags/example_branch_datetime_operator.py
[2024-01-09T20:40:51.156+0000] {processor.py:830} INFO - Processing file /home/airflow/.local/lib/python3.8/site-packages/airflow/example_dags/example_branch_datetime_operator.py for tasks to queue
[2024-01-09T20:40:51.157+0000] {logging_mixin.py:188} INFO - [2024-01-09T20:40:51.157+0000] {dagbag.py:538} INFO - Filling up the DagBag from /home/airflow/.local/lib/python3.8/site-packages/airflow/example_dags/example_branch_datetime_operator.py
[2024-01-09T20:40:51.164+0000] {processor.py:840} INFO - DAG(s) 'example_branch_datetime_operator', 'example_branch_datetime_operator_3', 'example_branch_datetime_operator_2' retrieved from /home/airflow/.local/lib/python3.8/site-packages/airflow/example_dags/example_branch_datetime_operator.py
[2024-01-09T20:40:51.181+0000] {logging_mixin.py:188} INFO - [2024-01-09T20:40:51.181+0000] {dag.py:3033} INFO - Sync 3 DAGs
[2024-01-09T20:40:51.194+0000] {logging_mixin.py:188} INFO - [2024-01-09T20:40:51.194+0000] {dag.py:3820} INFO - Setting next_dagrun for example_branch_datetime_operator to 2024-01-08T00:00:00+00:00, run_after=2024-01-09T00:00:00+00:00
[2024-01-09T20:40:51.197+0000] {logging_mixin.py:188} INFO - [2024-01-09T20:40:51.197+0000] {dag.py:3820} INFO - Setting next_dagrun for example_branch_datetime_operator_2 to 2024-01-08T00:00:00+00:00, run_after=2024-01-09T00:00:00+00:00
[2024-01-09T20:40:51.198+0000] {logging_mixin.py:188} INFO - [2024-01-09T20:40:51.198+0000] {dag.py:3820} INFO - Setting next_dagrun for example_branch_datetime_operator_3 to 2024-01-08T00:00:00+00:00, run_after=2024-01-09T00:00:00+00:00
[2024-01-09T20:40:51.209+0000] {processor.py:183} INFO - Processing /home/airflow/.local/lib/python3.8/site-packages/airflow/example_dags/example_branch_datetime_operator.py took 0.056 seconds
[2024-01-09T20:41:21.381+0000] {processor.py:161} INFO - Started process (PID=249) to work on /home/airflow/.local/lib/python3.8/site-packages/airflow/example_dags/example_branch_datetime_operator.py
[2024-01-09T20:41:21.382+0000] {processor.py:830} INFO - Processing file /home/airflow/.local/lib/python3.8/site-packages/airflow/example_dags/example_branch_datetime_operator.py for tasks to queue
[2024-01-09T20:41:21.383+0000] {logging_mixin.py:188} INFO - [2024-01-09T20:41:21.383+0000] {dagbag.py:538} INFO - Filling up the DagBag from /home/airflow/.local/lib/python3.8/site-packages/airflow/example_dags/example_branch_datetime_operator.py
[2024-01-09T20:41:21.391+0000] {processor.py:840} INFO - DAG(s) 'example_branch_datetime_operator_3', 'example_branch_datetime_operator_2', 'example_branch_datetime_operator' retrieved from /home/airflow/.local/lib/python3.8/site-packages/airflow/example_dags/example_branch_datetime_operator.py
[2024-01-09T20:41:21.406+0000] {logging_mixin.py:188} INFO - [2024-01-09T20:41:21.406+0000] {dag.py:3033} INFO - Sync 3 DAGs
[2024-01-09T20:41:21.419+0000] {logging_mixin.py:188} INFO - [2024-01-09T20:41:21.418+0000] {dag.py:3820} INFO - Setting next_dagrun for example_branch_datetime_operator to 2024-01-08T00:00:00+00:00, run_after=2024-01-09T00:00:00+00:00
[2024-01-09T20:41:21.422+0000] {logging_mixin.py:188} INFO - [2024-01-09T20:41:21.422+0000] {dag.py:3820} INFO - Setting next_dagrun for example_branch_datetime_operator_2 to 2024-01-08T00:00:00+00:00, run_after=2024-01-09T00:00:00+00:00
[2024-01-09T20:41:21.424+0000] {logging_mixin.py:188} INFO - [2024-01-09T20:41:21.424+0000] {dag.py:3820} INFO - Setting next_dagrun for example_branch_datetime_operator_3 to 2024-01-08T00:00:00+00:00, run_after=2024-01-09T00:00:00+00:00
[2024-01-09T20:41:21.433+0000] {processor.py:183} INFO - Processing /home/airflow/.local/lib/python3.8/site-packages/airflow/example_dags/example_branch_datetime_operator.py took 0.055 seconds
[2024-01-09T20:41:51.637+0000] {processor.py:161} INFO - Started process (PID=306) to work on /home/airflow/.local/lib/python3.8/site-packages/airflow/example_dags/example_branch_datetime_operator.py
[2024-01-09T20:41:51.638+0000] {processor.py:830} INFO - Processing file /home/airflow/.local/lib/python3.8/site-packages/airflow/example_dags/example_branch_datetime_operator.py for tasks to queue
[2024-01-09T20:41:51.640+0000] {logging_mixin.py:188} INFO - [2024-01-09T20:41:51.640+0000] {dagbag.py:538} INFO - Filling up the DagBag from /home/airflow/.local/lib/python3.8/site-packages/airflow/example_dags/example_branch_datetime_operator.py
[2024-01-09T20:41:51.647+0000] {processor.py:840} INFO - DAG(s) 'example_branch_datetime_operator_2', 'example_branch_datetime_operator_3', 'example_branch_datetime_operator' retrieved from /home/airflow/.local/lib/python3.8/site-packages/airflow/example_dags/example_branch_datetime_operator.py
[2024-01-09T20:41:51.663+0000] {logging_mixin.py:188} INFO - [2024-01-09T20:41:51.663+0000] {dag.py:3033} INFO - Sync 3 DAGs
[2024-01-09T20:41:51.677+0000] {logging_mixin.py:188} INFO - [2024-01-09T20:41:51.677+0000] {dag.py:3820} INFO - Setting next_dagrun for example_branch_datetime_operator to 2024-01-08T00:00:00+00:00, run_after=2024-01-09T00:00:00+00:00
[2024-01-09T20:41:51.679+0000] {logging_mixin.py:188} INFO - [2024-01-09T20:41:51.679+0000] {dag.py:3820} INFO - Setting next_dagrun for example_branch_datetime_operator_2 to 2024-01-08T00:00:00+00:00, run_after=2024-01-09T00:00:00+00:00
[2024-01-09T20:41:51.681+0000] {logging_mixin.py:188} INFO - [2024-01-09T20:41:51.681+0000] {dag.py:3820} INFO - Setting next_dagrun for example_branch_datetime_operator_3 to 2024-01-08T00:00:00+00:00, run_after=2024-01-09T00:00:00+00:00
[2024-01-09T20:41:51.688+0000] {processor.py:183} INFO - Processing /home/airflow/.local/lib/python3.8/site-packages/airflow/example_dags/example_branch_datetime_operator.py took 0.055 seconds
[2024-01-09T20:42:21.808+0000] {processor.py:161} INFO - Started process (PID=363) to work on /home/airflow/.local/lib/python3.8/site-packages/airflow/example_dags/example_branch_datetime_operator.py
[2024-01-09T20:42:21.809+0000] {processor.py:830} INFO - Processing file /home/airflow/.local/lib/python3.8/site-packages/airflow/example_dags/example_branch_datetime_operator.py for tasks to queue
[2024-01-09T20:42:21.810+0000] {logging_mixin.py:188} INFO - [2024-01-09T20:42:21.810+0000] {dagbag.py:538} INFO - Filling up the DagBag from /home/airflow/.local/lib/python3.8/site-packages/airflow/example_dags/example_branch_datetime_operator.py
[2024-01-09T20:42:21.818+0000] {processor.py:840} INFO - DAG(s) 'example_branch_datetime_operator_2', 'example_branch_datetime_operator', 'example_branch_datetime_operator_3' retrieved from /home/airflow/.local/lib/python3.8/site-packages/airflow/example_dags/example_branch_datetime_operator.py
[2024-01-09T20:42:21.836+0000] {logging_mixin.py:188} INFO - [2024-01-09T20:42:21.836+0000] {dag.py:3033} INFO - Sync 3 DAGs
[2024-01-09T20:42:21.851+0000] {logging_mixin.py:188} INFO - [2024-01-09T20:42:21.851+0000] {dag.py:3820} INFO - Setting next_dagrun for example_branch_datetime_operator to 2024-01-08T00:00:00+00:00, run_after=2024-01-09T00:00:00+00:00
[2024-01-09T20:42:21.854+0000] {logging_mixin.py:188} INFO - [2024-01-09T20:42:21.854+0000] {dag.py:3820} INFO - Setting next_dagrun for example_branch_datetime_operator_2 to 2024-01-08T00:00:00+00:00, run_after=2024-01-09T00:00:00+00:00
[2024-01-09T20:42:21.856+0000] {logging_mixin.py:188} INFO - [2024-01-09T20:42:21.856+0000] {dag.py:3820} INFO - Setting next_dagrun for example_branch_datetime_operator_3 to 2024-01-08T00:00:00+00:00, run_after=2024-01-09T00:00:00+00:00
[2024-01-09T20:42:21.864+0000] {processor.py:183} INFO - Processing /home/airflow/.local/lib/python3.8/site-packages/airflow/example_dags/example_branch_datetime_operator.py took 0.059 seconds
[2024-01-09T20:42:52.064+0000] {processor.py:161} INFO - Started process (PID=420) to work on /home/airflow/.local/lib/python3.8/site-packages/airflow/example_dags/example_branch_datetime_operator.py
[2024-01-09T20:42:52.066+0000] {processor.py:830} INFO - Processing file /home/airflow/.local/lib/python3.8/site-packages/airflow/example_dags/example_branch_datetime_operator.py for tasks to queue
[2024-01-09T20:42:52.068+0000] {logging_mixin.py:188} INFO - [2024-01-09T20:42:52.068+0000] {dagbag.py:538} INFO - Filling up the DagBag from /home/airflow/.local/lib/python3.8/site-packages/airflow/example_dags/example_branch_datetime_operator.py
[2024-01-09T20:42:52.075+0000] {processor.py:840} INFO - DAG(s) 'example_branch_datetime_operator_2', 'example_branch_datetime_operator', 'example_branch_datetime_operator_3' retrieved from /home/airflow/.local/lib/python3.8/site-packages/airflow/example_dags/example_branch_datetime_operator.py
[2024-01-09T20:42:52.095+0000] {logging_mixin.py:188} INFO - [2024-01-09T20:42:52.095+0000] {dag.py:3033} INFO - Sync 3 DAGs
[2024-01-09T20:42:52.111+0000] {logging_mixin.py:188} INFO - [2024-01-09T20:42:52.111+0000] {dag.py:3820} INFO - Setting next_dagrun for example_branch_datetime_operator to 2024-01-08T00:00:00+00:00, run_after=2024-01-09T00:00:00+00:00
[2024-01-09T20:42:52.114+0000] {logging_mixin.py:188} INFO - [2024-01-09T20:42:52.113+0000] {dag.py:3820} INFO - Setting next_dagrun for example_branch_datetime_operator_2 to 2024-01-08T00:00:00+00:00, run_after=2024-01-09T00:00:00+00:00
[2024-01-09T20:42:52.115+0000] {logging_mixin.py:188} INFO - [2024-01-09T20:42:52.115+0000] {dag.py:3820} INFO - Setting next_dagrun for example_branch_datetime_operator_3 to 2024-01-08T00:00:00+00:00, run_after=2024-01-09T00:00:00+00:00
[2024-01-09T20:42:52.125+0000] {processor.py:183} INFO - Processing /home/airflow/.local/lib/python3.8/site-packages/airflow/example_dags/example_branch_datetime_operator.py took 0.064 seconds
[2024-01-09T20:43:22.374+0000] {processor.py:161} INFO - Started process (PID=477) to work on /home/airflow/.local/lib/python3.8/site-packages/airflow/example_dags/example_branch_datetime_operator.py
[2024-01-09T20:43:22.375+0000] {processor.py:830} INFO - Processing file /home/airflow/.local/lib/python3.8/site-packages/airflow/example_dags/example_branch_datetime_operator.py for tasks to queue
[2024-01-09T20:43:22.377+0000] {logging_mixin.py:188} INFO - [2024-01-09T20:43:22.377+0000] {dagbag.py:538} INFO - Filling up the DagBag from /home/airflow/.local/lib/python3.8/site-packages/airflow/example_dags/example_branch_datetime_operator.py
[2024-01-09T20:43:22.388+0000] {processor.py:840} INFO - DAG(s) 'example_branch_datetime_operator_2', 'example_branch_datetime_operator_3', 'example_branch_datetime_operator' retrieved from /home/airflow/.local/lib/python3.8/site-packages/airflow/example_dags/example_branch_datetime_operator.py
[2024-01-09T20:43:22.412+0000] {logging_mixin.py:188} INFO - [2024-01-09T20:43:22.412+0000] {dag.py:3033} INFO - Sync 3 DAGs
[2024-01-09T20:43:22.434+0000] {logging_mixin.py:188} INFO - [2024-01-09T20:43:22.434+0000] {dag.py:3820} INFO - Setting next_dagrun for example_branch_datetime_operator to 2024-01-08T00:00:00+00:00, run_after=2024-01-09T00:00:00+00:00
[2024-01-09T20:43:22.439+0000] {logging_mixin.py:188} INFO - [2024-01-09T20:43:22.438+0000] {dag.py:3820} INFO - Setting next_dagrun for example_branch_datetime_operator_2 to 2024-01-08T00:00:00+00:00, run_after=2024-01-09T00:00:00+00:00
[2024-01-09T20:43:22.441+0000] {logging_mixin.py:188} INFO - [2024-01-09T20:43:22.441+0000] {dag.py:3820} INFO - Setting next_dagrun for example_branch_datetime_operator_3 to 2024-01-08T00:00:00+00:00, run_after=2024-01-09T00:00:00+00:00
[2024-01-09T20:43:22.454+0000] {processor.py:183} INFO - Processing /home/airflow/.local/lib/python3.8/site-packages/airflow/example_dags/example_branch_datetime_operator.py took 0.083 seconds
[2024-01-09T20:43:52.504+0000] {processor.py:161} INFO - Started process (PID=533) to work on /home/airflow/.local/lib/python3.8/site-packages/airflow/example_dags/example_branch_datetime_operator.py
[2024-01-09T20:43:52.505+0000] {processor.py:830} INFO - Processing file /home/airflow/.local/lib/python3.8/site-packages/airflow/example_dags/example_branch_datetime_operator.py for tasks to queue
[2024-01-09T20:43:52.508+0000] {logging_mixin.py:188} INFO - [2024-01-09T20:43:52.507+0000] {dagbag.py:538} INFO - Filling up the DagBag from /home/airflow/.local/lib/python3.8/site-packages/airflow/example_dags/example_branch_datetime_operator.py
[2024-01-09T20:43:52.517+0000] {processor.py:840} INFO - DAG(s) 'example_branch_datetime_operator_3', 'example_branch_datetime_operator', 'example_branch_datetime_operator_2' retrieved from /home/airflow/.local/lib/python3.8/site-packages/airflow/example_dags/example_branch_datetime_operator.py
[2024-01-09T20:43:52.538+0000] {logging_mixin.py:188} INFO - [2024-01-09T20:43:52.538+0000] {dag.py:3033} INFO - Sync 3 DAGs
[2024-01-09T20:43:52.557+0000] {logging_mixin.py:188} INFO - [2024-01-09T20:43:52.557+0000] {dag.py:3820} INFO - Setting next_dagrun for example_branch_datetime_operator to 2024-01-08T00:00:00+00:00, run_after=2024-01-09T00:00:00+00:00
[2024-01-09T20:43:52.560+0000] {logging_mixin.py:188} INFO - [2024-01-09T20:43:52.560+0000] {dag.py:3820} INFO - Setting next_dagrun for example_branch_datetime_operator_2 to 2024-01-08T00:00:00+00:00, run_after=2024-01-09T00:00:00+00:00
[2024-01-09T20:43:52.562+0000] {logging_mixin.py:188} INFO - [2024-01-09T20:43:52.562+0000] {dag.py:3820} INFO - Setting next_dagrun for example_branch_datetime_operator_3 to 2024-01-08T00:00:00+00:00, run_after=2024-01-09T00:00:00+00:00
[2024-01-09T20:43:52.575+0000] {processor.py:183} INFO - Processing /home/airflow/.local/lib/python3.8/site-packages/airflow/example_dags/example_branch_datetime_operator.py took 0.074 seconds
[2024-01-09T20:44:22.651+0000] {processor.py:161} INFO - Started process (PID=590) to work on /home/airflow/.local/lib/python3.8/site-packages/airflow/example_dags/example_branch_datetime_operator.py
[2024-01-09T20:44:22.651+0000] {processor.py:830} INFO - Processing file /home/airflow/.local/lib/python3.8/site-packages/airflow/example_dags/example_branch_datetime_operator.py for tasks to queue
[2024-01-09T20:44:22.653+0000] {logging_mixin.py:188} INFO - [2024-01-09T20:44:22.653+0000] {dagbag.py:538} INFO - Filling up the DagBag from /home/airflow/.local/lib/python3.8/site-packages/airflow/example_dags/example_branch_datetime_operator.py
[2024-01-09T20:44:22.661+0000] {processor.py:840} INFO - DAG(s) 'example_branch_datetime_operator', 'example_branch_datetime_operator_2', 'example_branch_datetime_operator_3' retrieved from /home/airflow/.local/lib/python3.8/site-packages/airflow/example_dags/example_branch_datetime_operator.py
[2024-01-09T20:44:22.678+0000] {logging_mixin.py:188} INFO - [2024-01-09T20:44:22.678+0000] {dag.py:3033} INFO - Sync 3 DAGs
[2024-01-09T20:44:22.694+0000] {logging_mixin.py:188} INFO - [2024-01-09T20:44:22.694+0000] {dag.py:3820} INFO - Setting next_dagrun for example_branch_datetime_operator to 2024-01-08T00:00:00+00:00, run_after=2024-01-09T00:00:00+00:00
[2024-01-09T20:44:22.696+0000] {logging_mixin.py:188} INFO - [2024-01-09T20:44:22.696+0000] {dag.py:3820} INFO - Setting next_dagrun for example_branch_datetime_operator_2 to 2024-01-08T00:00:00+00:00, run_after=2024-01-09T00:00:00+00:00
[2024-01-09T20:44:22.697+0000] {logging_mixin.py:188} INFO - [2024-01-09T20:44:22.697+0000] {dag.py:3820} INFO - Setting next_dagrun for example_branch_datetime_operator_3 to 2024-01-08T00:00:00+00:00, run_after=2024-01-09T00:00:00+00:00
[2024-01-09T20:44:22.705+0000] {processor.py:183} INFO - Processing /home/airflow/.local/lib/python3.8/site-packages/airflow/example_dags/example_branch_datetime_operator.py took 0.057 seconds
[2024-01-09T20:44:52.907+0000] {processor.py:161} INFO - Started process (PID=646) to work on /home/airflow/.local/lib/python3.8/site-packages/airflow/example_dags/example_branch_datetime_operator.py
[2024-01-09T20:44:52.908+0000] {processor.py:830} INFO - Processing file /home/airflow/.local/lib/python3.8/site-packages/airflow/example_dags/example_branch_datetime_operator.py for tasks to queue
[2024-01-09T20:44:52.910+0000] {logging_mixin.py:188} INFO - [2024-01-09T20:44:52.909+0000] {dagbag.py:538} INFO - Filling up the DagBag from /home/airflow/.local/lib/python3.8/site-packages/airflow/example_dags/example_branch_datetime_operator.py
[2024-01-09T20:44:52.918+0000] {processor.py:840} INFO - DAG(s) 'example_branch_datetime_operator_3', 'example_branch_datetime_operator', 'example_branch_datetime_operator_2' retrieved from /home/airflow/.local/lib/python3.8/site-packages/airflow/example_dags/example_branch_datetime_operator.py
[2024-01-09T20:44:52.937+0000] {logging_mixin.py:188} INFO - [2024-01-09T20:44:52.937+0000] {dag.py:3033} INFO - Sync 3 DAGs
[2024-01-09T20:44:52.953+0000] {logging_mixin.py:188} INFO - [2024-01-09T20:44:52.953+0000] {dag.py:3820} INFO - Setting next_dagrun for example_branch_datetime_operator to 2024-01-08T00:00:00+00:00, run_after=2024-01-09T00:00:00+00:00
[2024-01-09T20:44:52.960+0000] {logging_mixin.py:188} INFO - [2024-01-09T20:44:52.960+0000] {dag.py:3820} INFO - Setting next_dagrun for example_branch_datetime_operator_2 to 2024-01-08T00:00:00+00:00, run_after=2024-01-09T00:00:00+00:00
[2024-01-09T20:44:52.962+0000] {logging_mixin.py:188} INFO - [2024-01-09T20:44:52.962+0000] {dag.py:3820} INFO - Setting next_dagrun for example_branch_datetime_operator_3 to 2024-01-08T00:00:00+00:00, run_after=2024-01-09T00:00:00+00:00
[2024-01-09T20:44:52.974+0000] {processor.py:183} INFO - Processing /home/airflow/.local/lib/python3.8/site-packages/airflow/example_dags/example_branch_datetime_operator.py took 0.069 seconds
[2024-01-09T20:45:23.328+0000] {processor.py:161} INFO - Started process (PID=703) to work on /home/airflow/.local/lib/python3.8/site-packages/airflow/example_dags/example_branch_datetime_operator.py
[2024-01-09T20:45:23.329+0000] {processor.py:830} INFO - Processing file /home/airflow/.local/lib/python3.8/site-packages/airflow/example_dags/example_branch_datetime_operator.py for tasks to queue
[2024-01-09T20:45:23.330+0000] {logging_mixin.py:188} INFO - [2024-01-09T20:45:23.330+0000] {dagbag.py:538} INFO - Filling up the DagBag from /home/airflow/.local/lib/python3.8/site-packages/airflow/example_dags/example_branch_datetime_operator.py
[2024-01-09T20:45:23.341+0000] {processor.py:840} INFO - DAG(s) 'example_branch_datetime_operator_3', 'example_branch_datetime_operator', 'example_branch_datetime_operator_2' retrieved from /home/airflow/.local/lib/python3.8/site-packages/airflow/example_dags/example_branch_datetime_operator.py
[2024-01-09T20:45:23.360+0000] {logging_mixin.py:188} INFO - [2024-01-09T20:45:23.360+0000] {dag.py:3033} INFO - Sync 3 DAGs
[2024-01-09T20:45:23.377+0000] {logging_mixin.py:188} INFO - [2024-01-09T20:45:23.377+0000] {dag.py:3820} INFO - Setting next_dagrun for example_branch_datetime_operator to 2024-01-08T00:00:00+00:00, run_after=2024-01-09T00:00:00+00:00
[2024-01-09T20:45:23.380+0000] {logging_mixin.py:188} INFO - [2024-01-09T20:45:23.380+0000] {dag.py:3820} INFO - Setting next_dagrun for example_branch_datetime_operator_2 to 2024-01-08T00:00:00+00:00, run_after=2024-01-09T00:00:00+00:00
[2024-01-09T20:45:23.381+0000] {logging_mixin.py:188} INFO - [2024-01-09T20:45:23.381+0000] {dag.py:3820} INFO - Setting next_dagrun for example_branch_datetime_operator_3 to 2024-01-08T00:00:00+00:00, run_after=2024-01-09T00:00:00+00:00
[2024-01-09T20:45:23.392+0000] {processor.py:183} INFO - Processing /home/airflow/.local/lib/python3.8/site-packages/airflow/example_dags/example_branch_datetime_operator.py took 0.066 seconds
[2024-01-09T20:45:53.604+0000] {processor.py:161} INFO - Started process (PID=760) to work on /home/airflow/.local/lib/python3.8/site-packages/airflow/example_dags/example_branch_datetime_operator.py
[2024-01-09T20:45:53.605+0000] {processor.py:830} INFO - Processing file /home/airflow/.local/lib/python3.8/site-packages/airflow/example_dags/example_branch_datetime_operator.py for tasks to queue
[2024-01-09T20:45:53.607+0000] {logging_mixin.py:188} INFO - [2024-01-09T20:45:53.606+0000] {dagbag.py:538} INFO - Filling up the DagBag from /home/airflow/.local/lib/python3.8/site-packages/airflow/example_dags/example_branch_datetime_operator.py
[2024-01-09T20:45:53.613+0000] {processor.py:840} INFO - DAG(s) 'example_branch_datetime_operator', 'example_branch_datetime_operator_2', 'example_branch_datetime_operator_3' retrieved from /home/airflow/.local/lib/python3.8/site-packages/airflow/example_dags/example_branch_datetime_operator.py
[2024-01-09T20:45:53.632+0000] {logging_mixin.py:188} INFO - [2024-01-09T20:45:53.632+0000] {dag.py:3033} INFO - Sync 3 DAGs
[2024-01-09T20:45:53.649+0000] {logging_mixin.py:188} INFO - [2024-01-09T20:45:53.649+0000] {dag.py:3820} INFO - Setting next_dagrun for example_branch_datetime_operator to 2024-01-08T00:00:00+00:00, run_after=2024-01-09T00:00:00+00:00
[2024-01-09T20:45:53.651+0000] {logging_mixin.py:188} INFO - [2024-01-09T20:45:53.651+0000] {dag.py:3820} INFO - Setting next_dagrun for example_branch_datetime_operator_2 to 2024-01-08T00:00:00+00:00, run_after=2024-01-09T00:00:00+00:00
[2024-01-09T20:45:53.652+0000] {logging_mixin.py:188} INFO - [2024-01-09T20:45:53.652+0000] {dag.py:3820} INFO - Setting next_dagrun for example_branch_datetime_operator_3 to 2024-01-08T00:00:00+00:00, run_after=2024-01-09T00:00:00+00:00
[2024-01-09T20:45:53.662+0000] {processor.py:183} INFO - Processing /home/airflow/.local/lib/python3.8/site-packages/airflow/example_dags/example_branch_datetime_operator.py took 0.063 seconds
[2024-01-09T20:46:23.713+0000] {processor.py:161} INFO - Started process (PID=817) to work on /home/airflow/.local/lib/python3.8/site-packages/airflow/example_dags/example_branch_datetime_operator.py
[2024-01-09T20:46:23.714+0000] {processor.py:830} INFO - Processing file /home/airflow/.local/lib/python3.8/site-packages/airflow/example_dags/example_branch_datetime_operator.py for tasks to queue
[2024-01-09T20:46:23.717+0000] {logging_mixin.py:188} INFO - [2024-01-09T20:46:23.716+0000] {dagbag.py:538} INFO - Filling up the DagBag from /home/airflow/.local/lib/python3.8/site-packages/airflow/example_dags/example_branch_datetime_operator.py
[2024-01-09T20:46:23.725+0000] {processor.py:840} INFO - DAG(s) 'example_branch_datetime_operator_2', 'example_branch_datetime_operator_3', 'example_branch_datetime_operator' retrieved from /home/airflow/.local/lib/python3.8/site-packages/airflow/example_dags/example_branch_datetime_operator.py
[2024-01-09T20:46:23.746+0000] {logging_mixin.py:188} INFO - [2024-01-09T20:46:23.746+0000] {dag.py:3033} INFO - Sync 3 DAGs
[2024-01-09T20:46:23.761+0000] {logging_mixin.py:188} INFO - [2024-01-09T20:46:23.760+0000] {dag.py:3820} INFO - Setting next_dagrun for example_branch_datetime_operator to 2024-01-08T00:00:00+00:00, run_after=2024-01-09T00:00:00+00:00
[2024-01-09T20:46:23.763+0000] {logging_mixin.py:188} INFO - [2024-01-09T20:46:23.763+0000] {dag.py:3820} INFO - Setting next_dagrun for example_branch_datetime_operator_2 to 2024-01-08T00:00:00+00:00, run_after=2024-01-09T00:00:00+00:00
[2024-01-09T20:46:23.764+0000] {logging_mixin.py:188} INFO - [2024-01-09T20:46:23.764+0000] {dag.py:3820} INFO - Setting next_dagrun for example_branch_datetime_operator_3 to 2024-01-08T00:00:00+00:00, run_after=2024-01-09T00:00:00+00:00
[2024-01-09T20:46:23.775+0000] {processor.py:183} INFO - Processing /home/airflow/.local/lib/python3.8/site-packages/airflow/example_dags/example_branch_datetime_operator.py took 0.066 seconds
[2024-01-09T20:46:53.951+0000] {processor.py:161} INFO - Started process (PID=874) to work on /home/airflow/.local/lib/python3.8/site-packages/airflow/example_dags/example_branch_datetime_operator.py
[2024-01-09T20:46:53.952+0000] {processor.py:830} INFO - Processing file /home/airflow/.local/lib/python3.8/site-packages/airflow/example_dags/example_branch_datetime_operator.py for tasks to queue
[2024-01-09T20:46:53.954+0000] {logging_mixin.py:188} INFO - [2024-01-09T20:46:53.954+0000] {dagbag.py:538} INFO - Filling up the DagBag from /home/airflow/.local/lib/python3.8/site-packages/airflow/example_dags/example_branch_datetime_operator.py
[2024-01-09T20:46:53.963+0000] {processor.py:840} INFO - DAG(s) 'example_branch_datetime_operator_3', 'example_branch_datetime_operator', 'example_branch_datetime_operator_2' retrieved from /home/airflow/.local/lib/python3.8/site-packages/airflow/example_dags/example_branch_datetime_operator.py
[2024-01-09T20:46:53.986+0000] {logging_mixin.py:188} INFO - [2024-01-09T20:46:53.986+0000] {dag.py:3033} INFO - Sync 3 DAGs
[2024-01-09T20:46:54.003+0000] {logging_mixin.py:188} INFO - [2024-01-09T20:46:54.003+0000] {dag.py:3820} INFO - Setting next_dagrun for example_branch_datetime_operator to 2024-01-08T00:00:00+00:00, run_after=2024-01-09T00:00:00+00:00
[2024-01-09T20:46:54.007+0000] {logging_mixin.py:188} INFO - [2024-01-09T20:46:54.007+0000] {dag.py:3820} INFO - Setting next_dagrun for example_branch_datetime_operator_2 to 2024-01-08T00:00:00+00:00, run_after=2024-01-09T00:00:00+00:00
[2024-01-09T20:46:54.010+0000] {logging_mixin.py:188} INFO - [2024-01-09T20:46:54.010+0000] {dag.py:3820} INFO - Setting next_dagrun for example_branch_datetime_operator_3 to 2024-01-08T00:00:00+00:00, run_after=2024-01-09T00:00:00+00:00
[2024-01-09T20:46:54.020+0000] {processor.py:183} INFO - Processing /home/airflow/.local/lib/python3.8/site-packages/airflow/example_dags/example_branch_datetime_operator.py took 0.073 seconds
[2024-01-09T20:47:24.159+0000] {processor.py:161} INFO - Started process (PID=931) to work on /home/airflow/.local/lib/python3.8/site-packages/airflow/example_dags/example_branch_datetime_operator.py
[2024-01-09T20:47:24.159+0000] {processor.py:830} INFO - Processing file /home/airflow/.local/lib/python3.8/site-packages/airflow/example_dags/example_branch_datetime_operator.py for tasks to queue
[2024-01-09T20:47:24.161+0000] {logging_mixin.py:188} INFO - [2024-01-09T20:47:24.161+0000] {dagbag.py:538} INFO - Filling up the DagBag from /home/airflow/.local/lib/python3.8/site-packages/airflow/example_dags/example_branch_datetime_operator.py
[2024-01-09T20:47:24.169+0000] {processor.py:840} INFO - DAG(s) 'example_branch_datetime_operator_2', 'example_branch_datetime_operator', 'example_branch_datetime_operator_3' retrieved from /home/airflow/.local/lib/python3.8/site-packages/airflow/example_dags/example_branch_datetime_operator.py
[2024-01-09T20:47:24.188+0000] {logging_mixin.py:188} INFO - [2024-01-09T20:47:24.188+0000] {dag.py:3033} INFO - Sync 3 DAGs
[2024-01-09T20:47:24.209+0000] {logging_mixin.py:188} INFO - [2024-01-09T20:47:24.209+0000] {dag.py:3820} INFO - Setting next_dagrun for example_branch_datetime_operator to 2024-01-08T00:00:00+00:00, run_after=2024-01-09T00:00:00+00:00
[2024-01-09T20:47:24.213+0000] {logging_mixin.py:188} INFO - [2024-01-09T20:47:24.213+0000] {dag.py:3820} INFO - Setting next_dagrun for example_branch_datetime_operator_2 to 2024-01-08T00:00:00+00:00, run_after=2024-01-09T00:00:00+00:00
[2024-01-09T20:47:24.215+0000] {logging_mixin.py:188} INFO - [2024-01-09T20:47:24.215+0000] {dag.py:3820} INFO - Setting next_dagrun for example_branch_datetime_operator_3 to 2024-01-08T00:00:00+00:00, run_after=2024-01-09T00:00:00+00:00
[2024-01-09T20:47:24.226+0000] {processor.py:183} INFO - Processing /home/airflow/.local/lib/python3.8/site-packages/airflow/example_dags/example_branch_datetime_operator.py took 0.072 seconds
[2024-01-09T20:47:54.483+0000] {processor.py:161} INFO - Started process (PID=987) to work on /home/airflow/.local/lib/python3.8/site-packages/airflow/example_dags/example_branch_datetime_operator.py
[2024-01-09T20:47:54.484+0000] {processor.py:830} INFO - Processing file /home/airflow/.local/lib/python3.8/site-packages/airflow/example_dags/example_branch_datetime_operator.py for tasks to queue
[2024-01-09T20:47:54.486+0000] {logging_mixin.py:188} INFO - [2024-01-09T20:47:54.486+0000] {dagbag.py:538} INFO - Filling up the DagBag from /home/airflow/.local/lib/python3.8/site-packages/airflow/example_dags/example_branch_datetime_operator.py
[2024-01-09T20:47:54.494+0000] {processor.py:840} INFO - DAG(s) 'example_branch_datetime_operator_3', 'example_branch_datetime_operator', 'example_branch_datetime_operator_2' retrieved from /home/airflow/.local/lib/python3.8/site-packages/airflow/example_dags/example_branch_datetime_operator.py
[2024-01-09T20:47:54.520+0000] {logging_mixin.py:188} INFO - [2024-01-09T20:47:54.519+0000] {dag.py:3033} INFO - Sync 3 DAGs
[2024-01-09T20:47:54.543+0000] {logging_mixin.py:188} INFO - [2024-01-09T20:47:54.543+0000] {dag.py:3820} INFO - Setting next_dagrun for example_branch_datetime_operator to 2024-01-08T00:00:00+00:00, run_after=2024-01-09T00:00:00+00:00
[2024-01-09T20:47:54.547+0000] {logging_mixin.py:188} INFO - [2024-01-09T20:47:54.547+0000] {dag.py:3820} INFO - Setting next_dagrun for example_branch_datetime_operator_2 to 2024-01-08T00:00:00+00:00, run_after=2024-01-09T00:00:00+00:00
[2024-01-09T20:47:54.549+0000] {logging_mixin.py:188} INFO - [2024-01-09T20:47:54.549+0000] {dag.py:3820} INFO - Setting next_dagrun for example_branch_datetime_operator_3 to 2024-01-08T00:00:00+00:00, run_after=2024-01-09T00:00:00+00:00
[2024-01-09T20:47:54.560+0000] {processor.py:183} INFO - Processing /home/airflow/.local/lib/python3.8/site-packages/airflow/example_dags/example_branch_datetime_operator.py took 0.081 seconds
[2024-01-09T20:48:25.379+0000] {processor.py:161} INFO - Started process (PID=1044) to work on /home/airflow/.local/lib/python3.8/site-packages/airflow/example_dags/example_branch_datetime_operator.py
[2024-01-09T20:48:25.380+0000] {processor.py:830} INFO - Processing file /home/airflow/.local/lib/python3.8/site-packages/airflow/example_dags/example_branch_datetime_operator.py for tasks to queue
[2024-01-09T20:48:25.383+0000] {logging_mixin.py:188} INFO - [2024-01-09T20:48:25.382+0000] {dagbag.py:538} INFO - Filling up the DagBag from /home/airflow/.local/lib/python3.8/site-packages/airflow/example_dags/example_branch_datetime_operator.py
[2024-01-09T20:48:25.430+0000] {processor.py:840} INFO - DAG(s) 'example_branch_datetime_operator_3', 'example_branch_datetime_operator', 'example_branch_datetime_operator_2' retrieved from /home/airflow/.local/lib/python3.8/site-packages/airflow/example_dags/example_branch_datetime_operator.py
[2024-01-09T20:48:25.494+0000] {logging_mixin.py:188} INFO - [2024-01-09T20:48:25.494+0000] {dag.py:3033} INFO - Sync 3 DAGs
[2024-01-09T20:48:25.523+0000] {logging_mixin.py:188} INFO - [2024-01-09T20:48:25.522+0000] {dag.py:3820} INFO - Setting next_dagrun for example_branch_datetime_operator to 2024-01-08T00:00:00+00:00, run_after=2024-01-09T00:00:00+00:00
[2024-01-09T20:48:25.528+0000] {logging_mixin.py:188} INFO - [2024-01-09T20:48:25.528+0000] {dag.py:3820} INFO - Setting next_dagrun for example_branch_datetime_operator_2 to 2024-01-08T00:00:00+00:00, run_after=2024-01-09T00:00:00+00:00
[2024-01-09T20:48:25.531+0000] {logging_mixin.py:188} INFO - [2024-01-09T20:48:25.531+0000] {dag.py:3820} INFO - Setting next_dagrun for example_branch_datetime_operator_3 to 2024-01-08T00:00:00+00:00, run_after=2024-01-09T00:00:00+00:00
[2024-01-09T20:48:25.548+0000] {processor.py:183} INFO - Processing /home/airflow/.local/lib/python3.8/site-packages/airflow/example_dags/example_branch_datetime_operator.py took 0.175 seconds
