[2024-01-09T20:39:48.094+0000] {processor.py:161} INFO - Started process (PID=65) to work on /home/airflow/.local/lib/python3.8/site-packages/airflow/example_dags/example_trigger_controller_dag.py
[2024-01-09T20:39:48.096+0000] {processor.py:830} INFO - Processing file /home/airflow/.local/lib/python3.8/site-packages/airflow/example_dags/example_trigger_controller_dag.py for tasks to queue
[2024-01-09T20:39:48.101+0000] {logging_mixin.py:188} INFO - [2024-01-09T20:39:48.101+0000] {dagbag.py:538} INFO - Filling up the DagBag from /home/airflow/.local/lib/python3.8/site-packages/airflow/example_dags/example_trigger_controller_dag.py
[2024-01-09T20:39:48.117+0000] {processor.py:840} INFO - DAG(s) 'example_trigger_controller_dag' retrieved from /home/airflow/.local/lib/python3.8/site-packages/airflow/example_dags/example_trigger_controller_dag.py
[2024-01-09T20:39:48.291+0000] {logging_mixin.py:188} INFO - [2024-01-09T20:39:48.290+0000] {override.py:1769} INFO - Created Permission View: can delete on DAG:example_trigger_controller_dag
[2024-01-09T20:39:48.307+0000] {logging_mixin.py:188} INFO - [2024-01-09T20:39:48.306+0000] {override.py:1769} INFO - Created Permission View: can read on DAG:example_trigger_controller_dag
[2024-01-09T20:39:48.320+0000] {logging_mixin.py:188} INFO - [2024-01-09T20:39:48.319+0000] {override.py:1769} INFO - Created Permission View: can edit on DAG:example_trigger_controller_dag
[2024-01-09T20:39:48.321+0000] {logging_mixin.py:188} INFO - [2024-01-09T20:39:48.321+0000] {dag.py:3033} INFO - Sync 1 DAGs
[2024-01-09T20:39:48.343+0000] {logging_mixin.py:188} INFO - [2024-01-09T20:39:48.342+0000] {dag.py:3055} INFO - Creating ORM DAG for example_trigger_controller_dag
[2024-01-09T20:39:48.358+0000] {logging_mixin.py:188} INFO - [2024-01-09T20:39:48.357+0000] {dag.py:3820} INFO - Setting next_dagrun for example_trigger_controller_dag to 2021-01-01T00:00:00+00:00, run_after=2021-01-01T00:00:00+00:00
[2024-01-09T20:39:48.388+0000] {processor.py:183} INFO - Processing /home/airflow/.local/lib/python3.8/site-packages/airflow/example_dags/example_trigger_controller_dag.py took 0.300 seconds
[2024-01-09T20:40:18.561+0000] {processor.py:161} INFO - Started process (PID=122) to work on /home/airflow/.local/lib/python3.8/site-packages/airflow/example_dags/example_trigger_controller_dag.py
[2024-01-09T20:40:18.562+0000] {processor.py:830} INFO - Processing file /home/airflow/.local/lib/python3.8/site-packages/airflow/example_dags/example_trigger_controller_dag.py for tasks to queue
[2024-01-09T20:40:18.563+0000] {logging_mixin.py:188} INFO - [2024-01-09T20:40:18.563+0000] {dagbag.py:538} INFO - Filling up the DagBag from /home/airflow/.local/lib/python3.8/site-packages/airflow/example_dags/example_trigger_controller_dag.py
[2024-01-09T20:40:18.568+0000] {processor.py:840} INFO - DAG(s) 'example_trigger_controller_dag' retrieved from /home/airflow/.local/lib/python3.8/site-packages/airflow/example_dags/example_trigger_controller_dag.py
[2024-01-09T20:40:18.584+0000] {logging_mixin.py:188} INFO - [2024-01-09T20:40:18.584+0000] {dag.py:3033} INFO - Sync 1 DAGs
[2024-01-09T20:40:18.602+0000] {logging_mixin.py:188} INFO - [2024-01-09T20:40:18.602+0000] {dag.py:3820} INFO - Setting next_dagrun for example_trigger_controller_dag to 2021-01-01T00:00:00+00:00, run_after=2021-01-01T00:00:00+00:00
[2024-01-09T20:40:18.613+0000] {processor.py:183} INFO - Processing /home/airflow/.local/lib/python3.8/site-packages/airflow/example_dags/example_trigger_controller_dag.py took 0.056 seconds
[2024-01-09T20:40:48.708+0000] {processor.py:161} INFO - Started process (PID=179) to work on /home/airflow/.local/lib/python3.8/site-packages/airflow/example_dags/example_trigger_controller_dag.py
[2024-01-09T20:40:48.709+0000] {processor.py:830} INFO - Processing file /home/airflow/.local/lib/python3.8/site-packages/airflow/example_dags/example_trigger_controller_dag.py for tasks to queue
[2024-01-09T20:40:48.711+0000] {logging_mixin.py:188} INFO - [2024-01-09T20:40:48.711+0000] {dagbag.py:538} INFO - Filling up the DagBag from /home/airflow/.local/lib/python3.8/site-packages/airflow/example_dags/example_trigger_controller_dag.py
[2024-01-09T20:40:48.714+0000] {processor.py:840} INFO - DAG(s) 'example_trigger_controller_dag' retrieved from /home/airflow/.local/lib/python3.8/site-packages/airflow/example_dags/example_trigger_controller_dag.py
[2024-01-09T20:40:48.726+0000] {logging_mixin.py:188} INFO - [2024-01-09T20:40:48.726+0000] {dag.py:3033} INFO - Sync 1 DAGs
[2024-01-09T20:40:48.738+0000] {logging_mixin.py:188} INFO - [2024-01-09T20:40:48.737+0000] {dag.py:3820} INFO - Setting next_dagrun for example_trigger_controller_dag to 2021-01-01T00:00:00+00:00, run_after=2021-01-01T00:00:00+00:00
[2024-01-09T20:40:48.747+0000] {processor.py:183} INFO - Processing /home/airflow/.local/lib/python3.8/site-packages/airflow/example_dags/example_trigger_controller_dag.py took 0.042 seconds
[2024-01-09T20:41:18.928+0000] {processor.py:161} INFO - Started process (PID=236) to work on /home/airflow/.local/lib/python3.8/site-packages/airflow/example_dags/example_trigger_controller_dag.py
[2024-01-09T20:41:18.929+0000] {processor.py:830} INFO - Processing file /home/airflow/.local/lib/python3.8/site-packages/airflow/example_dags/example_trigger_controller_dag.py for tasks to queue
[2024-01-09T20:41:18.931+0000] {logging_mixin.py:188} INFO - [2024-01-09T20:41:18.931+0000] {dagbag.py:538} INFO - Filling up the DagBag from /home/airflow/.local/lib/python3.8/site-packages/airflow/example_dags/example_trigger_controller_dag.py
[2024-01-09T20:41:18.934+0000] {processor.py:840} INFO - DAG(s) 'example_trigger_controller_dag' retrieved from /home/airflow/.local/lib/python3.8/site-packages/airflow/example_dags/example_trigger_controller_dag.py
[2024-01-09T20:41:18.945+0000] {logging_mixin.py:188} INFO - [2024-01-09T20:41:18.945+0000] {dag.py:3033} INFO - Sync 1 DAGs
[2024-01-09T20:41:18.958+0000] {logging_mixin.py:188} INFO - [2024-01-09T20:41:18.958+0000] {dag.py:3820} INFO - Setting next_dagrun for example_trigger_controller_dag to 2021-01-01T00:00:00+00:00, run_after=2021-01-01T00:00:00+00:00
[2024-01-09T20:41:18.966+0000] {processor.py:183} INFO - Processing /home/airflow/.local/lib/python3.8/site-packages/airflow/example_dags/example_trigger_controller_dag.py took 0.041 seconds
[2024-01-09T20:41:49.075+0000] {processor.py:161} INFO - Started process (PID=293) to work on /home/airflow/.local/lib/python3.8/site-packages/airflow/example_dags/example_trigger_controller_dag.py
[2024-01-09T20:41:49.076+0000] {processor.py:830} INFO - Processing file /home/airflow/.local/lib/python3.8/site-packages/airflow/example_dags/example_trigger_controller_dag.py for tasks to queue
[2024-01-09T20:41:49.077+0000] {logging_mixin.py:188} INFO - [2024-01-09T20:41:49.077+0000] {dagbag.py:538} INFO - Filling up the DagBag from /home/airflow/.local/lib/python3.8/site-packages/airflow/example_dags/example_trigger_controller_dag.py
[2024-01-09T20:41:49.081+0000] {processor.py:840} INFO - DAG(s) 'example_trigger_controller_dag' retrieved from /home/airflow/.local/lib/python3.8/site-packages/airflow/example_dags/example_trigger_controller_dag.py
[2024-01-09T20:41:49.092+0000] {logging_mixin.py:188} INFO - [2024-01-09T20:41:49.092+0000] {dag.py:3033} INFO - Sync 1 DAGs
[2024-01-09T20:41:49.106+0000] {logging_mixin.py:188} INFO - [2024-01-09T20:41:49.106+0000] {dag.py:3820} INFO - Setting next_dagrun for example_trigger_controller_dag to 2021-01-01T00:00:00+00:00, run_after=2021-01-01T00:00:00+00:00
[2024-01-09T20:41:49.116+0000] {processor.py:183} INFO - Processing /home/airflow/.local/lib/python3.8/site-packages/airflow/example_dags/example_trigger_controller_dag.py took 0.044 seconds
[2024-01-09T20:42:19.331+0000] {processor.py:161} INFO - Started process (PID=350) to work on /home/airflow/.local/lib/python3.8/site-packages/airflow/example_dags/example_trigger_controller_dag.py
[2024-01-09T20:42:19.332+0000] {processor.py:830} INFO - Processing file /home/airflow/.local/lib/python3.8/site-packages/airflow/example_dags/example_trigger_controller_dag.py for tasks to queue
[2024-01-09T20:42:19.334+0000] {logging_mixin.py:188} INFO - [2024-01-09T20:42:19.334+0000] {dagbag.py:538} INFO - Filling up the DagBag from /home/airflow/.local/lib/python3.8/site-packages/airflow/example_dags/example_trigger_controller_dag.py
[2024-01-09T20:42:19.337+0000] {processor.py:840} INFO - DAG(s) 'example_trigger_controller_dag' retrieved from /home/airflow/.local/lib/python3.8/site-packages/airflow/example_dags/example_trigger_controller_dag.py
[2024-01-09T20:42:19.349+0000] {logging_mixin.py:188} INFO - [2024-01-09T20:42:19.348+0000] {dag.py:3033} INFO - Sync 1 DAGs
[2024-01-09T20:42:19.361+0000] {logging_mixin.py:188} INFO - [2024-01-09T20:42:19.361+0000] {dag.py:3820} INFO - Setting next_dagrun for example_trigger_controller_dag to 2021-01-01T00:00:00+00:00, run_after=2021-01-01T00:00:00+00:00
[2024-01-09T20:42:19.369+0000] {processor.py:183} INFO - Processing /home/airflow/.local/lib/python3.8/site-packages/airflow/example_dags/example_trigger_controller_dag.py took 0.041 seconds
[2024-01-09T20:42:49.512+0000] {processor.py:161} INFO - Started process (PID=407) to work on /home/airflow/.local/lib/python3.8/site-packages/airflow/example_dags/example_trigger_controller_dag.py
[2024-01-09T20:42:49.513+0000] {processor.py:830} INFO - Processing file /home/airflow/.local/lib/python3.8/site-packages/airflow/example_dags/example_trigger_controller_dag.py for tasks to queue
[2024-01-09T20:42:49.515+0000] {logging_mixin.py:188} INFO - [2024-01-09T20:42:49.514+0000] {dagbag.py:538} INFO - Filling up the DagBag from /home/airflow/.local/lib/python3.8/site-packages/airflow/example_dags/example_trigger_controller_dag.py
[2024-01-09T20:42:49.518+0000] {processor.py:840} INFO - DAG(s) 'example_trigger_controller_dag' retrieved from /home/airflow/.local/lib/python3.8/site-packages/airflow/example_dags/example_trigger_controller_dag.py
[2024-01-09T20:42:49.534+0000] {logging_mixin.py:188} INFO - [2024-01-09T20:42:49.534+0000] {dag.py:3033} INFO - Sync 1 DAGs
[2024-01-09T20:42:49.548+0000] {logging_mixin.py:188} INFO - [2024-01-09T20:42:49.548+0000] {dag.py:3820} INFO - Setting next_dagrun for example_trigger_controller_dag to 2021-01-01T00:00:00+00:00, run_after=2021-01-01T00:00:00+00:00
[2024-01-09T20:42:49.575+0000] {processor.py:183} INFO - Processing /home/airflow/.local/lib/python3.8/site-packages/airflow/example_dags/example_trigger_controller_dag.py took 0.066 seconds
[2024-01-09T20:43:19.651+0000] {processor.py:161} INFO - Started process (PID=464) to work on /home/airflow/.local/lib/python3.8/site-packages/airflow/example_dags/example_trigger_controller_dag.py
[2024-01-09T20:43:19.653+0000] {processor.py:830} INFO - Processing file /home/airflow/.local/lib/python3.8/site-packages/airflow/example_dags/example_trigger_controller_dag.py for tasks to queue
[2024-01-09T20:43:19.655+0000] {logging_mixin.py:188} INFO - [2024-01-09T20:43:19.654+0000] {dagbag.py:538} INFO - Filling up the DagBag from /home/airflow/.local/lib/python3.8/site-packages/airflow/example_dags/example_trigger_controller_dag.py
[2024-01-09T20:43:19.659+0000] {processor.py:840} INFO - DAG(s) 'example_trigger_controller_dag' retrieved from /home/airflow/.local/lib/python3.8/site-packages/airflow/example_dags/example_trigger_controller_dag.py
[2024-01-09T20:43:19.672+0000] {logging_mixin.py:188} INFO - [2024-01-09T20:43:19.672+0000] {dag.py:3033} INFO - Sync 1 DAGs
[2024-01-09T20:43:19.687+0000] {logging_mixin.py:188} INFO - [2024-01-09T20:43:19.687+0000] {dag.py:3820} INFO - Setting next_dagrun for example_trigger_controller_dag to 2021-01-01T00:00:00+00:00, run_after=2021-01-01T00:00:00+00:00
[2024-01-09T20:43:19.697+0000] {processor.py:183} INFO - Processing /home/airflow/.local/lib/python3.8/site-packages/airflow/example_dags/example_trigger_controller_dag.py took 0.050 seconds
[2024-01-09T20:43:49.964+0000] {processor.py:161} INFO - Started process (PID=520) to work on /home/airflow/.local/lib/python3.8/site-packages/airflow/example_dags/example_trigger_controller_dag.py
[2024-01-09T20:43:49.965+0000] {processor.py:830} INFO - Processing file /home/airflow/.local/lib/python3.8/site-packages/airflow/example_dags/example_trigger_controller_dag.py for tasks to queue
[2024-01-09T20:43:49.967+0000] {logging_mixin.py:188} INFO - [2024-01-09T20:43:49.966+0000] {dagbag.py:538} INFO - Filling up the DagBag from /home/airflow/.local/lib/python3.8/site-packages/airflow/example_dags/example_trigger_controller_dag.py
[2024-01-09T20:43:49.970+0000] {processor.py:840} INFO - DAG(s) 'example_trigger_controller_dag' retrieved from /home/airflow/.local/lib/python3.8/site-packages/airflow/example_dags/example_trigger_controller_dag.py
[2024-01-09T20:43:49.987+0000] {logging_mixin.py:188} INFO - [2024-01-09T20:43:49.987+0000] {dag.py:3033} INFO - Sync 1 DAGs
[2024-01-09T20:43:50.001+0000] {logging_mixin.py:188} INFO - [2024-01-09T20:43:50.001+0000] {dag.py:3820} INFO - Setting next_dagrun for example_trigger_controller_dag to 2021-01-01T00:00:00+00:00, run_after=2021-01-01T00:00:00+00:00
[2024-01-09T20:43:50.011+0000] {processor.py:183} INFO - Processing /home/airflow/.local/lib/python3.8/site-packages/airflow/example_dags/example_trigger_controller_dag.py took 0.051 seconds
[2024-01-09T20:44:20.216+0000] {processor.py:161} INFO - Started process (PID=577) to work on /home/airflow/.local/lib/python3.8/site-packages/airflow/example_dags/example_trigger_controller_dag.py
[2024-01-09T20:44:20.217+0000] {processor.py:830} INFO - Processing file /home/airflow/.local/lib/python3.8/site-packages/airflow/example_dags/example_trigger_controller_dag.py for tasks to queue
[2024-01-09T20:44:20.218+0000] {logging_mixin.py:188} INFO - [2024-01-09T20:44:20.218+0000] {dagbag.py:538} INFO - Filling up the DagBag from /home/airflow/.local/lib/python3.8/site-packages/airflow/example_dags/example_trigger_controller_dag.py
[2024-01-09T20:44:20.221+0000] {processor.py:840} INFO - DAG(s) 'example_trigger_controller_dag' retrieved from /home/airflow/.local/lib/python3.8/site-packages/airflow/example_dags/example_trigger_controller_dag.py
[2024-01-09T20:44:20.232+0000] {logging_mixin.py:188} INFO - [2024-01-09T20:44:20.232+0000] {dag.py:3033} INFO - Sync 1 DAGs
[2024-01-09T20:44:20.243+0000] {logging_mixin.py:188} INFO - [2024-01-09T20:44:20.243+0000] {dag.py:3820} INFO - Setting next_dagrun for example_trigger_controller_dag to 2021-01-01T00:00:00+00:00, run_after=2021-01-01T00:00:00+00:00
[2024-01-09T20:44:20.252+0000] {processor.py:183} INFO - Processing /home/airflow/.local/lib/python3.8/site-packages/airflow/example_dags/example_trigger_controller_dag.py took 0.039 seconds
[2024-01-09T20:44:50.429+0000] {processor.py:161} INFO - Started process (PID=633) to work on /home/airflow/.local/lib/python3.8/site-packages/airflow/example_dags/example_trigger_controller_dag.py
[2024-01-09T20:44:50.430+0000] {processor.py:830} INFO - Processing file /home/airflow/.local/lib/python3.8/site-packages/airflow/example_dags/example_trigger_controller_dag.py for tasks to queue
[2024-01-09T20:44:50.431+0000] {logging_mixin.py:188} INFO - [2024-01-09T20:44:50.431+0000] {dagbag.py:538} INFO - Filling up the DagBag from /home/airflow/.local/lib/python3.8/site-packages/airflow/example_dags/example_trigger_controller_dag.py
[2024-01-09T20:44:50.435+0000] {processor.py:840} INFO - DAG(s) 'example_trigger_controller_dag' retrieved from /home/airflow/.local/lib/python3.8/site-packages/airflow/example_dags/example_trigger_controller_dag.py
[2024-01-09T20:44:50.447+0000] {logging_mixin.py:188} INFO - [2024-01-09T20:44:50.447+0000] {dag.py:3033} INFO - Sync 1 DAGs
[2024-01-09T20:44:50.459+0000] {logging_mixin.py:188} INFO - [2024-01-09T20:44:50.459+0000] {dag.py:3820} INFO - Setting next_dagrun for example_trigger_controller_dag to 2021-01-01T00:00:00+00:00, run_after=2021-01-01T00:00:00+00:00
[2024-01-09T20:44:50.472+0000] {processor.py:183} INFO - Processing /home/airflow/.local/lib/python3.8/site-packages/airflow/example_dags/example_trigger_controller_dag.py took 0.047 seconds
[2024-01-09T20:45:20.800+0000] {processor.py:161} INFO - Started process (PID=690) to work on /home/airflow/.local/lib/python3.8/site-packages/airflow/example_dags/example_trigger_controller_dag.py
[2024-01-09T20:45:20.801+0000] {processor.py:830} INFO - Processing file /home/airflow/.local/lib/python3.8/site-packages/airflow/example_dags/example_trigger_controller_dag.py for tasks to queue
[2024-01-09T20:45:20.802+0000] {logging_mixin.py:188} INFO - [2024-01-09T20:45:20.802+0000] {dagbag.py:538} INFO - Filling up the DagBag from /home/airflow/.local/lib/python3.8/site-packages/airflow/example_dags/example_trigger_controller_dag.py
[2024-01-09T20:45:20.806+0000] {processor.py:840} INFO - DAG(s) 'example_trigger_controller_dag' retrieved from /home/airflow/.local/lib/python3.8/site-packages/airflow/example_dags/example_trigger_controller_dag.py
[2024-01-09T20:45:20.822+0000] {logging_mixin.py:188} INFO - [2024-01-09T20:45:20.822+0000] {dag.py:3033} INFO - Sync 1 DAGs
[2024-01-09T20:45:20.835+0000] {logging_mixin.py:188} INFO - [2024-01-09T20:45:20.835+0000] {dag.py:3820} INFO - Setting next_dagrun for example_trigger_controller_dag to 2021-01-01T00:00:00+00:00, run_after=2021-01-01T00:00:00+00:00
[2024-01-09T20:45:20.845+0000] {processor.py:183} INFO - Processing /home/airflow/.local/lib/python3.8/site-packages/airflow/example_dags/example_trigger_controller_dag.py took 0.048 seconds
[2024-01-09T20:45:50.999+0000] {processor.py:161} INFO - Started process (PID=747) to work on /home/airflow/.local/lib/python3.8/site-packages/airflow/example_dags/example_trigger_controller_dag.py
[2024-01-09T20:45:51.000+0000] {processor.py:830} INFO - Processing file /home/airflow/.local/lib/python3.8/site-packages/airflow/example_dags/example_trigger_controller_dag.py for tasks to queue
[2024-01-09T20:45:51.001+0000] {logging_mixin.py:188} INFO - [2024-01-09T20:45:51.001+0000] {dagbag.py:538} INFO - Filling up the DagBag from /home/airflow/.local/lib/python3.8/site-packages/airflow/example_dags/example_trigger_controller_dag.py
[2024-01-09T20:45:51.005+0000] {processor.py:840} INFO - DAG(s) 'example_trigger_controller_dag' retrieved from /home/airflow/.local/lib/python3.8/site-packages/airflow/example_dags/example_trigger_controller_dag.py
[2024-01-09T20:45:51.015+0000] {logging_mixin.py:188} INFO - [2024-01-09T20:45:51.015+0000] {dag.py:3033} INFO - Sync 1 DAGs
[2024-01-09T20:45:51.028+0000] {logging_mixin.py:188} INFO - [2024-01-09T20:45:51.028+0000] {dag.py:3820} INFO - Setting next_dagrun for example_trigger_controller_dag to 2021-01-01T00:00:00+00:00, run_after=2021-01-01T00:00:00+00:00
[2024-01-09T20:45:51.038+0000] {processor.py:183} INFO - Processing /home/airflow/.local/lib/python3.8/site-packages/airflow/example_dags/example_trigger_controller_dag.py took 0.041 seconds
[2024-01-09T20:46:22.087+0000] {processor.py:161} INFO - Started process (PID=804) to work on /home/airflow/.local/lib/python3.8/site-packages/airflow/example_dags/example_trigger_controller_dag.py
[2024-01-09T20:46:22.088+0000] {processor.py:830} INFO - Processing file /home/airflow/.local/lib/python3.8/site-packages/airflow/example_dags/example_trigger_controller_dag.py for tasks to queue
[2024-01-09T20:46:22.090+0000] {logging_mixin.py:188} INFO - [2024-01-09T20:46:22.089+0000] {dagbag.py:538} INFO - Filling up the DagBag from /home/airflow/.local/lib/python3.8/site-packages/airflow/example_dags/example_trigger_controller_dag.py
[2024-01-09T20:46:22.094+0000] {processor.py:840} INFO - DAG(s) 'example_trigger_controller_dag' retrieved from /home/airflow/.local/lib/python3.8/site-packages/airflow/example_dags/example_trigger_controller_dag.py
[2024-01-09T20:46:22.107+0000] {logging_mixin.py:188} INFO - [2024-01-09T20:46:22.107+0000] {dag.py:3033} INFO - Sync 1 DAGs
[2024-01-09T20:46:22.120+0000] {logging_mixin.py:188} INFO - [2024-01-09T20:46:22.120+0000] {dag.py:3820} INFO - Setting next_dagrun for example_trigger_controller_dag to 2021-01-01T00:00:00+00:00, run_after=2021-01-01T00:00:00+00:00
[2024-01-09T20:46:22.132+0000] {processor.py:183} INFO - Processing /home/airflow/.local/lib/python3.8/site-packages/airflow/example_dags/example_trigger_controller_dag.py took 0.047 seconds
[2024-01-09T20:46:52.430+0000] {processor.py:161} INFO - Started process (PID=861) to work on /home/airflow/.local/lib/python3.8/site-packages/airflow/example_dags/example_trigger_controller_dag.py
[2024-01-09T20:46:52.431+0000] {processor.py:830} INFO - Processing file /home/airflow/.local/lib/python3.8/site-packages/airflow/example_dags/example_trigger_controller_dag.py for tasks to queue
[2024-01-09T20:46:52.433+0000] {logging_mixin.py:188} INFO - [2024-01-09T20:46:52.432+0000] {dagbag.py:538} INFO - Filling up the DagBag from /home/airflow/.local/lib/python3.8/site-packages/airflow/example_dags/example_trigger_controller_dag.py
[2024-01-09T20:46:52.436+0000] {processor.py:840} INFO - DAG(s) 'example_trigger_controller_dag' retrieved from /home/airflow/.local/lib/python3.8/site-packages/airflow/example_dags/example_trigger_controller_dag.py
[2024-01-09T20:46:52.448+0000] {logging_mixin.py:188} INFO - [2024-01-09T20:46:52.448+0000] {dag.py:3033} INFO - Sync 1 DAGs
[2024-01-09T20:46:52.470+0000] {logging_mixin.py:188} INFO - [2024-01-09T20:46:52.470+0000] {dag.py:3820} INFO - Setting next_dagrun for example_trigger_controller_dag to 2021-01-01T00:00:00+00:00, run_after=2021-01-01T00:00:00+00:00
[2024-01-09T20:46:52.479+0000] {processor.py:183} INFO - Processing /home/airflow/.local/lib/python3.8/site-packages/airflow/example_dags/example_trigger_controller_dag.py took 0.055 seconds
[2024-01-09T20:47:22.597+0000] {processor.py:161} INFO - Started process (PID=918) to work on /home/airflow/.local/lib/python3.8/site-packages/airflow/example_dags/example_trigger_controller_dag.py
[2024-01-09T20:47:22.598+0000] {processor.py:830} INFO - Processing file /home/airflow/.local/lib/python3.8/site-packages/airflow/example_dags/example_trigger_controller_dag.py for tasks to queue
[2024-01-09T20:47:22.600+0000] {logging_mixin.py:188} INFO - [2024-01-09T20:47:22.600+0000] {dagbag.py:538} INFO - Filling up the DagBag from /home/airflow/.local/lib/python3.8/site-packages/airflow/example_dags/example_trigger_controller_dag.py
[2024-01-09T20:47:22.605+0000] {processor.py:840} INFO - DAG(s) 'example_trigger_controller_dag' retrieved from /home/airflow/.local/lib/python3.8/site-packages/airflow/example_dags/example_trigger_controller_dag.py
[2024-01-09T20:47:22.619+0000] {logging_mixin.py:188} INFO - [2024-01-09T20:47:22.619+0000] {dag.py:3033} INFO - Sync 1 DAGs
[2024-01-09T20:47:22.634+0000] {logging_mixin.py:188} INFO - [2024-01-09T20:47:22.633+0000] {dag.py:3820} INFO - Setting next_dagrun for example_trigger_controller_dag to 2021-01-01T00:00:00+00:00, run_after=2021-01-01T00:00:00+00:00
[2024-01-09T20:47:22.645+0000] {processor.py:183} INFO - Processing /home/airflow/.local/lib/python3.8/site-packages/airflow/example_dags/example_trigger_controller_dag.py took 0.050 seconds
[2024-01-09T20:47:52.847+0000] {processor.py:161} INFO - Started process (PID=974) to work on /home/airflow/.local/lib/python3.8/site-packages/airflow/example_dags/example_trigger_controller_dag.py
[2024-01-09T20:47:52.848+0000] {processor.py:830} INFO - Processing file /home/airflow/.local/lib/python3.8/site-packages/airflow/example_dags/example_trigger_controller_dag.py for tasks to queue
[2024-01-09T20:47:52.850+0000] {logging_mixin.py:188} INFO - [2024-01-09T20:47:52.850+0000] {dagbag.py:538} INFO - Filling up the DagBag from /home/airflow/.local/lib/python3.8/site-packages/airflow/example_dags/example_trigger_controller_dag.py
[2024-01-09T20:47:52.855+0000] {processor.py:840} INFO - DAG(s) 'example_trigger_controller_dag' retrieved from /home/airflow/.local/lib/python3.8/site-packages/airflow/example_dags/example_trigger_controller_dag.py
[2024-01-09T20:47:52.869+0000] {logging_mixin.py:188} INFO - [2024-01-09T20:47:52.869+0000] {dag.py:3033} INFO - Sync 1 DAGs
[2024-01-09T20:47:52.882+0000] {logging_mixin.py:188} INFO - [2024-01-09T20:47:52.882+0000] {dag.py:3820} INFO - Setting next_dagrun for example_trigger_controller_dag to 2021-01-01T00:00:00+00:00, run_after=2021-01-01T00:00:00+00:00
[2024-01-09T20:47:52.895+0000] {processor.py:183} INFO - Processing /home/airflow/.local/lib/python3.8/site-packages/airflow/example_dags/example_trigger_controller_dag.py took 0.050 seconds
[2024-01-09T20:48:23.354+0000] {processor.py:161} INFO - Started process (PID=1030) to work on /home/airflow/.local/lib/python3.8/site-packages/airflow/example_dags/example_trigger_controller_dag.py
[2024-01-09T20:48:23.356+0000] {processor.py:830} INFO - Processing file /home/airflow/.local/lib/python3.8/site-packages/airflow/example_dags/example_trigger_controller_dag.py for tasks to queue
[2024-01-09T20:48:23.362+0000] {logging_mixin.py:188} INFO - [2024-01-09T20:48:23.360+0000] {dagbag.py:538} INFO - Filling up the DagBag from /home/airflow/.local/lib/python3.8/site-packages/airflow/example_dags/example_trigger_controller_dag.py
[2024-01-09T20:48:23.371+0000] {processor.py:840} INFO - DAG(s) 'example_trigger_controller_dag' retrieved from /home/airflow/.local/lib/python3.8/site-packages/airflow/example_dags/example_trigger_controller_dag.py
[2024-01-09T20:48:23.405+0000] {logging_mixin.py:188} INFO - [2024-01-09T20:48:23.405+0000] {dag.py:3033} INFO - Sync 1 DAGs
[2024-01-09T20:48:23.444+0000] {logging_mixin.py:188} INFO - [2024-01-09T20:48:23.444+0000] {dag.py:3820} INFO - Setting next_dagrun for example_trigger_controller_dag to 2021-01-01T00:00:00+00:00, run_after=2021-01-01T00:00:00+00:00
[2024-01-09T20:48:23.471+0000] {processor.py:183} INFO - Processing /home/airflow/.local/lib/python3.8/site-packages/airflow/example_dags/example_trigger_controller_dag.py took 0.122 seconds
