[2024-01-09T20:39:49.585+0000] {processor.py:161} INFO - Started process (PID=73) to work on /home/airflow/.local/lib/python3.8/site-packages/airflow/example_dags/example_sensor_decorator.py
[2024-01-09T20:39:49.586+0000] {processor.py:830} INFO - Processing file /home/airflow/.local/lib/python3.8/site-packages/airflow/example_dags/example_sensor_decorator.py for tasks to queue
[2024-01-09T20:39:49.590+0000] {logging_mixin.py:188} INFO - [2024-01-09T20:39:49.589+0000] {dagbag.py:538} INFO - Filling up the DagBag from /home/airflow/.local/lib/python3.8/site-packages/airflow/example_dags/example_sensor_decorator.py
[2024-01-09T20:39:49.599+0000] {processor.py:840} INFO - DAG(s) 'example_sensor_decorator' retrieved from /home/airflow/.local/lib/python3.8/site-packages/airflow/example_dags/example_sensor_decorator.py
[2024-01-09T20:39:49.746+0000] {logging_mixin.py:188} INFO - [2024-01-09T20:39:49.745+0000] {override.py:1769} INFO - Created Permission View: can delete on DAG:example_sensor_decorator
[2024-01-09T20:39:49.757+0000] {logging_mixin.py:188} INFO - [2024-01-09T20:39:49.756+0000] {override.py:1769} INFO - Created Permission View: can read on DAG:example_sensor_decorator
[2024-01-09T20:39:49.764+0000] {logging_mixin.py:188} INFO - [2024-01-09T20:39:49.763+0000] {override.py:1769} INFO - Created Permission View: can edit on DAG:example_sensor_decorator
[2024-01-09T20:39:49.764+0000] {logging_mixin.py:188} INFO - [2024-01-09T20:39:49.764+0000] {dag.py:3033} INFO - Sync 1 DAGs
[2024-01-09T20:39:49.781+0000] {logging_mixin.py:188} INFO - [2024-01-09T20:39:49.780+0000] {dag.py:3055} INFO - Creating ORM DAG for example_sensor_decorator
[2024-01-09T20:39:49.782+0000] {logging_mixin.py:188} INFO - [2024-01-09T20:39:49.781+0000] {dag.py:3820} INFO - Setting next_dagrun for example_sensor_decorator to None, run_after=None
[2024-01-09T20:39:49.800+0000] {processor.py:183} INFO - Processing /home/airflow/.local/lib/python3.8/site-packages/airflow/example_dags/example_sensor_decorator.py took 0.222 seconds
[2024-01-09T20:40:19.864+0000] {processor.py:161} INFO - Started process (PID=130) to work on /home/airflow/.local/lib/python3.8/site-packages/airflow/example_dags/example_sensor_decorator.py
[2024-01-09T20:40:19.865+0000] {processor.py:830} INFO - Processing file /home/airflow/.local/lib/python3.8/site-packages/airflow/example_dags/example_sensor_decorator.py for tasks to queue
[2024-01-09T20:40:19.867+0000] {logging_mixin.py:188} INFO - [2024-01-09T20:40:19.867+0000] {dagbag.py:538} INFO - Filling up the DagBag from /home/airflow/.local/lib/python3.8/site-packages/airflow/example_dags/example_sensor_decorator.py
[2024-01-09T20:40:19.875+0000] {processor.py:840} INFO - DAG(s) 'example_sensor_decorator' retrieved from /home/airflow/.local/lib/python3.8/site-packages/airflow/example_dags/example_sensor_decorator.py
[2024-01-09T20:40:19.893+0000] {logging_mixin.py:188} INFO - [2024-01-09T20:40:19.892+0000] {dag.py:3033} INFO - Sync 1 DAGs
[2024-01-09T20:40:19.901+0000] {logging_mixin.py:188} INFO - [2024-01-09T20:40:19.901+0000] {dag.py:3820} INFO - Setting next_dagrun for example_sensor_decorator to None, run_after=None
[2024-01-09T20:40:19.912+0000] {processor.py:183} INFO - Processing /home/airflow/.local/lib/python3.8/site-packages/airflow/example_dags/example_sensor_decorator.py took 0.051 seconds
[2024-01-09T20:40:49.972+0000] {processor.py:161} INFO - Started process (PID=187) to work on /home/airflow/.local/lib/python3.8/site-packages/airflow/example_dags/example_sensor_decorator.py
[2024-01-09T20:40:49.973+0000] {processor.py:830} INFO - Processing file /home/airflow/.local/lib/python3.8/site-packages/airflow/example_dags/example_sensor_decorator.py for tasks to queue
[2024-01-09T20:40:49.976+0000] {logging_mixin.py:188} INFO - [2024-01-09T20:40:49.976+0000] {dagbag.py:538} INFO - Filling up the DagBag from /home/airflow/.local/lib/python3.8/site-packages/airflow/example_dags/example_sensor_decorator.py
[2024-01-09T20:40:49.981+0000] {processor.py:840} INFO - DAG(s) 'example_sensor_decorator' retrieved from /home/airflow/.local/lib/python3.8/site-packages/airflow/example_dags/example_sensor_decorator.py
[2024-01-09T20:40:49.997+0000] {logging_mixin.py:188} INFO - [2024-01-09T20:40:49.997+0000] {dag.py:3033} INFO - Sync 1 DAGs
[2024-01-09T20:40:50.004+0000] {logging_mixin.py:188} INFO - [2024-01-09T20:40:50.004+0000] {dag.py:3820} INFO - Setting next_dagrun for example_sensor_decorator to None, run_after=None
[2024-01-09T20:40:50.015+0000] {processor.py:183} INFO - Processing /home/airflow/.local/lib/python3.8/site-packages/airflow/example_dags/example_sensor_decorator.py took 0.047 seconds
[2024-01-09T20:41:20.204+0000] {processor.py:161} INFO - Started process (PID=244) to work on /home/airflow/.local/lib/python3.8/site-packages/airflow/example_dags/example_sensor_decorator.py
[2024-01-09T20:41:20.204+0000] {processor.py:830} INFO - Processing file /home/airflow/.local/lib/python3.8/site-packages/airflow/example_dags/example_sensor_decorator.py for tasks to queue
[2024-01-09T20:41:20.206+0000] {logging_mixin.py:188} INFO - [2024-01-09T20:41:20.206+0000] {dagbag.py:538} INFO - Filling up the DagBag from /home/airflow/.local/lib/python3.8/site-packages/airflow/example_dags/example_sensor_decorator.py
[2024-01-09T20:41:20.211+0000] {processor.py:840} INFO - DAG(s) 'example_sensor_decorator' retrieved from /home/airflow/.local/lib/python3.8/site-packages/airflow/example_dags/example_sensor_decorator.py
[2024-01-09T20:41:20.224+0000] {logging_mixin.py:188} INFO - [2024-01-09T20:41:20.224+0000] {dag.py:3033} INFO - Sync 1 DAGs
[2024-01-09T20:41:20.231+0000] {logging_mixin.py:188} INFO - [2024-01-09T20:41:20.231+0000] {dag.py:3820} INFO - Setting next_dagrun for example_sensor_decorator to None, run_after=None
[2024-01-09T20:41:20.240+0000] {processor.py:183} INFO - Processing /home/airflow/.local/lib/python3.8/site-packages/airflow/example_dags/example_sensor_decorator.py took 0.039 seconds
[2024-01-09T20:41:50.408+0000] {processor.py:161} INFO - Started process (PID=301) to work on /home/airflow/.local/lib/python3.8/site-packages/airflow/example_dags/example_sensor_decorator.py
[2024-01-09T20:41:50.409+0000] {processor.py:830} INFO - Processing file /home/airflow/.local/lib/python3.8/site-packages/airflow/example_dags/example_sensor_decorator.py for tasks to queue
[2024-01-09T20:41:50.411+0000] {logging_mixin.py:188} INFO - [2024-01-09T20:41:50.411+0000] {dagbag.py:538} INFO - Filling up the DagBag from /home/airflow/.local/lib/python3.8/site-packages/airflow/example_dags/example_sensor_decorator.py
[2024-01-09T20:41:50.416+0000] {processor.py:840} INFO - DAG(s) 'example_sensor_decorator' retrieved from /home/airflow/.local/lib/python3.8/site-packages/airflow/example_dags/example_sensor_decorator.py
[2024-01-09T20:41:50.428+0000] {logging_mixin.py:188} INFO - [2024-01-09T20:41:50.427+0000] {dag.py:3033} INFO - Sync 1 DAGs
[2024-01-09T20:41:50.435+0000] {logging_mixin.py:188} INFO - [2024-01-09T20:41:50.435+0000] {dag.py:3820} INFO - Setting next_dagrun for example_sensor_decorator to None, run_after=None
[2024-01-09T20:41:50.445+0000] {processor.py:183} INFO - Processing /home/airflow/.local/lib/python3.8/site-packages/airflow/example_dags/example_sensor_decorator.py took 0.039 seconds
[2024-01-09T20:42:20.601+0000] {processor.py:161} INFO - Started process (PID=358) to work on /home/airflow/.local/lib/python3.8/site-packages/airflow/example_dags/example_sensor_decorator.py
[2024-01-09T20:42:20.602+0000] {processor.py:830} INFO - Processing file /home/airflow/.local/lib/python3.8/site-packages/airflow/example_dags/example_sensor_decorator.py for tasks to queue
[2024-01-09T20:42:20.604+0000] {logging_mixin.py:188} INFO - [2024-01-09T20:42:20.603+0000] {dagbag.py:538} INFO - Filling up the DagBag from /home/airflow/.local/lib/python3.8/site-packages/airflow/example_dags/example_sensor_decorator.py
[2024-01-09T20:42:20.608+0000] {processor.py:840} INFO - DAG(s) 'example_sensor_decorator' retrieved from /home/airflow/.local/lib/python3.8/site-packages/airflow/example_dags/example_sensor_decorator.py
[2024-01-09T20:42:20.623+0000] {logging_mixin.py:188} INFO - [2024-01-09T20:42:20.623+0000] {dag.py:3033} INFO - Sync 1 DAGs
[2024-01-09T20:42:20.632+0000] {logging_mixin.py:188} INFO - [2024-01-09T20:42:20.632+0000] {dag.py:3820} INFO - Setting next_dagrun for example_sensor_decorator to None, run_after=None
[2024-01-09T20:42:20.647+0000] {processor.py:183} INFO - Processing /home/airflow/.local/lib/python3.8/site-packages/airflow/example_dags/example_sensor_decorator.py took 0.049 seconds
[2024-01-09T20:42:50.846+0000] {processor.py:161} INFO - Started process (PID=415) to work on /home/airflow/.local/lib/python3.8/site-packages/airflow/example_dags/example_sensor_decorator.py
[2024-01-09T20:42:50.847+0000] {processor.py:830} INFO - Processing file /home/airflow/.local/lib/python3.8/site-packages/airflow/example_dags/example_sensor_decorator.py for tasks to queue
[2024-01-09T20:42:50.848+0000] {logging_mixin.py:188} INFO - [2024-01-09T20:42:50.848+0000] {dagbag.py:538} INFO - Filling up the DagBag from /home/airflow/.local/lib/python3.8/site-packages/airflow/example_dags/example_sensor_decorator.py
[2024-01-09T20:42:50.852+0000] {processor.py:840} INFO - DAG(s) 'example_sensor_decorator' retrieved from /home/airflow/.local/lib/python3.8/site-packages/airflow/example_dags/example_sensor_decorator.py
[2024-01-09T20:42:50.863+0000] {logging_mixin.py:188} INFO - [2024-01-09T20:42:50.863+0000] {dag.py:3033} INFO - Sync 1 DAGs
[2024-01-09T20:42:50.871+0000] {logging_mixin.py:188} INFO - [2024-01-09T20:42:50.871+0000] {dag.py:3820} INFO - Setting next_dagrun for example_sensor_decorator to None, run_after=None
[2024-01-09T20:42:50.879+0000] {processor.py:183} INFO - Processing /home/airflow/.local/lib/python3.8/site-packages/airflow/example_dags/example_sensor_decorator.py took 0.036 seconds
[2024-01-09T20:43:21.014+0000] {processor.py:161} INFO - Started process (PID=472) to work on /home/airflow/.local/lib/python3.8/site-packages/airflow/example_dags/example_sensor_decorator.py
[2024-01-09T20:43:21.015+0000] {processor.py:830} INFO - Processing file /home/airflow/.local/lib/python3.8/site-packages/airflow/example_dags/example_sensor_decorator.py for tasks to queue
[2024-01-09T20:43:21.017+0000] {logging_mixin.py:188} INFO - [2024-01-09T20:43:21.017+0000] {dagbag.py:538} INFO - Filling up the DagBag from /home/airflow/.local/lib/python3.8/site-packages/airflow/example_dags/example_sensor_decorator.py
[2024-01-09T20:43:21.022+0000] {processor.py:840} INFO - DAG(s) 'example_sensor_decorator' retrieved from /home/airflow/.local/lib/python3.8/site-packages/airflow/example_dags/example_sensor_decorator.py
[2024-01-09T20:43:21.045+0000] {logging_mixin.py:188} INFO - [2024-01-09T20:43:21.045+0000] {dag.py:3033} INFO - Sync 1 DAGs
[2024-01-09T20:43:21.055+0000] {logging_mixin.py:188} INFO - [2024-01-09T20:43:21.055+0000] {dag.py:3820} INFO - Setting next_dagrun for example_sensor_decorator to None, run_after=None
[2024-01-09T20:43:21.069+0000] {processor.py:183} INFO - Processing /home/airflow/.local/lib/python3.8/site-packages/airflow/example_dags/example_sensor_decorator.py took 0.059 seconds
[2024-01-09T20:43:51.249+0000] {processor.py:161} INFO - Started process (PID=528) to work on /home/airflow/.local/lib/python3.8/site-packages/airflow/example_dags/example_sensor_decorator.py
[2024-01-09T20:43:51.250+0000] {processor.py:830} INFO - Processing file /home/airflow/.local/lib/python3.8/site-packages/airflow/example_dags/example_sensor_decorator.py for tasks to queue
[2024-01-09T20:43:51.252+0000] {logging_mixin.py:188} INFO - [2024-01-09T20:43:51.252+0000] {dagbag.py:538} INFO - Filling up the DagBag from /home/airflow/.local/lib/python3.8/site-packages/airflow/example_dags/example_sensor_decorator.py
[2024-01-09T20:43:51.256+0000] {processor.py:840} INFO - DAG(s) 'example_sensor_decorator' retrieved from /home/airflow/.local/lib/python3.8/site-packages/airflow/example_dags/example_sensor_decorator.py
[2024-01-09T20:43:51.270+0000] {logging_mixin.py:188} INFO - [2024-01-09T20:43:51.270+0000] {dag.py:3033} INFO - Sync 1 DAGs
[2024-01-09T20:43:51.278+0000] {logging_mixin.py:188} INFO - [2024-01-09T20:43:51.278+0000] {dag.py:3820} INFO - Setting next_dagrun for example_sensor_decorator to None, run_after=None
[2024-01-09T20:43:51.286+0000] {processor.py:183} INFO - Processing /home/airflow/.local/lib/python3.8/site-packages/airflow/example_dags/example_sensor_decorator.py took 0.039 seconds
[2024-01-09T20:44:21.489+0000] {processor.py:161} INFO - Started process (PID=585) to work on /home/airflow/.local/lib/python3.8/site-packages/airflow/example_dags/example_sensor_decorator.py
[2024-01-09T20:44:21.490+0000] {processor.py:830} INFO - Processing file /home/airflow/.local/lib/python3.8/site-packages/airflow/example_dags/example_sensor_decorator.py for tasks to queue
[2024-01-09T20:44:21.492+0000] {logging_mixin.py:188} INFO - [2024-01-09T20:44:21.492+0000] {dagbag.py:538} INFO - Filling up the DagBag from /home/airflow/.local/lib/python3.8/site-packages/airflow/example_dags/example_sensor_decorator.py
[2024-01-09T20:44:21.496+0000] {processor.py:840} INFO - DAG(s) 'example_sensor_decorator' retrieved from /home/airflow/.local/lib/python3.8/site-packages/airflow/example_dags/example_sensor_decorator.py
[2024-01-09T20:44:21.508+0000] {logging_mixin.py:188} INFO - [2024-01-09T20:44:21.508+0000] {dag.py:3033} INFO - Sync 1 DAGs
[2024-01-09T20:44:21.516+0000] {logging_mixin.py:188} INFO - [2024-01-09T20:44:21.516+0000] {dag.py:3820} INFO - Setting next_dagrun for example_sensor_decorator to None, run_after=None
[2024-01-09T20:44:21.525+0000] {processor.py:183} INFO - Processing /home/airflow/.local/lib/python3.8/site-packages/airflow/example_dags/example_sensor_decorator.py took 0.039 seconds
[2024-01-09T20:44:51.697+0000] {processor.py:161} INFO - Started process (PID=641) to work on /home/airflow/.local/lib/python3.8/site-packages/airflow/example_dags/example_sensor_decorator.py
[2024-01-09T20:44:51.698+0000] {processor.py:830} INFO - Processing file /home/airflow/.local/lib/python3.8/site-packages/airflow/example_dags/example_sensor_decorator.py for tasks to queue
[2024-01-09T20:44:51.700+0000] {logging_mixin.py:188} INFO - [2024-01-09T20:44:51.700+0000] {dagbag.py:538} INFO - Filling up the DagBag from /home/airflow/.local/lib/python3.8/site-packages/airflow/example_dags/example_sensor_decorator.py
[2024-01-09T20:44:51.705+0000] {processor.py:840} INFO - DAG(s) 'example_sensor_decorator' retrieved from /home/airflow/.local/lib/python3.8/site-packages/airflow/example_dags/example_sensor_decorator.py
[2024-01-09T20:44:51.718+0000] {logging_mixin.py:188} INFO - [2024-01-09T20:44:51.718+0000] {dag.py:3033} INFO - Sync 1 DAGs
[2024-01-09T20:44:51.728+0000] {logging_mixin.py:188} INFO - [2024-01-09T20:44:51.728+0000] {dag.py:3820} INFO - Setting next_dagrun for example_sensor_decorator to None, run_after=None
[2024-01-09T20:44:51.738+0000] {processor.py:183} INFO - Processing /home/airflow/.local/lib/python3.8/site-packages/airflow/example_dags/example_sensor_decorator.py took 0.044 seconds
[2024-01-09T20:45:22.148+0000] {processor.py:161} INFO - Started process (PID=698) to work on /home/airflow/.local/lib/python3.8/site-packages/airflow/example_dags/example_sensor_decorator.py
[2024-01-09T20:45:22.149+0000] {processor.py:830} INFO - Processing file /home/airflow/.local/lib/python3.8/site-packages/airflow/example_dags/example_sensor_decorator.py for tasks to queue
[2024-01-09T20:45:22.152+0000] {logging_mixin.py:188} INFO - [2024-01-09T20:45:22.152+0000] {dagbag.py:538} INFO - Filling up the DagBag from /home/airflow/.local/lib/python3.8/site-packages/airflow/example_dags/example_sensor_decorator.py
[2024-01-09T20:45:22.156+0000] {processor.py:840} INFO - DAG(s) 'example_sensor_decorator' retrieved from /home/airflow/.local/lib/python3.8/site-packages/airflow/example_dags/example_sensor_decorator.py
[2024-01-09T20:45:22.178+0000] {logging_mixin.py:188} INFO - [2024-01-09T20:45:22.178+0000] {dag.py:3033} INFO - Sync 1 DAGs
[2024-01-09T20:45:22.186+0000] {logging_mixin.py:188} INFO - [2024-01-09T20:45:22.186+0000] {dag.py:3820} INFO - Setting next_dagrun for example_sensor_decorator to None, run_after=None
[2024-01-09T20:45:22.195+0000] {processor.py:183} INFO - Processing /home/airflow/.local/lib/python3.8/site-packages/airflow/example_dags/example_sensor_decorator.py took 0.049 seconds
[2024-01-09T20:45:52.362+0000] {processor.py:161} INFO - Started process (PID=755) to work on /home/airflow/.local/lib/python3.8/site-packages/airflow/example_dags/example_sensor_decorator.py
[2024-01-09T20:45:52.362+0000] {processor.py:830} INFO - Processing file /home/airflow/.local/lib/python3.8/site-packages/airflow/example_dags/example_sensor_decorator.py for tasks to queue
[2024-01-09T20:45:52.364+0000] {logging_mixin.py:188} INFO - [2024-01-09T20:45:52.364+0000] {dagbag.py:538} INFO - Filling up the DagBag from /home/airflow/.local/lib/python3.8/site-packages/airflow/example_dags/example_sensor_decorator.py
[2024-01-09T20:45:52.370+0000] {processor.py:840} INFO - DAG(s) 'example_sensor_decorator' retrieved from /home/airflow/.local/lib/python3.8/site-packages/airflow/example_dags/example_sensor_decorator.py
[2024-01-09T20:45:52.386+0000] {logging_mixin.py:188} INFO - [2024-01-09T20:45:52.386+0000] {dag.py:3033} INFO - Sync 1 DAGs
[2024-01-09T20:45:52.394+0000] {logging_mixin.py:188} INFO - [2024-01-09T20:45:52.394+0000] {dag.py:3820} INFO - Setting next_dagrun for example_sensor_decorator to None, run_after=None
[2024-01-09T20:45:52.405+0000] {processor.py:183} INFO - Processing /home/airflow/.local/lib/python3.8/site-packages/airflow/example_dags/example_sensor_decorator.py took 0.047 seconds
[2024-01-09T20:46:22.479+0000] {processor.py:161} INFO - Started process (PID=812) to work on /home/airflow/.local/lib/python3.8/site-packages/airflow/example_dags/example_sensor_decorator.py
[2024-01-09T20:46:22.480+0000] {processor.py:830} INFO - Processing file /home/airflow/.local/lib/python3.8/site-packages/airflow/example_dags/example_sensor_decorator.py for tasks to queue
[2024-01-09T20:46:22.484+0000] {logging_mixin.py:188} INFO - [2024-01-09T20:46:22.484+0000] {dagbag.py:538} INFO - Filling up the DagBag from /home/airflow/.local/lib/python3.8/site-packages/airflow/example_dags/example_sensor_decorator.py
[2024-01-09T20:46:22.492+0000] {processor.py:840} INFO - DAG(s) 'example_sensor_decorator' retrieved from /home/airflow/.local/lib/python3.8/site-packages/airflow/example_dags/example_sensor_decorator.py
[2024-01-09T20:46:22.522+0000] {logging_mixin.py:188} INFO - [2024-01-09T20:46:22.521+0000] {dag.py:3033} INFO - Sync 1 DAGs
[2024-01-09T20:46:22.534+0000] {logging_mixin.py:188} INFO - [2024-01-09T20:46:22.534+0000] {dag.py:3820} INFO - Setting next_dagrun for example_sensor_decorator to None, run_after=None
[2024-01-09T20:46:22.557+0000] {processor.py:183} INFO - Processing /home/airflow/.local/lib/python3.8/site-packages/airflow/example_dags/example_sensor_decorator.py took 0.085 seconds
[2024-01-09T20:46:52.759+0000] {processor.py:161} INFO - Started process (PID=869) to work on /home/airflow/.local/lib/python3.8/site-packages/airflow/example_dags/example_sensor_decorator.py
[2024-01-09T20:46:52.760+0000] {processor.py:830} INFO - Processing file /home/airflow/.local/lib/python3.8/site-packages/airflow/example_dags/example_sensor_decorator.py for tasks to queue
[2024-01-09T20:46:52.762+0000] {logging_mixin.py:188} INFO - [2024-01-09T20:46:52.762+0000] {dagbag.py:538} INFO - Filling up the DagBag from /home/airflow/.local/lib/python3.8/site-packages/airflow/example_dags/example_sensor_decorator.py
[2024-01-09T20:46:52.766+0000] {processor.py:840} INFO - DAG(s) 'example_sensor_decorator' retrieved from /home/airflow/.local/lib/python3.8/site-packages/airflow/example_dags/example_sensor_decorator.py
[2024-01-09T20:46:52.780+0000] {logging_mixin.py:188} INFO - [2024-01-09T20:46:52.779+0000] {dag.py:3033} INFO - Sync 1 DAGs
[2024-01-09T20:46:52.787+0000] {logging_mixin.py:188} INFO - [2024-01-09T20:46:52.787+0000] {dag.py:3820} INFO - Setting next_dagrun for example_sensor_decorator to None, run_after=None
[2024-01-09T20:46:52.797+0000] {processor.py:183} INFO - Processing /home/airflow/.local/lib/python3.8/site-packages/airflow/example_dags/example_sensor_decorator.py took 0.041 seconds
[2024-01-09T20:47:22.987+0000] {processor.py:161} INFO - Started process (PID=926) to work on /home/airflow/.local/lib/python3.8/site-packages/airflow/example_dags/example_sensor_decorator.py
[2024-01-09T20:47:22.988+0000] {processor.py:830} INFO - Processing file /home/airflow/.local/lib/python3.8/site-packages/airflow/example_dags/example_sensor_decorator.py for tasks to queue
[2024-01-09T20:47:22.990+0000] {logging_mixin.py:188} INFO - [2024-01-09T20:47:22.989+0000] {dagbag.py:538} INFO - Filling up the DagBag from /home/airflow/.local/lib/python3.8/site-packages/airflow/example_dags/example_sensor_decorator.py
[2024-01-09T20:47:22.993+0000] {processor.py:840} INFO - DAG(s) 'example_sensor_decorator' retrieved from /home/airflow/.local/lib/python3.8/site-packages/airflow/example_dags/example_sensor_decorator.py
[2024-01-09T20:47:23.006+0000] {logging_mixin.py:188} INFO - [2024-01-09T20:47:23.006+0000] {dag.py:3033} INFO - Sync 1 DAGs
[2024-01-09T20:47:23.015+0000] {logging_mixin.py:188} INFO - [2024-01-09T20:47:23.015+0000] {dag.py:3820} INFO - Setting next_dagrun for example_sensor_decorator to None, run_after=None
[2024-01-09T20:47:23.024+0000] {processor.py:183} INFO - Processing /home/airflow/.local/lib/python3.8/site-packages/airflow/example_dags/example_sensor_decorator.py took 0.039 seconds
[2024-01-09T20:47:53.319+0000] {processor.py:161} INFO - Started process (PID=982) to work on /home/airflow/.local/lib/python3.8/site-packages/airflow/example_dags/example_sensor_decorator.py
[2024-01-09T20:47:53.320+0000] {processor.py:830} INFO - Processing file /home/airflow/.local/lib/python3.8/site-packages/airflow/example_dags/example_sensor_decorator.py for tasks to queue
[2024-01-09T20:47:53.323+0000] {logging_mixin.py:188} INFO - [2024-01-09T20:47:53.323+0000] {dagbag.py:538} INFO - Filling up the DagBag from /home/airflow/.local/lib/python3.8/site-packages/airflow/example_dags/example_sensor_decorator.py
[2024-01-09T20:47:53.328+0000] {processor.py:840} INFO - DAG(s) 'example_sensor_decorator' retrieved from /home/airflow/.local/lib/python3.8/site-packages/airflow/example_dags/example_sensor_decorator.py
[2024-01-09T20:47:53.341+0000] {logging_mixin.py:188} INFO - [2024-01-09T20:47:53.341+0000] {dag.py:3033} INFO - Sync 1 DAGs
[2024-01-09T20:47:53.349+0000] {logging_mixin.py:188} INFO - [2024-01-09T20:47:53.349+0000] {dag.py:3820} INFO - Setting next_dagrun for example_sensor_decorator to None, run_after=None
[2024-01-09T20:47:53.360+0000] {processor.py:183} INFO - Processing /home/airflow/.local/lib/python3.8/site-packages/airflow/example_dags/example_sensor_decorator.py took 0.045 seconds
[2024-01-09T20:48:24.120+0000] {processor.py:161} INFO - Started process (PID=1039) to work on /home/airflow/.local/lib/python3.8/site-packages/airflow/example_dags/example_sensor_decorator.py
[2024-01-09T20:48:24.121+0000] {processor.py:830} INFO - Processing file /home/airflow/.local/lib/python3.8/site-packages/airflow/example_dags/example_sensor_decorator.py for tasks to queue
[2024-01-09T20:48:24.124+0000] {logging_mixin.py:188} INFO - [2024-01-09T20:48:24.123+0000] {dagbag.py:538} INFO - Filling up the DagBag from /home/airflow/.local/lib/python3.8/site-packages/airflow/example_dags/example_sensor_decorator.py
[2024-01-09T20:48:24.131+0000] {processor.py:840} INFO - DAG(s) 'example_sensor_decorator' retrieved from /home/airflow/.local/lib/python3.8/site-packages/airflow/example_dags/example_sensor_decorator.py
[2024-01-09T20:48:24.157+0000] {logging_mixin.py:188} INFO - [2024-01-09T20:48:24.157+0000] {dag.py:3033} INFO - Sync 1 DAGs
[2024-01-09T20:48:24.170+0000] {logging_mixin.py:188} INFO - [2024-01-09T20:48:24.170+0000] {dag.py:3820} INFO - Setting next_dagrun for example_sensor_decorator to None, run_after=None
[2024-01-09T20:48:24.193+0000] {processor.py:183} INFO - Processing /home/airflow/.local/lib/python3.8/site-packages/airflow/example_dags/example_sensor_decorator.py took 0.077 seconds
