[2024-01-09T20:39:47.046+0000] {processor.py:161} INFO - Started process (PID=60) to work on /home/airflow/.local/lib/python3.8/site-packages/airflow/example_dags/example_xcomargs.py
[2024-01-09T20:39:47.063+0000] {processor.py:830} INFO - Processing file /home/airflow/.local/lib/python3.8/site-packages/airflow/example_dags/example_xcomargs.py for tasks to queue
[2024-01-09T20:39:47.077+0000] {logging_mixin.py:188} INFO - [2024-01-09T20:39:47.072+0000] {dagbag.py:538} INFO - Filling up the DagBag from /home/airflow/.local/lib/python3.8/site-packages/airflow/example_dags/example_xcomargs.py
[2024-01-09T20:39:47.112+0000] {processor.py:840} INFO - DAG(s) 'example_xcom_args_with_operators', 'example_xcom_args' retrieved from /home/airflow/.local/lib/python3.8/site-packages/airflow/example_dags/example_xcomargs.py
[2024-01-09T20:39:47.341+0000] {logging_mixin.py:188} INFO - [2024-01-09T20:39:47.340+0000] {override.py:1769} INFO - Created Permission View: can delete on DAG:example_xcom_args_with_operators
[2024-01-09T20:39:47.358+0000] {logging_mixin.py:188} INFO - [2024-01-09T20:39:47.358+0000] {override.py:1769} INFO - Created Permission View: can read on DAG:example_xcom_args_with_operators
[2024-01-09T20:39:47.372+0000] {logging_mixin.py:188} INFO - [2024-01-09T20:39:47.371+0000] {override.py:1769} INFO - Created Permission View: can edit on DAG:example_xcom_args_with_operators
[2024-01-09T20:39:47.399+0000] {logging_mixin.py:188} INFO - [2024-01-09T20:39:47.399+0000] {override.py:1769} INFO - Created Permission View: can delete on DAG:example_xcom_args
[2024-01-09T20:39:47.410+0000] {logging_mixin.py:188} INFO - [2024-01-09T20:39:47.410+0000] {override.py:1769} INFO - Created Permission View: can read on DAG:example_xcom_args
[2024-01-09T20:39:47.421+0000] {logging_mixin.py:188} INFO - [2024-01-09T20:39:47.421+0000] {override.py:1769} INFO - Created Permission View: can edit on DAG:example_xcom_args
[2024-01-09T20:39:47.423+0000] {logging_mixin.py:188} INFO - [2024-01-09T20:39:47.423+0000] {dag.py:3033} INFO - Sync 2 DAGs
[2024-01-09T20:39:47.447+0000] {logging_mixin.py:188} INFO - [2024-01-09T20:39:47.447+0000] {dag.py:3055} INFO - Creating ORM DAG for example_xcom_args
[2024-01-09T20:39:47.448+0000] {logging_mixin.py:188} INFO - [2024-01-09T20:39:47.448+0000] {dag.py:3055} INFO - Creating ORM DAG for example_xcom_args_with_operators
[2024-01-09T20:39:47.450+0000] {logging_mixin.py:188} INFO - [2024-01-09T20:39:47.449+0000] {dag.py:3820} INFO - Setting next_dagrun for example_xcom_args to None, run_after=None
[2024-01-09T20:39:47.451+0000] {logging_mixin.py:188} INFO - [2024-01-09T20:39:47.451+0000] {dag.py:3820} INFO - Setting next_dagrun for example_xcom_args_with_operators to None, run_after=None
[2024-01-09T20:39:47.494+0000] {processor.py:183} INFO - Processing /home/airflow/.local/lib/python3.8/site-packages/airflow/example_dags/example_xcomargs.py took 0.463 seconds
[2024-01-09T20:40:18.351+0000] {processor.py:161} INFO - Started process (PID=117) to work on /home/airflow/.local/lib/python3.8/site-packages/airflow/example_dags/example_xcomargs.py
[2024-01-09T20:40:18.353+0000] {processor.py:830} INFO - Processing file /home/airflow/.local/lib/python3.8/site-packages/airflow/example_dags/example_xcomargs.py for tasks to queue
[2024-01-09T20:40:18.355+0000] {logging_mixin.py:188} INFO - [2024-01-09T20:40:18.355+0000] {dagbag.py:538} INFO - Filling up the DagBag from /home/airflow/.local/lib/python3.8/site-packages/airflow/example_dags/example_xcomargs.py
[2024-01-09T20:40:18.362+0000] {processor.py:840} INFO - DAG(s) 'example_xcom_args', 'example_xcom_args_with_operators' retrieved from /home/airflow/.local/lib/python3.8/site-packages/airflow/example_dags/example_xcomargs.py
[2024-01-09T20:40:18.378+0000] {logging_mixin.py:188} INFO - [2024-01-09T20:40:18.378+0000] {dag.py:3033} INFO - Sync 2 DAGs
[2024-01-09T20:40:18.385+0000] {logging_mixin.py:188} INFO - [2024-01-09T20:40:18.385+0000] {dag.py:3820} INFO - Setting next_dagrun for example_xcom_args to None, run_after=None
[2024-01-09T20:40:18.387+0000] {logging_mixin.py:188} INFO - [2024-01-09T20:40:18.387+0000] {dag.py:3820} INFO - Setting next_dagrun for example_xcom_args_with_operators to None, run_after=None
[2024-01-09T20:40:18.400+0000] {processor.py:183} INFO - Processing /home/airflow/.local/lib/python3.8/site-packages/airflow/example_dags/example_xcomargs.py took 0.053 seconds
[2024-01-09T20:40:48.529+0000] {processor.py:161} INFO - Started process (PID=174) to work on /home/airflow/.local/lib/python3.8/site-packages/airflow/example_dags/example_xcomargs.py
[2024-01-09T20:40:48.531+0000] {processor.py:830} INFO - Processing file /home/airflow/.local/lib/python3.8/site-packages/airflow/example_dags/example_xcomargs.py for tasks to queue
[2024-01-09T20:40:48.533+0000] {logging_mixin.py:188} INFO - [2024-01-09T20:40:48.533+0000] {dagbag.py:538} INFO - Filling up the DagBag from /home/airflow/.local/lib/python3.8/site-packages/airflow/example_dags/example_xcomargs.py
[2024-01-09T20:40:48.541+0000] {processor.py:840} INFO - DAG(s) 'example_xcom_args_with_operators', 'example_xcom_args' retrieved from /home/airflow/.local/lib/python3.8/site-packages/airflow/example_dags/example_xcomargs.py
[2024-01-09T20:40:48.557+0000] {logging_mixin.py:188} INFO - [2024-01-09T20:40:48.557+0000] {dag.py:3033} INFO - Sync 2 DAGs
[2024-01-09T20:40:48.564+0000] {logging_mixin.py:188} INFO - [2024-01-09T20:40:48.563+0000] {dag.py:3820} INFO - Setting next_dagrun for example_xcom_args to None, run_after=None
[2024-01-09T20:40:48.565+0000] {logging_mixin.py:188} INFO - [2024-01-09T20:40:48.565+0000] {dag.py:3820} INFO - Setting next_dagrun for example_xcom_args_with_operators to None, run_after=None
[2024-01-09T20:40:48.576+0000] {processor.py:183} INFO - Processing /home/airflow/.local/lib/python3.8/site-packages/airflow/example_dags/example_xcomargs.py took 0.051 seconds
[2024-01-09T20:41:18.662+0000] {processor.py:161} INFO - Started process (PID=231) to work on /home/airflow/.local/lib/python3.8/site-packages/airflow/example_dags/example_xcomargs.py
[2024-01-09T20:41:18.663+0000] {processor.py:830} INFO - Processing file /home/airflow/.local/lib/python3.8/site-packages/airflow/example_dags/example_xcomargs.py for tasks to queue
[2024-01-09T20:41:18.665+0000] {logging_mixin.py:188} INFO - [2024-01-09T20:41:18.664+0000] {dagbag.py:538} INFO - Filling up the DagBag from /home/airflow/.local/lib/python3.8/site-packages/airflow/example_dags/example_xcomargs.py
[2024-01-09T20:41:18.672+0000] {processor.py:840} INFO - DAG(s) 'example_xcom_args_with_operators', 'example_xcom_args' retrieved from /home/airflow/.local/lib/python3.8/site-packages/airflow/example_dags/example_xcomargs.py
[2024-01-09T20:41:18.695+0000] {logging_mixin.py:188} INFO - [2024-01-09T20:41:18.695+0000] {dag.py:3033} INFO - Sync 2 DAGs
[2024-01-09T20:41:18.709+0000] {logging_mixin.py:188} INFO - [2024-01-09T20:41:18.709+0000] {dag.py:3820} INFO - Setting next_dagrun for example_xcom_args to None, run_after=None
[2024-01-09T20:41:18.712+0000] {logging_mixin.py:188} INFO - [2024-01-09T20:41:18.712+0000] {dag.py:3820} INFO - Setting next_dagrun for example_xcom_args_with_operators to None, run_after=None
[2024-01-09T20:41:18.726+0000] {processor.py:183} INFO - Processing /home/airflow/.local/lib/python3.8/site-packages/airflow/example_dags/example_xcomargs.py took 0.068 seconds
[2024-01-09T20:41:48.856+0000] {processor.py:161} INFO - Started process (PID=288) to work on /home/airflow/.local/lib/python3.8/site-packages/airflow/example_dags/example_xcomargs.py
[2024-01-09T20:41:48.857+0000] {processor.py:830} INFO - Processing file /home/airflow/.local/lib/python3.8/site-packages/airflow/example_dags/example_xcomargs.py for tasks to queue
[2024-01-09T20:41:48.859+0000] {logging_mixin.py:188} INFO - [2024-01-09T20:41:48.859+0000] {dagbag.py:538} INFO - Filling up the DagBag from /home/airflow/.local/lib/python3.8/site-packages/airflow/example_dags/example_xcomargs.py
[2024-01-09T20:41:48.865+0000] {processor.py:840} INFO - DAG(s) 'example_xcom_args', 'example_xcom_args_with_operators' retrieved from /home/airflow/.local/lib/python3.8/site-packages/airflow/example_dags/example_xcomargs.py
[2024-01-09T20:41:48.882+0000] {logging_mixin.py:188} INFO - [2024-01-09T20:41:48.882+0000] {dag.py:3033} INFO - Sync 2 DAGs
[2024-01-09T20:41:48.888+0000] {logging_mixin.py:188} INFO - [2024-01-09T20:41:48.888+0000] {dag.py:3820} INFO - Setting next_dagrun for example_xcom_args to None, run_after=None
[2024-01-09T20:41:48.890+0000] {logging_mixin.py:188} INFO - [2024-01-09T20:41:48.890+0000] {dag.py:3820} INFO - Setting next_dagrun for example_xcom_args_with_operators to None, run_after=None
[2024-01-09T20:41:48.900+0000] {processor.py:183} INFO - Processing /home/airflow/.local/lib/python3.8/site-packages/airflow/example_dags/example_xcomargs.py took 0.048 seconds
[2024-01-09T20:42:19.116+0000] {processor.py:161} INFO - Started process (PID=345) to work on /home/airflow/.local/lib/python3.8/site-packages/airflow/example_dags/example_xcomargs.py
[2024-01-09T20:42:19.118+0000] {processor.py:830} INFO - Processing file /home/airflow/.local/lib/python3.8/site-packages/airflow/example_dags/example_xcomargs.py for tasks to queue
[2024-01-09T20:42:19.121+0000] {logging_mixin.py:188} INFO - [2024-01-09T20:42:19.121+0000] {dagbag.py:538} INFO - Filling up the DagBag from /home/airflow/.local/lib/python3.8/site-packages/airflow/example_dags/example_xcomargs.py
[2024-01-09T20:42:19.134+0000] {processor.py:840} INFO - DAG(s) 'example_xcom_args_with_operators', 'example_xcom_args' retrieved from /home/airflow/.local/lib/python3.8/site-packages/airflow/example_dags/example_xcomargs.py
[2024-01-09T20:42:19.157+0000] {logging_mixin.py:188} INFO - [2024-01-09T20:42:19.157+0000] {dag.py:3033} INFO - Sync 2 DAGs
[2024-01-09T20:42:19.170+0000] {logging_mixin.py:188} INFO - [2024-01-09T20:42:19.170+0000] {dag.py:3820} INFO - Setting next_dagrun for example_xcom_args to None, run_after=None
[2024-01-09T20:42:19.173+0000] {logging_mixin.py:188} INFO - [2024-01-09T20:42:19.173+0000] {dag.py:3820} INFO - Setting next_dagrun for example_xcom_args_with_operators to None, run_after=None
[2024-01-09T20:42:19.187+0000] {processor.py:183} INFO - Processing /home/airflow/.local/lib/python3.8/site-packages/airflow/example_dags/example_xcomargs.py took 0.075 seconds
[2024-01-09T20:42:49.307+0000] {processor.py:161} INFO - Started process (PID=402) to work on /home/airflow/.local/lib/python3.8/site-packages/airflow/example_dags/example_xcomargs.py
[2024-01-09T20:42:49.308+0000] {processor.py:830} INFO - Processing file /home/airflow/.local/lib/python3.8/site-packages/airflow/example_dags/example_xcomargs.py for tasks to queue
[2024-01-09T20:42:49.309+0000] {logging_mixin.py:188} INFO - [2024-01-09T20:42:49.309+0000] {dagbag.py:538} INFO - Filling up the DagBag from /home/airflow/.local/lib/python3.8/site-packages/airflow/example_dags/example_xcomargs.py
[2024-01-09T20:42:49.316+0000] {processor.py:840} INFO - DAG(s) 'example_xcom_args_with_operators', 'example_xcom_args' retrieved from /home/airflow/.local/lib/python3.8/site-packages/airflow/example_dags/example_xcomargs.py
[2024-01-09T20:42:49.334+0000] {logging_mixin.py:188} INFO - [2024-01-09T20:42:49.334+0000] {dag.py:3033} INFO - Sync 2 DAGs
[2024-01-09T20:42:49.342+0000] {logging_mixin.py:188} INFO - [2024-01-09T20:42:49.342+0000] {dag.py:3820} INFO - Setting next_dagrun for example_xcom_args to None, run_after=None
[2024-01-09T20:42:49.345+0000] {logging_mixin.py:188} INFO - [2024-01-09T20:42:49.345+0000] {dag.py:3820} INFO - Setting next_dagrun for example_xcom_args_with_operators to None, run_after=None
[2024-01-09T20:42:49.355+0000] {processor.py:183} INFO - Processing /home/airflow/.local/lib/python3.8/site-packages/airflow/example_dags/example_xcomargs.py took 0.052 seconds
[2024-01-09T20:43:19.477+0000] {processor.py:161} INFO - Started process (PID=459) to work on /home/airflow/.local/lib/python3.8/site-packages/airflow/example_dags/example_xcomargs.py
[2024-01-09T20:43:19.478+0000] {processor.py:830} INFO - Processing file /home/airflow/.local/lib/python3.8/site-packages/airflow/example_dags/example_xcomargs.py for tasks to queue
[2024-01-09T20:43:19.481+0000] {logging_mixin.py:188} INFO - [2024-01-09T20:43:19.481+0000] {dagbag.py:538} INFO - Filling up the DagBag from /home/airflow/.local/lib/python3.8/site-packages/airflow/example_dags/example_xcomargs.py
[2024-01-09T20:43:19.487+0000] {processor.py:840} INFO - DAG(s) 'example_xcom_args', 'example_xcom_args_with_operators' retrieved from /home/airflow/.local/lib/python3.8/site-packages/airflow/example_dags/example_xcomargs.py
[2024-01-09T20:43:19.503+0000] {logging_mixin.py:188} INFO - [2024-01-09T20:43:19.503+0000] {dag.py:3033} INFO - Sync 2 DAGs
[2024-01-09T20:43:19.510+0000] {logging_mixin.py:188} INFO - [2024-01-09T20:43:19.510+0000] {dag.py:3820} INFO - Setting next_dagrun for example_xcom_args to None, run_after=None
[2024-01-09T20:43:19.513+0000] {logging_mixin.py:188} INFO - [2024-01-09T20:43:19.513+0000] {dag.py:3820} INFO - Setting next_dagrun for example_xcom_args_with_operators to None, run_after=None
[2024-01-09T20:43:19.526+0000] {processor.py:183} INFO - Processing /home/airflow/.local/lib/python3.8/site-packages/airflow/example_dags/example_xcomargs.py took 0.053 seconds
[2024-01-09T20:43:49.809+0000] {processor.py:161} INFO - Started process (PID=515) to work on /home/airflow/.local/lib/python3.8/site-packages/airflow/example_dags/example_xcomargs.py
[2024-01-09T20:43:49.810+0000] {processor.py:830} INFO - Processing file /home/airflow/.local/lib/python3.8/site-packages/airflow/example_dags/example_xcomargs.py for tasks to queue
[2024-01-09T20:43:49.812+0000] {logging_mixin.py:188} INFO - [2024-01-09T20:43:49.812+0000] {dagbag.py:538} INFO - Filling up the DagBag from /home/airflow/.local/lib/python3.8/site-packages/airflow/example_dags/example_xcomargs.py
[2024-01-09T20:43:49.817+0000] {processor.py:840} INFO - DAG(s) 'example_xcom_args', 'example_xcom_args_with_operators' retrieved from /home/airflow/.local/lib/python3.8/site-packages/airflow/example_dags/example_xcomargs.py
[2024-01-09T20:43:49.837+0000] {logging_mixin.py:188} INFO - [2024-01-09T20:43:49.837+0000] {dag.py:3033} INFO - Sync 2 DAGs
[2024-01-09T20:43:49.849+0000] {logging_mixin.py:188} INFO - [2024-01-09T20:43:49.849+0000] {dag.py:3820} INFO - Setting next_dagrun for example_xcom_args to None, run_after=None
[2024-01-09T20:43:49.851+0000] {logging_mixin.py:188} INFO - [2024-01-09T20:43:49.851+0000] {dag.py:3820} INFO - Setting next_dagrun for example_xcom_args_with_operators to None, run_after=None
[2024-01-09T20:43:49.860+0000] {processor.py:183} INFO - Processing /home/airflow/.local/lib/python3.8/site-packages/airflow/example_dags/example_xcomargs.py took 0.056 seconds
[2024-01-09T20:44:20.046+0000] {processor.py:161} INFO - Started process (PID=572) to work on /home/airflow/.local/lib/python3.8/site-packages/airflow/example_dags/example_xcomargs.py
[2024-01-09T20:44:20.047+0000] {processor.py:830} INFO - Processing file /home/airflow/.local/lib/python3.8/site-packages/airflow/example_dags/example_xcomargs.py for tasks to queue
[2024-01-09T20:44:20.049+0000] {logging_mixin.py:188} INFO - [2024-01-09T20:44:20.049+0000] {dagbag.py:538} INFO - Filling up the DagBag from /home/airflow/.local/lib/python3.8/site-packages/airflow/example_dags/example_xcomargs.py
[2024-01-09T20:44:20.054+0000] {processor.py:840} INFO - DAG(s) 'example_xcom_args_with_operators', 'example_xcom_args' retrieved from /home/airflow/.local/lib/python3.8/site-packages/airflow/example_dags/example_xcomargs.py
[2024-01-09T20:44:20.069+0000] {logging_mixin.py:188} INFO - [2024-01-09T20:44:20.069+0000] {dag.py:3033} INFO - Sync 2 DAGs
[2024-01-09T20:44:20.076+0000] {logging_mixin.py:188} INFO - [2024-01-09T20:44:20.076+0000] {dag.py:3820} INFO - Setting next_dagrun for example_xcom_args to None, run_after=None
[2024-01-09T20:44:20.079+0000] {logging_mixin.py:188} INFO - [2024-01-09T20:44:20.079+0000] {dag.py:3820} INFO - Setting next_dagrun for example_xcom_args_with_operators to None, run_after=None
[2024-01-09T20:44:20.087+0000] {processor.py:183} INFO - Processing /home/airflow/.local/lib/python3.8/site-packages/airflow/example_dags/example_xcomargs.py took 0.044 seconds
[2024-01-09T20:44:50.227+0000] {processor.py:161} INFO - Started process (PID=628) to work on /home/airflow/.local/lib/python3.8/site-packages/airflow/example_dags/example_xcomargs.py
[2024-01-09T20:44:50.228+0000] {processor.py:830} INFO - Processing file /home/airflow/.local/lib/python3.8/site-packages/airflow/example_dags/example_xcomargs.py for tasks to queue
[2024-01-09T20:44:50.230+0000] {logging_mixin.py:188} INFO - [2024-01-09T20:44:50.230+0000] {dagbag.py:538} INFO - Filling up the DagBag from /home/airflow/.local/lib/python3.8/site-packages/airflow/example_dags/example_xcomargs.py
[2024-01-09T20:44:50.236+0000] {processor.py:840} INFO - DAG(s) 'example_xcom_args', 'example_xcom_args_with_operators' retrieved from /home/airflow/.local/lib/python3.8/site-packages/airflow/example_dags/example_xcomargs.py
[2024-01-09T20:44:50.251+0000] {logging_mixin.py:188} INFO - [2024-01-09T20:44:50.251+0000] {dag.py:3033} INFO - Sync 2 DAGs
[2024-01-09T20:44:50.262+0000] {logging_mixin.py:188} INFO - [2024-01-09T20:44:50.262+0000] {dag.py:3820} INFO - Setting next_dagrun for example_xcom_args to None, run_after=None
[2024-01-09T20:44:50.264+0000] {logging_mixin.py:188} INFO - [2024-01-09T20:44:50.264+0000] {dag.py:3820} INFO - Setting next_dagrun for example_xcom_args_with_operators to None, run_after=None
[2024-01-09T20:44:50.274+0000] {processor.py:183} INFO - Processing /home/airflow/.local/lib/python3.8/site-packages/airflow/example_dags/example_xcomargs.py took 0.052 seconds
[2024-01-09T20:45:20.580+0000] {processor.py:161} INFO - Started process (PID=685) to work on /home/airflow/.local/lib/python3.8/site-packages/airflow/example_dags/example_xcomargs.py
[2024-01-09T20:45:20.581+0000] {processor.py:830} INFO - Processing file /home/airflow/.local/lib/python3.8/site-packages/airflow/example_dags/example_xcomargs.py for tasks to queue
[2024-01-09T20:45:20.584+0000] {logging_mixin.py:188} INFO - [2024-01-09T20:45:20.584+0000] {dagbag.py:538} INFO - Filling up the DagBag from /home/airflow/.local/lib/python3.8/site-packages/airflow/example_dags/example_xcomargs.py
[2024-01-09T20:45:20.594+0000] {processor.py:840} INFO - DAG(s) 'example_xcom_args', 'example_xcom_args_with_operators' retrieved from /home/airflow/.local/lib/python3.8/site-packages/airflow/example_dags/example_xcomargs.py
[2024-01-09T20:45:20.613+0000] {logging_mixin.py:188} INFO - [2024-01-09T20:45:20.613+0000] {dag.py:3033} INFO - Sync 2 DAGs
[2024-01-09T20:45:20.627+0000] {logging_mixin.py:188} INFO - [2024-01-09T20:45:20.627+0000] {dag.py:3820} INFO - Setting next_dagrun for example_xcom_args to None, run_after=None
[2024-01-09T20:45:20.630+0000] {logging_mixin.py:188} INFO - [2024-01-09T20:45:20.629+0000] {dag.py:3820} INFO - Setting next_dagrun for example_xcom_args_with_operators to None, run_after=None
[2024-01-09T20:45:20.639+0000] {processor.py:183} INFO - Processing /home/airflow/.local/lib/python3.8/site-packages/airflow/example_dags/example_xcomargs.py took 0.061 seconds
[2024-01-09T20:45:50.818+0000] {processor.py:161} INFO - Started process (PID=742) to work on /home/airflow/.local/lib/python3.8/site-packages/airflow/example_dags/example_xcomargs.py
[2024-01-09T20:45:50.819+0000] {processor.py:830} INFO - Processing file /home/airflow/.local/lib/python3.8/site-packages/airflow/example_dags/example_xcomargs.py for tasks to queue
[2024-01-09T20:45:50.821+0000] {logging_mixin.py:188} INFO - [2024-01-09T20:45:50.821+0000] {dagbag.py:538} INFO - Filling up the DagBag from /home/airflow/.local/lib/python3.8/site-packages/airflow/example_dags/example_xcomargs.py
[2024-01-09T20:45:50.827+0000] {processor.py:840} INFO - DAG(s) 'example_xcom_args', 'example_xcom_args_with_operators' retrieved from /home/airflow/.local/lib/python3.8/site-packages/airflow/example_dags/example_xcomargs.py
[2024-01-09T20:45:50.844+0000] {logging_mixin.py:188} INFO - [2024-01-09T20:45:50.844+0000] {dag.py:3033} INFO - Sync 2 DAGs
[2024-01-09T20:45:50.850+0000] {logging_mixin.py:188} INFO - [2024-01-09T20:45:50.850+0000] {dag.py:3820} INFO - Setting next_dagrun for example_xcom_args to None, run_after=None
[2024-01-09T20:45:50.852+0000] {logging_mixin.py:188} INFO - [2024-01-09T20:45:50.852+0000] {dag.py:3820} INFO - Setting next_dagrun for example_xcom_args_with_operators to None, run_after=None
[2024-01-09T20:45:50.862+0000] {processor.py:183} INFO - Processing /home/airflow/.local/lib/python3.8/site-packages/airflow/example_dags/example_xcomargs.py took 0.046 seconds
[2024-01-09T20:46:21.740+0000] {processor.py:161} INFO - Started process (PID=799) to work on /home/airflow/.local/lib/python3.8/site-packages/airflow/example_dags/example_xcomargs.py
[2024-01-09T20:46:21.741+0000] {processor.py:830} INFO - Processing file /home/airflow/.local/lib/python3.8/site-packages/airflow/example_dags/example_xcomargs.py for tasks to queue
[2024-01-09T20:46:21.743+0000] {logging_mixin.py:188} INFO - [2024-01-09T20:46:21.743+0000] {dagbag.py:538} INFO - Filling up the DagBag from /home/airflow/.local/lib/python3.8/site-packages/airflow/example_dags/example_xcomargs.py
[2024-01-09T20:46:21.750+0000] {processor.py:840} INFO - DAG(s) 'example_xcom_args', 'example_xcom_args_with_operators' retrieved from /home/airflow/.local/lib/python3.8/site-packages/airflow/example_dags/example_xcomargs.py
[2024-01-09T20:46:21.765+0000] {logging_mixin.py:188} INFO - [2024-01-09T20:46:21.765+0000] {dag.py:3033} INFO - Sync 2 DAGs
[2024-01-09T20:46:21.774+0000] {logging_mixin.py:188} INFO - [2024-01-09T20:46:21.774+0000] {dag.py:3820} INFO - Setting next_dagrun for example_xcom_args to None, run_after=None
[2024-01-09T20:46:21.777+0000] {logging_mixin.py:188} INFO - [2024-01-09T20:46:21.777+0000] {dag.py:3820} INFO - Setting next_dagrun for example_xcom_args_with_operators to None, run_after=None
[2024-01-09T20:46:21.792+0000] {processor.py:183} INFO - Processing /home/airflow/.local/lib/python3.8/site-packages/airflow/example_dags/example_xcomargs.py took 0.055 seconds
[2024-01-09T20:46:52.046+0000] {processor.py:161} INFO - Started process (PID=856) to work on /home/airflow/.local/lib/python3.8/site-packages/airflow/example_dags/example_xcomargs.py
[2024-01-09T20:46:52.047+0000] {processor.py:830} INFO - Processing file /home/airflow/.local/lib/python3.8/site-packages/airflow/example_dags/example_xcomargs.py for tasks to queue
[2024-01-09T20:46:52.049+0000] {logging_mixin.py:188} INFO - [2024-01-09T20:46:52.049+0000] {dagbag.py:538} INFO - Filling up the DagBag from /home/airflow/.local/lib/python3.8/site-packages/airflow/example_dags/example_xcomargs.py
[2024-01-09T20:46:52.059+0000] {processor.py:840} INFO - DAG(s) 'example_xcom_args', 'example_xcom_args_with_operators' retrieved from /home/airflow/.local/lib/python3.8/site-packages/airflow/example_dags/example_xcomargs.py
[2024-01-09T20:46:52.078+0000] {logging_mixin.py:188} INFO - [2024-01-09T20:46:52.078+0000] {dag.py:3033} INFO - Sync 2 DAGs
[2024-01-09T20:46:52.091+0000] {logging_mixin.py:188} INFO - [2024-01-09T20:46:52.090+0000] {dag.py:3820} INFO - Setting next_dagrun for example_xcom_args to None, run_after=None
[2024-01-09T20:46:52.093+0000] {logging_mixin.py:188} INFO - [2024-01-09T20:46:52.093+0000] {dag.py:3820} INFO - Setting next_dagrun for example_xcom_args_with_operators to None, run_after=None
[2024-01-09T20:46:52.103+0000] {processor.py:183} INFO - Processing /home/airflow/.local/lib/python3.8/site-packages/airflow/example_dags/example_xcomargs.py took 0.062 seconds
[2024-01-09T20:47:22.330+0000] {processor.py:161} INFO - Started process (PID=912) to work on /home/airflow/.local/lib/python3.8/site-packages/airflow/example_dags/example_xcomargs.py
[2024-01-09T20:47:22.331+0000] {processor.py:830} INFO - Processing file /home/airflow/.local/lib/python3.8/site-packages/airflow/example_dags/example_xcomargs.py for tasks to queue
[2024-01-09T20:47:22.333+0000] {logging_mixin.py:188} INFO - [2024-01-09T20:47:22.333+0000] {dagbag.py:538} INFO - Filling up the DagBag from /home/airflow/.local/lib/python3.8/site-packages/airflow/example_dags/example_xcomargs.py
[2024-01-09T20:47:22.339+0000] {processor.py:840} INFO - DAG(s) 'example_xcom_args', 'example_xcom_args_with_operators' retrieved from /home/airflow/.local/lib/python3.8/site-packages/airflow/example_dags/example_xcomargs.py
[2024-01-09T20:47:22.358+0000] {logging_mixin.py:188} INFO - [2024-01-09T20:47:22.357+0000] {dag.py:3033} INFO - Sync 2 DAGs
[2024-01-09T20:47:22.364+0000] {logging_mixin.py:188} INFO - [2024-01-09T20:47:22.364+0000] {dag.py:3820} INFO - Setting next_dagrun for example_xcom_args to None, run_after=None
[2024-01-09T20:47:22.367+0000] {logging_mixin.py:188} INFO - [2024-01-09T20:47:22.367+0000] {dag.py:3820} INFO - Setting next_dagrun for example_xcom_args_with_operators to None, run_after=None
[2024-01-09T20:47:22.380+0000] {processor.py:183} INFO - Processing /home/airflow/.local/lib/python3.8/site-packages/airflow/example_dags/example_xcomargs.py took 0.055 seconds
[2024-01-09T20:47:52.636+0000] {processor.py:161} INFO - Started process (PID=968) to work on /home/airflow/.local/lib/python3.8/site-packages/airflow/example_dags/example_xcomargs.py
[2024-01-09T20:47:52.637+0000] {processor.py:830} INFO - Processing file /home/airflow/.local/lib/python3.8/site-packages/airflow/example_dags/example_xcomargs.py for tasks to queue
[2024-01-09T20:47:52.640+0000] {logging_mixin.py:188} INFO - [2024-01-09T20:47:52.639+0000] {dagbag.py:538} INFO - Filling up the DagBag from /home/airflow/.local/lib/python3.8/site-packages/airflow/example_dags/example_xcomargs.py
[2024-01-09T20:47:52.646+0000] {processor.py:840} INFO - DAG(s) 'example_xcom_args_with_operators', 'example_xcom_args' retrieved from /home/airflow/.local/lib/python3.8/site-packages/airflow/example_dags/example_xcomargs.py
[2024-01-09T20:47:52.667+0000] {logging_mixin.py:188} INFO - [2024-01-09T20:47:52.667+0000] {dag.py:3033} INFO - Sync 2 DAGs
[2024-01-09T20:47:52.675+0000] {logging_mixin.py:188} INFO - [2024-01-09T20:47:52.675+0000] {dag.py:3820} INFO - Setting next_dagrun for example_xcom_args to None, run_after=None
[2024-01-09T20:47:52.677+0000] {logging_mixin.py:188} INFO - [2024-01-09T20:47:52.677+0000] {dag.py:3820} INFO - Setting next_dagrun for example_xcom_args_with_operators to None, run_after=None
[2024-01-09T20:47:52.691+0000] {processor.py:183} INFO - Processing /home/airflow/.local/lib/python3.8/site-packages/airflow/example_dags/example_xcomargs.py took 0.059 seconds
[2024-01-09T20:48:22.755+0000] {processor.py:161} INFO - Started process (PID=1025) to work on /home/airflow/.local/lib/python3.8/site-packages/airflow/example_dags/example_xcomargs.py
[2024-01-09T20:48:22.756+0000] {processor.py:830} INFO - Processing file /home/airflow/.local/lib/python3.8/site-packages/airflow/example_dags/example_xcomargs.py for tasks to queue
[2024-01-09T20:48:22.759+0000] {logging_mixin.py:188} INFO - [2024-01-09T20:48:22.759+0000] {dagbag.py:538} INFO - Filling up the DagBag from /home/airflow/.local/lib/python3.8/site-packages/airflow/example_dags/example_xcomargs.py
[2024-01-09T20:48:22.772+0000] {processor.py:840} INFO - DAG(s) 'example_xcom_args', 'example_xcom_args_with_operators' retrieved from /home/airflow/.local/lib/python3.8/site-packages/airflow/example_dags/example_xcomargs.py
[2024-01-09T20:48:22.822+0000] {logging_mixin.py:188} INFO - [2024-01-09T20:48:22.822+0000] {dag.py:3033} INFO - Sync 2 DAGs
[2024-01-09T20:48:22.850+0000] {logging_mixin.py:188} INFO - [2024-01-09T20:48:22.849+0000] {dag.py:3820} INFO - Setting next_dagrun for example_xcom_args to None, run_after=None
[2024-01-09T20:48:22.860+0000] {logging_mixin.py:188} INFO - [2024-01-09T20:48:22.858+0000] {dag.py:3820} INFO - Setting next_dagrun for example_xcom_args_with_operators to None, run_after=None
[2024-01-09T20:48:22.894+0000] {processor.py:183} INFO - Processing /home/airflow/.local/lib/python3.8/site-packages/airflow/example_dags/example_xcomargs.py took 0.144 seconds
