[2024-01-09T20:39:46.554+0000] {processor.py:161} INFO - Started process (PID=58) to work on /home/airflow/.local/lib/python3.8/site-packages/airflow/example_dags/example_kubernetes_executor.py
[2024-01-09T20:39:46.557+0000] {processor.py:830} INFO - Processing file /home/airflow/.local/lib/python3.8/site-packages/airflow/example_dags/example_kubernetes_executor.py for tasks to queue
[2024-01-09T20:39:46.561+0000] {logging_mixin.py:188} INFO - [2024-01-09T20:39:46.561+0000] {dagbag.py:538} INFO - Filling up the DagBag from /home/airflow/.local/lib/python3.8/site-packages/airflow/example_dags/example_kubernetes_executor.py
[2024-01-09T20:39:46.599+0000] {processor.py:840} INFO - DAG(s) 'example_kubernetes_executor' retrieved from /home/airflow/.local/lib/python3.8/site-packages/airflow/example_dags/example_kubernetes_executor.py
[2024-01-09T20:39:46.852+0000] {logging_mixin.py:188} INFO - [2024-01-09T20:39:46.850+0000] {override.py:1769} INFO - Created Permission View: can delete on DAG:example_kubernetes_executor
[2024-01-09T20:39:46.869+0000] {logging_mixin.py:188} INFO - [2024-01-09T20:39:46.869+0000] {override.py:1769} INFO - Created Permission View: can read on DAG:example_kubernetes_executor
[2024-01-09T20:39:46.884+0000] {logging_mixin.py:188} INFO - [2024-01-09T20:39:46.883+0000] {override.py:1769} INFO - Created Permission View: can edit on DAG:example_kubernetes_executor
[2024-01-09T20:39:46.884+0000] {logging_mixin.py:188} INFO - [2024-01-09T20:39:46.884+0000] {dag.py:3033} INFO - Sync 1 DAGs
[2024-01-09T20:39:46.904+0000] {logging_mixin.py:188} INFO - [2024-01-09T20:39:46.904+0000] {dag.py:3055} INFO - Creating ORM DAG for example_kubernetes_executor
[2024-01-09T20:39:46.905+0000] {logging_mixin.py:188} INFO - [2024-01-09T20:39:46.905+0000] {dag.py:3820} INFO - Setting next_dagrun for example_kubernetes_executor to None, run_after=None
[2024-01-09T20:39:46.937+0000] {processor.py:183} INFO - Processing /home/airflow/.local/lib/python3.8/site-packages/airflow/example_dags/example_kubernetes_executor.py took 0.389 seconds
[2024-01-09T20:40:17.236+0000] {processor.py:161} INFO - Started process (PID=115) to work on /home/airflow/.local/lib/python3.8/site-packages/airflow/example_dags/example_kubernetes_executor.py
[2024-01-09T20:40:17.236+0000] {processor.py:830} INFO - Processing file /home/airflow/.local/lib/python3.8/site-packages/airflow/example_dags/example_kubernetes_executor.py for tasks to queue
[2024-01-09T20:40:17.238+0000] {logging_mixin.py:188} INFO - [2024-01-09T20:40:17.238+0000] {dagbag.py:538} INFO - Filling up the DagBag from /home/airflow/.local/lib/python3.8/site-packages/airflow/example_dags/example_kubernetes_executor.py
[2024-01-09T20:40:17.250+0000] {processor.py:840} INFO - DAG(s) 'example_kubernetes_executor' retrieved from /home/airflow/.local/lib/python3.8/site-packages/airflow/example_dags/example_kubernetes_executor.py
[2024-01-09T20:40:17.282+0000] {logging_mixin.py:188} INFO - [2024-01-09T20:40:17.282+0000] {dag.py:3033} INFO - Sync 1 DAGs
[2024-01-09T20:40:17.295+0000] {logging_mixin.py:188} INFO - [2024-01-09T20:40:17.295+0000] {dag.py:3820} INFO - Setting next_dagrun for example_kubernetes_executor to None, run_after=None
[2024-01-09T20:40:17.312+0000] {processor.py:183} INFO - Processing /home/airflow/.local/lib/python3.8/site-packages/airflow/example_dags/example_kubernetes_executor.py took 0.079 seconds
[2024-01-09T20:40:47.399+0000] {processor.py:161} INFO - Started process (PID=172) to work on /home/airflow/.local/lib/python3.8/site-packages/airflow/example_dags/example_kubernetes_executor.py
[2024-01-09T20:40:47.401+0000] {processor.py:830} INFO - Processing file /home/airflow/.local/lib/python3.8/site-packages/airflow/example_dags/example_kubernetes_executor.py for tasks to queue
[2024-01-09T20:40:47.405+0000] {logging_mixin.py:188} INFO - [2024-01-09T20:40:47.404+0000] {dagbag.py:538} INFO - Filling up the DagBag from /home/airflow/.local/lib/python3.8/site-packages/airflow/example_dags/example_kubernetes_executor.py
[2024-01-09T20:40:47.422+0000] {processor.py:840} INFO - DAG(s) 'example_kubernetes_executor' retrieved from /home/airflow/.local/lib/python3.8/site-packages/airflow/example_dags/example_kubernetes_executor.py
[2024-01-09T20:40:47.462+0000] {logging_mixin.py:188} INFO - [2024-01-09T20:40:47.462+0000] {dag.py:3033} INFO - Sync 1 DAGs
[2024-01-09T20:40:47.475+0000] {logging_mixin.py:188} INFO - [2024-01-09T20:40:47.475+0000] {dag.py:3820} INFO - Setting next_dagrun for example_kubernetes_executor to None, run_after=None
[2024-01-09T20:40:47.496+0000] {processor.py:183} INFO - Processing /home/airflow/.local/lib/python3.8/site-packages/airflow/example_dags/example_kubernetes_executor.py took 0.103 seconds
[2024-01-09T20:41:17.566+0000] {processor.py:161} INFO - Started process (PID=229) to work on /home/airflow/.local/lib/python3.8/site-packages/airflow/example_dags/example_kubernetes_executor.py
[2024-01-09T20:41:17.566+0000] {processor.py:830} INFO - Processing file /home/airflow/.local/lib/python3.8/site-packages/airflow/example_dags/example_kubernetes_executor.py for tasks to queue
[2024-01-09T20:41:17.569+0000] {logging_mixin.py:188} INFO - [2024-01-09T20:41:17.569+0000] {dagbag.py:538} INFO - Filling up the DagBag from /home/airflow/.local/lib/python3.8/site-packages/airflow/example_dags/example_kubernetes_executor.py
[2024-01-09T20:41:17.578+0000] {processor.py:840} INFO - DAG(s) 'example_kubernetes_executor' retrieved from /home/airflow/.local/lib/python3.8/site-packages/airflow/example_dags/example_kubernetes_executor.py
[2024-01-09T20:41:17.610+0000] {logging_mixin.py:188} INFO - [2024-01-09T20:41:17.610+0000] {dag.py:3033} INFO - Sync 1 DAGs
[2024-01-09T20:41:17.620+0000] {logging_mixin.py:188} INFO - [2024-01-09T20:41:17.620+0000] {dag.py:3820} INFO - Setting next_dagrun for example_kubernetes_executor to None, run_after=None
[2024-01-09T20:41:17.634+0000] {processor.py:183} INFO - Processing /home/airflow/.local/lib/python3.8/site-packages/airflow/example_dags/example_kubernetes_executor.py took 0.072 seconds
[2024-01-09T20:41:47.770+0000] {processor.py:161} INFO - Started process (PID=286) to work on /home/airflow/.local/lib/python3.8/site-packages/airflow/example_dags/example_kubernetes_executor.py
[2024-01-09T20:41:47.770+0000] {processor.py:830} INFO - Processing file /home/airflow/.local/lib/python3.8/site-packages/airflow/example_dags/example_kubernetes_executor.py for tasks to queue
[2024-01-09T20:41:47.772+0000] {logging_mixin.py:188} INFO - [2024-01-09T20:41:47.772+0000] {dagbag.py:538} INFO - Filling up the DagBag from /home/airflow/.local/lib/python3.8/site-packages/airflow/example_dags/example_kubernetes_executor.py
[2024-01-09T20:41:47.781+0000] {processor.py:840} INFO - DAG(s) 'example_kubernetes_executor' retrieved from /home/airflow/.local/lib/python3.8/site-packages/airflow/example_dags/example_kubernetes_executor.py
[2024-01-09T20:41:47.805+0000] {logging_mixin.py:188} INFO - [2024-01-09T20:41:47.805+0000] {dag.py:3033} INFO - Sync 1 DAGs
[2024-01-09T20:41:47.813+0000] {logging_mixin.py:188} INFO - [2024-01-09T20:41:47.813+0000] {dag.py:3820} INFO - Setting next_dagrun for example_kubernetes_executor to None, run_after=None
[2024-01-09T20:41:47.822+0000] {processor.py:183} INFO - Processing /home/airflow/.local/lib/python3.8/site-packages/airflow/example_dags/example_kubernetes_executor.py took 0.055 seconds
[2024-01-09T20:42:18.005+0000] {processor.py:161} INFO - Started process (PID=343) to work on /home/airflow/.local/lib/python3.8/site-packages/airflow/example_dags/example_kubernetes_executor.py
[2024-01-09T20:42:18.006+0000] {processor.py:830} INFO - Processing file /home/airflow/.local/lib/python3.8/site-packages/airflow/example_dags/example_kubernetes_executor.py for tasks to queue
[2024-01-09T20:42:18.008+0000] {logging_mixin.py:188} INFO - [2024-01-09T20:42:18.008+0000] {dagbag.py:538} INFO - Filling up the DagBag from /home/airflow/.local/lib/python3.8/site-packages/airflow/example_dags/example_kubernetes_executor.py
[2024-01-09T20:42:18.020+0000] {processor.py:840} INFO - DAG(s) 'example_kubernetes_executor' retrieved from /home/airflow/.local/lib/python3.8/site-packages/airflow/example_dags/example_kubernetes_executor.py
[2024-01-09T20:42:18.052+0000] {logging_mixin.py:188} INFO - [2024-01-09T20:42:18.052+0000] {dag.py:3033} INFO - Sync 1 DAGs
[2024-01-09T20:42:18.064+0000] {logging_mixin.py:188} INFO - [2024-01-09T20:42:18.063+0000] {dag.py:3820} INFO - Setting next_dagrun for example_kubernetes_executor to None, run_after=None
[2024-01-09T20:42:18.084+0000] {processor.py:183} INFO - Processing /home/airflow/.local/lib/python3.8/site-packages/airflow/example_dags/example_kubernetes_executor.py took 0.081 seconds
[2024-01-09T20:42:49.044+0000] {processor.py:161} INFO - Started process (PID=400) to work on /home/airflow/.local/lib/python3.8/site-packages/airflow/example_dags/example_kubernetes_executor.py
[2024-01-09T20:42:49.044+0000] {processor.py:830} INFO - Processing file /home/airflow/.local/lib/python3.8/site-packages/airflow/example_dags/example_kubernetes_executor.py for tasks to queue
[2024-01-09T20:42:49.046+0000] {logging_mixin.py:188} INFO - [2024-01-09T20:42:49.046+0000] {dagbag.py:538} INFO - Filling up the DagBag from /home/airflow/.local/lib/python3.8/site-packages/airflow/example_dags/example_kubernetes_executor.py
[2024-01-09T20:42:49.055+0000] {processor.py:840} INFO - DAG(s) 'example_kubernetes_executor' retrieved from /home/airflow/.local/lib/python3.8/site-packages/airflow/example_dags/example_kubernetes_executor.py
[2024-01-09T20:42:49.080+0000] {logging_mixin.py:188} INFO - [2024-01-09T20:42:49.079+0000] {dag.py:3033} INFO - Sync 1 DAGs
[2024-01-09T20:42:49.087+0000] {logging_mixin.py:188} INFO - [2024-01-09T20:42:49.087+0000] {dag.py:3820} INFO - Setting next_dagrun for example_kubernetes_executor to None, run_after=None
[2024-01-09T20:42:49.098+0000] {processor.py:183} INFO - Processing /home/airflow/.local/lib/python3.8/site-packages/airflow/example_dags/example_kubernetes_executor.py took 0.057 seconds
[2024-01-09T20:43:19.362+0000] {processor.py:161} INFO - Started process (PID=457) to work on /home/airflow/.local/lib/python3.8/site-packages/airflow/example_dags/example_kubernetes_executor.py
[2024-01-09T20:43:19.363+0000] {processor.py:830} INFO - Processing file /home/airflow/.local/lib/python3.8/site-packages/airflow/example_dags/example_kubernetes_executor.py for tasks to queue
[2024-01-09T20:43:19.365+0000] {logging_mixin.py:188} INFO - [2024-01-09T20:43:19.364+0000] {dagbag.py:538} INFO - Filling up the DagBag from /home/airflow/.local/lib/python3.8/site-packages/airflow/example_dags/example_kubernetes_executor.py
[2024-01-09T20:43:19.374+0000] {processor.py:840} INFO - DAG(s) 'example_kubernetes_executor' retrieved from /home/airflow/.local/lib/python3.8/site-packages/airflow/example_dags/example_kubernetes_executor.py
[2024-01-09T20:43:19.401+0000] {logging_mixin.py:188} INFO - [2024-01-09T20:43:19.401+0000] {dag.py:3033} INFO - Sync 1 DAGs
[2024-01-09T20:43:19.411+0000] {logging_mixin.py:188} INFO - [2024-01-09T20:43:19.411+0000] {dag.py:3820} INFO - Setting next_dagrun for example_kubernetes_executor to None, run_after=None
[2024-01-09T20:43:19.423+0000] {processor.py:183} INFO - Processing /home/airflow/.local/lib/python3.8/site-packages/airflow/example_dags/example_kubernetes_executor.py took 0.064 seconds
[2024-01-09T20:43:49.657+0000] {processor.py:161} INFO - Started process (PID=513) to work on /home/airflow/.local/lib/python3.8/site-packages/airflow/example_dags/example_kubernetes_executor.py
[2024-01-09T20:43:49.658+0000] {processor.py:830} INFO - Processing file /home/airflow/.local/lib/python3.8/site-packages/airflow/example_dags/example_kubernetes_executor.py for tasks to queue
[2024-01-09T20:43:49.660+0000] {logging_mixin.py:188} INFO - [2024-01-09T20:43:49.659+0000] {dagbag.py:538} INFO - Filling up the DagBag from /home/airflow/.local/lib/python3.8/site-packages/airflow/example_dags/example_kubernetes_executor.py
[2024-01-09T20:43:49.670+0000] {processor.py:840} INFO - DAG(s) 'example_kubernetes_executor' retrieved from /home/airflow/.local/lib/python3.8/site-packages/airflow/example_dags/example_kubernetes_executor.py
[2024-01-09T20:43:49.698+0000] {logging_mixin.py:188} INFO - [2024-01-09T20:43:49.698+0000] {dag.py:3033} INFO - Sync 1 DAGs
[2024-01-09T20:43:49.705+0000] {logging_mixin.py:188} INFO - [2024-01-09T20:43:49.705+0000] {dag.py:3820} INFO - Setting next_dagrun for example_kubernetes_executor to None, run_after=None
[2024-01-09T20:43:49.718+0000] {processor.py:183} INFO - Processing /home/airflow/.local/lib/python3.8/site-packages/airflow/example_dags/example_kubernetes_executor.py took 0.064 seconds
[2024-01-09T20:44:19.821+0000] {processor.py:161} INFO - Started process (PID=569) to work on /home/airflow/.local/lib/python3.8/site-packages/airflow/example_dags/example_kubernetes_executor.py
[2024-01-09T20:44:19.823+0000] {processor.py:830} INFO - Processing file /home/airflow/.local/lib/python3.8/site-packages/airflow/example_dags/example_kubernetes_executor.py for tasks to queue
[2024-01-09T20:44:19.825+0000] {logging_mixin.py:188} INFO - [2024-01-09T20:44:19.824+0000] {dagbag.py:538} INFO - Filling up the DagBag from /home/airflow/.local/lib/python3.8/site-packages/airflow/example_dags/example_kubernetes_executor.py
[2024-01-09T20:44:19.836+0000] {processor.py:840} INFO - DAG(s) 'example_kubernetes_executor' retrieved from /home/airflow/.local/lib/python3.8/site-packages/airflow/example_dags/example_kubernetes_executor.py
[2024-01-09T20:44:19.865+0000] {logging_mixin.py:188} INFO - [2024-01-09T20:44:19.865+0000] {dag.py:3033} INFO - Sync 1 DAGs
[2024-01-09T20:44:19.878+0000] {logging_mixin.py:188} INFO - [2024-01-09T20:44:19.878+0000] {dag.py:3820} INFO - Setting next_dagrun for example_kubernetes_executor to None, run_after=None
[2024-01-09T20:44:19.889+0000] {processor.py:183} INFO - Processing /home/airflow/.local/lib/python3.8/site-packages/airflow/example_dags/example_kubernetes_executor.py took 0.073 seconds
[2024-01-09T20:44:49.978+0000] {processor.py:161} INFO - Started process (PID=625) to work on /home/airflow/.local/lib/python3.8/site-packages/airflow/example_dags/example_kubernetes_executor.py
[2024-01-09T20:44:49.979+0000] {processor.py:830} INFO - Processing file /home/airflow/.local/lib/python3.8/site-packages/airflow/example_dags/example_kubernetes_executor.py for tasks to queue
[2024-01-09T20:44:49.982+0000] {logging_mixin.py:188} INFO - [2024-01-09T20:44:49.981+0000] {dagbag.py:538} INFO - Filling up the DagBag from /home/airflow/.local/lib/python3.8/site-packages/airflow/example_dags/example_kubernetes_executor.py
[2024-01-09T20:44:49.994+0000] {processor.py:840} INFO - DAG(s) 'example_kubernetes_executor' retrieved from /home/airflow/.local/lib/python3.8/site-packages/airflow/example_dags/example_kubernetes_executor.py
[2024-01-09T20:44:50.026+0000] {logging_mixin.py:188} INFO - [2024-01-09T20:44:50.026+0000] {dag.py:3033} INFO - Sync 1 DAGs
[2024-01-09T20:44:50.033+0000] {logging_mixin.py:188} INFO - [2024-01-09T20:44:50.033+0000] {dag.py:3820} INFO - Setting next_dagrun for example_kubernetes_executor to None, run_after=None
[2024-01-09T20:44:50.044+0000] {processor.py:183} INFO - Processing /home/airflow/.local/lib/python3.8/site-packages/airflow/example_dags/example_kubernetes_executor.py took 0.071 seconds
[2024-01-09T20:45:20.232+0000] {processor.py:161} INFO - Started process (PID=682) to work on /home/airflow/.local/lib/python3.8/site-packages/airflow/example_dags/example_kubernetes_executor.py
[2024-01-09T20:45:20.232+0000] {processor.py:830} INFO - Processing file /home/airflow/.local/lib/python3.8/site-packages/airflow/example_dags/example_kubernetes_executor.py for tasks to queue
[2024-01-09T20:45:20.234+0000] {logging_mixin.py:188} INFO - [2024-01-09T20:45:20.234+0000] {dagbag.py:538} INFO - Filling up the DagBag from /home/airflow/.local/lib/python3.8/site-packages/airflow/example_dags/example_kubernetes_executor.py
[2024-01-09T20:45:20.248+0000] {processor.py:840} INFO - DAG(s) 'example_kubernetes_executor' retrieved from /home/airflow/.local/lib/python3.8/site-packages/airflow/example_dags/example_kubernetes_executor.py
[2024-01-09T20:45:20.281+0000] {logging_mixin.py:188} INFO - [2024-01-09T20:45:20.280+0000] {dag.py:3033} INFO - Sync 1 DAGs
[2024-01-09T20:45:20.290+0000] {logging_mixin.py:188} INFO - [2024-01-09T20:45:20.290+0000] {dag.py:3820} INFO - Setting next_dagrun for example_kubernetes_executor to None, run_after=None
[2024-01-09T20:45:20.299+0000] {processor.py:183} INFO - Processing /home/airflow/.local/lib/python3.8/site-packages/airflow/example_dags/example_kubernetes_executor.py took 0.071 seconds
[2024-01-09T20:45:50.507+0000] {processor.py:161} INFO - Started process (PID=739) to work on /home/airflow/.local/lib/python3.8/site-packages/airflow/example_dags/example_kubernetes_executor.py
[2024-01-09T20:45:50.508+0000] {processor.py:830} INFO - Processing file /home/airflow/.local/lib/python3.8/site-packages/airflow/example_dags/example_kubernetes_executor.py for tasks to queue
[2024-01-09T20:45:50.511+0000] {logging_mixin.py:188} INFO - [2024-01-09T20:45:50.511+0000] {dagbag.py:538} INFO - Filling up the DagBag from /home/airflow/.local/lib/python3.8/site-packages/airflow/example_dags/example_kubernetes_executor.py
[2024-01-09T20:45:50.523+0000] {processor.py:840} INFO - DAG(s) 'example_kubernetes_executor' retrieved from /home/airflow/.local/lib/python3.8/site-packages/airflow/example_dags/example_kubernetes_executor.py
[2024-01-09T20:45:50.545+0000] {logging_mixin.py:188} INFO - [2024-01-09T20:45:50.545+0000] {dag.py:3033} INFO - Sync 1 DAGs
[2024-01-09T20:45:50.552+0000] {logging_mixin.py:188} INFO - [2024-01-09T20:45:50.552+0000] {dag.py:3820} INFO - Setting next_dagrun for example_kubernetes_executor to None, run_after=None
[2024-01-09T20:45:50.562+0000] {processor.py:183} INFO - Processing /home/airflow/.local/lib/python3.8/site-packages/airflow/example_dags/example_kubernetes_executor.py took 0.059 seconds
[2024-01-09T20:46:20.707+0000] {processor.py:161} INFO - Started process (PID=796) to work on /home/airflow/.local/lib/python3.8/site-packages/airflow/example_dags/example_kubernetes_executor.py
[2024-01-09T20:46:20.709+0000] {processor.py:830} INFO - Processing file /home/airflow/.local/lib/python3.8/site-packages/airflow/example_dags/example_kubernetes_executor.py for tasks to queue
[2024-01-09T20:46:20.711+0000] {logging_mixin.py:188} INFO - [2024-01-09T20:46:20.711+0000] {dagbag.py:538} INFO - Filling up the DagBag from /home/airflow/.local/lib/python3.8/site-packages/airflow/example_dags/example_kubernetes_executor.py
[2024-01-09T20:46:20.723+0000] {processor.py:840} INFO - DAG(s) 'example_kubernetes_executor' retrieved from /home/airflow/.local/lib/python3.8/site-packages/airflow/example_dags/example_kubernetes_executor.py
[2024-01-09T20:46:20.753+0000] {logging_mixin.py:188} INFO - [2024-01-09T20:46:20.752+0000] {dag.py:3033} INFO - Sync 1 DAGs
[2024-01-09T20:46:20.759+0000] {logging_mixin.py:188} INFO - [2024-01-09T20:46:20.759+0000] {dag.py:3820} INFO - Setting next_dagrun for example_kubernetes_executor to None, run_after=None
[2024-01-09T20:46:20.769+0000] {processor.py:183} INFO - Processing /home/airflow/.local/lib/python3.8/site-packages/airflow/example_dags/example_kubernetes_executor.py took 0.066 seconds
[2024-01-09T20:46:51.019+0000] {processor.py:161} INFO - Started process (PID=853) to work on /home/airflow/.local/lib/python3.8/site-packages/airflow/example_dags/example_kubernetes_executor.py
[2024-01-09T20:46:51.020+0000] {processor.py:830} INFO - Processing file /home/airflow/.local/lib/python3.8/site-packages/airflow/example_dags/example_kubernetes_executor.py for tasks to queue
[2024-01-09T20:46:51.021+0000] {logging_mixin.py:188} INFO - [2024-01-09T20:46:51.021+0000] {dagbag.py:538} INFO - Filling up the DagBag from /home/airflow/.local/lib/python3.8/site-packages/airflow/example_dags/example_kubernetes_executor.py
[2024-01-09T20:46:51.032+0000] {processor.py:840} INFO - DAG(s) 'example_kubernetes_executor' retrieved from /home/airflow/.local/lib/python3.8/site-packages/airflow/example_dags/example_kubernetes_executor.py
[2024-01-09T20:46:51.056+0000] {logging_mixin.py:188} INFO - [2024-01-09T20:46:51.056+0000] {dag.py:3033} INFO - Sync 1 DAGs
[2024-01-09T20:46:51.069+0000] {logging_mixin.py:188} INFO - [2024-01-09T20:46:51.069+0000] {dag.py:3820} INFO - Setting next_dagrun for example_kubernetes_executor to None, run_after=None
[2024-01-09T20:46:51.079+0000] {processor.py:183} INFO - Processing /home/airflow/.local/lib/python3.8/site-packages/airflow/example_dags/example_kubernetes_executor.py took 0.066 seconds
[2024-01-09T20:47:21.309+0000] {processor.py:161} INFO - Started process (PID=910) to work on /home/airflow/.local/lib/python3.8/site-packages/airflow/example_dags/example_kubernetes_executor.py
[2024-01-09T20:47:21.311+0000] {processor.py:830} INFO - Processing file /home/airflow/.local/lib/python3.8/site-packages/airflow/example_dags/example_kubernetes_executor.py for tasks to queue
[2024-01-09T20:47:21.312+0000] {logging_mixin.py:188} INFO - [2024-01-09T20:47:21.312+0000] {dagbag.py:538} INFO - Filling up the DagBag from /home/airflow/.local/lib/python3.8/site-packages/airflow/example_dags/example_kubernetes_executor.py
[2024-01-09T20:47:21.321+0000] {processor.py:840} INFO - DAG(s) 'example_kubernetes_executor' retrieved from /home/airflow/.local/lib/python3.8/site-packages/airflow/example_dags/example_kubernetes_executor.py
[2024-01-09T20:47:21.345+0000] {logging_mixin.py:188} INFO - [2024-01-09T20:47:21.345+0000] {dag.py:3033} INFO - Sync 1 DAGs
[2024-01-09T20:47:21.353+0000] {logging_mixin.py:188} INFO - [2024-01-09T20:47:21.353+0000] {dag.py:3820} INFO - Setting next_dagrun for example_kubernetes_executor to None, run_after=None
[2024-01-09T20:47:21.363+0000] {processor.py:183} INFO - Processing /home/airflow/.local/lib/python3.8/site-packages/airflow/example_dags/example_kubernetes_executor.py took 0.057 seconds
[2024-01-09T20:47:51.614+0000] {processor.py:161} INFO - Started process (PID=966) to work on /home/airflow/.local/lib/python3.8/site-packages/airflow/example_dags/example_kubernetes_executor.py
[2024-01-09T20:47:51.615+0000] {processor.py:830} INFO - Processing file /home/airflow/.local/lib/python3.8/site-packages/airflow/example_dags/example_kubernetes_executor.py for tasks to queue
[2024-01-09T20:47:51.617+0000] {logging_mixin.py:188} INFO - [2024-01-09T20:47:51.617+0000] {dagbag.py:538} INFO - Filling up the DagBag from /home/airflow/.local/lib/python3.8/site-packages/airflow/example_dags/example_kubernetes_executor.py
[2024-01-09T20:47:51.627+0000] {processor.py:840} INFO - DAG(s) 'example_kubernetes_executor' retrieved from /home/airflow/.local/lib/python3.8/site-packages/airflow/example_dags/example_kubernetes_executor.py
[2024-01-09T20:47:51.649+0000] {logging_mixin.py:188} INFO - [2024-01-09T20:47:51.649+0000] {dag.py:3033} INFO - Sync 1 DAGs
[2024-01-09T20:47:51.662+0000] {logging_mixin.py:188} INFO - [2024-01-09T20:47:51.662+0000] {dag.py:3820} INFO - Setting next_dagrun for example_kubernetes_executor to None, run_after=None
[2024-01-09T20:47:51.671+0000] {processor.py:183} INFO - Processing /home/airflow/.local/lib/python3.8/site-packages/airflow/example_dags/example_kubernetes_executor.py took 0.061 seconds
[2024-01-09T20:48:21.791+0000] {processor.py:161} INFO - Started process (PID=1022) to work on /home/airflow/.local/lib/python3.8/site-packages/airflow/example_dags/example_kubernetes_executor.py
[2024-01-09T20:48:21.792+0000] {processor.py:830} INFO - Processing file /home/airflow/.local/lib/python3.8/site-packages/airflow/example_dags/example_kubernetes_executor.py for tasks to queue
[2024-01-09T20:48:21.799+0000] {logging_mixin.py:188} INFO - [2024-01-09T20:48:21.797+0000] {dagbag.py:538} INFO - Filling up the DagBag from /home/airflow/.local/lib/python3.8/site-packages/airflow/example_dags/example_kubernetes_executor.py
[2024-01-09T20:48:21.826+0000] {processor.py:840} INFO - DAG(s) 'example_kubernetes_executor' retrieved from /home/airflow/.local/lib/python3.8/site-packages/airflow/example_dags/example_kubernetes_executor.py
[2024-01-09T20:48:21.923+0000] {logging_mixin.py:188} INFO - [2024-01-09T20:48:21.922+0000] {dag.py:3033} INFO - Sync 1 DAGs
[2024-01-09T20:48:21.952+0000] {logging_mixin.py:188} INFO - [2024-01-09T20:48:21.951+0000] {dag.py:3820} INFO - Setting next_dagrun for example_kubernetes_executor to None, run_after=None
[2024-01-09T20:48:22.011+0000] {processor.py:183} INFO - Processing /home/airflow/.local/lib/python3.8/site-packages/airflow/example_dags/example_kubernetes_executor.py took 0.225 seconds
