[2024-01-09T20:39:48.776+0000] {processor.py:161} INFO - Started process (PID=69) to work on /home/airflow/.local/lib/python3.8/site-packages/airflow/example_dags/tutorial_taskflow_api_virtualenv.py
[2024-01-09T20:39:48.778+0000] {processor.py:830} INFO - Processing file /home/airflow/.local/lib/python3.8/site-packages/airflow/example_dags/tutorial_taskflow_api_virtualenv.py for tasks to queue
[2024-01-09T20:39:48.782+0000] {logging_mixin.py:188} INFO - [2024-01-09T20:39:48.782+0000] {dagbag.py:538} INFO - Filling up the DagBag from /home/airflow/.local/lib/python3.8/site-packages/airflow/example_dags/tutorial_taskflow_api_virtualenv.py
[2024-01-09T20:39:48.798+0000] {processor.py:840} INFO - DAG(s) 'tutorial_taskflow_api_virtualenv' retrieved from /home/airflow/.local/lib/python3.8/site-packages/airflow/example_dags/tutorial_taskflow_api_virtualenv.py
[2024-01-09T20:39:48.969+0000] {logging_mixin.py:188} INFO - [2024-01-09T20:39:48.968+0000] {override.py:1769} INFO - Created Permission View: can delete on DAG:tutorial_taskflow_api_virtualenv
[2024-01-09T20:39:48.985+0000] {logging_mixin.py:188} INFO - [2024-01-09T20:39:48.984+0000] {override.py:1769} INFO - Created Permission View: can read on DAG:tutorial_taskflow_api_virtualenv
[2024-01-09T20:39:48.998+0000] {logging_mixin.py:188} INFO - [2024-01-09T20:39:48.998+0000] {override.py:1769} INFO - Created Permission View: can edit on DAG:tutorial_taskflow_api_virtualenv
[2024-01-09T20:39:48.999+0000] {logging_mixin.py:188} INFO - [2024-01-09T20:39:48.999+0000] {dag.py:3033} INFO - Sync 1 DAGs
[2024-01-09T20:39:49.019+0000] {logging_mixin.py:188} INFO - [2024-01-09T20:39:49.019+0000] {dag.py:3055} INFO - Creating ORM DAG for tutorial_taskflow_api_virtualenv
[2024-01-09T20:39:49.020+0000] {logging_mixin.py:188} INFO - [2024-01-09T20:39:49.020+0000] {dag.py:3820} INFO - Setting next_dagrun for tutorial_taskflow_api_virtualenv to None, run_after=None
[2024-01-09T20:39:49.044+0000] {processor.py:183} INFO - Processing /home/airflow/.local/lib/python3.8/site-packages/airflow/example_dags/tutorial_taskflow_api_virtualenv.py took 0.276 seconds
[2024-01-09T20:40:19.714+0000] {processor.py:161} INFO - Started process (PID=126) to work on /home/airflow/.local/lib/python3.8/site-packages/airflow/example_dags/tutorial_taskflow_api_virtualenv.py
[2024-01-09T20:40:19.714+0000] {processor.py:830} INFO - Processing file /home/airflow/.local/lib/python3.8/site-packages/airflow/example_dags/tutorial_taskflow_api_virtualenv.py for tasks to queue
[2024-01-09T20:40:19.717+0000] {logging_mixin.py:188} INFO - [2024-01-09T20:40:19.716+0000] {dagbag.py:538} INFO - Filling up the DagBag from /home/airflow/.local/lib/python3.8/site-packages/airflow/example_dags/tutorial_taskflow_api_virtualenv.py
[2024-01-09T20:40:19.722+0000] {processor.py:840} INFO - DAG(s) 'tutorial_taskflow_api_virtualenv' retrieved from /home/airflow/.local/lib/python3.8/site-packages/airflow/example_dags/tutorial_taskflow_api_virtualenv.py
[2024-01-09T20:40:19.742+0000] {logging_mixin.py:188} INFO - [2024-01-09T20:40:19.742+0000] {dag.py:3033} INFO - Sync 1 DAGs
[2024-01-09T20:40:19.752+0000] {logging_mixin.py:188} INFO - [2024-01-09T20:40:19.752+0000] {dag.py:3820} INFO - Setting next_dagrun for tutorial_taskflow_api_virtualenv to None, run_after=None
[2024-01-09T20:40:19.763+0000] {processor.py:183} INFO - Processing /home/airflow/.local/lib/python3.8/site-packages/airflow/example_dags/tutorial_taskflow_api_virtualenv.py took 0.053 seconds
[2024-01-09T20:40:49.839+0000] {processor.py:161} INFO - Started process (PID=183) to work on /home/airflow/.local/lib/python3.8/site-packages/airflow/example_dags/tutorial_taskflow_api_virtualenv.py
[2024-01-09T20:40:49.840+0000] {processor.py:830} INFO - Processing file /home/airflow/.local/lib/python3.8/site-packages/airflow/example_dags/tutorial_taskflow_api_virtualenv.py for tasks to queue
[2024-01-09T20:40:49.842+0000] {logging_mixin.py:188} INFO - [2024-01-09T20:40:49.842+0000] {dagbag.py:538} INFO - Filling up the DagBag from /home/airflow/.local/lib/python3.8/site-packages/airflow/example_dags/tutorial_taskflow_api_virtualenv.py
[2024-01-09T20:40:49.847+0000] {processor.py:840} INFO - DAG(s) 'tutorial_taskflow_api_virtualenv' retrieved from /home/airflow/.local/lib/python3.8/site-packages/airflow/example_dags/tutorial_taskflow_api_virtualenv.py
[2024-01-09T20:40:49.860+0000] {logging_mixin.py:188} INFO - [2024-01-09T20:40:49.860+0000] {dag.py:3033} INFO - Sync 1 DAGs
[2024-01-09T20:40:49.867+0000] {logging_mixin.py:188} INFO - [2024-01-09T20:40:49.867+0000] {dag.py:3820} INFO - Setting next_dagrun for tutorial_taskflow_api_virtualenv to None, run_after=None
[2024-01-09T20:40:49.878+0000] {processor.py:183} INFO - Processing /home/airflow/.local/lib/python3.8/site-packages/airflow/example_dags/tutorial_taskflow_api_virtualenv.py took 0.043 seconds
[2024-01-09T20:41:20.072+0000] {processor.py:161} INFO - Started process (PID=240) to work on /home/airflow/.local/lib/python3.8/site-packages/airflow/example_dags/tutorial_taskflow_api_virtualenv.py
[2024-01-09T20:41:20.073+0000] {processor.py:830} INFO - Processing file /home/airflow/.local/lib/python3.8/site-packages/airflow/example_dags/tutorial_taskflow_api_virtualenv.py for tasks to queue
[2024-01-09T20:41:20.075+0000] {logging_mixin.py:188} INFO - [2024-01-09T20:41:20.074+0000] {dagbag.py:538} INFO - Filling up the DagBag from /home/airflow/.local/lib/python3.8/site-packages/airflow/example_dags/tutorial_taskflow_api_virtualenv.py
[2024-01-09T20:41:20.079+0000] {processor.py:840} INFO - DAG(s) 'tutorial_taskflow_api_virtualenv' retrieved from /home/airflow/.local/lib/python3.8/site-packages/airflow/example_dags/tutorial_taskflow_api_virtualenv.py
[2024-01-09T20:41:20.096+0000] {logging_mixin.py:188} INFO - [2024-01-09T20:41:20.096+0000] {dag.py:3033} INFO - Sync 1 DAGs
[2024-01-09T20:41:20.107+0000] {logging_mixin.py:188} INFO - [2024-01-09T20:41:20.107+0000] {dag.py:3820} INFO - Setting next_dagrun for tutorial_taskflow_api_virtualenv to None, run_after=None
[2024-01-09T20:41:20.117+0000] {processor.py:183} INFO - Processing /home/airflow/.local/lib/python3.8/site-packages/airflow/example_dags/tutorial_taskflow_api_virtualenv.py took 0.048 seconds
[2024-01-09T20:41:50.268+0000] {processor.py:161} INFO - Started process (PID=297) to work on /home/airflow/.local/lib/python3.8/site-packages/airflow/example_dags/tutorial_taskflow_api_virtualenv.py
[2024-01-09T20:41:50.277+0000] {processor.py:830} INFO - Processing file /home/airflow/.local/lib/python3.8/site-packages/airflow/example_dags/tutorial_taskflow_api_virtualenv.py for tasks to queue
[2024-01-09T20:41:50.280+0000] {logging_mixin.py:188} INFO - [2024-01-09T20:41:50.280+0000] {dagbag.py:538} INFO - Filling up the DagBag from /home/airflow/.local/lib/python3.8/site-packages/airflow/example_dags/tutorial_taskflow_api_virtualenv.py
[2024-01-09T20:41:50.286+0000] {processor.py:840} INFO - DAG(s) 'tutorial_taskflow_api_virtualenv' retrieved from /home/airflow/.local/lib/python3.8/site-packages/airflow/example_dags/tutorial_taskflow_api_virtualenv.py
[2024-01-09T20:41:50.304+0000] {logging_mixin.py:188} INFO - [2024-01-09T20:41:50.304+0000] {dag.py:3033} INFO - Sync 1 DAGs
[2024-01-09T20:41:50.314+0000] {logging_mixin.py:188} INFO - [2024-01-09T20:41:50.314+0000] {dag.py:3820} INFO - Setting next_dagrun for tutorial_taskflow_api_virtualenv to None, run_after=None
[2024-01-09T20:41:50.327+0000] {processor.py:183} INFO - Processing /home/airflow/.local/lib/python3.8/site-packages/airflow/example_dags/tutorial_taskflow_api_virtualenv.py took 0.063 seconds
[2024-01-09T20:42:20.467+0000] {processor.py:161} INFO - Started process (PID=354) to work on /home/airflow/.local/lib/python3.8/site-packages/airflow/example_dags/tutorial_taskflow_api_virtualenv.py
[2024-01-09T20:42:20.467+0000] {processor.py:830} INFO - Processing file /home/airflow/.local/lib/python3.8/site-packages/airflow/example_dags/tutorial_taskflow_api_virtualenv.py for tasks to queue
[2024-01-09T20:42:20.469+0000] {logging_mixin.py:188} INFO - [2024-01-09T20:42:20.469+0000] {dagbag.py:538} INFO - Filling up the DagBag from /home/airflow/.local/lib/python3.8/site-packages/airflow/example_dags/tutorial_taskflow_api_virtualenv.py
[2024-01-09T20:42:20.474+0000] {processor.py:840} INFO - DAG(s) 'tutorial_taskflow_api_virtualenv' retrieved from /home/airflow/.local/lib/python3.8/site-packages/airflow/example_dags/tutorial_taskflow_api_virtualenv.py
[2024-01-09T20:42:20.487+0000] {logging_mixin.py:188} INFO - [2024-01-09T20:42:20.487+0000] {dag.py:3033} INFO - Sync 1 DAGs
[2024-01-09T20:42:20.494+0000] {logging_mixin.py:188} INFO - [2024-01-09T20:42:20.494+0000] {dag.py:3820} INFO - Setting next_dagrun for tutorial_taskflow_api_virtualenv to None, run_after=None
[2024-01-09T20:42:20.503+0000] {processor.py:183} INFO - Processing /home/airflow/.local/lib/python3.8/site-packages/airflow/example_dags/tutorial_taskflow_api_virtualenv.py took 0.039 seconds
[2024-01-09T20:42:50.615+0000] {processor.py:161} INFO - Started process (PID=411) to work on /home/airflow/.local/lib/python3.8/site-packages/airflow/example_dags/tutorial_taskflow_api_virtualenv.py
[2024-01-09T20:42:50.616+0000] {processor.py:830} INFO - Processing file /home/airflow/.local/lib/python3.8/site-packages/airflow/example_dags/tutorial_taskflow_api_virtualenv.py for tasks to queue
[2024-01-09T20:42:50.618+0000] {logging_mixin.py:188} INFO - [2024-01-09T20:42:50.618+0000] {dagbag.py:538} INFO - Filling up the DagBag from /home/airflow/.local/lib/python3.8/site-packages/airflow/example_dags/tutorial_taskflow_api_virtualenv.py
[2024-01-09T20:42:50.623+0000] {processor.py:840} INFO - DAG(s) 'tutorial_taskflow_api_virtualenv' retrieved from /home/airflow/.local/lib/python3.8/site-packages/airflow/example_dags/tutorial_taskflow_api_virtualenv.py
[2024-01-09T20:42:50.642+0000] {logging_mixin.py:188} INFO - [2024-01-09T20:42:50.642+0000] {dag.py:3033} INFO - Sync 1 DAGs
[2024-01-09T20:42:50.653+0000] {logging_mixin.py:188} INFO - [2024-01-09T20:42:50.653+0000] {dag.py:3820} INFO - Setting next_dagrun for tutorial_taskflow_api_virtualenv to None, run_after=None
[2024-01-09T20:42:50.671+0000] {processor.py:183} INFO - Processing /home/airflow/.local/lib/python3.8/site-packages/airflow/example_dags/tutorial_taskflow_api_virtualenv.py took 0.061 seconds
[2024-01-09T20:43:20.776+0000] {processor.py:161} INFO - Started process (PID=467) to work on /home/airflow/.local/lib/python3.8/site-packages/airflow/example_dags/tutorial_taskflow_api_virtualenv.py
[2024-01-09T20:43:20.777+0000] {processor.py:830} INFO - Processing file /home/airflow/.local/lib/python3.8/site-packages/airflow/example_dags/tutorial_taskflow_api_virtualenv.py for tasks to queue
[2024-01-09T20:43:20.780+0000] {logging_mixin.py:188} INFO - [2024-01-09T20:43:20.780+0000] {dagbag.py:538} INFO - Filling up the DagBag from /home/airflow/.local/lib/python3.8/site-packages/airflow/example_dags/tutorial_taskflow_api_virtualenv.py
[2024-01-09T20:43:20.785+0000] {processor.py:840} INFO - DAG(s) 'tutorial_taskflow_api_virtualenv' retrieved from /home/airflow/.local/lib/python3.8/site-packages/airflow/example_dags/tutorial_taskflow_api_virtualenv.py
[2024-01-09T20:43:20.803+0000] {logging_mixin.py:188} INFO - [2024-01-09T20:43:20.803+0000] {dag.py:3033} INFO - Sync 1 DAGs
[2024-01-09T20:43:20.812+0000] {logging_mixin.py:188} INFO - [2024-01-09T20:43:20.812+0000] {dag.py:3820} INFO - Setting next_dagrun for tutorial_taskflow_api_virtualenv to None, run_after=None
[2024-01-09T20:43:20.826+0000] {processor.py:183} INFO - Processing /home/airflow/.local/lib/python3.8/site-packages/airflow/example_dags/tutorial_taskflow_api_virtualenv.py took 0.054 seconds
[2024-01-09T20:43:51.109+0000] {processor.py:161} INFO - Started process (PID=524) to work on /home/airflow/.local/lib/python3.8/site-packages/airflow/example_dags/tutorial_taskflow_api_virtualenv.py
[2024-01-09T20:43:51.110+0000] {processor.py:830} INFO - Processing file /home/airflow/.local/lib/python3.8/site-packages/airflow/example_dags/tutorial_taskflow_api_virtualenv.py for tasks to queue
[2024-01-09T20:43:51.112+0000] {logging_mixin.py:188} INFO - [2024-01-09T20:43:51.112+0000] {dagbag.py:538} INFO - Filling up the DagBag from /home/airflow/.local/lib/python3.8/site-packages/airflow/example_dags/tutorial_taskflow_api_virtualenv.py
[2024-01-09T20:43:51.119+0000] {processor.py:840} INFO - DAG(s) 'tutorial_taskflow_api_virtualenv' retrieved from /home/airflow/.local/lib/python3.8/site-packages/airflow/example_dags/tutorial_taskflow_api_virtualenv.py
[2024-01-09T20:43:51.136+0000] {logging_mixin.py:188} INFO - [2024-01-09T20:43:51.135+0000] {dag.py:3033} INFO - Sync 1 DAGs
[2024-01-09T20:43:51.144+0000] {logging_mixin.py:188} INFO - [2024-01-09T20:43:51.144+0000] {dag.py:3820} INFO - Setting next_dagrun for tutorial_taskflow_api_virtualenv to None, run_after=None
[2024-01-09T20:43:51.154+0000] {processor.py:183} INFO - Processing /home/airflow/.local/lib/python3.8/site-packages/airflow/example_dags/tutorial_taskflow_api_virtualenv.py took 0.049 seconds
[2024-01-09T20:44:21.351+0000] {processor.py:161} INFO - Started process (PID=581) to work on /home/airflow/.local/lib/python3.8/site-packages/airflow/example_dags/tutorial_taskflow_api_virtualenv.py
[2024-01-09T20:44:21.351+0000] {processor.py:830} INFO - Processing file /home/airflow/.local/lib/python3.8/site-packages/airflow/example_dags/tutorial_taskflow_api_virtualenv.py for tasks to queue
[2024-01-09T20:44:21.354+0000] {logging_mixin.py:188} INFO - [2024-01-09T20:44:21.354+0000] {dagbag.py:538} INFO - Filling up the DagBag from /home/airflow/.local/lib/python3.8/site-packages/airflow/example_dags/tutorial_taskflow_api_virtualenv.py
[2024-01-09T20:44:21.358+0000] {processor.py:840} INFO - DAG(s) 'tutorial_taskflow_api_virtualenv' retrieved from /home/airflow/.local/lib/python3.8/site-packages/airflow/example_dags/tutorial_taskflow_api_virtualenv.py
[2024-01-09T20:44:21.374+0000] {logging_mixin.py:188} INFO - [2024-01-09T20:44:21.373+0000] {dag.py:3033} INFO - Sync 1 DAGs
[2024-01-09T20:44:21.383+0000] {logging_mixin.py:188} INFO - [2024-01-09T20:44:21.383+0000] {dag.py:3820} INFO - Setting next_dagrun for tutorial_taskflow_api_virtualenv to None, run_after=None
[2024-01-09T20:44:21.397+0000] {processor.py:183} INFO - Processing /home/airflow/.local/lib/python3.8/site-packages/airflow/example_dags/tutorial_taskflow_api_virtualenv.py took 0.048 seconds
[2024-01-09T20:44:51.555+0000] {processor.py:161} INFO - Started process (PID=637) to work on /home/airflow/.local/lib/python3.8/site-packages/airflow/example_dags/tutorial_taskflow_api_virtualenv.py
[2024-01-09T20:44:51.556+0000] {processor.py:830} INFO - Processing file /home/airflow/.local/lib/python3.8/site-packages/airflow/example_dags/tutorial_taskflow_api_virtualenv.py for tasks to queue
[2024-01-09T20:44:51.558+0000] {logging_mixin.py:188} INFO - [2024-01-09T20:44:51.558+0000] {dagbag.py:538} INFO - Filling up the DagBag from /home/airflow/.local/lib/python3.8/site-packages/airflow/example_dags/tutorial_taskflow_api_virtualenv.py
[2024-01-09T20:44:51.564+0000] {processor.py:840} INFO - DAG(s) 'tutorial_taskflow_api_virtualenv' retrieved from /home/airflow/.local/lib/python3.8/site-packages/airflow/example_dags/tutorial_taskflow_api_virtualenv.py
[2024-01-09T20:44:51.578+0000] {logging_mixin.py:188} INFO - [2024-01-09T20:44:51.578+0000] {dag.py:3033} INFO - Sync 1 DAGs
[2024-01-09T20:44:51.586+0000] {logging_mixin.py:188} INFO - [2024-01-09T20:44:51.586+0000] {dag.py:3820} INFO - Setting next_dagrun for tutorial_taskflow_api_virtualenv to None, run_after=None
[2024-01-09T20:44:51.600+0000] {processor.py:183} INFO - Processing /home/airflow/.local/lib/python3.8/site-packages/airflow/example_dags/tutorial_taskflow_api_virtualenv.py took 0.048 seconds
[2024-01-09T20:45:21.981+0000] {processor.py:161} INFO - Started process (PID=694) to work on /home/airflow/.local/lib/python3.8/site-packages/airflow/example_dags/tutorial_taskflow_api_virtualenv.py
[2024-01-09T20:45:21.982+0000] {processor.py:830} INFO - Processing file /home/airflow/.local/lib/python3.8/site-packages/airflow/example_dags/tutorial_taskflow_api_virtualenv.py for tasks to queue
[2024-01-09T20:45:21.986+0000] {logging_mixin.py:188} INFO - [2024-01-09T20:45:21.986+0000] {dagbag.py:538} INFO - Filling up the DagBag from /home/airflow/.local/lib/python3.8/site-packages/airflow/example_dags/tutorial_taskflow_api_virtualenv.py
[2024-01-09T20:45:21.996+0000] {processor.py:840} INFO - DAG(s) 'tutorial_taskflow_api_virtualenv' retrieved from /home/airflow/.local/lib/python3.8/site-packages/airflow/example_dags/tutorial_taskflow_api_virtualenv.py
[2024-01-09T20:45:22.011+0000] {logging_mixin.py:188} INFO - [2024-01-09T20:45:22.011+0000] {dag.py:3033} INFO - Sync 1 DAGs
[2024-01-09T20:45:22.023+0000] {logging_mixin.py:188} INFO - [2024-01-09T20:45:22.023+0000] {dag.py:3820} INFO - Setting next_dagrun for tutorial_taskflow_api_virtualenv to None, run_after=None
[2024-01-09T20:45:22.037+0000] {processor.py:183} INFO - Processing /home/airflow/.local/lib/python3.8/site-packages/airflow/example_dags/tutorial_taskflow_api_virtualenv.py took 0.059 seconds
[2024-01-09T20:45:52.197+0000] {processor.py:161} INFO - Started process (PID=751) to work on /home/airflow/.local/lib/python3.8/site-packages/airflow/example_dags/tutorial_taskflow_api_virtualenv.py
[2024-01-09T20:45:52.197+0000] {processor.py:830} INFO - Processing file /home/airflow/.local/lib/python3.8/site-packages/airflow/example_dags/tutorial_taskflow_api_virtualenv.py for tasks to queue
[2024-01-09T20:45:52.200+0000] {logging_mixin.py:188} INFO - [2024-01-09T20:45:52.200+0000] {dagbag.py:538} INFO - Filling up the DagBag from /home/airflow/.local/lib/python3.8/site-packages/airflow/example_dags/tutorial_taskflow_api_virtualenv.py
[2024-01-09T20:45:52.205+0000] {processor.py:840} INFO - DAG(s) 'tutorial_taskflow_api_virtualenv' retrieved from /home/airflow/.local/lib/python3.8/site-packages/airflow/example_dags/tutorial_taskflow_api_virtualenv.py
[2024-01-09T20:45:52.223+0000] {logging_mixin.py:188} INFO - [2024-01-09T20:45:52.223+0000] {dag.py:3033} INFO - Sync 1 DAGs
[2024-01-09T20:45:52.234+0000] {logging_mixin.py:188} INFO - [2024-01-09T20:45:52.234+0000] {dag.py:3820} INFO - Setting next_dagrun for tutorial_taskflow_api_virtualenv to None, run_after=None
[2024-01-09T20:45:52.253+0000] {processor.py:183} INFO - Processing /home/airflow/.local/lib/python3.8/site-packages/airflow/example_dags/tutorial_taskflow_api_virtualenv.py took 0.060 seconds
[2024-01-09T20:46:22.275+0000] {processor.py:161} INFO - Started process (PID=808) to work on /home/airflow/.local/lib/python3.8/site-packages/airflow/example_dags/tutorial_taskflow_api_virtualenv.py
[2024-01-09T20:46:22.276+0000] {processor.py:830} INFO - Processing file /home/airflow/.local/lib/python3.8/site-packages/airflow/example_dags/tutorial_taskflow_api_virtualenv.py for tasks to queue
[2024-01-09T20:46:22.277+0000] {logging_mixin.py:188} INFO - [2024-01-09T20:46:22.277+0000] {dagbag.py:538} INFO - Filling up the DagBag from /home/airflow/.local/lib/python3.8/site-packages/airflow/example_dags/tutorial_taskflow_api_virtualenv.py
[2024-01-09T20:46:22.283+0000] {processor.py:840} INFO - DAG(s) 'tutorial_taskflow_api_virtualenv' retrieved from /home/airflow/.local/lib/python3.8/site-packages/airflow/example_dags/tutorial_taskflow_api_virtualenv.py
[2024-01-09T20:46:22.295+0000] {logging_mixin.py:188} INFO - [2024-01-09T20:46:22.295+0000] {dag.py:3033} INFO - Sync 1 DAGs
[2024-01-09T20:46:22.302+0000] {logging_mixin.py:188} INFO - [2024-01-09T20:46:22.301+0000] {dag.py:3820} INFO - Setting next_dagrun for tutorial_taskflow_api_virtualenv to None, run_after=None
[2024-01-09T20:46:22.311+0000] {processor.py:183} INFO - Processing /home/airflow/.local/lib/python3.8/site-packages/airflow/example_dags/tutorial_taskflow_api_virtualenv.py took 0.040 seconds
[2024-01-09T20:46:52.559+0000] {processor.py:161} INFO - Started process (PID=865) to work on /home/airflow/.local/lib/python3.8/site-packages/airflow/example_dags/tutorial_taskflow_api_virtualenv.py
[2024-01-09T20:46:52.560+0000] {processor.py:830} INFO - Processing file /home/airflow/.local/lib/python3.8/site-packages/airflow/example_dags/tutorial_taskflow_api_virtualenv.py for tasks to queue
[2024-01-09T20:46:52.563+0000] {logging_mixin.py:188} INFO - [2024-01-09T20:46:52.563+0000] {dagbag.py:538} INFO - Filling up the DagBag from /home/airflow/.local/lib/python3.8/site-packages/airflow/example_dags/tutorial_taskflow_api_virtualenv.py
[2024-01-09T20:46:52.568+0000] {processor.py:840} INFO - DAG(s) 'tutorial_taskflow_api_virtualenv' retrieved from /home/airflow/.local/lib/python3.8/site-packages/airflow/example_dags/tutorial_taskflow_api_virtualenv.py
[2024-01-09T20:46:52.580+0000] {logging_mixin.py:188} INFO - [2024-01-09T20:46:52.580+0000] {dag.py:3033} INFO - Sync 1 DAGs
[2024-01-09T20:46:52.589+0000] {logging_mixin.py:188} INFO - [2024-01-09T20:46:52.589+0000] {dag.py:3820} INFO - Setting next_dagrun for tutorial_taskflow_api_virtualenv to None, run_after=None
[2024-01-09T20:46:52.603+0000] {processor.py:183} INFO - Processing /home/airflow/.local/lib/python3.8/site-packages/airflow/example_dags/tutorial_taskflow_api_virtualenv.py took 0.047 seconds
[2024-01-09T20:47:22.793+0000] {processor.py:161} INFO - Started process (PID=922) to work on /home/airflow/.local/lib/python3.8/site-packages/airflow/example_dags/tutorial_taskflow_api_virtualenv.py
[2024-01-09T20:47:22.794+0000] {processor.py:830} INFO - Processing file /home/airflow/.local/lib/python3.8/site-packages/airflow/example_dags/tutorial_taskflow_api_virtualenv.py for tasks to queue
[2024-01-09T20:47:22.795+0000] {logging_mixin.py:188} INFO - [2024-01-09T20:47:22.795+0000] {dagbag.py:538} INFO - Filling up the DagBag from /home/airflow/.local/lib/python3.8/site-packages/airflow/example_dags/tutorial_taskflow_api_virtualenv.py
[2024-01-09T20:47:22.800+0000] {processor.py:840} INFO - DAG(s) 'tutorial_taskflow_api_virtualenv' retrieved from /home/airflow/.local/lib/python3.8/site-packages/airflow/example_dags/tutorial_taskflow_api_virtualenv.py
[2024-01-09T20:47:22.812+0000] {logging_mixin.py:188} INFO - [2024-01-09T20:47:22.812+0000] {dag.py:3033} INFO - Sync 1 DAGs
[2024-01-09T20:47:22.819+0000] {logging_mixin.py:188} INFO - [2024-01-09T20:47:22.818+0000] {dag.py:3820} INFO - Setting next_dagrun for tutorial_taskflow_api_virtualenv to None, run_after=None
[2024-01-09T20:47:22.829+0000] {processor.py:183} INFO - Processing /home/airflow/.local/lib/python3.8/site-packages/airflow/example_dags/tutorial_taskflow_api_virtualenv.py took 0.038 seconds
[2024-01-09T20:47:53.109+0000] {processor.py:161} INFO - Started process (PID=978) to work on /home/airflow/.local/lib/python3.8/site-packages/airflow/example_dags/tutorial_taskflow_api_virtualenv.py
[2024-01-09T20:47:53.110+0000] {processor.py:830} INFO - Processing file /home/airflow/.local/lib/python3.8/site-packages/airflow/example_dags/tutorial_taskflow_api_virtualenv.py for tasks to queue
[2024-01-09T20:47:53.111+0000] {logging_mixin.py:188} INFO - [2024-01-09T20:47:53.111+0000] {dagbag.py:538} INFO - Filling up the DagBag from /home/airflow/.local/lib/python3.8/site-packages/airflow/example_dags/tutorial_taskflow_api_virtualenv.py
[2024-01-09T20:47:53.117+0000] {processor.py:840} INFO - DAG(s) 'tutorial_taskflow_api_virtualenv' retrieved from /home/airflow/.local/lib/python3.8/site-packages/airflow/example_dags/tutorial_taskflow_api_virtualenv.py
[2024-01-09T20:47:53.130+0000] {logging_mixin.py:188} INFO - [2024-01-09T20:47:53.130+0000] {dag.py:3033} INFO - Sync 1 DAGs
[2024-01-09T20:47:53.137+0000] {logging_mixin.py:188} INFO - [2024-01-09T20:47:53.137+0000] {dag.py:3820} INFO - Setting next_dagrun for tutorial_taskflow_api_virtualenv to None, run_after=None
[2024-01-09T20:47:53.146+0000] {processor.py:183} INFO - Processing /home/airflow/.local/lib/python3.8/site-packages/airflow/example_dags/tutorial_taskflow_api_virtualenv.py took 0.040 seconds
[2024-01-09T20:48:23.877+0000] {processor.py:161} INFO - Started process (PID=1035) to work on /home/airflow/.local/lib/python3.8/site-packages/airflow/example_dags/tutorial_taskflow_api_virtualenv.py
[2024-01-09T20:48:23.880+0000] {processor.py:830} INFO - Processing file /home/airflow/.local/lib/python3.8/site-packages/airflow/example_dags/tutorial_taskflow_api_virtualenv.py for tasks to queue
[2024-01-09T20:48:23.883+0000] {logging_mixin.py:188} INFO - [2024-01-09T20:48:23.883+0000] {dagbag.py:538} INFO - Filling up the DagBag from /home/airflow/.local/lib/python3.8/site-packages/airflow/example_dags/tutorial_taskflow_api_virtualenv.py
[2024-01-09T20:48:23.893+0000] {processor.py:840} INFO - DAG(s) 'tutorial_taskflow_api_virtualenv' retrieved from /home/airflow/.local/lib/python3.8/site-packages/airflow/example_dags/tutorial_taskflow_api_virtualenv.py
[2024-01-09T20:48:23.924+0000] {logging_mixin.py:188} INFO - [2024-01-09T20:48:23.924+0000] {dag.py:3033} INFO - Sync 1 DAGs
[2024-01-09T20:48:23.943+0000] {logging_mixin.py:188} INFO - [2024-01-09T20:48:23.942+0000] {dag.py:3820} INFO - Setting next_dagrun for tutorial_taskflow_api_virtualenv to None, run_after=None
[2024-01-09T20:48:23.961+0000] {processor.py:183} INFO - Processing /home/airflow/.local/lib/python3.8/site-packages/airflow/example_dags/tutorial_taskflow_api_virtualenv.py took 0.091 seconds
