[2024-01-09T20:39:50.904+0000] {processor.py:161} INFO - Started process (PID=81) to work on /home/airflow/.local/lib/python3.8/site-packages/airflow/example_dags/tutorial.py
[2024-01-09T20:39:50.905+0000] {processor.py:830} INFO - Processing file /home/airflow/.local/lib/python3.8/site-packages/airflow/example_dags/tutorial.py for tasks to queue
[2024-01-09T20:39:50.908+0000] {logging_mixin.py:188} INFO - [2024-01-09T20:39:50.908+0000] {dagbag.py:538} INFO - Filling up the DagBag from /home/airflow/.local/lib/python3.8/site-packages/airflow/example_dags/tutorial.py
[2024-01-09T20:39:50.918+0000] {processor.py:840} INFO - DAG(s) 'tutorial' retrieved from /home/airflow/.local/lib/python3.8/site-packages/airflow/example_dags/tutorial.py
[2024-01-09T20:39:51.066+0000] {logging_mixin.py:188} INFO - [2024-01-09T20:39:51.065+0000] {override.py:1769} INFO - Created Permission View: can delete on DAG:tutorial
[2024-01-09T20:39:51.080+0000] {logging_mixin.py:188} INFO - [2024-01-09T20:39:51.079+0000] {override.py:1769} INFO - Created Permission View: can read on DAG:tutorial
[2024-01-09T20:39:51.088+0000] {logging_mixin.py:188} INFO - [2024-01-09T20:39:51.088+0000] {override.py:1769} INFO - Created Permission View: can edit on DAG:tutorial
[2024-01-09T20:39:51.089+0000] {logging_mixin.py:188} INFO - [2024-01-09T20:39:51.088+0000] {dag.py:3033} INFO - Sync 1 DAGs
[2024-01-09T20:39:51.103+0000] {logging_mixin.py:188} INFO - [2024-01-09T20:39:51.103+0000] {dag.py:3055} INFO - Creating ORM DAG for tutorial
[2024-01-09T20:39:51.117+0000] {logging_mixin.py:188} INFO - [2024-01-09T20:39:51.117+0000] {dag.py:3820} INFO - Setting next_dagrun for tutorial to 2024-01-08T00:00:00+00:00, run_after=2024-01-09T00:00:00+00:00
[2024-01-09T20:39:51.141+0000] {processor.py:183} INFO - Processing /home/airflow/.local/lib/python3.8/site-packages/airflow/example_dags/tutorial.py took 0.241 seconds
[2024-01-09T20:40:21.196+0000] {processor.py:161} INFO - Started process (PID=138) to work on /home/airflow/.local/lib/python3.8/site-packages/airflow/example_dags/tutorial.py
[2024-01-09T20:40:21.197+0000] {processor.py:830} INFO - Processing file /home/airflow/.local/lib/python3.8/site-packages/airflow/example_dags/tutorial.py for tasks to queue
[2024-01-09T20:40:21.199+0000] {logging_mixin.py:188} INFO - [2024-01-09T20:40:21.198+0000] {dagbag.py:538} INFO - Filling up the DagBag from /home/airflow/.local/lib/python3.8/site-packages/airflow/example_dags/tutorial.py
[2024-01-09T20:40:21.204+0000] {processor.py:840} INFO - DAG(s) 'tutorial' retrieved from /home/airflow/.local/lib/python3.8/site-packages/airflow/example_dags/tutorial.py
[2024-01-09T20:40:21.217+0000] {logging_mixin.py:188} INFO - [2024-01-09T20:40:21.217+0000] {dag.py:3033} INFO - Sync 1 DAGs
[2024-01-09T20:40:21.231+0000] {logging_mixin.py:188} INFO - [2024-01-09T20:40:21.231+0000] {dag.py:3820} INFO - Setting next_dagrun for tutorial to 2024-01-08T00:00:00+00:00, run_after=2024-01-09T00:00:00+00:00
[2024-01-09T20:40:21.240+0000] {processor.py:183} INFO - Processing /home/airflow/.local/lib/python3.8/site-packages/airflow/example_dags/tutorial.py took 0.048 seconds
[2024-01-09T20:40:51.268+0000] {processor.py:161} INFO - Started process (PID=195) to work on /home/airflow/.local/lib/python3.8/site-packages/airflow/example_dags/tutorial.py
[2024-01-09T20:40:51.269+0000] {processor.py:830} INFO - Processing file /home/airflow/.local/lib/python3.8/site-packages/airflow/example_dags/tutorial.py for tasks to queue
[2024-01-09T20:40:51.270+0000] {logging_mixin.py:188} INFO - [2024-01-09T20:40:51.270+0000] {dagbag.py:538} INFO - Filling up the DagBag from /home/airflow/.local/lib/python3.8/site-packages/airflow/example_dags/tutorial.py
[2024-01-09T20:40:51.276+0000] {processor.py:840} INFO - DAG(s) 'tutorial' retrieved from /home/airflow/.local/lib/python3.8/site-packages/airflow/example_dags/tutorial.py
[2024-01-09T20:40:51.290+0000] {logging_mixin.py:188} INFO - [2024-01-09T20:40:51.290+0000] {dag.py:3033} INFO - Sync 1 DAGs
[2024-01-09T20:40:51.302+0000] {logging_mixin.py:188} INFO - [2024-01-09T20:40:51.301+0000] {dag.py:3820} INFO - Setting next_dagrun for tutorial to 2024-01-08T00:00:00+00:00, run_after=2024-01-09T00:00:00+00:00
[2024-01-09T20:40:51.312+0000] {processor.py:183} INFO - Processing /home/airflow/.local/lib/python3.8/site-packages/airflow/example_dags/tutorial.py took 0.047 seconds
[2024-01-09T20:41:21.492+0000] {processor.py:161} INFO - Started process (PID=252) to work on /home/airflow/.local/lib/python3.8/site-packages/airflow/example_dags/tutorial.py
[2024-01-09T20:41:21.493+0000] {processor.py:830} INFO - Processing file /home/airflow/.local/lib/python3.8/site-packages/airflow/example_dags/tutorial.py for tasks to queue
[2024-01-09T20:41:21.495+0000] {logging_mixin.py:188} INFO - [2024-01-09T20:41:21.494+0000] {dagbag.py:538} INFO - Filling up the DagBag from /home/airflow/.local/lib/python3.8/site-packages/airflow/example_dags/tutorial.py
[2024-01-09T20:41:21.500+0000] {processor.py:840} INFO - DAG(s) 'tutorial' retrieved from /home/airflow/.local/lib/python3.8/site-packages/airflow/example_dags/tutorial.py
[2024-01-09T20:41:21.515+0000] {logging_mixin.py:188} INFO - [2024-01-09T20:41:21.515+0000] {dag.py:3033} INFO - Sync 1 DAGs
[2024-01-09T20:41:21.527+0000] {logging_mixin.py:188} INFO - [2024-01-09T20:41:21.527+0000] {dag.py:3820} INFO - Setting next_dagrun for tutorial to 2024-01-08T00:00:00+00:00, run_after=2024-01-09T00:00:00+00:00
[2024-01-09T20:41:21.535+0000] {processor.py:183} INFO - Processing /home/airflow/.local/lib/python3.8/site-packages/airflow/example_dags/tutorial.py took 0.046 seconds
[2024-01-09T20:41:51.706+0000] {processor.py:161} INFO - Started process (PID=309) to work on /home/airflow/.local/lib/python3.8/site-packages/airflow/example_dags/tutorial.py
[2024-01-09T20:41:51.706+0000] {processor.py:830} INFO - Processing file /home/airflow/.local/lib/python3.8/site-packages/airflow/example_dags/tutorial.py for tasks to queue
[2024-01-09T20:41:51.708+0000] {logging_mixin.py:188} INFO - [2024-01-09T20:41:51.707+0000] {dagbag.py:538} INFO - Filling up the DagBag from /home/airflow/.local/lib/python3.8/site-packages/airflow/example_dags/tutorial.py
[2024-01-09T20:41:51.712+0000] {processor.py:840} INFO - DAG(s) 'tutorial' retrieved from /home/airflow/.local/lib/python3.8/site-packages/airflow/example_dags/tutorial.py
[2024-01-09T20:41:51.727+0000] {logging_mixin.py:188} INFO - [2024-01-09T20:41:51.727+0000] {dag.py:3033} INFO - Sync 1 DAGs
[2024-01-09T20:41:51.740+0000] {logging_mixin.py:188} INFO - [2024-01-09T20:41:51.739+0000] {dag.py:3820} INFO - Setting next_dagrun for tutorial to 2024-01-08T00:00:00+00:00, run_after=2024-01-09T00:00:00+00:00
[2024-01-09T20:41:51.749+0000] {processor.py:183} INFO - Processing /home/airflow/.local/lib/python3.8/site-packages/airflow/example_dags/tutorial.py took 0.046 seconds
[2024-01-09T20:42:21.893+0000] {processor.py:161} INFO - Started process (PID=366) to work on /home/airflow/.local/lib/python3.8/site-packages/airflow/example_dags/tutorial.py
[2024-01-09T20:42:21.894+0000] {processor.py:830} INFO - Processing file /home/airflow/.local/lib/python3.8/site-packages/airflow/example_dags/tutorial.py for tasks to queue
[2024-01-09T20:42:21.895+0000] {logging_mixin.py:188} INFO - [2024-01-09T20:42:21.895+0000] {dagbag.py:538} INFO - Filling up the DagBag from /home/airflow/.local/lib/python3.8/site-packages/airflow/example_dags/tutorial.py
[2024-01-09T20:42:21.899+0000] {processor.py:840} INFO - DAG(s) 'tutorial' retrieved from /home/airflow/.local/lib/python3.8/site-packages/airflow/example_dags/tutorial.py
[2024-01-09T20:42:21.911+0000] {logging_mixin.py:188} INFO - [2024-01-09T20:42:21.911+0000] {dag.py:3033} INFO - Sync 1 DAGs
[2024-01-09T20:42:21.925+0000] {logging_mixin.py:188} INFO - [2024-01-09T20:42:21.925+0000] {dag.py:3820} INFO - Setting next_dagrun for tutorial to 2024-01-08T00:00:00+00:00, run_after=2024-01-09T00:00:00+00:00
[2024-01-09T20:42:21.936+0000] {processor.py:183} INFO - Processing /home/airflow/.local/lib/python3.8/site-packages/airflow/example_dags/tutorial.py took 0.046 seconds
[2024-01-09T20:42:52.148+0000] {processor.py:161} INFO - Started process (PID=423) to work on /home/airflow/.local/lib/python3.8/site-packages/airflow/example_dags/tutorial.py
[2024-01-09T20:42:52.148+0000] {processor.py:830} INFO - Processing file /home/airflow/.local/lib/python3.8/site-packages/airflow/example_dags/tutorial.py for tasks to queue
[2024-01-09T20:42:52.151+0000] {logging_mixin.py:188} INFO - [2024-01-09T20:42:52.150+0000] {dagbag.py:538} INFO - Filling up the DagBag from /home/airflow/.local/lib/python3.8/site-packages/airflow/example_dags/tutorial.py
[2024-01-09T20:42:52.156+0000] {processor.py:840} INFO - DAG(s) 'tutorial' retrieved from /home/airflow/.local/lib/python3.8/site-packages/airflow/example_dags/tutorial.py
[2024-01-09T20:42:52.172+0000] {logging_mixin.py:188} INFO - [2024-01-09T20:42:52.171+0000] {dag.py:3033} INFO - Sync 1 DAGs
[2024-01-09T20:42:52.185+0000] {logging_mixin.py:188} INFO - [2024-01-09T20:42:52.185+0000] {dag.py:3820} INFO - Setting next_dagrun for tutorial to 2024-01-08T00:00:00+00:00, run_after=2024-01-09T00:00:00+00:00
[2024-01-09T20:42:52.197+0000] {processor.py:183} INFO - Processing /home/airflow/.local/lib/python3.8/site-packages/airflow/example_dags/tutorial.py took 0.053 seconds
[2024-01-09T20:43:22.472+0000] {processor.py:161} INFO - Started process (PID=480) to work on /home/airflow/.local/lib/python3.8/site-packages/airflow/example_dags/tutorial.py
[2024-01-09T20:43:22.472+0000] {processor.py:830} INFO - Processing file /home/airflow/.local/lib/python3.8/site-packages/airflow/example_dags/tutorial.py for tasks to queue
[2024-01-09T20:43:22.474+0000] {logging_mixin.py:188} INFO - [2024-01-09T20:43:22.473+0000] {dagbag.py:538} INFO - Filling up the DagBag from /home/airflow/.local/lib/python3.8/site-packages/airflow/example_dags/tutorial.py
[2024-01-09T20:43:22.478+0000] {processor.py:840} INFO - DAG(s) 'tutorial' retrieved from /home/airflow/.local/lib/python3.8/site-packages/airflow/example_dags/tutorial.py
[2024-01-09T20:43:22.496+0000] {logging_mixin.py:188} INFO - [2024-01-09T20:43:22.496+0000] {dag.py:3033} INFO - Sync 1 DAGs
[2024-01-09T20:43:22.508+0000] {logging_mixin.py:188} INFO - [2024-01-09T20:43:22.508+0000] {dag.py:3820} INFO - Setting next_dagrun for tutorial to 2024-01-08T00:00:00+00:00, run_after=2024-01-09T00:00:00+00:00
[2024-01-09T20:43:22.519+0000] {processor.py:183} INFO - Processing /home/airflow/.local/lib/python3.8/site-packages/airflow/example_dags/tutorial.py took 0.050 seconds
[2024-01-09T20:43:52.600+0000] {processor.py:161} INFO - Started process (PID=536) to work on /home/airflow/.local/lib/python3.8/site-packages/airflow/example_dags/tutorial.py
[2024-01-09T20:43:52.601+0000] {processor.py:830} INFO - Processing file /home/airflow/.local/lib/python3.8/site-packages/airflow/example_dags/tutorial.py for tasks to queue
[2024-01-09T20:43:52.602+0000] {logging_mixin.py:188} INFO - [2024-01-09T20:43:52.602+0000] {dagbag.py:538} INFO - Filling up the DagBag from /home/airflow/.local/lib/python3.8/site-packages/airflow/example_dags/tutorial.py
[2024-01-09T20:43:52.609+0000] {processor.py:840} INFO - DAG(s) 'tutorial' retrieved from /home/airflow/.local/lib/python3.8/site-packages/airflow/example_dags/tutorial.py
[2024-01-09T20:43:52.623+0000] {logging_mixin.py:188} INFO - [2024-01-09T20:43:52.623+0000] {dag.py:3033} INFO - Sync 1 DAGs
[2024-01-09T20:43:52.647+0000] {logging_mixin.py:188} INFO - [2024-01-09T20:43:52.647+0000] {dag.py:3820} INFO - Setting next_dagrun for tutorial to 2024-01-08T00:00:00+00:00, run_after=2024-01-09T00:00:00+00:00
[2024-01-09T20:43:52.659+0000] {processor.py:183} INFO - Processing /home/airflow/.local/lib/python3.8/site-packages/airflow/example_dags/tutorial.py took 0.062 seconds
[2024-01-09T20:44:22.737+0000] {processor.py:161} INFO - Started process (PID=593) to work on /home/airflow/.local/lib/python3.8/site-packages/airflow/example_dags/tutorial.py
[2024-01-09T20:44:22.738+0000] {processor.py:830} INFO - Processing file /home/airflow/.local/lib/python3.8/site-packages/airflow/example_dags/tutorial.py for tasks to queue
[2024-01-09T20:44:22.739+0000] {logging_mixin.py:188} INFO - [2024-01-09T20:44:22.739+0000] {dagbag.py:538} INFO - Filling up the DagBag from /home/airflow/.local/lib/python3.8/site-packages/airflow/example_dags/tutorial.py
[2024-01-09T20:44:22.744+0000] {processor.py:840} INFO - DAG(s) 'tutorial' retrieved from /home/airflow/.local/lib/python3.8/site-packages/airflow/example_dags/tutorial.py
[2024-01-09T20:44:22.759+0000] {logging_mixin.py:188} INFO - [2024-01-09T20:44:22.759+0000] {dag.py:3033} INFO - Sync 1 DAGs
[2024-01-09T20:44:22.771+0000] {logging_mixin.py:188} INFO - [2024-01-09T20:44:22.771+0000] {dag.py:3820} INFO - Setting next_dagrun for tutorial to 2024-01-08T00:00:00+00:00, run_after=2024-01-09T00:00:00+00:00
[2024-01-09T20:44:22.782+0000] {processor.py:183} INFO - Processing /home/airflow/.local/lib/python3.8/site-packages/airflow/example_dags/tutorial.py took 0.048 seconds
[2024-01-09T20:44:53.047+0000] {processor.py:161} INFO - Started process (PID=649) to work on /home/airflow/.local/lib/python3.8/site-packages/airflow/example_dags/tutorial.py
[2024-01-09T20:44:53.048+0000] {processor.py:830} INFO - Processing file /home/airflow/.local/lib/python3.8/site-packages/airflow/example_dags/tutorial.py for tasks to queue
[2024-01-09T20:44:53.051+0000] {logging_mixin.py:188} INFO - [2024-01-09T20:44:53.050+0000] {dagbag.py:538} INFO - Filling up the DagBag from /home/airflow/.local/lib/python3.8/site-packages/airflow/example_dags/tutorial.py
[2024-01-09T20:44:53.056+0000] {processor.py:840} INFO - DAG(s) 'tutorial' retrieved from /home/airflow/.local/lib/python3.8/site-packages/airflow/example_dags/tutorial.py
[2024-01-09T20:44:53.073+0000] {logging_mixin.py:188} INFO - [2024-01-09T20:44:53.072+0000] {dag.py:3033} INFO - Sync 1 DAGs
[2024-01-09T20:44:53.085+0000] {logging_mixin.py:188} INFO - [2024-01-09T20:44:53.085+0000] {dag.py:3820} INFO - Setting next_dagrun for tutorial to 2024-01-08T00:00:00+00:00, run_after=2024-01-09T00:00:00+00:00
[2024-01-09T20:44:53.097+0000] {processor.py:183} INFO - Processing /home/airflow/.local/lib/python3.8/site-packages/airflow/example_dags/tutorial.py took 0.052 seconds
[2024-01-09T20:45:23.426+0000] {processor.py:161} INFO - Started process (PID=706) to work on /home/airflow/.local/lib/python3.8/site-packages/airflow/example_dags/tutorial.py
[2024-01-09T20:45:23.426+0000] {processor.py:830} INFO - Processing file /home/airflow/.local/lib/python3.8/site-packages/airflow/example_dags/tutorial.py for tasks to queue
[2024-01-09T20:45:23.428+0000] {logging_mixin.py:188} INFO - [2024-01-09T20:45:23.428+0000] {dagbag.py:538} INFO - Filling up the DagBag from /home/airflow/.local/lib/python3.8/site-packages/airflow/example_dags/tutorial.py
[2024-01-09T20:45:23.432+0000] {processor.py:840} INFO - DAG(s) 'tutorial' retrieved from /home/airflow/.local/lib/python3.8/site-packages/airflow/example_dags/tutorial.py
[2024-01-09T20:45:23.448+0000] {logging_mixin.py:188} INFO - [2024-01-09T20:45:23.448+0000] {dag.py:3033} INFO - Sync 1 DAGs
[2024-01-09T20:45:23.461+0000] {logging_mixin.py:188} INFO - [2024-01-09T20:45:23.461+0000] {dag.py:3820} INFO - Setting next_dagrun for tutorial to 2024-01-08T00:00:00+00:00, run_after=2024-01-09T00:00:00+00:00
[2024-01-09T20:45:23.470+0000] {processor.py:183} INFO - Processing /home/airflow/.local/lib/python3.8/site-packages/airflow/example_dags/tutorial.py took 0.049 seconds
[2024-01-09T20:45:53.742+0000] {processor.py:161} INFO - Started process (PID=763) to work on /home/airflow/.local/lib/python3.8/site-packages/airflow/example_dags/tutorial.py
[2024-01-09T20:45:53.742+0000] {processor.py:830} INFO - Processing file /home/airflow/.local/lib/python3.8/site-packages/airflow/example_dags/tutorial.py for tasks to queue
[2024-01-09T20:45:53.744+0000] {logging_mixin.py:188} INFO - [2024-01-09T20:45:53.743+0000] {dagbag.py:538} INFO - Filling up the DagBag from /home/airflow/.local/lib/python3.8/site-packages/airflow/example_dags/tutorial.py
[2024-01-09T20:45:53.748+0000] {processor.py:840} INFO - DAG(s) 'tutorial' retrieved from /home/airflow/.local/lib/python3.8/site-packages/airflow/example_dags/tutorial.py
[2024-01-09T20:45:53.761+0000] {logging_mixin.py:188} INFO - [2024-01-09T20:45:53.761+0000] {dag.py:3033} INFO - Sync 1 DAGs
[2024-01-09T20:45:53.774+0000] {logging_mixin.py:188} INFO - [2024-01-09T20:45:53.774+0000] {dag.py:3820} INFO - Setting next_dagrun for tutorial to 2024-01-08T00:00:00+00:00, run_after=2024-01-09T00:00:00+00:00
[2024-01-09T20:45:53.783+0000] {processor.py:183} INFO - Processing /home/airflow/.local/lib/python3.8/site-packages/airflow/example_dags/tutorial.py took 0.045 seconds
[2024-01-09T20:46:23.798+0000] {processor.py:161} INFO - Started process (PID=820) to work on /home/airflow/.local/lib/python3.8/site-packages/airflow/example_dags/tutorial.py
[2024-01-09T20:46:23.798+0000] {processor.py:830} INFO - Processing file /home/airflow/.local/lib/python3.8/site-packages/airflow/example_dags/tutorial.py for tasks to queue
[2024-01-09T20:46:23.800+0000] {logging_mixin.py:188} INFO - [2024-01-09T20:46:23.800+0000] {dagbag.py:538} INFO - Filling up the DagBag from /home/airflow/.local/lib/python3.8/site-packages/airflow/example_dags/tutorial.py
[2024-01-09T20:46:23.805+0000] {processor.py:840} INFO - DAG(s) 'tutorial' retrieved from /home/airflow/.local/lib/python3.8/site-packages/airflow/example_dags/tutorial.py
[2024-01-09T20:46:23.819+0000] {logging_mixin.py:188} INFO - [2024-01-09T20:46:23.819+0000] {dag.py:3033} INFO - Sync 1 DAGs
[2024-01-09T20:46:23.835+0000] {logging_mixin.py:188} INFO - [2024-01-09T20:46:23.834+0000] {dag.py:3820} INFO - Setting next_dagrun for tutorial to 2024-01-08T00:00:00+00:00, run_after=2024-01-09T00:00:00+00:00
[2024-01-09T20:46:23.848+0000] {processor.py:183} INFO - Processing /home/airflow/.local/lib/python3.8/site-packages/airflow/example_dags/tutorial.py took 0.053 seconds
[2024-01-09T20:46:54.055+0000] {processor.py:161} INFO - Started process (PID=877) to work on /home/airflow/.local/lib/python3.8/site-packages/airflow/example_dags/tutorial.py
[2024-01-09T20:46:54.057+0000] {processor.py:830} INFO - Processing file /home/airflow/.local/lib/python3.8/site-packages/airflow/example_dags/tutorial.py for tasks to queue
[2024-01-09T20:46:54.059+0000] {logging_mixin.py:188} INFO - [2024-01-09T20:46:54.059+0000] {dagbag.py:538} INFO - Filling up the DagBag from /home/airflow/.local/lib/python3.8/site-packages/airflow/example_dags/tutorial.py
[2024-01-09T20:46:54.065+0000] {processor.py:840} INFO - DAG(s) 'tutorial' retrieved from /home/airflow/.local/lib/python3.8/site-packages/airflow/example_dags/tutorial.py
[2024-01-09T20:46:54.083+0000] {logging_mixin.py:188} INFO - [2024-01-09T20:46:54.082+0000] {dag.py:3033} INFO - Sync 1 DAGs
[2024-01-09T20:46:54.100+0000] {logging_mixin.py:188} INFO - [2024-01-09T20:46:54.099+0000] {dag.py:3820} INFO - Setting next_dagrun for tutorial to 2024-01-08T00:00:00+00:00, run_after=2024-01-09T00:00:00+00:00
[2024-01-09T20:46:54.114+0000] {processor.py:183} INFO - Processing /home/airflow/.local/lib/python3.8/site-packages/airflow/example_dags/tutorial.py took 0.062 seconds
[2024-01-09T20:47:24.260+0000] {processor.py:161} INFO - Started process (PID=934) to work on /home/airflow/.local/lib/python3.8/site-packages/airflow/example_dags/tutorial.py
[2024-01-09T20:47:24.262+0000] {processor.py:830} INFO - Processing file /home/airflow/.local/lib/python3.8/site-packages/airflow/example_dags/tutorial.py for tasks to queue
[2024-01-09T20:47:24.264+0000] {logging_mixin.py:188} INFO - [2024-01-09T20:47:24.264+0000] {dagbag.py:538} INFO - Filling up the DagBag from /home/airflow/.local/lib/python3.8/site-packages/airflow/example_dags/tutorial.py
[2024-01-09T20:47:24.270+0000] {processor.py:840} INFO - DAG(s) 'tutorial' retrieved from /home/airflow/.local/lib/python3.8/site-packages/airflow/example_dags/tutorial.py
[2024-01-09T20:47:24.286+0000] {logging_mixin.py:188} INFO - [2024-01-09T20:47:24.285+0000] {dag.py:3033} INFO - Sync 1 DAGs
[2024-01-09T20:47:24.304+0000] {logging_mixin.py:188} INFO - [2024-01-09T20:47:24.304+0000] {dag.py:3820} INFO - Setting next_dagrun for tutorial to 2024-01-08T00:00:00+00:00, run_after=2024-01-09T00:00:00+00:00
[2024-01-09T20:47:24.316+0000] {processor.py:183} INFO - Processing /home/airflow/.local/lib/python3.8/site-packages/airflow/example_dags/tutorial.py took 0.059 seconds
[2024-01-09T20:47:54.627+0000] {processor.py:161} INFO - Started process (PID=990) to work on /home/airflow/.local/lib/python3.8/site-packages/airflow/example_dags/tutorial.py
[2024-01-09T20:47:54.627+0000] {processor.py:830} INFO - Processing file /home/airflow/.local/lib/python3.8/site-packages/airflow/example_dags/tutorial.py for tasks to queue
[2024-01-09T20:47:54.629+0000] {logging_mixin.py:188} INFO - [2024-01-09T20:47:54.629+0000] {dagbag.py:538} INFO - Filling up the DagBag from /home/airflow/.local/lib/python3.8/site-packages/airflow/example_dags/tutorial.py
[2024-01-09T20:47:54.634+0000] {processor.py:840} INFO - DAG(s) 'tutorial' retrieved from /home/airflow/.local/lib/python3.8/site-packages/airflow/example_dags/tutorial.py
[2024-01-09T20:47:54.649+0000] {logging_mixin.py:188} INFO - [2024-01-09T20:47:54.648+0000] {dag.py:3033} INFO - Sync 1 DAGs
[2024-01-09T20:47:54.667+0000] {logging_mixin.py:188} INFO - [2024-01-09T20:47:54.667+0000] {dag.py:3820} INFO - Setting next_dagrun for tutorial to 2024-01-08T00:00:00+00:00, run_after=2024-01-09T00:00:00+00:00
[2024-01-09T20:47:54.679+0000] {processor.py:183} INFO - Processing /home/airflow/.local/lib/python3.8/site-packages/airflow/example_dags/tutorial.py took 0.056 seconds
[2024-01-09T20:48:25.614+0000] {processor.py:161} INFO - Started process (PID=1047) to work on /home/airflow/.local/lib/python3.8/site-packages/airflow/example_dags/tutorial.py
[2024-01-09T20:48:25.615+0000] {processor.py:830} INFO - Processing file /home/airflow/.local/lib/python3.8/site-packages/airflow/example_dags/tutorial.py for tasks to queue
[2024-01-09T20:48:25.618+0000] {logging_mixin.py:188} INFO - [2024-01-09T20:48:25.617+0000] {dagbag.py:538} INFO - Filling up the DagBag from /home/airflow/.local/lib/python3.8/site-packages/airflow/example_dags/tutorial.py
[2024-01-09T20:48:25.624+0000] {processor.py:840} INFO - DAG(s) 'tutorial' retrieved from /home/airflow/.local/lib/python3.8/site-packages/airflow/example_dags/tutorial.py
[2024-01-09T20:48:25.659+0000] {logging_mixin.py:188} INFO - [2024-01-09T20:48:25.659+0000] {dag.py:3033} INFO - Sync 1 DAGs
[2024-01-09T20:48:25.685+0000] {logging_mixin.py:188} INFO - [2024-01-09T20:48:25.685+0000] {dag.py:3820} INFO - Setting next_dagrun for tutorial to 2024-01-08T00:00:00+00:00, run_after=2024-01-09T00:00:00+00:00
[2024-01-09T20:48:25.702+0000] {processor.py:183} INFO - Processing /home/airflow/.local/lib/python3.8/site-packages/airflow/example_dags/tutorial.py took 0.091 seconds
