[2024-01-09T20:39:48.437+0000] {processor.py:161} INFO - Started process (PID=67) to work on /home/airflow/.local/lib/python3.8/site-packages/airflow/example_dags/tutorial_taskflow_api.py
[2024-01-09T20:39:48.439+0000] {processor.py:830} INFO - Processing file /home/airflow/.local/lib/python3.8/site-packages/airflow/example_dags/tutorial_taskflow_api.py for tasks to queue
[2024-01-09T20:39:48.444+0000] {logging_mixin.py:188} INFO - [2024-01-09T20:39:48.444+0000] {dagbag.py:538} INFO - Filling up the DagBag from /home/airflow/.local/lib/python3.8/site-packages/airflow/example_dags/tutorial_taskflow_api.py
[2024-01-09T20:39:48.463+0000] {processor.py:840} INFO - DAG(s) 'tutorial_taskflow_api' retrieved from /home/airflow/.local/lib/python3.8/site-packages/airflow/example_dags/tutorial_taskflow_api.py
[2024-01-09T20:39:48.634+0000] {logging_mixin.py:188} INFO - [2024-01-09T20:39:48.633+0000] {override.py:1769} INFO - Created Permission View: can delete on DAG:tutorial_taskflow_api
[2024-01-09T20:39:48.650+0000] {logging_mixin.py:188} INFO - [2024-01-09T20:39:48.649+0000] {override.py:1769} INFO - Created Permission View: can read on DAG:tutorial_taskflow_api
[2024-01-09T20:39:48.665+0000] {logging_mixin.py:188} INFO - [2024-01-09T20:39:48.665+0000] {override.py:1769} INFO - Created Permission View: can edit on DAG:tutorial_taskflow_api
[2024-01-09T20:39:48.666+0000] {logging_mixin.py:188} INFO - [2024-01-09T20:39:48.666+0000] {dag.py:3033} INFO - Sync 1 DAGs
[2024-01-09T20:39:48.685+0000] {logging_mixin.py:188} INFO - [2024-01-09T20:39:48.685+0000] {dag.py:3055} INFO - Creating ORM DAG for tutorial_taskflow_api
[2024-01-09T20:39:48.688+0000] {logging_mixin.py:188} INFO - [2024-01-09T20:39:48.687+0000] {dag.py:3820} INFO - Setting next_dagrun for tutorial_taskflow_api to None, run_after=None
[2024-01-09T20:39:48.713+0000] {processor.py:183} INFO - Processing /home/airflow/.local/lib/python3.8/site-packages/airflow/example_dags/tutorial_taskflow_api.py took 0.283 seconds
[2024-01-09T20:40:19.582+0000] {processor.py:161} INFO - Started process (PID=124) to work on /home/airflow/.local/lib/python3.8/site-packages/airflow/example_dags/tutorial_taskflow_api.py
[2024-01-09T20:40:19.583+0000] {processor.py:830} INFO - Processing file /home/airflow/.local/lib/python3.8/site-packages/airflow/example_dags/tutorial_taskflow_api.py for tasks to queue
[2024-01-09T20:40:19.584+0000] {logging_mixin.py:188} INFO - [2024-01-09T20:40:19.584+0000] {dagbag.py:538} INFO - Filling up the DagBag from /home/airflow/.local/lib/python3.8/site-packages/airflow/example_dags/tutorial_taskflow_api.py
[2024-01-09T20:40:19.589+0000] {processor.py:840} INFO - DAG(s) 'tutorial_taskflow_api' retrieved from /home/airflow/.local/lib/python3.8/site-packages/airflow/example_dags/tutorial_taskflow_api.py
[2024-01-09T20:40:19.603+0000] {logging_mixin.py:188} INFO - [2024-01-09T20:40:19.603+0000] {dag.py:3033} INFO - Sync 1 DAGs
[2024-01-09T20:40:19.614+0000] {logging_mixin.py:188} INFO - [2024-01-09T20:40:19.614+0000] {dag.py:3820} INFO - Setting next_dagrun for tutorial_taskflow_api to None, run_after=None
[2024-01-09T20:40:19.627+0000] {processor.py:183} INFO - Processing /home/airflow/.local/lib/python3.8/site-packages/airflow/example_dags/tutorial_taskflow_api.py took 0.049 seconds
[2024-01-09T20:40:49.733+0000] {processor.py:161} INFO - Started process (PID=181) to work on /home/airflow/.local/lib/python3.8/site-packages/airflow/example_dags/tutorial_taskflow_api.py
[2024-01-09T20:40:49.733+0000] {processor.py:830} INFO - Processing file /home/airflow/.local/lib/python3.8/site-packages/airflow/example_dags/tutorial_taskflow_api.py for tasks to queue
[2024-01-09T20:40:49.735+0000] {logging_mixin.py:188} INFO - [2024-01-09T20:40:49.735+0000] {dagbag.py:538} INFO - Filling up the DagBag from /home/airflow/.local/lib/python3.8/site-packages/airflow/example_dags/tutorial_taskflow_api.py
[2024-01-09T20:40:49.740+0000] {processor.py:840} INFO - DAG(s) 'tutorial_taskflow_api' retrieved from /home/airflow/.local/lib/python3.8/site-packages/airflow/example_dags/tutorial_taskflow_api.py
[2024-01-09T20:40:49.753+0000] {logging_mixin.py:188} INFO - [2024-01-09T20:40:49.753+0000] {dag.py:3033} INFO - Sync 1 DAGs
[2024-01-09T20:40:49.761+0000] {logging_mixin.py:188} INFO - [2024-01-09T20:40:49.761+0000] {dag.py:3820} INFO - Setting next_dagrun for tutorial_taskflow_api to None, run_after=None
[2024-01-09T20:40:49.770+0000] {processor.py:183} INFO - Processing /home/airflow/.local/lib/python3.8/site-packages/airflow/example_dags/tutorial_taskflow_api.py took 0.039 seconds
[2024-01-09T20:41:19.959+0000] {processor.py:161} INFO - Started process (PID=238) to work on /home/airflow/.local/lib/python3.8/site-packages/airflow/example_dags/tutorial_taskflow_api.py
[2024-01-09T20:41:19.960+0000] {processor.py:830} INFO - Processing file /home/airflow/.local/lib/python3.8/site-packages/airflow/example_dags/tutorial_taskflow_api.py for tasks to queue
[2024-01-09T20:41:19.962+0000] {logging_mixin.py:188} INFO - [2024-01-09T20:41:19.961+0000] {dagbag.py:538} INFO - Filling up the DagBag from /home/airflow/.local/lib/python3.8/site-packages/airflow/example_dags/tutorial_taskflow_api.py
[2024-01-09T20:41:19.965+0000] {processor.py:840} INFO - DAG(s) 'tutorial_taskflow_api' retrieved from /home/airflow/.local/lib/python3.8/site-packages/airflow/example_dags/tutorial_taskflow_api.py
[2024-01-09T20:41:19.979+0000] {logging_mixin.py:188} INFO - [2024-01-09T20:41:19.979+0000] {dag.py:3033} INFO - Sync 1 DAGs
[2024-01-09T20:41:19.987+0000] {logging_mixin.py:188} INFO - [2024-01-09T20:41:19.986+0000] {dag.py:3820} INFO - Setting next_dagrun for tutorial_taskflow_api to None, run_after=None
[2024-01-09T20:41:19.997+0000] {processor.py:183} INFO - Processing /home/airflow/.local/lib/python3.8/site-packages/airflow/example_dags/tutorial_taskflow_api.py took 0.040 seconds
[2024-01-09T20:41:50.098+0000] {processor.py:161} INFO - Started process (PID=295) to work on /home/airflow/.local/lib/python3.8/site-packages/airflow/example_dags/tutorial_taskflow_api.py
[2024-01-09T20:41:50.099+0000] {processor.py:830} INFO - Processing file /home/airflow/.local/lib/python3.8/site-packages/airflow/example_dags/tutorial_taskflow_api.py for tasks to queue
[2024-01-09T20:41:50.103+0000] {logging_mixin.py:188} INFO - [2024-01-09T20:41:50.103+0000] {dagbag.py:538} INFO - Filling up the DagBag from /home/airflow/.local/lib/python3.8/site-packages/airflow/example_dags/tutorial_taskflow_api.py
[2024-01-09T20:41:50.112+0000] {processor.py:840} INFO - DAG(s) 'tutorial_taskflow_api' retrieved from /home/airflow/.local/lib/python3.8/site-packages/airflow/example_dags/tutorial_taskflow_api.py
[2024-01-09T20:41:50.131+0000] {logging_mixin.py:188} INFO - [2024-01-09T20:41:50.130+0000] {dag.py:3033} INFO - Sync 1 DAGs
[2024-01-09T20:41:50.140+0000] {logging_mixin.py:188} INFO - [2024-01-09T20:41:50.140+0000] {dag.py:3820} INFO - Setting next_dagrun for tutorial_taskflow_api to None, run_after=None
[2024-01-09T20:41:50.170+0000] {processor.py:183} INFO - Processing /home/airflow/.local/lib/python3.8/site-packages/airflow/example_dags/tutorial_taskflow_api.py took 0.075 seconds
[2024-01-09T20:42:20.346+0000] {processor.py:161} INFO - Started process (PID=352) to work on /home/airflow/.local/lib/python3.8/site-packages/airflow/example_dags/tutorial_taskflow_api.py
[2024-01-09T20:42:20.347+0000] {processor.py:830} INFO - Processing file /home/airflow/.local/lib/python3.8/site-packages/airflow/example_dags/tutorial_taskflow_api.py for tasks to queue
[2024-01-09T20:42:20.348+0000] {logging_mixin.py:188} INFO - [2024-01-09T20:42:20.348+0000] {dagbag.py:538} INFO - Filling up the DagBag from /home/airflow/.local/lib/python3.8/site-packages/airflow/example_dags/tutorial_taskflow_api.py
[2024-01-09T20:42:20.354+0000] {processor.py:840} INFO - DAG(s) 'tutorial_taskflow_api' retrieved from /home/airflow/.local/lib/python3.8/site-packages/airflow/example_dags/tutorial_taskflow_api.py
[2024-01-09T20:42:20.367+0000] {logging_mixin.py:188} INFO - [2024-01-09T20:42:20.367+0000] {dag.py:3033} INFO - Sync 1 DAGs
[2024-01-09T20:42:20.374+0000] {logging_mixin.py:188} INFO - [2024-01-09T20:42:20.374+0000] {dag.py:3820} INFO - Setting next_dagrun for tutorial_taskflow_api to None, run_after=None
[2024-01-09T20:42:20.389+0000] {processor.py:183} INFO - Processing /home/airflow/.local/lib/python3.8/site-packages/airflow/example_dags/tutorial_taskflow_api.py took 0.045 seconds
[2024-01-09T20:42:50.535+0000] {processor.py:161} INFO - Started process (PID=409) to work on /home/airflow/.local/lib/python3.8/site-packages/airflow/example_dags/tutorial_taskflow_api.py
[2024-01-09T20:42:50.536+0000] {processor.py:830} INFO - Processing file /home/airflow/.local/lib/python3.8/site-packages/airflow/example_dags/tutorial_taskflow_api.py for tasks to queue
[2024-01-09T20:42:50.537+0000] {logging_mixin.py:188} INFO - [2024-01-09T20:42:50.537+0000] {dagbag.py:538} INFO - Filling up the DagBag from /home/airflow/.local/lib/python3.8/site-packages/airflow/example_dags/tutorial_taskflow_api.py
[2024-01-09T20:42:50.542+0000] {processor.py:840} INFO - DAG(s) 'tutorial_taskflow_api' retrieved from /home/airflow/.local/lib/python3.8/site-packages/airflow/example_dags/tutorial_taskflow_api.py
[2024-01-09T20:42:50.559+0000] {logging_mixin.py:188} INFO - [2024-01-09T20:42:50.558+0000] {dag.py:3033} INFO - Sync 1 DAGs
[2024-01-09T20:42:50.569+0000] {logging_mixin.py:188} INFO - [2024-01-09T20:42:50.569+0000] {dag.py:3820} INFO - Setting next_dagrun for tutorial_taskflow_api to None, run_after=None
[2024-01-09T20:42:50.581+0000] {processor.py:183} INFO - Processing /home/airflow/.local/lib/python3.8/site-packages/airflow/example_dags/tutorial_taskflow_api.py took 0.050 seconds
[2024-01-09T20:43:20.712+0000] {processor.py:161} INFO - Started process (PID=466) to work on /home/airflow/.local/lib/python3.8/site-packages/airflow/example_dags/tutorial_taskflow_api.py
[2024-01-09T20:43:20.713+0000] {processor.py:830} INFO - Processing file /home/airflow/.local/lib/python3.8/site-packages/airflow/example_dags/tutorial_taskflow_api.py for tasks to queue
[2024-01-09T20:43:20.715+0000] {logging_mixin.py:188} INFO - [2024-01-09T20:43:20.715+0000] {dagbag.py:538} INFO - Filling up the DagBag from /home/airflow/.local/lib/python3.8/site-packages/airflow/example_dags/tutorial_taskflow_api.py
[2024-01-09T20:43:20.719+0000] {processor.py:840} INFO - DAG(s) 'tutorial_taskflow_api' retrieved from /home/airflow/.local/lib/python3.8/site-packages/airflow/example_dags/tutorial_taskflow_api.py
[2024-01-09T20:43:20.731+0000] {logging_mixin.py:188} INFO - [2024-01-09T20:43:20.730+0000] {dag.py:3033} INFO - Sync 1 DAGs
[2024-01-09T20:43:20.739+0000] {logging_mixin.py:188} INFO - [2024-01-09T20:43:20.739+0000] {dag.py:3820} INFO - Setting next_dagrun for tutorial_taskflow_api to None, run_after=None
[2024-01-09T20:43:20.751+0000] {processor.py:183} INFO - Processing /home/airflow/.local/lib/python3.8/site-packages/airflow/example_dags/tutorial_taskflow_api.py took 0.042 seconds
[2024-01-09T20:43:50.987+0000] {processor.py:161} INFO - Started process (PID=522) to work on /home/airflow/.local/lib/python3.8/site-packages/airflow/example_dags/tutorial_taskflow_api.py
[2024-01-09T20:43:50.988+0000] {processor.py:830} INFO - Processing file /home/airflow/.local/lib/python3.8/site-packages/airflow/example_dags/tutorial_taskflow_api.py for tasks to queue
[2024-01-09T20:43:50.989+0000] {logging_mixin.py:188} INFO - [2024-01-09T20:43:50.989+0000] {dagbag.py:538} INFO - Filling up the DagBag from /home/airflow/.local/lib/python3.8/site-packages/airflow/example_dags/tutorial_taskflow_api.py
[2024-01-09T20:43:50.994+0000] {processor.py:840} INFO - DAG(s) 'tutorial_taskflow_api' retrieved from /home/airflow/.local/lib/python3.8/site-packages/airflow/example_dags/tutorial_taskflow_api.py
[2024-01-09T20:43:51.008+0000] {logging_mixin.py:188} INFO - [2024-01-09T20:43:51.008+0000] {dag.py:3033} INFO - Sync 1 DAGs
[2024-01-09T20:43:51.015+0000] {logging_mixin.py:188} INFO - [2024-01-09T20:43:51.015+0000] {dag.py:3820} INFO - Setting next_dagrun for tutorial_taskflow_api to None, run_after=None
[2024-01-09T20:43:51.032+0000] {processor.py:183} INFO - Processing /home/airflow/.local/lib/python3.8/site-packages/airflow/example_dags/tutorial_taskflow_api.py took 0.048 seconds
[2024-01-09T20:44:21.246+0000] {processor.py:161} INFO - Started process (PID=579) to work on /home/airflow/.local/lib/python3.8/site-packages/airflow/example_dags/tutorial_taskflow_api.py
[2024-01-09T20:44:21.247+0000] {processor.py:830} INFO - Processing file /home/airflow/.local/lib/python3.8/site-packages/airflow/example_dags/tutorial_taskflow_api.py for tasks to queue
[2024-01-09T20:44:21.249+0000] {logging_mixin.py:188} INFO - [2024-01-09T20:44:21.249+0000] {dagbag.py:538} INFO - Filling up the DagBag from /home/airflow/.local/lib/python3.8/site-packages/airflow/example_dags/tutorial_taskflow_api.py
[2024-01-09T20:44:21.253+0000] {processor.py:840} INFO - DAG(s) 'tutorial_taskflow_api' retrieved from /home/airflow/.local/lib/python3.8/site-packages/airflow/example_dags/tutorial_taskflow_api.py
[2024-01-09T20:44:21.267+0000] {logging_mixin.py:188} INFO - [2024-01-09T20:44:21.267+0000] {dag.py:3033} INFO - Sync 1 DAGs
[2024-01-09T20:44:21.273+0000] {logging_mixin.py:188} INFO - [2024-01-09T20:44:21.273+0000] {dag.py:3820} INFO - Setting next_dagrun for tutorial_taskflow_api to None, run_after=None
[2024-01-09T20:44:21.284+0000] {processor.py:183} INFO - Processing /home/airflow/.local/lib/python3.8/site-packages/airflow/example_dags/tutorial_taskflow_api.py took 0.042 seconds
[2024-01-09T20:44:51.443+0000] {processor.py:161} INFO - Started process (PID=635) to work on /home/airflow/.local/lib/python3.8/site-packages/airflow/example_dags/tutorial_taskflow_api.py
[2024-01-09T20:44:51.444+0000] {processor.py:830} INFO - Processing file /home/airflow/.local/lib/python3.8/site-packages/airflow/example_dags/tutorial_taskflow_api.py for tasks to queue
[2024-01-09T20:44:51.445+0000] {logging_mixin.py:188} INFO - [2024-01-09T20:44:51.445+0000] {dagbag.py:538} INFO - Filling up the DagBag from /home/airflow/.local/lib/python3.8/site-packages/airflow/example_dags/tutorial_taskflow_api.py
[2024-01-09T20:44:51.450+0000] {processor.py:840} INFO - DAG(s) 'tutorial_taskflow_api' retrieved from /home/airflow/.local/lib/python3.8/site-packages/airflow/example_dags/tutorial_taskflow_api.py
[2024-01-09T20:44:51.464+0000] {logging_mixin.py:188} INFO - [2024-01-09T20:44:51.463+0000] {dag.py:3033} INFO - Sync 1 DAGs
[2024-01-09T20:44:51.470+0000] {logging_mixin.py:188} INFO - [2024-01-09T20:44:51.470+0000] {dag.py:3820} INFO - Setting next_dagrun for tutorial_taskflow_api to None, run_after=None
[2024-01-09T20:44:51.482+0000] {processor.py:183} INFO - Processing /home/airflow/.local/lib/python3.8/site-packages/airflow/example_dags/tutorial_taskflow_api.py took 0.043 seconds
[2024-01-09T20:45:21.835+0000] {processor.py:161} INFO - Started process (PID=692) to work on /home/airflow/.local/lib/python3.8/site-packages/airflow/example_dags/tutorial_taskflow_api.py
[2024-01-09T20:45:21.835+0000] {processor.py:830} INFO - Processing file /home/airflow/.local/lib/python3.8/site-packages/airflow/example_dags/tutorial_taskflow_api.py for tasks to queue
[2024-01-09T20:45:21.837+0000] {logging_mixin.py:188} INFO - [2024-01-09T20:45:21.837+0000] {dagbag.py:538} INFO - Filling up the DagBag from /home/airflow/.local/lib/python3.8/site-packages/airflow/example_dags/tutorial_taskflow_api.py
[2024-01-09T20:45:21.843+0000] {processor.py:840} INFO - DAG(s) 'tutorial_taskflow_api' retrieved from /home/airflow/.local/lib/python3.8/site-packages/airflow/example_dags/tutorial_taskflow_api.py
[2024-01-09T20:45:21.863+0000] {logging_mixin.py:188} INFO - [2024-01-09T20:45:21.863+0000] {dag.py:3033} INFO - Sync 1 DAGs
[2024-01-09T20:45:21.870+0000] {logging_mixin.py:188} INFO - [2024-01-09T20:45:21.870+0000] {dag.py:3820} INFO - Setting next_dagrun for tutorial_taskflow_api to None, run_after=None
[2024-01-09T20:45:21.881+0000] {processor.py:183} INFO - Processing /home/airflow/.local/lib/python3.8/site-packages/airflow/example_dags/tutorial_taskflow_api.py took 0.049 seconds
[2024-01-09T20:45:52.037+0000] {processor.py:161} INFO - Started process (PID=749) to work on /home/airflow/.local/lib/python3.8/site-packages/airflow/example_dags/tutorial_taskflow_api.py
[2024-01-09T20:45:52.040+0000] {processor.py:830} INFO - Processing file /home/airflow/.local/lib/python3.8/site-packages/airflow/example_dags/tutorial_taskflow_api.py for tasks to queue
[2024-01-09T20:45:52.045+0000] {logging_mixin.py:188} INFO - [2024-01-09T20:45:52.045+0000] {dagbag.py:538} INFO - Filling up the DagBag from /home/airflow/.local/lib/python3.8/site-packages/airflow/example_dags/tutorial_taskflow_api.py
[2024-01-09T20:45:52.052+0000] {processor.py:840} INFO - DAG(s) 'tutorial_taskflow_api' retrieved from /home/airflow/.local/lib/python3.8/site-packages/airflow/example_dags/tutorial_taskflow_api.py
[2024-01-09T20:45:52.068+0000] {logging_mixin.py:188} INFO - [2024-01-09T20:45:52.068+0000] {dag.py:3033} INFO - Sync 1 DAGs
[2024-01-09T20:45:52.078+0000] {logging_mixin.py:188} INFO - [2024-01-09T20:45:52.078+0000] {dag.py:3820} INFO - Setting next_dagrun for tutorial_taskflow_api to None, run_after=None
[2024-01-09T20:45:52.105+0000] {processor.py:183} INFO - Processing /home/airflow/.local/lib/python3.8/site-packages/airflow/example_dags/tutorial_taskflow_api.py took 0.074 seconds
[2024-01-09T20:46:22.154+0000] {processor.py:161} INFO - Started process (PID=806) to work on /home/airflow/.local/lib/python3.8/site-packages/airflow/example_dags/tutorial_taskflow_api.py
[2024-01-09T20:46:22.154+0000] {processor.py:830} INFO - Processing file /home/airflow/.local/lib/python3.8/site-packages/airflow/example_dags/tutorial_taskflow_api.py for tasks to queue
[2024-01-09T20:46:22.156+0000] {logging_mixin.py:188} INFO - [2024-01-09T20:46:22.156+0000] {dagbag.py:538} INFO - Filling up the DagBag from /home/airflow/.local/lib/python3.8/site-packages/airflow/example_dags/tutorial_taskflow_api.py
[2024-01-09T20:46:22.161+0000] {processor.py:840} INFO - DAG(s) 'tutorial_taskflow_api' retrieved from /home/airflow/.local/lib/python3.8/site-packages/airflow/example_dags/tutorial_taskflow_api.py
[2024-01-09T20:46:22.174+0000] {logging_mixin.py:188} INFO - [2024-01-09T20:46:22.174+0000] {dag.py:3033} INFO - Sync 1 DAGs
[2024-01-09T20:46:22.181+0000] {logging_mixin.py:188} INFO - [2024-01-09T20:46:22.181+0000] {dag.py:3820} INFO - Setting next_dagrun for tutorial_taskflow_api to None, run_after=None
[2024-01-09T20:46:22.194+0000] {processor.py:183} INFO - Processing /home/airflow/.local/lib/python3.8/site-packages/airflow/example_dags/tutorial_taskflow_api.py took 0.042 seconds
[2024-01-09T20:46:52.498+0000] {processor.py:161} INFO - Started process (PID=863) to work on /home/airflow/.local/lib/python3.8/site-packages/airflow/example_dags/tutorial_taskflow_api.py
[2024-01-09T20:46:52.499+0000] {processor.py:830} INFO - Processing file /home/airflow/.local/lib/python3.8/site-packages/airflow/example_dags/tutorial_taskflow_api.py for tasks to queue
[2024-01-09T20:46:52.500+0000] {logging_mixin.py:188} INFO - [2024-01-09T20:46:52.500+0000] {dagbag.py:538} INFO - Filling up the DagBag from /home/airflow/.local/lib/python3.8/site-packages/airflow/example_dags/tutorial_taskflow_api.py
[2024-01-09T20:46:52.504+0000] {processor.py:840} INFO - DAG(s) 'tutorial_taskflow_api' retrieved from /home/airflow/.local/lib/python3.8/site-packages/airflow/example_dags/tutorial_taskflow_api.py
[2024-01-09T20:46:52.516+0000] {logging_mixin.py:188} INFO - [2024-01-09T20:46:52.516+0000] {dag.py:3033} INFO - Sync 1 DAGs
[2024-01-09T20:46:52.524+0000] {logging_mixin.py:188} INFO - [2024-01-09T20:46:52.524+0000] {dag.py:3820} INFO - Setting next_dagrun for tutorial_taskflow_api to None, run_after=None
[2024-01-09T20:46:52.539+0000] {processor.py:183} INFO - Processing /home/airflow/.local/lib/python3.8/site-packages/airflow/example_dags/tutorial_taskflow_api.py took 0.044 seconds
[2024-01-09T20:47:22.731+0000] {processor.py:161} INFO - Started process (PID=920) to work on /home/airflow/.local/lib/python3.8/site-packages/airflow/example_dags/tutorial_taskflow_api.py
[2024-01-09T20:47:22.733+0000] {processor.py:830} INFO - Processing file /home/airflow/.local/lib/python3.8/site-packages/airflow/example_dags/tutorial_taskflow_api.py for tasks to queue
[2024-01-09T20:47:22.735+0000] {logging_mixin.py:188} INFO - [2024-01-09T20:47:22.735+0000] {dagbag.py:538} INFO - Filling up the DagBag from /home/airflow/.local/lib/python3.8/site-packages/airflow/example_dags/tutorial_taskflow_api.py
[2024-01-09T20:47:22.739+0000] {processor.py:840} INFO - DAG(s) 'tutorial_taskflow_api' retrieved from /home/airflow/.local/lib/python3.8/site-packages/airflow/example_dags/tutorial_taskflow_api.py
[2024-01-09T20:47:22.756+0000] {logging_mixin.py:188} INFO - [2024-01-09T20:47:22.756+0000] {dag.py:3033} INFO - Sync 1 DAGs
[2024-01-09T20:47:22.763+0000] {logging_mixin.py:188} INFO - [2024-01-09T20:47:22.763+0000] {dag.py:3820} INFO - Setting next_dagrun for tutorial_taskflow_api to None, run_after=None
[2024-01-09T20:47:22.773+0000] {processor.py:183} INFO - Processing /home/airflow/.local/lib/python3.8/site-packages/airflow/example_dags/tutorial_taskflow_api.py took 0.044 seconds
[2024-01-09T20:47:52.976+0000] {processor.py:161} INFO - Started process (PID=976) to work on /home/airflow/.local/lib/python3.8/site-packages/airflow/example_dags/tutorial_taskflow_api.py
[2024-01-09T20:47:52.976+0000] {processor.py:830} INFO - Processing file /home/airflow/.local/lib/python3.8/site-packages/airflow/example_dags/tutorial_taskflow_api.py for tasks to queue
[2024-01-09T20:47:52.979+0000] {logging_mixin.py:188} INFO - [2024-01-09T20:47:52.979+0000] {dagbag.py:538} INFO - Filling up the DagBag from /home/airflow/.local/lib/python3.8/site-packages/airflow/example_dags/tutorial_taskflow_api.py
[2024-01-09T20:47:52.985+0000] {processor.py:840} INFO - DAG(s) 'tutorial_taskflow_api' retrieved from /home/airflow/.local/lib/python3.8/site-packages/airflow/example_dags/tutorial_taskflow_api.py
[2024-01-09T20:47:52.999+0000] {logging_mixin.py:188} INFO - [2024-01-09T20:47:52.999+0000] {dag.py:3033} INFO - Sync 1 DAGs
[2024-01-09T20:47:53.008+0000] {logging_mixin.py:188} INFO - [2024-01-09T20:47:53.008+0000] {dag.py:3820} INFO - Setting next_dagrun for tutorial_taskflow_api to None, run_after=None
[2024-01-09T20:47:53.019+0000] {processor.py:183} INFO - Processing /home/airflow/.local/lib/python3.8/site-packages/airflow/example_dags/tutorial_taskflow_api.py took 0.046 seconds
[2024-01-09T20:48:23.622+0000] {processor.py:161} INFO - Started process (PID=1033) to work on /home/airflow/.local/lib/python3.8/site-packages/airflow/example_dags/tutorial_taskflow_api.py
[2024-01-09T20:48:23.623+0000] {processor.py:830} INFO - Processing file /home/airflow/.local/lib/python3.8/site-packages/airflow/example_dags/tutorial_taskflow_api.py for tasks to queue
[2024-01-09T20:48:23.625+0000] {logging_mixin.py:188} INFO - [2024-01-09T20:48:23.625+0000] {dagbag.py:538} INFO - Filling up the DagBag from /home/airflow/.local/lib/python3.8/site-packages/airflow/example_dags/tutorial_taskflow_api.py
[2024-01-09T20:48:23.631+0000] {processor.py:840} INFO - DAG(s) 'tutorial_taskflow_api' retrieved from /home/airflow/.local/lib/python3.8/site-packages/airflow/example_dags/tutorial_taskflow_api.py
[2024-01-09T20:48:23.659+0000] {logging_mixin.py:188} INFO - [2024-01-09T20:48:23.659+0000] {dag.py:3033} INFO - Sync 1 DAGs
[2024-01-09T20:48:23.673+0000] {logging_mixin.py:188} INFO - [2024-01-09T20:48:23.673+0000] {dag.py:3820} INFO - Setting next_dagrun for tutorial_taskflow_api to None, run_after=None
[2024-01-09T20:48:23.691+0000] {processor.py:183} INFO - Processing /home/airflow/.local/lib/python3.8/site-packages/airflow/example_dags/tutorial_taskflow_api.py took 0.073 seconds
