[2024-01-14T00:24:12.236+0000] {processor.py:161} INFO - Started process (PID=1508) to work on /opt/airflow/dags/second_project.py
[2024-01-14T00:24:12.237+0000] {processor.py:830} INFO - Processing file /opt/airflow/dags/second_project.py for tasks to queue
[2024-01-14T00:24:12.240+0000] {logging_mixin.py:188} INFO - [2024-01-14T00:24:12.239+0000] {dagbag.py:538} INFO - Filling up the DagBag from /opt/airflow/dags/second_project.py
[2024-01-14T00:24:12.462+0000] {processor.py:840} INFO - DAG(s) 'covid_dag' retrieved from /opt/airflow/dags/second_project.py
[2024-01-14T00:24:12.472+0000] {logging_mixin.py:188} INFO - [2024-01-14T00:24:12.472+0000] {dag.py:3033} INFO - Sync 1 DAGs
[2024-01-14T00:24:12.481+0000] {logging_mixin.py:188} INFO - [2024-01-14T00:24:12.481+0000] {dag.py:3820} INFO - Setting next_dagrun for covid_dag to 2024-01-14T00:00:00+00:00, run_after=2024-01-15T00:00:00+00:00
[2024-01-14T00:24:12.488+0000] {processor.py:183} INFO - Processing /opt/airflow/dags/second_project.py took 0.256 seconds
[2024-01-14T00:24:42.538+0000] {processor.py:161} INFO - Started process (PID=1516) to work on /opt/airflow/dags/second_project.py
[2024-01-14T00:24:42.540+0000] {processor.py:830} INFO - Processing file /opt/airflow/dags/second_project.py for tasks to queue
[2024-01-14T00:24:42.544+0000] {logging_mixin.py:188} INFO - [2024-01-14T00:24:42.543+0000] {dagbag.py:538} INFO - Filling up the DagBag from /opt/airflow/dags/second_project.py
[2024-01-14T00:24:42.758+0000] {processor.py:840} INFO - DAG(s) 'covid_dag' retrieved from /opt/airflow/dags/second_project.py
[2024-01-14T00:24:42.768+0000] {logging_mixin.py:188} INFO - [2024-01-14T00:24:42.767+0000] {dag.py:3033} INFO - Sync 1 DAGs
[2024-01-14T00:24:42.775+0000] {logging_mixin.py:188} INFO - [2024-01-14T00:24:42.775+0000] {dag.py:3820} INFO - Setting next_dagrun for covid_dag to 2024-01-14T00:00:00+00:00, run_after=2024-01-15T00:00:00+00:00
[2024-01-14T00:24:42.782+0000] {processor.py:183} INFO - Processing /opt/airflow/dags/second_project.py took 0.250 seconds
[2024-01-14T00:25:12.914+0000] {processor.py:161} INFO - Started process (PID=1524) to work on /opt/airflow/dags/second_project.py
[2024-01-14T00:25:12.915+0000] {processor.py:830} INFO - Processing file /opt/airflow/dags/second_project.py for tasks to queue
[2024-01-14T00:25:12.918+0000] {logging_mixin.py:188} INFO - [2024-01-14T00:25:12.918+0000] {dagbag.py:538} INFO - Filling up the DagBag from /opt/airflow/dags/second_project.py
[2024-01-14T00:25:13.110+0000] {processor.py:840} INFO - DAG(s) 'covid_dag' retrieved from /opt/airflow/dags/second_project.py
[2024-01-14T00:25:13.119+0000] {logging_mixin.py:188} INFO - [2024-01-14T00:25:13.119+0000] {dag.py:3033} INFO - Sync 1 DAGs
[2024-01-14T00:25:13.127+0000] {logging_mixin.py:188} INFO - [2024-01-14T00:25:13.127+0000] {dag.py:3820} INFO - Setting next_dagrun for covid_dag to 2024-01-14T00:00:00+00:00, run_after=2024-01-15T00:00:00+00:00
[2024-01-14T00:25:13.133+0000] {processor.py:183} INFO - Processing /opt/airflow/dags/second_project.py took 0.224 seconds
[2024-01-14T00:25:43.277+0000] {processor.py:161} INFO - Started process (PID=1532) to work on /opt/airflow/dags/second_project.py
[2024-01-14T00:25:43.278+0000] {processor.py:830} INFO - Processing file /opt/airflow/dags/second_project.py for tasks to queue
[2024-01-14T00:25:43.281+0000] {logging_mixin.py:188} INFO - [2024-01-14T00:25:43.281+0000] {dagbag.py:538} INFO - Filling up the DagBag from /opt/airflow/dags/second_project.py
[2024-01-14T00:25:43.476+0000] {processor.py:840} INFO - DAG(s) 'covid_dag' retrieved from /opt/airflow/dags/second_project.py
[2024-01-14T00:25:43.486+0000] {logging_mixin.py:188} INFO - [2024-01-14T00:25:43.486+0000] {dag.py:3033} INFO - Sync 1 DAGs
[2024-01-14T00:25:43.493+0000] {logging_mixin.py:188} INFO - [2024-01-14T00:25:43.493+0000] {dag.py:3820} INFO - Setting next_dagrun for covid_dag to 2024-01-14T00:00:00+00:00, run_after=2024-01-15T00:00:00+00:00
[2024-01-14T00:25:43.500+0000] {processor.py:183} INFO - Processing /opt/airflow/dags/second_project.py took 0.229 seconds
[2024-01-14T00:47:02.395+0000] {processor.py:161} INFO - Started process (PID=1540) to work on /opt/airflow/dags/second_project.py
[2024-01-14T00:47:02.396+0000] {processor.py:830} INFO - Processing file /opt/airflow/dags/second_project.py for tasks to queue
[2024-01-14T00:47:02.398+0000] {logging_mixin.py:188} INFO - [2024-01-14T00:47:02.398+0000] {dagbag.py:538} INFO - Filling up the DagBag from /opt/airflow/dags/second_project.py
[2024-01-14T00:47:02.610+0000] {processor.py:840} INFO - DAG(s) 'covid_dag' retrieved from /opt/airflow/dags/second_project.py
[2024-01-14T00:47:02.620+0000] {logging_mixin.py:188} INFO - [2024-01-14T00:47:02.619+0000] {dag.py:3033} INFO - Sync 1 DAGs
[2024-01-14T00:47:02.627+0000] {logging_mixin.py:188} INFO - [2024-01-14T00:47:02.627+0000] {dag.py:3820} INFO - Setting next_dagrun for covid_dag to 2024-01-14T00:00:00+00:00, run_after=2024-01-15T00:00:00+00:00
[2024-01-14T00:47:02.633+0000] {processor.py:183} INFO - Processing /opt/airflow/dags/second_project.py took 0.242 seconds
[2024-01-14T01:25:24.861+0000] {processor.py:161} INFO - Started process (PID=1548) to work on /opt/airflow/dags/second_project.py
[2024-01-14T01:25:24.865+0000] {processor.py:830} INFO - Processing file /opt/airflow/dags/second_project.py for tasks to queue
[2024-01-14T01:25:24.868+0000] {logging_mixin.py:188} INFO - [2024-01-14T01:25:24.867+0000] {dagbag.py:538} INFO - Filling up the DagBag from /opt/airflow/dags/second_project.py
[2024-01-14T01:25:25.172+0000] {processor.py:840} INFO - DAG(s) 'covid_dag' retrieved from /opt/airflow/dags/second_project.py
[2024-01-14T01:25:25.195+0000] {logging_mixin.py:188} INFO - [2024-01-14T01:25:25.194+0000] {dag.py:3033} INFO - Sync 1 DAGs
[2024-01-14T01:25:25.208+0000] {logging_mixin.py:188} INFO - [2024-01-14T01:25:25.208+0000] {dag.py:3820} INFO - Setting next_dagrun for covid_dag to 2024-01-14T00:00:00+00:00, run_after=2024-01-15T00:00:00+00:00
[2024-01-14T01:25:25.216+0000] {processor.py:183} INFO - Processing /opt/airflow/dags/second_project.py took 0.359 seconds
[2024-01-14T02:37:37.382+0000] {processor.py:161} INFO - Started process (PID=1556) to work on /opt/airflow/dags/second_project.py
[2024-01-14T02:37:37.383+0000] {processor.py:830} INFO - Processing file /opt/airflow/dags/second_project.py for tasks to queue
[2024-01-14T02:37:37.385+0000] {logging_mixin.py:188} INFO - [2024-01-14T02:37:37.385+0000] {dagbag.py:538} INFO - Filling up the DagBag from /opt/airflow/dags/second_project.py
[2024-01-14T02:37:37.576+0000] {processor.py:840} INFO - DAG(s) 'covid_dag' retrieved from /opt/airflow/dags/second_project.py
[2024-01-14T02:37:37.585+0000] {logging_mixin.py:188} INFO - [2024-01-14T02:37:37.585+0000] {dag.py:3033} INFO - Sync 1 DAGs
[2024-01-14T02:37:37.594+0000] {logging_mixin.py:188} INFO - [2024-01-14T02:37:37.594+0000] {dag.py:3820} INFO - Setting next_dagrun for covid_dag to 2024-01-14T00:00:00+00:00, run_after=2024-01-15T00:00:00+00:00
[2024-01-14T02:37:37.620+0000] {processor.py:183} INFO - Processing /opt/airflow/dags/second_project.py took 0.241 seconds
[2024-01-14T02:55:11.003+0000] {processor.py:161} INFO - Started process (PID=1564) to work on /opt/airflow/dags/second_project.py
[2024-01-14T02:55:11.004+0000] {processor.py:830} INFO - Processing file /opt/airflow/dags/second_project.py for tasks to queue
[2024-01-14T02:55:11.007+0000] {logging_mixin.py:188} INFO - [2024-01-14T02:55:11.007+0000] {dagbag.py:538} INFO - Filling up the DagBag from /opt/airflow/dags/second_project.py
[2024-01-14T02:55:11.247+0000] {processor.py:840} INFO - DAG(s) 'covid_dag' retrieved from /opt/airflow/dags/second_project.py
[2024-01-14T02:55:11.267+0000] {logging_mixin.py:188} INFO - [2024-01-14T02:55:11.267+0000] {dag.py:3033} INFO - Sync 1 DAGs
[2024-01-14T02:55:11.282+0000] {logging_mixin.py:188} INFO - [2024-01-14T02:55:11.282+0000] {dag.py:3820} INFO - Setting next_dagrun for covid_dag to 2024-01-14T00:00:00+00:00, run_after=2024-01-15T00:00:00+00:00
[2024-01-14T02:55:11.291+0000] {processor.py:183} INFO - Processing /opt/airflow/dags/second_project.py took 0.292 seconds
[2024-01-14T03:37:10.409+0000] {processor.py:161} INFO - Started process (PID=1572) to work on /opt/airflow/dags/second_project.py
[2024-01-14T03:37:10.413+0000] {processor.py:830} INFO - Processing file /opt/airflow/dags/second_project.py for tasks to queue
[2024-01-14T03:37:10.415+0000] {logging_mixin.py:188} INFO - [2024-01-14T03:37:10.415+0000] {dagbag.py:538} INFO - Filling up the DagBag from /opt/airflow/dags/second_project.py
[2024-01-14T03:37:10.714+0000] {processor.py:840} INFO - DAG(s) 'covid_dag' retrieved from /opt/airflow/dags/second_project.py
[2024-01-14T03:37:10.730+0000] {logging_mixin.py:188} INFO - [2024-01-14T03:37:10.730+0000] {dag.py:3033} INFO - Sync 1 DAGs
[2024-01-14T03:37:10.744+0000] {logging_mixin.py:188} INFO - [2024-01-14T03:37:10.744+0000] {dag.py:3820} INFO - Setting next_dagrun for covid_dag to 2024-01-14T00:00:00+00:00, run_after=2024-01-15T00:00:00+00:00
[2024-01-14T03:37:10.753+0000] {processor.py:183} INFO - Processing /opt/airflow/dags/second_project.py took 0.347 seconds
[2024-01-14T03:50:05.416+0000] {processor.py:161} INFO - Started process (PID=1579) to work on /opt/airflow/dags/second_project.py
[2024-01-14T03:50:05.416+0000] {processor.py:830} INFO - Processing file /opt/airflow/dags/second_project.py for tasks to queue
[2024-01-14T03:50:05.421+0000] {logging_mixin.py:188} INFO - [2024-01-14T03:50:05.420+0000] {dagbag.py:538} INFO - Filling up the DagBag from /opt/airflow/dags/second_project.py
[2024-01-14T03:50:05.701+0000] {processor.py:840} INFO - DAG(s) 'covid_dag' retrieved from /opt/airflow/dags/second_project.py
[2024-01-14T03:50:05.721+0000] {logging_mixin.py:188} INFO - [2024-01-14T03:50:05.720+0000] {dag.py:3033} INFO - Sync 1 DAGs
[2024-01-14T03:50:05.733+0000] {logging_mixin.py:188} INFO - [2024-01-14T03:50:05.733+0000] {dag.py:3820} INFO - Setting next_dagrun for covid_dag to 2024-01-14T00:00:00+00:00, run_after=2024-01-15T00:00:00+00:00
[2024-01-14T03:50:05.744+0000] {processor.py:183} INFO - Processing /opt/airflow/dags/second_project.py took 0.331 seconds
[2024-01-14T04:51:04.377+0000] {processor.py:161} INFO - Started process (PID=1587) to work on /opt/airflow/dags/second_project.py
[2024-01-14T04:51:04.378+0000] {processor.py:830} INFO - Processing file /opt/airflow/dags/second_project.py for tasks to queue
[2024-01-14T04:51:04.380+0000] {logging_mixin.py:188} INFO - [2024-01-14T04:51:04.380+0000] {dagbag.py:538} INFO - Filling up the DagBag from /opt/airflow/dags/second_project.py
[2024-01-14T04:51:04.567+0000] {processor.py:840} INFO - DAG(s) 'covid_dag' retrieved from /opt/airflow/dags/second_project.py
[2024-01-14T04:51:04.576+0000] {logging_mixin.py:188} INFO - [2024-01-14T04:51:04.576+0000] {dag.py:3033} INFO - Sync 1 DAGs
[2024-01-14T04:51:04.584+0000] {logging_mixin.py:188} INFO - [2024-01-14T04:51:04.584+0000] {dag.py:3820} INFO - Setting next_dagrun for covid_dag to 2024-01-14T00:00:00+00:00, run_after=2024-01-15T00:00:00+00:00
[2024-01-14T04:51:04.591+0000] {processor.py:183} INFO - Processing /opt/airflow/dags/second_project.py took 0.216 seconds
[2024-01-14T05:11:10.648+0000] {processor.py:161} INFO - Started process (PID=1595) to work on /opt/airflow/dags/second_project.py
[2024-01-14T05:11:10.652+0000] {processor.py:830} INFO - Processing file /opt/airflow/dags/second_project.py for tasks to queue
[2024-01-14T05:11:10.654+0000] {logging_mixin.py:188} INFO - [2024-01-14T05:11:10.654+0000] {dagbag.py:538} INFO - Filling up the DagBag from /opt/airflow/dags/second_project.py
[2024-01-14T05:11:11.079+0000] {processor.py:840} INFO - DAG(s) 'covid_dag' retrieved from /opt/airflow/dags/second_project.py
[2024-01-14T05:11:11.112+0000] {logging_mixin.py:188} INFO - [2024-01-14T05:11:11.112+0000] {dag.py:3033} INFO - Sync 1 DAGs
[2024-01-14T05:11:11.127+0000] {logging_mixin.py:188} INFO - [2024-01-14T05:11:11.127+0000] {dag.py:3820} INFO - Setting next_dagrun for covid_dag to 2024-01-14T00:00:00+00:00, run_after=2024-01-15T00:00:00+00:00
[2024-01-14T05:11:11.150+0000] {processor.py:183} INFO - Processing /opt/airflow/dags/second_project.py took 0.505 seconds
[2024-01-14T05:22:22.241+0000] {processor.py:161} INFO - Started process (PID=1603) to work on /opt/airflow/dags/second_project.py
[2024-01-14T05:22:22.242+0000] {processor.py:830} INFO - Processing file /opt/airflow/dags/second_project.py for tasks to queue
[2024-01-14T05:22:22.244+0000] {logging_mixin.py:188} INFO - [2024-01-14T05:22:22.244+0000] {dagbag.py:538} INFO - Filling up the DagBag from /opt/airflow/dags/second_project.py
[2024-01-14T05:22:22.460+0000] {processor.py:840} INFO - DAG(s) 'covid_dag' retrieved from /opt/airflow/dags/second_project.py
[2024-01-14T05:22:22.484+0000] {logging_mixin.py:188} INFO - [2024-01-14T05:22:22.483+0000] {dag.py:3033} INFO - Sync 1 DAGs
[2024-01-14T05:22:22.496+0000] {logging_mixin.py:188} INFO - [2024-01-14T05:22:22.496+0000] {dag.py:3820} INFO - Setting next_dagrun for covid_dag to 2024-01-14T00:00:00+00:00, run_after=2024-01-15T00:00:00+00:00
[2024-01-14T05:22:22.507+0000] {processor.py:183} INFO - Processing /opt/airflow/dags/second_project.py took 0.270 seconds
[2024-01-14T06:14:42.439+0000] {processor.py:161} INFO - Started process (PID=1611) to work on /opt/airflow/dags/second_project.py
[2024-01-14T06:14:42.440+0000] {processor.py:830} INFO - Processing file /opt/airflow/dags/second_project.py for tasks to queue
[2024-01-14T06:14:42.442+0000] {logging_mixin.py:188} INFO - [2024-01-14T06:14:42.442+0000] {dagbag.py:538} INFO - Filling up the DagBag from /opt/airflow/dags/second_project.py
[2024-01-14T06:14:42.639+0000] {processor.py:840} INFO - DAG(s) 'covid_dag' retrieved from /opt/airflow/dags/second_project.py
[2024-01-14T06:14:42.659+0000] {logging_mixin.py:188} INFO - [2024-01-14T06:14:42.659+0000] {dag.py:3033} INFO - Sync 1 DAGs
[2024-01-14T06:14:42.670+0000] {logging_mixin.py:188} INFO - [2024-01-14T06:14:42.670+0000] {dag.py:3820} INFO - Setting next_dagrun for covid_dag to 2024-01-14T00:00:00+00:00, run_after=2024-01-15T00:00:00+00:00
[2024-01-14T06:14:42.681+0000] {processor.py:183} INFO - Processing /opt/airflow/dags/second_project.py took 0.245 seconds
[2024-01-14T07:23:23.050+0000] {processor.py:161} INFO - Started process (PID=1619) to work on /opt/airflow/dags/second_project.py
[2024-01-14T07:23:23.054+0000] {processor.py:830} INFO - Processing file /opt/airflow/dags/second_project.py for tasks to queue
[2024-01-14T07:23:23.056+0000] {logging_mixin.py:188} INFO - [2024-01-14T07:23:23.056+0000] {dagbag.py:538} INFO - Filling up the DagBag from /opt/airflow/dags/second_project.py
[2024-01-14T07:23:23.378+0000] {processor.py:840} INFO - DAG(s) 'covid_dag' retrieved from /opt/airflow/dags/second_project.py
[2024-01-14T07:23:23.394+0000] {logging_mixin.py:188} INFO - [2024-01-14T07:23:23.394+0000] {dag.py:3033} INFO - Sync 1 DAGs
[2024-01-14T07:23:23.405+0000] {logging_mixin.py:188} INFO - [2024-01-14T07:23:23.405+0000] {dag.py:3820} INFO - Setting next_dagrun for covid_dag to 2024-01-14T00:00:00+00:00, run_after=2024-01-15T00:00:00+00:00
[2024-01-14T07:23:23.413+0000] {processor.py:183} INFO - Processing /opt/airflow/dags/second_project.py took 0.366 seconds
[2024-01-14T09:01:21.705+0000] {processor.py:161} INFO - Started process (PID=1627) to work on /opt/airflow/dags/second_project.py
[2024-01-14T09:01:21.706+0000] {processor.py:830} INFO - Processing file /opt/airflow/dags/second_project.py for tasks to queue
[2024-01-14T09:01:21.708+0000] {logging_mixin.py:188} INFO - [2024-01-14T09:01:21.708+0000] {dagbag.py:538} INFO - Filling up the DagBag from /opt/airflow/dags/second_project.py
[2024-01-14T09:01:21.904+0000] {processor.py:840} INFO - DAG(s) 'covid_dag' retrieved from /opt/airflow/dags/second_project.py
[2024-01-14T09:01:21.913+0000] {logging_mixin.py:188} INFO - [2024-01-14T09:01:21.913+0000] {dag.py:3033} INFO - Sync 1 DAGs
[2024-01-14T09:01:21.921+0000] {logging_mixin.py:188} INFO - [2024-01-14T09:01:21.920+0000] {dag.py:3820} INFO - Setting next_dagrun for covid_dag to 2024-01-14T00:00:00+00:00, run_after=2024-01-15T00:00:00+00:00
[2024-01-14T09:01:21.926+0000] {processor.py:183} INFO - Processing /opt/airflow/dags/second_project.py took 0.226 seconds
[2024-01-14T10:21:46.686+0000] {processor.py:161} INFO - Started process (PID=1635) to work on /opt/airflow/dags/second_project.py
[2024-01-14T10:21:46.688+0000] {processor.py:830} INFO - Processing file /opt/airflow/dags/second_project.py for tasks to queue
[2024-01-14T10:21:46.691+0000] {logging_mixin.py:188} INFO - [2024-01-14T10:21:46.691+0000] {dagbag.py:538} INFO - Filling up the DagBag from /opt/airflow/dags/second_project.py
[2024-01-14T10:21:47.056+0000] {processor.py:840} INFO - DAG(s) 'covid_dag' retrieved from /opt/airflow/dags/second_project.py
[2024-01-14T10:21:47.065+0000] {logging_mixin.py:188} INFO - [2024-01-14T10:21:47.065+0000] {dag.py:3033} INFO - Sync 1 DAGs
[2024-01-14T10:21:47.073+0000] {logging_mixin.py:188} INFO - [2024-01-14T10:21:47.073+0000] {dag.py:3820} INFO - Setting next_dagrun for covid_dag to 2024-01-14T00:00:00+00:00, run_after=2024-01-15T00:00:00+00:00
[2024-01-14T10:21:47.078+0000] {processor.py:183} INFO - Processing /opt/airflow/dags/second_project.py took 0.395 seconds
[2024-01-14T11:30:11.340+0000] {processor.py:161} INFO - Started process (PID=1643) to work on /opt/airflow/dags/second_project.py
[2024-01-14T11:30:11.342+0000] {processor.py:830} INFO - Processing file /opt/airflow/dags/second_project.py for tasks to queue
[2024-01-14T11:30:11.344+0000] {logging_mixin.py:188} INFO - [2024-01-14T11:30:11.343+0000] {dagbag.py:538} INFO - Filling up the DagBag from /opt/airflow/dags/second_project.py
[2024-01-14T11:30:11.529+0000] {processor.py:840} INFO - DAG(s) 'covid_dag' retrieved from /opt/airflow/dags/second_project.py
[2024-01-14T11:30:11.538+0000] {logging_mixin.py:188} INFO - [2024-01-14T11:30:11.538+0000] {dag.py:3033} INFO - Sync 1 DAGs
[2024-01-14T11:30:11.546+0000] {logging_mixin.py:188} INFO - [2024-01-14T11:30:11.546+0000] {dag.py:3820} INFO - Setting next_dagrun for covid_dag to 2024-01-14T00:00:00+00:00, run_after=2024-01-15T00:00:00+00:00
[2024-01-14T11:30:11.552+0000] {processor.py:183} INFO - Processing /opt/airflow/dags/second_project.py took 0.215 seconds
[2024-01-14T12:18:50.946+0000] {processor.py:161} INFO - Started process (PID=1652) to work on /opt/airflow/dags/second_project.py
[2024-01-14T12:18:50.946+0000] {processor.py:830} INFO - Processing file /opt/airflow/dags/second_project.py for tasks to queue
[2024-01-14T12:18:50.948+0000] {logging_mixin.py:188} INFO - [2024-01-14T12:18:50.948+0000] {dagbag.py:538} INFO - Filling up the DagBag from /opt/airflow/dags/second_project.py
[2024-01-14T12:18:51.128+0000] {processor.py:840} INFO - DAG(s) 'covid_dag' retrieved from /opt/airflow/dags/second_project.py
[2024-01-14T12:18:51.138+0000] {logging_mixin.py:188} INFO - [2024-01-14T12:18:51.138+0000] {dag.py:3033} INFO - Sync 1 DAGs
[2024-01-14T12:18:51.149+0000] {logging_mixin.py:188} INFO - [2024-01-14T12:18:51.149+0000] {dag.py:3820} INFO - Setting next_dagrun for covid_dag to 2024-01-14T00:00:00+00:00, run_after=2024-01-15T00:00:00+00:00
[2024-01-14T12:18:51.157+0000] {processor.py:183} INFO - Processing /opt/airflow/dags/second_project.py took 0.213 seconds
[2024-01-14T12:46:21.212+0000] {processor.py:161} INFO - Started process (PID=1660) to work on /opt/airflow/dags/second_project.py
[2024-01-14T12:46:21.213+0000] {processor.py:830} INFO - Processing file /opt/airflow/dags/second_project.py for tasks to queue
[2024-01-14T12:46:21.216+0000] {logging_mixin.py:188} INFO - [2024-01-14T12:46:21.215+0000] {dagbag.py:538} INFO - Filling up the DagBag from /opt/airflow/dags/second_project.py
[2024-01-14T12:46:21.411+0000] {processor.py:840} INFO - DAG(s) 'covid_dag' retrieved from /opt/airflow/dags/second_project.py
[2024-01-14T12:46:21.421+0000] {logging_mixin.py:188} INFO - [2024-01-14T12:46:21.420+0000] {dag.py:3033} INFO - Sync 1 DAGs
[2024-01-14T12:46:21.428+0000] {logging_mixin.py:188} INFO - [2024-01-14T12:46:21.428+0000] {dag.py:3820} INFO - Setting next_dagrun for covid_dag to 2024-01-14T00:00:00+00:00, run_after=2024-01-15T00:00:00+00:00
[2024-01-14T12:46:21.435+0000] {processor.py:183} INFO - Processing /opt/airflow/dags/second_project.py took 0.227 seconds
[2024-01-14T12:50:15.762+0000] {processor.py:161} INFO - Started process (PID=1668) to work on /opt/airflow/dags/second_project.py
[2024-01-14T12:50:15.763+0000] {processor.py:830} INFO - Processing file /opt/airflow/dags/second_project.py for tasks to queue
[2024-01-14T12:50:15.764+0000] {logging_mixin.py:188} INFO - [2024-01-14T12:50:15.764+0000] {dagbag.py:538} INFO - Filling up the DagBag from /opt/airflow/dags/second_project.py
[2024-01-14T12:50:16.020+0000] {processor.py:840} INFO - DAG(s) 'covid_dag' retrieved from /opt/airflow/dags/second_project.py
[2024-01-14T12:50:16.032+0000] {logging_mixin.py:188} INFO - [2024-01-14T12:50:16.032+0000] {dag.py:3033} INFO - Sync 1 DAGs
[2024-01-14T12:50:16.047+0000] {logging_mixin.py:188} INFO - [2024-01-14T12:50:16.047+0000] {dag.py:3820} INFO - Setting next_dagrun for covid_dag to 2024-01-14T00:00:00+00:00, run_after=2024-01-15T00:00:00+00:00
[2024-01-14T12:50:16.054+0000] {processor.py:183} INFO - Processing /opt/airflow/dags/second_project.py took 0.294 seconds
[2024-01-14T12:50:46.323+0000] {processor.py:161} INFO - Started process (PID=1676) to work on /opt/airflow/dags/second_project.py
[2024-01-14T12:50:46.324+0000] {processor.py:830} INFO - Processing file /opt/airflow/dags/second_project.py for tasks to queue
[2024-01-14T12:50:46.328+0000] {logging_mixin.py:188} INFO - [2024-01-14T12:50:46.327+0000] {dagbag.py:538} INFO - Filling up the DagBag from /opt/airflow/dags/second_project.py
[2024-01-14T12:50:46.537+0000] {processor.py:840} INFO - DAG(s) 'covid_dag' retrieved from /opt/airflow/dags/second_project.py
[2024-01-14T12:50:46.546+0000] {logging_mixin.py:188} INFO - [2024-01-14T12:50:46.546+0000] {dag.py:3033} INFO - Sync 1 DAGs
[2024-01-14T12:50:46.554+0000] {logging_mixin.py:188} INFO - [2024-01-14T12:50:46.554+0000] {dag.py:3820} INFO - Setting next_dagrun for covid_dag to 2024-01-14T00:00:00+00:00, run_after=2024-01-15T00:00:00+00:00
[2024-01-14T12:50:46.561+0000] {processor.py:183} INFO - Processing /opt/airflow/dags/second_project.py took 0.244 seconds
[2024-01-14T12:51:16.824+0000] {processor.py:161} INFO - Started process (PID=1684) to work on /opt/airflow/dags/second_project.py
[2024-01-14T12:51:16.825+0000] {processor.py:830} INFO - Processing file /opt/airflow/dags/second_project.py for tasks to queue
[2024-01-14T12:51:16.828+0000] {logging_mixin.py:188} INFO - [2024-01-14T12:51:16.828+0000] {dagbag.py:538} INFO - Filling up the DagBag from /opt/airflow/dags/second_project.py
[2024-01-14T12:51:17.046+0000] {processor.py:840} INFO - DAG(s) 'covid_dag' retrieved from /opt/airflow/dags/second_project.py
[2024-01-14T12:51:17.055+0000] {logging_mixin.py:188} INFO - [2024-01-14T12:51:17.054+0000] {dag.py:3033} INFO - Sync 1 DAGs
[2024-01-14T12:51:17.063+0000] {logging_mixin.py:188} INFO - [2024-01-14T12:51:17.063+0000] {dag.py:3820} INFO - Setting next_dagrun for covid_dag to 2024-01-14T00:00:00+00:00, run_after=2024-01-15T00:00:00+00:00
[2024-01-14T12:51:17.069+0000] {processor.py:183} INFO - Processing /opt/airflow/dags/second_project.py took 0.250 seconds
[2024-01-14T12:51:47.106+0000] {processor.py:161} INFO - Started process (PID=1692) to work on /opt/airflow/dags/second_project.py
[2024-01-14T12:51:47.108+0000] {processor.py:830} INFO - Processing file /opt/airflow/dags/second_project.py for tasks to queue
[2024-01-14T12:51:47.112+0000] {logging_mixin.py:188} INFO - [2024-01-14T12:51:47.111+0000] {dagbag.py:538} INFO - Filling up the DagBag from /opt/airflow/dags/second_project.py
[2024-01-14T12:51:47.309+0000] {processor.py:840} INFO - DAG(s) 'covid_dag' retrieved from /opt/airflow/dags/second_project.py
[2024-01-14T12:51:47.318+0000] {logging_mixin.py:188} INFO - [2024-01-14T12:51:47.318+0000] {dag.py:3033} INFO - Sync 1 DAGs
[2024-01-14T12:51:47.326+0000] {logging_mixin.py:188} INFO - [2024-01-14T12:51:47.326+0000] {dag.py:3820} INFO - Setting next_dagrun for covid_dag to 2024-01-14T00:00:00+00:00, run_after=2024-01-15T00:00:00+00:00
[2024-01-14T12:51:47.332+0000] {processor.py:183} INFO - Processing /opt/airflow/dags/second_project.py took 0.232 seconds
[2024-01-14T13:02:16.162+0000] {processor.py:161} INFO - Started process (PID=1700) to work on /opt/airflow/dags/second_project.py
[2024-01-14T13:02:16.163+0000] {processor.py:830} INFO - Processing file /opt/airflow/dags/second_project.py for tasks to queue
[2024-01-14T13:02:16.166+0000] {logging_mixin.py:188} INFO - [2024-01-14T13:02:16.166+0000] {dagbag.py:538} INFO - Filling up the DagBag from /opt/airflow/dags/second_project.py
[2024-01-14T13:02:16.532+0000] {processor.py:840} INFO - DAG(s) 'covid_dag' retrieved from /opt/airflow/dags/second_project.py
[2024-01-14T13:02:16.556+0000] {logging_mixin.py:188} INFO - [2024-01-14T13:02:16.555+0000] {dag.py:3033} INFO - Sync 1 DAGs
[2024-01-14T13:02:16.568+0000] {logging_mixin.py:188} INFO - [2024-01-14T13:02:16.568+0000] {dag.py:3820} INFO - Setting next_dagrun for covid_dag to 2024-01-14T00:00:00+00:00, run_after=2024-01-15T00:00:00+00:00
[2024-01-14T13:02:16.580+0000] {processor.py:183} INFO - Processing /opt/airflow/dags/second_project.py took 0.426 seconds
[2024-01-14T13:29:19.823+0000] {processor.py:161} INFO - Started process (PID=1708) to work on /opt/airflow/dags/second_project.py
[2024-01-14T13:29:19.824+0000] {processor.py:830} INFO - Processing file /opt/airflow/dags/second_project.py for tasks to queue
[2024-01-14T13:29:19.827+0000] {logging_mixin.py:188} INFO - [2024-01-14T13:29:19.826+0000] {dagbag.py:538} INFO - Filling up the DagBag from /opt/airflow/dags/second_project.py
[2024-01-14T13:29:20.017+0000] {processor.py:840} INFO - DAG(s) 'covid_dag' retrieved from /opt/airflow/dags/second_project.py
[2024-01-14T13:29:20.027+0000] {logging_mixin.py:188} INFO - [2024-01-14T13:29:20.026+0000] {dag.py:3033} INFO - Sync 1 DAGs
[2024-01-14T13:29:20.034+0000] {logging_mixin.py:188} INFO - [2024-01-14T13:29:20.034+0000] {dag.py:3820} INFO - Setting next_dagrun for covid_dag to 2024-01-14T00:00:00+00:00, run_after=2024-01-15T00:00:00+00:00
[2024-01-14T13:29:20.041+0000] {processor.py:183} INFO - Processing /opt/airflow/dags/second_project.py took 0.222 seconds
[2024-01-14T14:13:22.409+0000] {processor.py:161} INFO - Started process (PID=1716) to work on /opt/airflow/dags/second_project.py
[2024-01-14T14:13:22.413+0000] {processor.py:830} INFO - Processing file /opt/airflow/dags/second_project.py for tasks to queue
[2024-01-14T14:13:22.418+0000] {logging_mixin.py:188} INFO - [2024-01-14T14:13:22.418+0000] {dagbag.py:538} INFO - Filling up the DagBag from /opt/airflow/dags/second_project.py
[2024-01-14T14:13:22.737+0000] {processor.py:840} INFO - DAG(s) 'covid_dag' retrieved from /opt/airflow/dags/second_project.py
[2024-01-14T14:13:22.747+0000] {logging_mixin.py:188} INFO - [2024-01-14T14:13:22.747+0000] {dag.py:3033} INFO - Sync 1 DAGs
[2024-01-14T14:13:22.755+0000] {logging_mixin.py:188} INFO - [2024-01-14T14:13:22.755+0000] {dag.py:3820} INFO - Setting next_dagrun for covid_dag to 2024-01-14T00:00:00+00:00, run_after=2024-01-15T00:00:00+00:00
[2024-01-14T14:13:22.762+0000] {processor.py:183} INFO - Processing /opt/airflow/dags/second_project.py took 0.358 seconds
[2024-01-14T14:42:18.595+0000] {processor.py:161} INFO - Started process (PID=1724) to work on /opt/airflow/dags/second_project.py
[2024-01-14T14:42:18.596+0000] {processor.py:830} INFO - Processing file /opt/airflow/dags/second_project.py for tasks to queue
[2024-01-14T14:42:18.598+0000] {logging_mixin.py:188} INFO - [2024-01-14T14:42:18.598+0000] {dagbag.py:538} INFO - Filling up the DagBag from /opt/airflow/dags/second_project.py
[2024-01-14T14:42:18.781+0000] {processor.py:840} INFO - DAG(s) 'covid_dag' retrieved from /opt/airflow/dags/second_project.py
[2024-01-14T14:42:18.790+0000] {logging_mixin.py:188} INFO - [2024-01-14T14:42:18.790+0000] {dag.py:3033} INFO - Sync 1 DAGs
[2024-01-14T14:42:18.798+0000] {logging_mixin.py:188} INFO - [2024-01-14T14:42:18.798+0000] {dag.py:3820} INFO - Setting next_dagrun for covid_dag to 2024-01-14T00:00:00+00:00, run_after=2024-01-15T00:00:00+00:00
[2024-01-14T14:42:18.804+0000] {processor.py:183} INFO - Processing /opt/airflow/dags/second_project.py took 0.213 seconds
[2024-01-14T14:49:57.254+0000] {processor.py:161} INFO - Started process (PID=1731) to work on /opt/airflow/dags/second_project.py
[2024-01-14T14:49:57.257+0000] {processor.py:830} INFO - Processing file /opt/airflow/dags/second_project.py for tasks to queue
[2024-01-14T14:49:57.261+0000] {logging_mixin.py:188} INFO - [2024-01-14T14:49:57.261+0000] {dagbag.py:538} INFO - Filling up the DagBag from /opt/airflow/dags/second_project.py
[2024-01-14T14:49:57.620+0000] {processor.py:840} INFO - DAG(s) 'covid_dag' retrieved from /opt/airflow/dags/second_project.py
[2024-01-14T14:49:57.643+0000] {logging_mixin.py:188} INFO - [2024-01-14T14:49:57.642+0000] {dag.py:3033} INFO - Sync 1 DAGs
[2024-01-14T14:49:57.654+0000] {logging_mixin.py:188} INFO - [2024-01-14T14:49:57.654+0000] {dag.py:3820} INFO - Setting next_dagrun for covid_dag to 2024-01-14T00:00:00+00:00, run_after=2024-01-15T00:00:00+00:00
[2024-01-14T14:49:57.662+0000] {processor.py:183} INFO - Processing /opt/airflow/dags/second_project.py took 0.412 seconds
[2024-01-14T15:00:19.795+0000] {processor.py:161} INFO - Started process (PID=1739) to work on /opt/airflow/dags/second_project.py
[2024-01-14T15:00:19.796+0000] {processor.py:830} INFO - Processing file /opt/airflow/dags/second_project.py for tasks to queue
[2024-01-14T15:00:19.799+0000] {logging_mixin.py:188} INFO - [2024-01-14T15:00:19.798+0000] {dagbag.py:538} INFO - Filling up the DagBag from /opt/airflow/dags/second_project.py
[2024-01-14T15:00:20.041+0000] {processor.py:840} INFO - DAG(s) 'covid_dag' retrieved from /opt/airflow/dags/second_project.py
[2024-01-14T15:00:20.053+0000] {logging_mixin.py:188} INFO - [2024-01-14T15:00:20.052+0000] {dag.py:3033} INFO - Sync 1 DAGs
[2024-01-14T15:00:20.063+0000] {logging_mixin.py:188} INFO - [2024-01-14T15:00:20.063+0000] {dag.py:3820} INFO - Setting next_dagrun for covid_dag to 2024-01-14T00:00:00+00:00, run_after=2024-01-15T00:00:00+00:00
[2024-01-14T15:00:20.071+0000] {processor.py:183} INFO - Processing /opt/airflow/dags/second_project.py took 0.280 seconds
[2024-01-14T15:40:55.710+0000] {processor.py:161} INFO - Started process (PID=1747) to work on /opt/airflow/dags/second_project.py
[2024-01-14T15:40:55.713+0000] {processor.py:830} INFO - Processing file /opt/airflow/dags/second_project.py for tasks to queue
[2024-01-14T15:40:55.714+0000] {logging_mixin.py:188} INFO - [2024-01-14T15:40:55.714+0000] {dagbag.py:538} INFO - Filling up the DagBag from /opt/airflow/dags/second_project.py
[2024-01-14T15:40:56.013+0000] {processor.py:840} INFO - DAG(s) 'covid_dag' retrieved from /opt/airflow/dags/second_project.py
[2024-01-14T15:40:56.029+0000] {logging_mixin.py:188} INFO - [2024-01-14T15:40:56.028+0000] {dag.py:3033} INFO - Sync 1 DAGs
[2024-01-14T15:40:56.041+0000] {logging_mixin.py:188} INFO - [2024-01-14T15:40:56.041+0000] {dag.py:3820} INFO - Setting next_dagrun for covid_dag to 2024-01-14T00:00:00+00:00, run_after=2024-01-15T00:00:00+00:00
[2024-01-14T15:40:56.050+0000] {processor.py:183} INFO - Processing /opt/airflow/dags/second_project.py took 0.342 seconds
[2024-01-14T16:03:24.241+0000] {processor.py:161} INFO - Started process (PID=1755) to work on /opt/airflow/dags/second_project.py
[2024-01-14T16:03:24.242+0000] {processor.py:830} INFO - Processing file /opt/airflow/dags/second_project.py for tasks to queue
[2024-01-14T16:03:24.245+0000] {logging_mixin.py:188} INFO - [2024-01-14T16:03:24.245+0000] {dagbag.py:538} INFO - Filling up the DagBag from /opt/airflow/dags/second_project.py
[2024-01-14T16:03:24.554+0000] {processor.py:840} INFO - DAG(s) 'covid_dag' retrieved from /opt/airflow/dags/second_project.py
[2024-01-14T16:03:24.569+0000] {logging_mixin.py:188} INFO - [2024-01-14T16:03:24.569+0000] {dag.py:3033} INFO - Sync 1 DAGs
[2024-01-14T16:03:24.581+0000] {logging_mixin.py:188} INFO - [2024-01-14T16:03:24.581+0000] {dag.py:3820} INFO - Setting next_dagrun for covid_dag to 2024-01-14T00:00:00+00:00, run_after=2024-01-15T00:00:00+00:00
[2024-01-14T16:03:24.589+0000] {processor.py:183} INFO - Processing /opt/airflow/dags/second_project.py took 0.352 seconds
[2024-01-14T16:07:01.258+0000] {processor.py:161} INFO - Started process (PID=1763) to work on /opt/airflow/dags/second_project.py
[2024-01-14T16:07:01.260+0000] {processor.py:830} INFO - Processing file /opt/airflow/dags/second_project.py for tasks to queue
[2024-01-14T16:07:01.263+0000] {logging_mixin.py:188} INFO - [2024-01-14T16:07:01.262+0000] {dagbag.py:538} INFO - Filling up the DagBag from /opt/airflow/dags/second_project.py
[2024-01-14T16:07:01.456+0000] {processor.py:840} INFO - DAG(s) 'covid_dag' retrieved from /opt/airflow/dags/second_project.py
[2024-01-14T16:07:01.466+0000] {logging_mixin.py:188} INFO - [2024-01-14T16:07:01.465+0000] {dag.py:3033} INFO - Sync 1 DAGs
[2024-01-14T16:07:01.473+0000] {logging_mixin.py:188} INFO - [2024-01-14T16:07:01.473+0000] {dag.py:3820} INFO - Setting next_dagrun for covid_dag to 2024-01-14T00:00:00+00:00, run_after=2024-01-15T00:00:00+00:00
[2024-01-14T16:07:01.480+0000] {processor.py:183} INFO - Processing /opt/airflow/dags/second_project.py took 0.228 seconds
[2024-01-14T16:41:50.417+0000] {processor.py:161} INFO - Started process (PID=1771) to work on /opt/airflow/dags/second_project.py
[2024-01-14T16:41:50.420+0000] {processor.py:830} INFO - Processing file /opt/airflow/dags/second_project.py for tasks to queue
[2024-01-14T16:41:50.422+0000] {logging_mixin.py:188} INFO - [2024-01-14T16:41:50.421+0000] {dagbag.py:538} INFO - Filling up the DagBag from /opt/airflow/dags/second_project.py
[2024-01-14T16:41:50.699+0000] {processor.py:840} INFO - DAG(s) 'covid_dag' retrieved from /opt/airflow/dags/second_project.py
[2024-01-14T16:41:50.717+0000] {logging_mixin.py:188} INFO - [2024-01-14T16:41:50.716+0000] {dag.py:3033} INFO - Sync 1 DAGs
[2024-01-14T16:41:50.734+0000] {logging_mixin.py:188} INFO - [2024-01-14T16:41:50.734+0000] {dag.py:3820} INFO - Setting next_dagrun for covid_dag to 2024-01-14T00:00:00+00:00, run_after=2024-01-15T00:00:00+00:00
[2024-01-14T16:41:50.742+0000] {processor.py:183} INFO - Processing /opt/airflow/dags/second_project.py took 0.327 seconds
[2024-01-14T17:17:24.967+0000] {processor.py:161} INFO - Started process (PID=1780) to work on /opt/airflow/dags/second_project.py
[2024-01-14T17:17:24.969+0000] {processor.py:830} INFO - Processing file /opt/airflow/dags/second_project.py for tasks to queue
[2024-01-14T17:17:24.970+0000] {logging_mixin.py:188} INFO - [2024-01-14T17:17:24.970+0000] {dagbag.py:538} INFO - Filling up the DagBag from /opt/airflow/dags/second_project.py
[2024-01-14T17:17:25.283+0000] {processor.py:840} INFO - DAG(s) 'covid_dag' retrieved from /opt/airflow/dags/second_project.py
[2024-01-14T17:17:25.304+0000] {logging_mixin.py:188} INFO - [2024-01-14T17:17:25.303+0000] {dag.py:3033} INFO - Sync 1 DAGs
[2024-01-14T17:17:25.319+0000] {logging_mixin.py:188} INFO - [2024-01-14T17:17:25.319+0000] {dag.py:3820} INFO - Setting next_dagrun for covid_dag to 2024-01-14T00:00:00+00:00, run_after=2024-01-15T00:00:00+00:00
[2024-01-14T17:17:25.329+0000] {processor.py:183} INFO - Processing /opt/airflow/dags/second_project.py took 0.365 seconds
[2024-01-14T17:28:55.235+0000] {processor.py:161} INFO - Started process (PID=1788) to work on /opt/airflow/dags/second_project.py
[2024-01-14T17:28:55.235+0000] {processor.py:830} INFO - Processing file /opt/airflow/dags/second_project.py for tasks to queue
[2024-01-14T17:28:55.238+0000] {logging_mixin.py:188} INFO - [2024-01-14T17:28:55.237+0000] {dagbag.py:538} INFO - Filling up the DagBag from /opt/airflow/dags/second_project.py
[2024-01-14T17:28:55.424+0000] {processor.py:840} INFO - DAG(s) 'covid_dag' retrieved from /opt/airflow/dags/second_project.py
[2024-01-14T17:28:55.434+0000] {logging_mixin.py:188} INFO - [2024-01-14T17:28:55.433+0000] {dag.py:3033} INFO - Sync 1 DAGs
[2024-01-14T17:28:55.442+0000] {logging_mixin.py:188} INFO - [2024-01-14T17:28:55.442+0000] {dag.py:3820} INFO - Setting next_dagrun for covid_dag to 2024-01-14T00:00:00+00:00, run_after=2024-01-15T00:00:00+00:00
[2024-01-14T17:28:55.448+0000] {processor.py:183} INFO - Processing /opt/airflow/dags/second_project.py took 0.217 seconds
[2024-01-14T18:20:52.607+0000] {processor.py:161} INFO - Started process (PID=1795) to work on /opt/airflow/dags/second_project.py
[2024-01-14T18:20:52.608+0000] {processor.py:830} INFO - Processing file /opt/airflow/dags/second_project.py for tasks to queue
[2024-01-14T18:20:52.610+0000] {logging_mixin.py:188} INFO - [2024-01-14T18:20:52.609+0000] {dagbag.py:538} INFO - Filling up the DagBag from /opt/airflow/dags/second_project.py
[2024-01-14T18:20:52.926+0000] {processor.py:840} INFO - DAG(s) 'covid_dag' retrieved from /opt/airflow/dags/second_project.py
[2024-01-14T18:20:52.964+0000] {logging_mixin.py:188} INFO - [2024-01-14T18:20:52.963+0000] {dag.py:3033} INFO - Sync 1 DAGs
[2024-01-14T18:20:53.019+0000] {logging_mixin.py:188} INFO - [2024-01-14T18:20:53.018+0000] {dag.py:3820} INFO - Setting next_dagrun for covid_dag to 2024-01-14T00:00:00+00:00, run_after=2024-01-15T00:00:00+00:00
[2024-01-14T18:20:53.060+0000] {processor.py:183} INFO - Processing /opt/airflow/dags/second_project.py took 0.456 seconds
[2024-01-14T18:43:53.770+0000] {processor.py:161} INFO - Started process (PID=1803) to work on /opt/airflow/dags/second_project.py
[2024-01-14T18:43:53.773+0000] {processor.py:830} INFO - Processing file /opt/airflow/dags/second_project.py for tasks to queue
[2024-01-14T18:43:53.774+0000] {logging_mixin.py:188} INFO - [2024-01-14T18:43:53.774+0000] {dagbag.py:538} INFO - Filling up the DagBag from /opt/airflow/dags/second_project.py
[2024-01-14T18:43:54.034+0000] {processor.py:840} INFO - DAG(s) 'covid_dag' retrieved from /opt/airflow/dags/second_project.py
[2024-01-14T18:43:54.051+0000] {logging_mixin.py:188} INFO - [2024-01-14T18:43:54.051+0000] {dag.py:3033} INFO - Sync 1 DAGs
[2024-01-14T18:43:54.065+0000] {logging_mixin.py:188} INFO - [2024-01-14T18:43:54.064+0000] {dag.py:3820} INFO - Setting next_dagrun for covid_dag to 2024-01-14T00:00:00+00:00, run_after=2024-01-15T00:00:00+00:00
[2024-01-14T18:43:54.073+0000] {processor.py:183} INFO - Processing /opt/airflow/dags/second_project.py took 0.306 seconds
[2024-01-14T19:01:54.500+0000] {processor.py:161} INFO - Started process (PID=1811) to work on /opt/airflow/dags/second_project.py
[2024-01-14T19:01:54.500+0000] {processor.py:830} INFO - Processing file /opt/airflow/dags/second_project.py for tasks to queue
[2024-01-14T19:01:54.503+0000] {logging_mixin.py:188} INFO - [2024-01-14T19:01:54.503+0000] {dagbag.py:538} INFO - Filling up the DagBag from /opt/airflow/dags/second_project.py
[2024-01-14T19:01:54.702+0000] {processor.py:840} INFO - DAG(s) 'covid_dag' retrieved from /opt/airflow/dags/second_project.py
[2024-01-14T19:01:54.711+0000] {logging_mixin.py:188} INFO - [2024-01-14T19:01:54.711+0000] {dag.py:3033} INFO - Sync 1 DAGs
[2024-01-14T19:01:54.719+0000] {logging_mixin.py:188} INFO - [2024-01-14T19:01:54.719+0000] {dag.py:3820} INFO - Setting next_dagrun for covid_dag to 2024-01-14T00:00:00+00:00, run_after=2024-01-15T00:00:00+00:00
[2024-01-14T19:01:54.726+0000] {processor.py:183} INFO - Processing /opt/airflow/dags/second_project.py took 0.231 seconds
[2024-01-14T19:28:06.633+0000] {processor.py:161} INFO - Started process (PID=1819) to work on /opt/airflow/dags/second_project.py
[2024-01-14T19:28:06.636+0000] {processor.py:830} INFO - Processing file /opt/airflow/dags/second_project.py for tasks to queue
[2024-01-14T19:28:06.638+0000] {logging_mixin.py:188} INFO - [2024-01-14T19:28:06.638+0000] {dagbag.py:538} INFO - Filling up the DagBag from /opt/airflow/dags/second_project.py
[2024-01-14T19:28:07.007+0000] {processor.py:840} INFO - DAG(s) 'covid_dag' retrieved from /opt/airflow/dags/second_project.py
[2024-01-14T19:28:07.026+0000] {logging_mixin.py:188} INFO - [2024-01-14T19:28:07.026+0000] {dag.py:3033} INFO - Sync 1 DAGs
[2024-01-14T19:28:07.040+0000] {logging_mixin.py:188} INFO - [2024-01-14T19:28:07.040+0000] {dag.py:3820} INFO - Setting next_dagrun for covid_dag to 2024-01-14T00:00:00+00:00, run_after=2024-01-15T00:00:00+00:00
[2024-01-14T19:28:07.048+0000] {processor.py:183} INFO - Processing /opt/airflow/dags/second_project.py took 0.417 seconds
[2024-01-14T19:44:54.174+0000] {processor.py:161} INFO - Started process (PID=1827) to work on /opt/airflow/dags/second_project.py
[2024-01-14T19:44:54.175+0000] {processor.py:830} INFO - Processing file /opt/airflow/dags/second_project.py for tasks to queue
[2024-01-14T19:44:54.176+0000] {logging_mixin.py:188} INFO - [2024-01-14T19:44:54.176+0000] {dagbag.py:538} INFO - Filling up the DagBag from /opt/airflow/dags/second_project.py
[2024-01-14T19:44:54.359+0000] {processor.py:840} INFO - DAG(s) 'covid_dag' retrieved from /opt/airflow/dags/second_project.py
[2024-01-14T19:44:54.369+0000] {logging_mixin.py:188} INFO - [2024-01-14T19:44:54.369+0000] {dag.py:3033} INFO - Sync 1 DAGs
[2024-01-14T19:44:54.377+0000] {logging_mixin.py:188} INFO - [2024-01-14T19:44:54.376+0000] {dag.py:3820} INFO - Setting next_dagrun for covid_dag to 2024-01-14T00:00:00+00:00, run_after=2024-01-15T00:00:00+00:00
[2024-01-14T19:44:54.383+0000] {processor.py:183} INFO - Processing /opt/airflow/dags/second_project.py took 0.211 seconds
[2024-01-14T20:27:29.519+0000] {processor.py:161} INFO - Started process (PID=1835) to work on /opt/airflow/dags/second_project.py
[2024-01-14T20:27:29.529+0000] {processor.py:830} INFO - Processing file /opt/airflow/dags/second_project.py for tasks to queue
[2024-01-14T20:27:29.536+0000] {logging_mixin.py:188} INFO - [2024-01-14T20:27:29.535+0000] {dagbag.py:538} INFO - Filling up the DagBag from /opt/airflow/dags/second_project.py
[2024-01-14T20:27:29.886+0000] {processor.py:840} INFO - DAG(s) 'covid_dag' retrieved from /opt/airflow/dags/second_project.py
[2024-01-14T20:27:29.909+0000] {logging_mixin.py:188} INFO - [2024-01-14T20:27:29.909+0000] {dag.py:3033} INFO - Sync 1 DAGs
[2024-01-14T20:27:29.921+0000] {logging_mixin.py:188} INFO - [2024-01-14T20:27:29.921+0000] {dag.py:3820} INFO - Setting next_dagrun for covid_dag to 2024-01-14T00:00:00+00:00, run_after=2024-01-15T00:00:00+00:00
[2024-01-14T20:27:29.933+0000] {processor.py:183} INFO - Processing /opt/airflow/dags/second_project.py took 0.421 seconds
[2024-01-14T21:20:09.191+0000] {processor.py:161} INFO - Started process (PID=1843) to work on /opt/airflow/dags/second_project.py
[2024-01-14T21:20:09.192+0000] {processor.py:830} INFO - Processing file /opt/airflow/dags/second_project.py for tasks to queue
[2024-01-14T21:20:09.194+0000] {logging_mixin.py:188} INFO - [2024-01-14T21:20:09.194+0000] {dagbag.py:538} INFO - Filling up the DagBag from /opt/airflow/dags/second_project.py
[2024-01-14T21:20:09.388+0000] {processor.py:840} INFO - DAG(s) 'covid_dag' retrieved from /opt/airflow/dags/second_project.py
[2024-01-14T21:20:09.398+0000] {logging_mixin.py:188} INFO - [2024-01-14T21:20:09.397+0000] {dag.py:3033} INFO - Sync 1 DAGs
[2024-01-14T21:20:09.406+0000] {logging_mixin.py:188} INFO - [2024-01-14T21:20:09.406+0000] {dag.py:3820} INFO - Setting next_dagrun for covid_dag to 2024-01-14T00:00:00+00:00, run_after=2024-01-15T00:00:00+00:00
[2024-01-14T21:20:09.413+0000] {processor.py:183} INFO - Processing /opt/airflow/dags/second_project.py took 0.225 seconds
[2024-01-14T21:50:59.099+0000] {processor.py:161} INFO - Started process (PID=1851) to work on /opt/airflow/dags/second_project.py
[2024-01-14T21:50:59.103+0000] {processor.py:830} INFO - Processing file /opt/airflow/dags/second_project.py for tasks to queue
[2024-01-14T21:50:59.104+0000] {logging_mixin.py:188} INFO - [2024-01-14T21:50:59.104+0000] {dagbag.py:538} INFO - Filling up the DagBag from /opt/airflow/dags/second_project.py
[2024-01-14T21:50:59.420+0000] {processor.py:840} INFO - DAG(s) 'covid_dag' retrieved from /opt/airflow/dags/second_project.py
[2024-01-14T21:50:59.438+0000] {logging_mixin.py:188} INFO - [2024-01-14T21:50:59.438+0000] {dag.py:3033} INFO - Sync 1 DAGs
[2024-01-14T21:50:59.452+0000] {logging_mixin.py:188} INFO - [2024-01-14T21:50:59.452+0000] {dag.py:3820} INFO - Setting next_dagrun for covid_dag to 2024-01-14T00:00:00+00:00, run_after=2024-01-15T00:00:00+00:00
[2024-01-14T21:50:59.460+0000] {processor.py:183} INFO - Processing /opt/airflow/dags/second_project.py took 0.363 seconds
[2024-01-14T22:42:00.410+0000] {processor.py:161} INFO - Started process (PID=1859) to work on /opt/airflow/dags/second_project.py
[2024-01-14T22:42:00.413+0000] {processor.py:830} INFO - Processing file /opt/airflow/dags/second_project.py for tasks to queue
[2024-01-14T22:42:00.415+0000] {logging_mixin.py:188} INFO - [2024-01-14T22:42:00.415+0000] {dagbag.py:538} INFO - Filling up the DagBag from /opt/airflow/dags/second_project.py
[2024-01-14T22:42:00.697+0000] {processor.py:840} INFO - DAG(s) 'covid_dag' retrieved from /opt/airflow/dags/second_project.py
[2024-01-14T22:42:00.721+0000] {logging_mixin.py:188} INFO - [2024-01-14T22:42:00.720+0000] {dag.py:3033} INFO - Sync 1 DAGs
[2024-01-14T22:42:00.732+0000] {logging_mixin.py:188} INFO - [2024-01-14T22:42:00.732+0000] {dag.py:3820} INFO - Setting next_dagrun for covid_dag to 2024-01-14T00:00:00+00:00, run_after=2024-01-15T00:00:00+00:00
[2024-01-14T22:42:00.739+0000] {processor.py:183} INFO - Processing /opt/airflow/dags/second_project.py took 0.332 seconds
[2024-01-14T22:42:43.082+0000] {processor.py:161} INFO - Started process (PID=1867) to work on /opt/airflow/dags/second_project.py
[2024-01-14T22:42:43.083+0000] {processor.py:830} INFO - Processing file /opt/airflow/dags/second_project.py for tasks to queue
[2024-01-14T22:42:43.085+0000] {logging_mixin.py:188} INFO - [2024-01-14T22:42:43.084+0000] {dagbag.py:538} INFO - Filling up the DagBag from /opt/airflow/dags/second_project.py
[2024-01-14T22:42:43.265+0000] {processor.py:840} INFO - DAG(s) 'covid_dag' retrieved from /opt/airflow/dags/second_project.py
[2024-01-14T22:42:43.275+0000] {logging_mixin.py:188} INFO - [2024-01-14T22:42:43.275+0000] {dag.py:3033} INFO - Sync 1 DAGs
[2024-01-14T22:42:43.282+0000] {logging_mixin.py:188} INFO - [2024-01-14T22:42:43.282+0000] {dag.py:3820} INFO - Setting next_dagrun for covid_dag to 2024-01-14T00:00:00+00:00, run_after=2024-01-15T00:00:00+00:00
[2024-01-14T22:42:43.289+0000] {processor.py:183} INFO - Processing /opt/airflow/dags/second_project.py took 0.210 seconds
[2024-01-14T22:43:13.443+0000] {processor.py:161} INFO - Started process (PID=1875) to work on /opt/airflow/dags/second_project.py
[2024-01-14T22:43:13.444+0000] {processor.py:830} INFO - Processing file /opt/airflow/dags/second_project.py for tasks to queue
[2024-01-14T22:43:13.446+0000] {logging_mixin.py:188} INFO - [2024-01-14T22:43:13.446+0000] {dagbag.py:538} INFO - Filling up the DagBag from /opt/airflow/dags/second_project.py
[2024-01-14T22:43:13.637+0000] {processor.py:840} INFO - DAG(s) 'covid_dag' retrieved from /opt/airflow/dags/second_project.py
[2024-01-14T22:43:13.646+0000] {logging_mixin.py:188} INFO - [2024-01-14T22:43:13.646+0000] {dag.py:3033} INFO - Sync 1 DAGs
[2024-01-14T22:43:13.654+0000] {logging_mixin.py:188} INFO - [2024-01-14T22:43:13.654+0000] {dag.py:3820} INFO - Setting next_dagrun for covid_dag to 2024-01-14T00:00:00+00:00, run_after=2024-01-15T00:00:00+00:00
[2024-01-14T22:43:13.660+0000] {processor.py:183} INFO - Processing /opt/airflow/dags/second_project.py took 0.222 seconds
[2024-01-14T22:43:43.770+0000] {processor.py:161} INFO - Started process (PID=1884) to work on /opt/airflow/dags/second_project.py
[2024-01-14T22:43:43.772+0000] {processor.py:830} INFO - Processing file /opt/airflow/dags/second_project.py for tasks to queue
[2024-01-14T22:43:43.774+0000] {logging_mixin.py:188} INFO - [2024-01-14T22:43:43.774+0000] {dagbag.py:538} INFO - Filling up the DagBag from /opt/airflow/dags/second_project.py
[2024-01-14T22:43:43.969+0000] {processor.py:840} INFO - DAG(s) 'covid_dag' retrieved from /opt/airflow/dags/second_project.py
[2024-01-14T22:43:43.977+0000] {logging_mixin.py:188} INFO - [2024-01-14T22:43:43.977+0000] {dag.py:3033} INFO - Sync 1 DAGs
[2024-01-14T22:43:43.985+0000] {logging_mixin.py:188} INFO - [2024-01-14T22:43:43.985+0000] {dag.py:3820} INFO - Setting next_dagrun for covid_dag to 2024-01-14T00:00:00+00:00, run_after=2024-01-15T00:00:00+00:00
[2024-01-14T22:43:43.991+0000] {processor.py:183} INFO - Processing /opt/airflow/dags/second_project.py took 0.227 seconds
[2024-01-14T22:44:14.162+0000] {processor.py:161} INFO - Started process (PID=1892) to work on /opt/airflow/dags/second_project.py
[2024-01-14T22:44:14.163+0000] {processor.py:830} INFO - Processing file /opt/airflow/dags/second_project.py for tasks to queue
[2024-01-14T22:44:14.166+0000] {logging_mixin.py:188} INFO - [2024-01-14T22:44:14.166+0000] {dagbag.py:538} INFO - Filling up the DagBag from /opt/airflow/dags/second_project.py
[2024-01-14T22:44:14.361+0000] {processor.py:840} INFO - DAG(s) 'covid_dag' retrieved from /opt/airflow/dags/second_project.py
[2024-01-14T22:44:14.370+0000] {logging_mixin.py:188} INFO - [2024-01-14T22:44:14.370+0000] {dag.py:3033} INFO - Sync 1 DAGs
[2024-01-14T22:44:14.378+0000] {logging_mixin.py:188} INFO - [2024-01-14T22:44:14.378+0000] {dag.py:3820} INFO - Setting next_dagrun for covid_dag to 2024-01-14T00:00:00+00:00, run_after=2024-01-15T00:00:00+00:00
[2024-01-14T22:44:14.384+0000] {processor.py:183} INFO - Processing /opt/airflow/dags/second_project.py took 0.228 seconds
[2024-01-14T23:07:12.421+0000] {processor.py:161} INFO - Started process (PID=1899) to work on /opt/airflow/dags/second_project.py
[2024-01-14T23:07:12.422+0000] {processor.py:830} INFO - Processing file /opt/airflow/dags/second_project.py for tasks to queue
[2024-01-14T23:07:12.424+0000] {logging_mixin.py:188} INFO - [2024-01-14T23:07:12.424+0000] {dagbag.py:538} INFO - Filling up the DagBag from /opt/airflow/dags/second_project.py
[2024-01-14T23:07:12.639+0000] {processor.py:840} INFO - DAG(s) 'covid_dag' retrieved from /opt/airflow/dags/second_project.py
[2024-01-14T23:07:12.650+0000] {logging_mixin.py:188} INFO - [2024-01-14T23:07:12.650+0000] {dag.py:3033} INFO - Sync 1 DAGs
[2024-01-14T23:07:12.658+0000] {logging_mixin.py:188} INFO - [2024-01-14T23:07:12.658+0000] {dag.py:3820} INFO - Setting next_dagrun for covid_dag to 2024-01-14T00:00:00+00:00, run_after=2024-01-15T00:00:00+00:00
[2024-01-14T23:07:12.665+0000] {processor.py:183} INFO - Processing /opt/airflow/dags/second_project.py took 0.249 seconds
[2024-01-14T23:46:11.514+0000] {processor.py:161} INFO - Started process (PID=1906) to work on /opt/airflow/dags/second_project.py
[2024-01-14T23:46:11.514+0000] {processor.py:830} INFO - Processing file /opt/airflow/dags/second_project.py for tasks to queue
[2024-01-14T23:46:11.516+0000] {logging_mixin.py:188} INFO - [2024-01-14T23:46:11.516+0000] {dagbag.py:538} INFO - Filling up the DagBag from /opt/airflow/dags/second_project.py
[2024-01-14T23:46:11.886+0000] {processor.py:840} INFO - DAG(s) 'covid_dag' retrieved from /opt/airflow/dags/second_project.py
[2024-01-14T23:46:11.909+0000] {logging_mixin.py:188} INFO - [2024-01-14T23:46:11.909+0000] {dag.py:3033} INFO - Sync 1 DAGs
[2024-01-14T23:46:11.920+0000] {logging_mixin.py:188} INFO - [2024-01-14T23:46:11.920+0000] {dag.py:3820} INFO - Setting next_dagrun for covid_dag to 2024-01-14T00:00:00+00:00, run_after=2024-01-15T00:00:00+00:00
[2024-01-14T23:46:11.928+0000] {processor.py:183} INFO - Processing /opt/airflow/dags/second_project.py took 0.417 seconds
